[0.033s] Invoking command in '/home/palash/pico_ws/build/swift_pico': CMAKE_PREFIX_PATH=/home/palash/pico_ws/install/rotors_swift_gazebo:/home/palash/pico_ws/install/swift_pico_description:/home/palash/pico_ws/install/swift_msgs:/home/palash/pico_ws/install/rotors_swift_description:/home/palash/pico_ws/install/error_msg:/home/palash/pico_ws/install/controller_msg:/home/palash/pico_ws/install/whycon:/home/palash/pico_ws/install/swift_pico:/home/palash/pico_ws/install/rotors_swift_interface:/home/palash/pico_ws/install/rotors_control:/home/palash/pico_ws/install/pid_tune:/home/palash/pico_ws/install/mav_comm:/home/palash/pico_ws/install/mav_system_msgs:/home/palash/pico_ws/install/mav_state_machine_msgs:/home/palash/pico_ws/install/mav_planning_msgs:/home/palash/pico_ws/install/mav_msgs:/home/palash/Downloads/turtlesim_ws/install/turtlesim:/home/palash/Downloads/turtlesim_ws/install/kd_task_1b:/opt/ros/humble LD_LIBRARY_PATH=/home/palash/pico_ws/install/swift_msgs/lib:/home/palash/pico_ws/install/error_msg/lib:/home/palash/pico_ws/install/controller_msg/lib:/home/palash/pico_ws/install/whycon/lib:/home/palash/pico_ws/install/rotors_control/lib:/home/palash/pico_ws/install/mav_system_msgs/lib:/home/palash/pico_ws/install/mav_state_machine_msgs/lib:/home/palash/pico_ws/install/mav_planning_msgs/lib:/home/palash/pico_ws/install/mav_msgs/lib:/home/palash/Downloads/turtlesim_ws/install/turtlesim/lib:/usr/lib/x86_64-linux-gnu/gazebo-11/plugins:/opt/ros/humble/opt/rviz_ogre_vendor/lib:/opt/ros/humble/lib/x86_64-linux-gnu:/opt/ros/humble/lib /usr/bin/cmake /home/palash/pico_ws/src/swift_pico -DAMENT_CMAKE_SYMLINK_INSTALL=1 -DCMAKE_INSTALL_PREFIX=/home/palash/pico_ws/install/swift_pico
[0.147s] -- The C compiler identification is GNU 11.4.0
[0.315s] -- The CXX compiler identification is GNU 11.4.0
[0.352s] -- Detecting C compiler ABI info
[0.642s] -- Detecting C compiler ABI info - done
[0.673s] -- Check for working C compiler: /usr/bin/cc - skipped
[0.673s] -- Detecting C compile features
[0.674s] -- Detecting C compile features - done
[0.682s] -- Detecting CXX compiler ABI info
[1.050s] -- Detecting CXX compiler ABI info - done
[1.080s] -- Check for working CXX compiler: /usr/bin/c++ - skipped
[1.081s] -- Detecting CXX compile features
[1.082s] -- Detecting CXX compile features - done
[1.095s] -- Found ament_cmake: 1.3.12 (/opt/ros/humble/share/ament_cmake/cmake)
[1.834s] -- Found Python3: /usr/bin/python3 (found version "3.10.12") found components: Interpreter 
[2.230s] -- Override CMake install command with custom implementation using symlinks instead of copying resources
[2.323s] -- Found swift_msgs: 0.0.0 (/home/palash/pico_ws/install/swift_msgs/share/swift_msgs/cmake)
[2.436s] -- Found rosidl_generator_c: 3.1.7 (/opt/ros/humble/share/rosidl_generator_c/cmake)
[2.449s] -- Found rosidl_adapter: 3.1.7 (/opt/ros/humble/share/rosidl_adapter/cmake)
[2.473s] -- Found rosidl_generator_cpp: 3.1.7 (/opt/ros/humble/share/rosidl_generator_cpp/cmake)
[2.497s] -- Using all available rosidl_typesupport_c: rosidl_typesupport_fastrtps_c;rosidl_typesupport_introspection_c
[2.537s] -- Using all available rosidl_typesupport_cpp: rosidl_typesupport_fastrtps_cpp;rosidl_typesupport_introspection_cpp
[2.564s] -- Found controller_msg: 0.0.0 (/home/palash/pico_ws/install/controller_msg/share/controller_msg/cmake)
[2.656s] -- Found error_msg: 0.0.0 (/home/palash/pico_ws/install/error_msg/share/error_msg/cmake)
[2.688s] -- Found geometry_msgs: 4.9.0 (/opt/ros/humble/share/geometry_msgs/cmake)
[2.714s] -- Found rclpy: 3.3.17 (/opt/ros/humble/share/rclpy/cmake)
[2.718s] -- Found rclcpp: 16.0.15 (/opt/ros/humble/share/rclcpp/cmake)
[2.792s] -- Found rmw_implementation_cmake: 6.1.2 (/opt/ros/humble/share/rmw_implementation_cmake/cmake)
[2.797s] -- Found rmw_fastrtps_cpp: 6.2.8 (/opt/ros/humble/share/rmw_fastrtps_cpp/cmake)
[2.952s] -- Found OpenSSL: /usr/lib/x86_64-linux-gnu/libcrypto.so (found version "3.0.2")  
[2.999s] -- Found FastRTPS: /opt/ros/humble/include  
[3.061s] -- Using RMW implementation 'rmw_fastrtps_cpp' as default
[3.075s] -- Looking for pthread.h
[3.176s] -- Looking for pthread.h - found
[3.176s] -- Performing Test CMAKE_HAVE_LIBC_PTHREAD
[3.279s] -- Performing Test CMAKE_HAVE_LIBC_PTHREAD - Success
[3.280s] -- Found Threads: TRUE  
[3.331s] -- Found OpenCV: /usr (found version "4.5.4") 
[3.332s] -- Found swift_pico_description: 0.0.0 (/home/palash/pico_ws/install/swift_pico_description/share/swift_pico_description/cmake)
[3.415s] -- Configuring done
[3.421s] -- Generating done
[3.423s] -- Build files have been written to: /home/palash/pico_ws/build/swift_pico
[3.441s] Invoked command in '/home/palash/pico_ws/build/swift_pico' returned '0': CMAKE_PREFIX_PATH=/home/palash/pico_ws/install/rotors_swift_gazebo:/home/palash/pico_ws/install/swift_pico_description:/home/palash/pico_ws/install/swift_msgs:/home/palash/pico_ws/install/rotors_swift_description:/home/palash/pico_ws/install/error_msg:/home/palash/pico_ws/install/controller_msg:/home/palash/pico_ws/install/whycon:/home/palash/pico_ws/install/swift_pico:/home/palash/pico_ws/install/rotors_swift_interface:/home/palash/pico_ws/install/rotors_control:/home/palash/pico_ws/install/pid_tune:/home/palash/pico_ws/install/mav_comm:/home/palash/pico_ws/install/mav_system_msgs:/home/palash/pico_ws/install/mav_state_machine_msgs:/home/palash/pico_ws/install/mav_planning_msgs:/home/palash/pico_ws/install/mav_msgs:/home/palash/Downloads/turtlesim_ws/install/turtlesim:/home/palash/Downloads/turtlesim_ws/install/kd_task_1b:/opt/ros/humble LD_LIBRARY_PATH=/home/palash/pico_ws/install/swift_msgs/lib:/home/palash/pico_ws/install/error_msg/lib:/home/palash/pico_ws/install/controller_msg/lib:/home/palash/pico_ws/install/whycon/lib:/home/palash/pico_ws/install/rotors_control/lib:/home/palash/pico_ws/install/mav_system_msgs/lib:/home/palash/pico_ws/install/mav_state_machine_msgs/lib:/home/palash/pico_ws/install/mav_planning_msgs/lib:/home/palash/pico_ws/install/mav_msgs/lib:/home/palash/Downloads/turtlesim_ws/install/turtlesim/lib:/usr/lib/x86_64-linux-gnu/gazebo-11/plugins:/opt/ros/humble/opt/rviz_ogre_vendor/lib:/opt/ros/humble/lib/x86_64-linux-gnu:/opt/ros/humble/lib /usr/bin/cmake /home/palash/pico_ws/src/swift_pico -DAMENT_CMAKE_SYMLINK_INSTALL=1 -DCMAKE_INSTALL_PREFIX=/home/palash/pico_ws/install/swift_pico
[3.443s] Invoking command in '/home/palash/pico_ws/build/swift_pico': CMAKE_PREFIX_PATH=/home/palash/pico_ws/install/rotors_swift_gazebo:/home/palash/pico_ws/install/swift_pico_description:/home/palash/pico_ws/install/swift_msgs:/home/palash/pico_ws/install/rotors_swift_description:/home/palash/pico_ws/install/error_msg:/home/palash/pico_ws/install/controller_msg:/home/palash/pico_ws/install/whycon:/home/palash/pico_ws/install/swift_pico:/home/palash/pico_ws/install/rotors_swift_interface:/home/palash/pico_ws/install/rotors_control:/home/palash/pico_ws/install/pid_tune:/home/palash/pico_ws/install/mav_comm:/home/palash/pico_ws/install/mav_system_msgs:/home/palash/pico_ws/install/mav_state_machine_msgs:/home/palash/pico_ws/install/mav_planning_msgs:/home/palash/pico_ws/install/mav_msgs:/home/palash/Downloads/turtlesim_ws/install/turtlesim:/home/palash/Downloads/turtlesim_ws/install/kd_task_1b:/opt/ros/humble LD_LIBRARY_PATH=/home/palash/pico_ws/install/swift_msgs/lib:/home/palash/pico_ws/install/error_msg/lib:/home/palash/pico_ws/install/controller_msg/lib:/home/palash/pico_ws/install/whycon/lib:/home/palash/pico_ws/install/rotors_control/lib:/home/palash/pico_ws/install/mav_system_msgs/lib:/home/palash/pico_ws/install/mav_state_machine_msgs/lib:/home/palash/pico_ws/install/mav_planning_msgs/lib:/home/palash/pico_ws/install/mav_msgs/lib:/home/palash/Downloads/turtlesim_ws/install/turtlesim/lib:/usr/lib/x86_64-linux-gnu/gazebo-11/plugins:/opt/ros/humble/opt/rviz_ogre_vendor/lib:/opt/ros/humble/lib/x86_64-linux-gnu:/opt/ros/humble/lib /usr/bin/cmake --build /home/palash/pico_ws/build/swift_pico -- -j16 -l16
[3.502s] Invoked command in '/home/palash/pico_ws/build/swift_pico' returned '0': CMAKE_PREFIX_PATH=/home/palash/pico_ws/install/rotors_swift_gazebo:/home/palash/pico_ws/install/swift_pico_description:/home/palash/pico_ws/install/swift_msgs:/home/palash/pico_ws/install/rotors_swift_description:/home/palash/pico_ws/install/error_msg:/home/palash/pico_ws/install/controller_msg:/home/palash/pico_ws/install/whycon:/home/palash/pico_ws/install/swift_pico:/home/palash/pico_ws/install/rotors_swift_interface:/home/palash/pico_ws/install/rotors_control:/home/palash/pico_ws/install/pid_tune:/home/palash/pico_ws/install/mav_comm:/home/palash/pico_ws/install/mav_system_msgs:/home/palash/pico_ws/install/mav_state_machine_msgs:/home/palash/pico_ws/install/mav_planning_msgs:/home/palash/pico_ws/install/mav_msgs:/home/palash/Downloads/turtlesim_ws/install/turtlesim:/home/palash/Downloads/turtlesim_ws/install/kd_task_1b:/opt/ros/humble LD_LIBRARY_PATH=/home/palash/pico_ws/install/swift_msgs/lib:/home/palash/pico_ws/install/error_msg/lib:/home/palash/pico_ws/install/controller_msg/lib:/home/palash/pico_ws/install/whycon/lib:/home/palash/pico_ws/install/rotors_control/lib:/home/palash/pico_ws/install/mav_system_msgs/lib:/home/palash/pico_ws/install/mav_state_machine_msgs/lib:/home/palash/pico_ws/install/mav_planning_msgs/lib:/home/palash/pico_ws/install/mav_msgs/lib:/home/palash/Downloads/turtlesim_ws/install/turtlesim/lib:/usr/lib/x86_64-linux-gnu/gazebo-11/plugins:/opt/ros/humble/opt/rviz_ogre_vendor/lib:/opt/ros/humble/lib/x86_64-linux-gnu:/opt/ros/humble/lib /usr/bin/cmake --build /home/palash/pico_ws/build/swift_pico -- -j16 -l16
[3.503s] Invoking command in '/home/palash/pico_ws/build/swift_pico': CMAKE_PREFIX_PATH=/home/palash/pico_ws/install/rotors_swift_gazebo:/home/palash/pico_ws/install/swift_pico_description:/home/palash/pico_ws/install/swift_msgs:/home/palash/pico_ws/install/rotors_swift_description:/home/palash/pico_ws/install/error_msg:/home/palash/pico_ws/install/controller_msg:/home/palash/pico_ws/install/whycon:/home/palash/pico_ws/install/swift_pico:/home/palash/pico_ws/install/rotors_swift_interface:/home/palash/pico_ws/install/rotors_control:/home/palash/pico_ws/install/pid_tune:/home/palash/pico_ws/install/mav_comm:/home/palash/pico_ws/install/mav_system_msgs:/home/palash/pico_ws/install/mav_state_machine_msgs:/home/palash/pico_ws/install/mav_planning_msgs:/home/palash/pico_ws/install/mav_msgs:/home/palash/Downloads/turtlesim_ws/install/turtlesim:/home/palash/Downloads/turtlesim_ws/install/kd_task_1b:/opt/ros/humble LD_LIBRARY_PATH=/home/palash/pico_ws/install/swift_msgs/lib:/home/palash/pico_ws/install/error_msg/lib:/home/palash/pico_ws/install/controller_msg/lib:/home/palash/pico_ws/install/whycon/lib:/home/palash/pico_ws/install/rotors_control/lib:/home/palash/pico_ws/install/mav_system_msgs/lib:/home/palash/pico_ws/install/mav_state_machine_msgs/lib:/home/palash/pico_ws/install/mav_planning_msgs/lib:/home/palash/pico_ws/install/mav_msgs/lib:/home/palash/Downloads/turtlesim_ws/install/turtlesim/lib:/usr/lib/x86_64-linux-gnu/gazebo-11/plugins:/opt/ros/humble/opt/rviz_ogre_vendor/lib:/opt/ros/humble/lib/x86_64-linux-gnu:/opt/ros/humble/lib /usr/bin/cmake --install /home/palash/pico_ws/build/swift_pico
[3.514s] -- Install configuration: ""
[3.514s] -- Execute custom install script
[3.514s] -- Symlinking: /home/palash/pico_ws/install/swift_pico/share/swift_pico/launch/task_0.launch.py
[3.528s] -- Symlinking: /home/palash/pico_ws/install/swift_pico/share/swift_pico/launch/task_1c.launch.py
[3.542s] -- Symlinking: /home/palash/pico_ws/install/swift_pico/share/swift_pico/config/map_bridge.yaml
[3.555s] -- Symlinking: /home/palash/pico_ws/install/swift_pico/share/swift_pico/config/swift_pico_bridge.yaml
[3.569s] -- Symlinking: /home/palash/pico_ws/install/swift_pico/share/swift_pico/worlds/arena.sdf
[3.581s] -- Symlinking: /home/palash/pico_ws/install/swift_pico/share/swift_pico/worlds/empty.sdf
[3.594s] -- Symlinking: /home/palash/pico_ws/install/swift_pico/share/swift_pico/worlds/swift_pico.sdf
[3.607s] -- Symlinking: /home/palash/pico_ws/install/swift_pico/lib/swift_pico/task1a.cpp
[3.619s] -- Symlinking: /home/palash/pico_ws/install/swift_pico/lib/swift_pico/task1a.py
[3.631s] -- Symlinking: /home/palash/pico_ws/install/swift_pico/lib/swift_pico/pico_controller_PID.py
[3.644s] -- Symlinking: /home/palash/pico_ws/install/swift_pico/lib/swift_pico/pico_controller_LQR.py
[3.656s] -- Symlinking: /home/palash/pico_ws/install/swift_pico/lib/swift_pico/pico_controller_PID.cpp
[3.671s] -- Symlinking: /home/palash/pico_ws/install/swift_pico/lib/swift_pico/pico_controller_LQR.cpp
[3.684s] -- Symlinking: /home/palash/pico_ws/install/swift_pico/share/ament_index/resource_index/package_run_dependencies/swift_pico
[3.697s] -- Symlinking: /home/palash/pico_ws/install/swift_pico/share/ament_index/resource_index/parent_prefix_path/swift_pico
[3.710s] -- Symlinking: /home/palash/pico_ws/install/swift_pico/share/swift_pico/environment/ament_prefix_path.sh
[3.722s] -- Symlinking: /home/palash/pico_ws/install/swift_pico/share/swift_pico/environment/ament_prefix_path.dsv
[3.736s] -- Symlinking: /home/palash/pico_ws/install/swift_pico/share/swift_pico/environment/path.sh
[3.747s] -- Symlinking: /home/palash/pico_ws/install/swift_pico/share/swift_pico/environment/path.dsv
[3.759s] -- Symlinking: /home/palash/pico_ws/install/swift_pico/share/swift_pico/local_setup.bash
[3.772s] -- Symlinking: /home/palash/pico_ws/install/swift_pico/share/swift_pico/local_setup.sh
[3.784s] -- Symlinking: /home/palash/pico_ws/install/swift_pico/share/swift_pico/local_setup.zsh
[3.797s] -- Symlinking: /home/palash/pico_ws/install/swift_pico/share/swift_pico/local_setup.dsv
[3.811s] -- Symlinking: /home/palash/pico_ws/install/swift_pico/share/swift_pico/package.dsv
[3.825s] -- Symlinking: /home/palash/pico_ws/install/swift_pico/share/ament_index/resource_index/packages/swift_pico
[3.837s] -- Symlinking: /home/palash/pico_ws/install/swift_pico/share/swift_pico/cmake/swift_picoConfig.cmake
[3.849s] -- Symlinking: /home/palash/pico_ws/install/swift_pico/share/swift_pico/cmake/swift_picoConfig-version.cmake
[3.862s] -- Symlinking: /home/palash/pico_ws/install/swift_pico/share/swift_pico/package.xml
[3.879s] Invoked command in '/home/palash/pico_ws/build/swift_pico' returned '0': CMAKE_PREFIX_PATH=/home/palash/pico_ws/install/rotors_swift_gazebo:/home/palash/pico_ws/install/swift_pico_description:/home/palash/pico_ws/install/swift_msgs:/home/palash/pico_ws/install/rotors_swift_description:/home/palash/pico_ws/install/error_msg:/home/palash/pico_ws/install/controller_msg:/home/palash/pico_ws/install/whycon:/home/palash/pico_ws/install/swift_pico:/home/palash/pico_ws/install/rotors_swift_interface:/home/palash/pico_ws/install/rotors_control:/home/palash/pico_ws/install/pid_tune:/home/palash/pico_ws/install/mav_comm:/home/palash/pico_ws/install/mav_system_msgs:/home/palash/pico_ws/install/mav_state_machine_msgs:/home/palash/pico_ws/install/mav_planning_msgs:/home/palash/pico_ws/install/mav_msgs:/home/palash/Downloads/turtlesim_ws/install/turtlesim:/home/palash/Downloads/turtlesim_ws/install/kd_task_1b:/opt/ros/humble LD_LIBRARY_PATH=/home/palash/pico_ws/install/swift_msgs/lib:/home/palash/pico_ws/install/error_msg/lib:/home/palash/pico_ws/install/controller_msg/lib:/home/palash/pico_ws/install/whycon/lib:/home/palash/pico_ws/install/rotors_control/lib:/home/palash/pico_ws/install/mav_system_msgs/lib:/home/palash/pico_ws/install/mav_state_machine_msgs/lib:/home/palash/pico_ws/install/mav_planning_msgs/lib:/home/palash/pico_ws/install/mav_msgs/lib:/home/palash/Downloads/turtlesim_ws/install/turtlesim/lib:/usr/lib/x86_64-linux-gnu/gazebo-11/plugins:/opt/ros/humble/opt/rviz_ogre_vendor/lib:/opt/ros/humble/lib/x86_64-linux-gnu:/opt/ros/humble/lib /usr/bin/cmake --install /home/palash/pico_ws/build/swift_pico
