[0.042s] Invoking command in '/home/palash/pico_ws/build/pid_tune': CMAKE_PREFIX_PATH=/home/palash/pico_ws/install/controller_msg:/home/palash/pico_ws/install/whycon:/home/palash/pico_ws/install/swift_pico:/home/palash/pico_ws/install/swift_pico_description:/home/palash/pico_ws/install/rotors_swift_interface:/home/palash/pico_ws/install/swift_msgs:/home/palash/pico_ws/install/rotors_swift_gazebo:/home/palash/pico_ws/install/rotors_swift_description:/home/palash/pico_ws/install/rotors_control:/home/palash/pico_ws/install/pid_tune:/home/palash/pico_ws/install/mav_comm:/home/palash/pico_ws/install/mav_system_msgs:/home/palash/pico_ws/install/mav_state_machine_msgs:/home/palash/pico_ws/install/mav_planning_msgs:/home/palash/pico_ws/install/mav_msgs:/home/palash/pico_ws/install/error_msg:/home/palash/Downloads/turtlesim_ws/install/turtlesim:/home/palash/Downloads/turtlesim_ws/install/kd_task_1b:/opt/ros/humble LD_LIBRARY_PATH=/home/palash/pico_ws/install/controller_msg/lib:/home/palash/pico_ws/install/whycon/lib:/home/palash/pico_ws/install/swift_msgs/lib:/home/palash/pico_ws/install/rotors_control/lib:/home/palash/pico_ws/install/mav_system_msgs/lib:/home/palash/pico_ws/install/mav_state_machine_msgs/lib:/home/palash/pico_ws/install/mav_planning_msgs/lib:/home/palash/pico_ws/install/mav_msgs/lib:/home/palash/pico_ws/install/error_msg/lib:/home/palash/Downloads/turtlesim_ws/install/turtlesim/lib:/usr/lib/x86_64-linux-gnu/gazebo-11/plugins:/opt/ros/humble/opt/rviz_ogre_vendor/lib:/opt/ros/humble/lib/x86_64-linux-gnu:/opt/ros/humble/lib /usr/bin/cmake /home/palash/pico_ws/src/controller_tuner/pid_tune -DCMAKE_INSTALL_PREFIX=/home/palash/pico_ws/install/pid_tune
[0.054s] -- Found ament_cmake: 1.3.12 (/opt/ros/humble/share/ament_cmake/cmake)
[0.176s] -- Override CMake install command with custom implementation using symlinks instead of copying resources
[0.181s] -- Found rclpy: 3.3.17 (/opt/ros/humble/share/rclpy/cmake)
[0.182s] -- Found controller_msg: 0.0.0 (/home/palash/pico_ws/install/controller_msg/share/controller_msg/cmake)
[0.202s] -- Found rosidl_generator_c: 3.1.7 (/opt/ros/humble/share/rosidl_generator_c/cmake)
[0.204s] -- Found rosidl_adapter: 3.1.7 (/opt/ros/humble/share/rosidl_adapter/cmake)
[0.208s] -- Found rosidl_generator_cpp: 3.1.7 (/opt/ros/humble/share/rosidl_generator_cpp/cmake)
[0.216s] -- Using all available rosidl_typesupport_c: rosidl_typesupport_fastrtps_c;rosidl_typesupport_introspection_c
[0.226s] -- Using all available rosidl_typesupport_cpp: rosidl_typesupport_fastrtps_cpp;rosidl_typesupport_introspection_cpp
[0.253s] -- Found ament_lint_auto: 0.12.14 (/opt/ros/humble/share/ament_lint_auto/cmake)
[0.315s] -- Added test 'copyright' to check source files copyright and LICENSE
[0.317s] -- Added test 'flake8' to check Python code syntax and style conventions
[0.317s] -- Added test 'lint_cmake' to check CMake code style
[0.317s] -- Added test 'pep257' to check Python code against some of the docstring style conventions in PEP 257
[0.318s] -- Added test 'xmllint' to check XML markup files
[0.319s] -- Configuring done
[0.322s] -- Generating done
[0.324s] -- Build files have been written to: /home/palash/pico_ws/build/pid_tune
[0.329s] Invoked command in '/home/palash/pico_ws/build/pid_tune' returned '0': CMAKE_PREFIX_PATH=/home/palash/pico_ws/install/controller_msg:/home/palash/pico_ws/install/whycon:/home/palash/pico_ws/install/swift_pico:/home/palash/pico_ws/install/swift_pico_description:/home/palash/pico_ws/install/rotors_swift_interface:/home/palash/pico_ws/install/swift_msgs:/home/palash/pico_ws/install/rotors_swift_gazebo:/home/palash/pico_ws/install/rotors_swift_description:/home/palash/pico_ws/install/rotors_control:/home/palash/pico_ws/install/pid_tune:/home/palash/pico_ws/install/mav_comm:/home/palash/pico_ws/install/mav_system_msgs:/home/palash/pico_ws/install/mav_state_machine_msgs:/home/palash/pico_ws/install/mav_planning_msgs:/home/palash/pico_ws/install/mav_msgs:/home/palash/pico_ws/install/error_msg:/home/palash/Downloads/turtlesim_ws/install/turtlesim:/home/palash/Downloads/turtlesim_ws/install/kd_task_1b:/opt/ros/humble LD_LIBRARY_PATH=/home/palash/pico_ws/install/controller_msg/lib:/home/palash/pico_ws/install/whycon/lib:/home/palash/pico_ws/install/swift_msgs/lib:/home/palash/pico_ws/install/rotors_control/lib:/home/palash/pico_ws/install/mav_system_msgs/lib:/home/palash/pico_ws/install/mav_state_machine_msgs/lib:/home/palash/pico_ws/install/mav_planning_msgs/lib:/home/palash/pico_ws/install/mav_msgs/lib:/home/palash/pico_ws/install/error_msg/lib:/home/palash/Downloads/turtlesim_ws/install/turtlesim/lib:/usr/lib/x86_64-linux-gnu/gazebo-11/plugins:/opt/ros/humble/opt/rviz_ogre_vendor/lib:/opt/ros/humble/lib/x86_64-linux-gnu:/opt/ros/humble/lib /usr/bin/cmake /home/palash/pico_ws/src/controller_tuner/pid_tune -DCMAKE_INSTALL_PREFIX=/home/palash/pico_ws/install/pid_tune
[0.330s] Invoking command in '/home/palash/pico_ws/build/pid_tune': CMAKE_PREFIX_PATH=/home/palash/pico_ws/install/controller_msg:/home/palash/pico_ws/install/whycon:/home/palash/pico_ws/install/swift_pico:/home/palash/pico_ws/install/swift_pico_description:/home/palash/pico_ws/install/rotors_swift_interface:/home/palash/pico_ws/install/swift_msgs:/home/palash/pico_ws/install/rotors_swift_gazebo:/home/palash/pico_ws/install/rotors_swift_description:/home/palash/pico_ws/install/rotors_control:/home/palash/pico_ws/install/pid_tune:/home/palash/pico_ws/install/mav_comm:/home/palash/pico_ws/install/mav_system_msgs:/home/palash/pico_ws/install/mav_state_machine_msgs:/home/palash/pico_ws/install/mav_planning_msgs:/home/palash/pico_ws/install/mav_msgs:/home/palash/pico_ws/install/error_msg:/home/palash/Downloads/turtlesim_ws/install/turtlesim:/home/palash/Downloads/turtlesim_ws/install/kd_task_1b:/opt/ros/humble LD_LIBRARY_PATH=/home/palash/pico_ws/install/controller_msg/lib:/home/palash/pico_ws/install/whycon/lib:/home/palash/pico_ws/install/swift_msgs/lib:/home/palash/pico_ws/install/rotors_control/lib:/home/palash/pico_ws/install/mav_system_msgs/lib:/home/palash/pico_ws/install/mav_state_machine_msgs/lib:/home/palash/pico_ws/install/mav_planning_msgs/lib:/home/palash/pico_ws/install/mav_msgs/lib:/home/palash/pico_ws/install/error_msg/lib:/home/palash/Downloads/turtlesim_ws/install/turtlesim/lib:/usr/lib/x86_64-linux-gnu/gazebo-11/plugins:/opt/ros/humble/opt/rviz_ogre_vendor/lib:/opt/ros/humble/lib/x86_64-linux-gnu:/opt/ros/humble/lib /usr/bin/cmake --build /home/palash/pico_ws/build/pid_tune -- -j16 -l16
[0.375s] Invoked command in '/home/palash/pico_ws/build/pid_tune' returned '0': CMAKE_PREFIX_PATH=/home/palash/pico_ws/install/controller_msg:/home/palash/pico_ws/install/whycon:/home/palash/pico_ws/install/swift_pico:/home/palash/pico_ws/install/swift_pico_description:/home/palash/pico_ws/install/rotors_swift_interface:/home/palash/pico_ws/install/swift_msgs:/home/palash/pico_ws/install/rotors_swift_gazebo:/home/palash/pico_ws/install/rotors_swift_description:/home/palash/pico_ws/install/rotors_control:/home/palash/pico_ws/install/pid_tune:/home/palash/pico_ws/install/mav_comm:/home/palash/pico_ws/install/mav_system_msgs:/home/palash/pico_ws/install/mav_state_machine_msgs:/home/palash/pico_ws/install/mav_planning_msgs:/home/palash/pico_ws/install/mav_msgs:/home/palash/pico_ws/install/error_msg:/home/palash/Downloads/turtlesim_ws/install/turtlesim:/home/palash/Downloads/turtlesim_ws/install/kd_task_1b:/opt/ros/humble LD_LIBRARY_PATH=/home/palash/pico_ws/install/controller_msg/lib:/home/palash/pico_ws/install/whycon/lib:/home/palash/pico_ws/install/swift_msgs/lib:/home/palash/pico_ws/install/rotors_control/lib:/home/palash/pico_ws/install/mav_system_msgs/lib:/home/palash/pico_ws/install/mav_state_machine_msgs/lib:/home/palash/pico_ws/install/mav_planning_msgs/lib:/home/palash/pico_ws/install/mav_msgs/lib:/home/palash/pico_ws/install/error_msg/lib:/home/palash/Downloads/turtlesim_ws/install/turtlesim/lib:/usr/lib/x86_64-linux-gnu/gazebo-11/plugins:/opt/ros/humble/opt/rviz_ogre_vendor/lib:/opt/ros/humble/lib/x86_64-linux-gnu:/opt/ros/humble/lib /usr/bin/cmake --build /home/palash/pico_ws/build/pid_tune -- -j16 -l16
[0.377s] Invoking command in '/home/palash/pico_ws/build/pid_tune': CMAKE_PREFIX_PATH=/home/palash/pico_ws/install/controller_msg:/home/palash/pico_ws/install/whycon:/home/palash/pico_ws/install/swift_pico:/home/palash/pico_ws/install/swift_pico_description:/home/palash/pico_ws/install/rotors_swift_interface:/home/palash/pico_ws/install/swift_msgs:/home/palash/pico_ws/install/rotors_swift_gazebo:/home/palash/pico_ws/install/rotors_swift_description:/home/palash/pico_ws/install/rotors_control:/home/palash/pico_ws/install/pid_tune:/home/palash/pico_ws/install/mav_comm:/home/palash/pico_ws/install/mav_system_msgs:/home/palash/pico_ws/install/mav_state_machine_msgs:/home/palash/pico_ws/install/mav_planning_msgs:/home/palash/pico_ws/install/mav_msgs:/home/palash/pico_ws/install/error_msg:/home/palash/Downloads/turtlesim_ws/install/turtlesim:/home/palash/Downloads/turtlesim_ws/install/kd_task_1b:/opt/ros/humble LD_LIBRARY_PATH=/home/palash/pico_ws/install/controller_msg/lib:/home/palash/pico_ws/install/whycon/lib:/home/palash/pico_ws/install/swift_msgs/lib:/home/palash/pico_ws/install/rotors_control/lib:/home/palash/pico_ws/install/mav_system_msgs/lib:/home/palash/pico_ws/install/mav_state_machine_msgs/lib:/home/palash/pico_ws/install/mav_planning_msgs/lib:/home/palash/pico_ws/install/mav_msgs/lib:/home/palash/pico_ws/install/error_msg/lib:/home/palash/Downloads/turtlesim_ws/install/turtlesim/lib:/usr/lib/x86_64-linux-gnu/gazebo-11/plugins:/opt/ros/humble/opt/rviz_ogre_vendor/lib:/opt/ros/humble/lib/x86_64-linux-gnu:/opt/ros/humble/lib /usr/bin/cmake --install /home/palash/pico_ws/build/pid_tune
[0.387s] -- Install configuration: ""
[0.388s] -- Execute custom install script
[0.388s] -- Up-to-date symlink: /home/palash/pico_ws/install/pid_tune/lib/pid_tune/pid_tune_differential.py
[0.388s] -- Up-to-date symlink: /home/palash/pico_ws/install/pid_tune/lib/pid_tune/pid_tune_drone_button_ui.py
[0.388s] -- Up-to-date symlink: /home/palash/pico_ws/install/pid_tune/lib/pid_tune/pid_tune_drone_slider_ui.py
[0.389s] -- Up-to-date symlink: /home/palash/pico_ws/install/pid_tune/share/pid_tune//resources/drone.webp
[0.389s] -- Up-to-date symlink: /home/palash/pico_ws/install/pid_tune/share/pid_tune//resources/e.png
[0.390s] -- Up-to-date symlink: /home/palash/pico_ws/install/pid_tune/share/pid_tune//resources/success.webp
[0.390s] -- Up-to-date symlink: /home/palash/pico_ws/install/pid_tune/share/pid_tune//launch/pid_tune_diff.launch.py
[0.390s] -- Up-to-date symlink: /home/palash/pico_ws/install/pid_tune/share/pid_tune//launch/pid_tune_drone.launch.py
[0.390s] -- Up-to-date symlink: /home/palash/pico_ws/install/pid_tune/share/ament_index/resource_index/package_run_dependencies/pid_tune
[0.390s] -- Up-to-date symlink: /home/palash/pico_ws/install/pid_tune/share/ament_index/resource_index/parent_prefix_path/pid_tune
[0.390s] -- Up-to-date symlink: /home/palash/pico_ws/install/pid_tune/share/pid_tune/environment/ament_prefix_path.sh
[0.390s] -- Up-to-date symlink: /home/palash/pico_ws/install/pid_tune/share/pid_tune/environment/ament_prefix_path.dsv
[0.390s] -- Up-to-date symlink: /home/palash/pico_ws/install/pid_tune/share/pid_tune/environment/path.sh
[0.390s] -- Up-to-date symlink: /home/palash/pico_ws/install/pid_tune/share/pid_tune/environment/path.dsv
[0.391s] -- Up-to-date symlink: /home/palash/pico_ws/install/pid_tune/share/pid_tune/local_setup.bash
[0.391s] -- Up-to-date symlink: /home/palash/pico_ws/install/pid_tune/share/pid_tune/local_setup.sh
[0.391s] -- Up-to-date symlink: /home/palash/pico_ws/install/pid_tune/share/pid_tune/local_setup.zsh
[0.391s] -- Up-to-date symlink: /home/palash/pico_ws/install/pid_tune/share/pid_tune/local_setup.dsv
[0.391s] -- Symlinking: /home/palash/pico_ws/install/pid_tune/share/pid_tune/package.dsv
[0.400s] -- Up-to-date symlink: /home/palash/pico_ws/install/pid_tune/share/ament_index/resource_index/packages/pid_tune
[0.401s] -- Up-to-date symlink: /home/palash/pico_ws/install/pid_tune/share/pid_tune/cmake/pid_tuneConfig.cmake
[0.401s] -- Up-to-date symlink: /home/palash/pico_ws/install/pid_tune/share/pid_tune/cmake/pid_tuneConfig-version.cmake
[0.401s] -- Up-to-date symlink: /home/palash/pico_ws/install/pid_tune/share/pid_tune/package.xml
[0.423s] Invoked command in '/home/palash/pico_ws/build/pid_tune' returned '0': CMAKE_PREFIX_PATH=/home/palash/pico_ws/install/controller_msg:/home/palash/pico_ws/install/whycon:/home/palash/pico_ws/install/swift_pico:/home/palash/pico_ws/install/swift_pico_description:/home/palash/pico_ws/install/rotors_swift_interface:/home/palash/pico_ws/install/swift_msgs:/home/palash/pico_ws/install/rotors_swift_gazebo:/home/palash/pico_ws/install/rotors_swift_description:/home/palash/pico_ws/install/rotors_control:/home/palash/pico_ws/install/pid_tune:/home/palash/pico_ws/install/mav_comm:/home/palash/pico_ws/install/mav_system_msgs:/home/palash/pico_ws/install/mav_state_machine_msgs:/home/palash/pico_ws/install/mav_planning_msgs:/home/palash/pico_ws/install/mav_msgs:/home/palash/pico_ws/install/error_msg:/home/palash/Downloads/turtlesim_ws/install/turtlesim:/home/palash/Downloads/turtlesim_ws/install/kd_task_1b:/opt/ros/humble LD_LIBRARY_PATH=/home/palash/pico_ws/install/controller_msg/lib:/home/palash/pico_ws/install/whycon/lib:/home/palash/pico_ws/install/swift_msgs/lib:/home/palash/pico_ws/install/rotors_control/lib:/home/palash/pico_ws/install/mav_system_msgs/lib:/home/palash/pico_ws/install/mav_state_machine_msgs/lib:/home/palash/pico_ws/install/mav_planning_msgs/lib:/home/palash/pico_ws/install/mav_msgs/lib:/home/palash/pico_ws/install/error_msg/lib:/home/palash/Downloads/turtlesim_ws/install/turtlesim/lib:/usr/lib/x86_64-linux-gnu/gazebo-11/plugins:/opt/ros/humble/opt/rviz_ogre_vendor/lib:/opt/ros/humble/lib/x86_64-linux-gnu:/opt/ros/humble/lib /usr/bin/cmake --install /home/palash/pico_ws/build/pid_tune
