-- Found ament_cmake: 1.3.12 (/opt/ros/humble/share/ament_cmake/cmake)
-- Override CMake install command with custom implementation using symlinks instead of copying resources
-- Found rclcpp: 16.0.15 (/opt/ros/humble/share/rclcpp/cmake)
-- Found rosidl_generator_c: 3.1.7 (/opt/ros/humble/share/rosidl_generator_c/cmake)
-- Found rosidl_adapter: 3.1.7 (/opt/ros/humble/share/rosidl_adapter/cmake)
-- Found rosidl_generator_cpp: 3.1.7 (/opt/ros/humble/share/rosidl_generator_cpp/cmake)
-- Using all available rosidl_typesupport_c: rosidl_typesupport_fastrtps_c;rosidl_typesupport_introspection_c
-- Using all available rosidl_typesupport_cpp: rosidl_typesupport_fastrtps_cpp;rosidl_typesupport_introspection_cpp
-- Found rmw_implementation_cmake: 6.1.2 (/opt/ros/humble/share/rmw_implementation_cmake/cmake)
-- Found rmw_fastrtps_cpp: 6.2.8 (/opt/ros/humble/share/rmw_fastrtps_cpp/cmake)
-- Using RMW implementation 'rmw_fastrtps_cpp' as default
-- Found cv_bridge: 3.2.1 (/opt/ros/humble/share/cv_bridge/cmake)
-- Found camera_info_manager: 3.1.12 (/opt/ros/humble/share/camera_info_manager/cmake)
-- Found image_geometry: 3.2.1 (/opt/ros/humble/share/image_geometry/cmake)
-- Found image_transport: 3.1.12 (/opt/ros/humble/share/image_transport/cmake)
-- Found tf2: 0.25.16 (/opt/ros/humble/share/tf2/cmake)
-- Found tf2_geometry_msgs: 0.25.16 (/opt/ros/humble/share/tf2_geometry_msgs/cmake)
-- Found eigen3_cmake_module: 0.1.1 (/opt/ros/humble/share/eigen3_cmake_module/cmake)
-- Ensuring Eigen3 include directory is part of orocos-kdl CMake target
-- Found std_srvs: 4.9.0 (/opt/ros/humble/share/std_srvs/cmake)
-- Using OpenCV version 4.5.4
-- Configuring done
-- Generating done
-- Build files have been written to: /home/palash/pico_ws/build/whycon
[35m[1mConsolidate compiler generated dependencies of target whycon[0m
[ 57%] Built target whycon
[35m[1mConsolidate compiler generated dependencies of target whycon-node[0m
[100%] Built target whycon-node
-- Install configuration: ""
-- Execute custom install script
-- Up-to-date symlink: /home/palash/pico_ws/install/whycon/include/whycon/whycon/circle_detector.hpp
-- Up-to-date symlink: /home/palash/pico_ws/install/whycon/include/whycon/whycon/config.h
-- Up-to-date symlink: /home/palash/pico_ws/install/whycon/include/whycon/whycon/localization_system.hpp
-- Up-to-date symlink: /home/palash/pico_ws/install/whycon/include/whycon/whycon/many_circle_detector.hpp
-- Up-to-date symlink: /home/palash/pico_ws/install/whycon/lib/whycon/whycon
-- Up-to-date symlink: /home/palash/pico_ws/install/whycon/share/whycon//launch/usb_cam_launch.py
-- Up-to-date symlink: /home/palash/pico_ws/install/whycon/share/whycon//launch/whycon_only_launch.py
-- Up-to-date symlink: /home/palash/pico_ws/install/whycon/share/whycon//launch/whycon_ros_launch.py
-- Up-to-date symlink: /home/palash/pico_ws/install/whycon/share/whycon/environment/library_path.sh
-- Up-to-date symlink: /home/palash/pico_ws/install/whycon/share/whycon/environment/library_path.dsv
-- Up-to-date symlink: /home/palash/pico_ws/install/whycon/share/ament_index/resource_index/package_run_dependencies/whycon
-- Up-to-date symlink: /home/palash/pico_ws/install/whycon/share/ament_index/resource_index/parent_prefix_path/whycon
-- Up-to-date symlink: /home/palash/pico_ws/install/whycon/share/whycon/environment/ament_prefix_path.sh
-- Up-to-date symlink: /home/palash/pico_ws/install/whycon/share/whycon/environment/ament_prefix_path.dsv
-- Up-to-date symlink: /home/palash/pico_ws/install/whycon/share/whycon/environment/path.sh
-- Up-to-date symlink: /home/palash/pico_ws/install/whycon/share/whycon/environment/path.dsv
-- Up-to-date symlink: /home/palash/pico_ws/install/whycon/share/whycon/local_setup.bash
-- Up-to-date symlink: /home/palash/pico_ws/install/whycon/share/whycon/local_setup.sh
-- Up-to-date symlink: /home/palash/pico_ws/install/whycon/share/whycon/local_setup.zsh
-- Up-to-date symlink: /home/palash/pico_ws/install/whycon/share/whycon/local_setup.dsv
-- Symlinking: /home/palash/pico_ws/install/whycon/share/whycon/package.dsv
-- Up-to-date symlink: /home/palash/pico_ws/install/whycon/share/ament_index/resource_index/packages/whycon
-- Up-to-date symlink: /home/palash/pico_ws/install/whycon/share/whycon/cmake/ament_cmake_export_dependencies-extras.cmake
-- Up-to-date symlink: /home/palash/pico_ws/install/whycon/share/whycon/cmake/ament_cmake_export_targets-extras.cmake
-- Up-to-date symlink: /home/palash/pico_ws/install/whycon/share/whycon/cmake/ament_cmake_export_include_directories-extras.cmake
-- Up-to-date symlink: /home/palash/pico_ws/install/whycon/share/whycon/cmake/ament_cmake_export_libraries-extras.cmake
-- Up-to-date symlink: /home/palash/pico_ws/install/whycon/share/whycon/cmake/whyconConfig.cmake
-- Up-to-date symlink: /home/palash/pico_ws/install/whycon/share/whycon/cmake/whyconConfig-version.cmake
-- Up-to-date symlink: /home/palash/pico_ws/install/whycon/share/whycon/package.xml
-- Up-to-date: /home/palash/pico_ws/install/whycon/lib/libwhycon.so
-- Up-to-date: /home/palash/pico_ws/install/whycon/share/whycon/cmake/export_whyconExport.cmake
-- Up-to-date: /home/palash/pico_ws/install/whycon/share/whycon/cmake/export_whyconExport-noconfig.cmake
