[0.037s] Invoking command in '/home/palash/pico_ws/build/whycon': CMAKE_PREFIX_PATH=${CMAKE_PREFIX_PATH}:/home/palash/Downloads/turtlesim_ws/install/kd_task_1b:/opt/ros/humble /usr/bin/cmake /home/palash/pico_ws/src/whycon -DCMAKE_INSTALL_PREFIX=/home/palash/pico_ws/install/whycon
[0.053s] -- Found ament_cmake: 1.3.12 (/opt/ros/humble/share/ament_cmake/cmake)
[0.221s] -- Override CMake install command with custom implementation using symlinks instead of copying resources
[0.229s] -- Found rclcpp: 16.0.15 (/opt/ros/humble/share/rclcpp/cmake)
[0.258s] -- Found rosidl_generator_c: 3.1.7 (/opt/ros/humble/share/rosidl_generator_c/cmake)
[0.260s] -- Found rosidl_adapter: 3.1.7 (/opt/ros/humble/share/rosidl_adapter/cmake)
[0.266s] -- Found rosidl_generator_cpp: 3.1.7 (/opt/ros/humble/share/rosidl_generator_cpp/cmake)
[0.277s] -- Using all available rosidl_typesupport_c: rosidl_typesupport_fastrtps_c;rosidl_typesupport_introspection_c
[0.289s] -- Using all available rosidl_typesupport_cpp: rosidl_typesupport_fastrtps_cpp;rosidl_typesupport_introspection_cpp
[0.326s] -- Found rmw_implementation_cmake: 6.1.2 (/opt/ros/humble/share/rmw_implementation_cmake/cmake)
[0.326s] -- Found rmw_fastrtps_cpp: 6.2.8 (/opt/ros/humble/share/rmw_fastrtps_cpp/cmake)
[0.458s] -- Using RMW implementation 'rmw_fastrtps_cpp' as default
[0.508s] -- Found cv_bridge: 3.2.1 (/opt/ros/humble/share/cv_bridge/cmake)
[0.547s] -- Found camera_info_manager: 3.1.12 (/opt/ros/humble/share/camera_info_manager/cmake)
[0.554s] -- Found image_geometry: 3.2.1 (/opt/ros/humble/share/image_geometry/cmake)
[0.556s] -- Found image_transport: 3.1.12 (/opt/ros/humble/share/image_transport/cmake)
[0.580s] -- Found tf2: 0.25.16 (/opt/ros/humble/share/tf2/cmake)
[0.583s] -- Found tf2_geometry_msgs: 0.25.16 (/opt/ros/humble/share/tf2_geometry_msgs/cmake)
[0.586s] -- Found eigen3_cmake_module: 0.1.1 (/opt/ros/humble/share/eigen3_cmake_module/cmake)
[0.587s] -- Ensuring Eigen3 include directory is part of orocos-kdl CMake target
[0.660s] -- Found std_srvs: 4.9.0 (/opt/ros/humble/share/std_srvs/cmake)
[0.674s] -- Using OpenCV version 4.5.4
[0.767s] -- Configuring done
[0.792s] -- Generating done
[0.801s] -- Build files have been written to: /home/palash/pico_ws/build/whycon
[0.820s] Invoked command in '/home/palash/pico_ws/build/whycon' returned '0': CMAKE_PREFIX_PATH=${CMAKE_PREFIX_PATH}:/home/palash/Downloads/turtlesim_ws/install/kd_task_1b:/opt/ros/humble /usr/bin/cmake /home/palash/pico_ws/src/whycon -DCMAKE_INSTALL_PREFIX=/home/palash/pico_ws/install/whycon
[0.822s] Invoking command in '/home/palash/pico_ws/build/whycon': CMAKE_PREFIX_PATH=${CMAKE_PREFIX_PATH}:/home/palash/Downloads/turtlesim_ws/install/kd_task_1b:/opt/ros/humble /usr/bin/cmake --build /home/palash/pico_ws/build/whycon -- -j16 -l16
[0.882s] [35m[1mConsolidate compiler generated dependencies of target whycon[0m
[0.906s] [ 57%] Built target whycon
[0.922s] [35m[1mConsolidate compiler generated dependencies of target whycon-node[0m
[0.950s] [100%] Built target whycon-node
[0.965s] Invoked command in '/home/palash/pico_ws/build/whycon' returned '0': CMAKE_PREFIX_PATH=${CMAKE_PREFIX_PATH}:/home/palash/Downloads/turtlesim_ws/install/kd_task_1b:/opt/ros/humble /usr/bin/cmake --build /home/palash/pico_ws/build/whycon -- -j16 -l16
[0.967s] Invoking command in '/home/palash/pico_ws/build/whycon': CMAKE_PREFIX_PATH=${CMAKE_PREFIX_PATH}:/home/palash/Downloads/turtlesim_ws/install/kd_task_1b:/opt/ros/humble /usr/bin/cmake --install /home/palash/pico_ws/build/whycon
[0.981s] -- Install configuration: ""
[0.981s] -- Execute custom install script
[0.981s] -- Up-to-date symlink: /home/palash/pico_ws/install/whycon/include/whycon/whycon/circle_detector.hpp
[0.982s] -- Up-to-date symlink: /home/palash/pico_ws/install/whycon/include/whycon/whycon/config.h
[0.982s] -- Up-to-date symlink: /home/palash/pico_ws/install/whycon/include/whycon/whycon/localization_system.hpp
[0.982s] -- Up-to-date symlink: /home/palash/pico_ws/install/whycon/include/whycon/whycon/many_circle_detector.hpp
[0.982s] -- Up-to-date symlink: /home/palash/pico_ws/install/whycon/lib/whycon/whycon
[0.982s] -- Up-to-date symlink: /home/palash/pico_ws/install/whycon/share/whycon//launch/usb_cam_launch.py
[0.982s] -- Up-to-date symlink: /home/palash/pico_ws/install/whycon/share/whycon//launch/whycon_only_launch.py
[0.982s] -- Up-to-date symlink: /home/palash/pico_ws/install/whycon/share/whycon//launch/whycon_ros_launch.py
[0.982s] -- Up-to-date symlink: /home/palash/pico_ws/install/whycon/share/whycon/environment/library_path.sh
[0.983s] -- Up-to-date symlink: /home/palash/pico_ws/install/whycon/share/whycon/environment/library_path.dsv
[0.983s] -- Up-to-date symlink: /home/palash/pico_ws/install/whycon/share/ament_index/resource_index/package_run_dependencies/whycon
[0.983s] -- Up-to-date symlink: /home/palash/pico_ws/install/whycon/share/ament_index/resource_index/parent_prefix_path/whycon
[0.983s] -- Up-to-date symlink: /home/palash/pico_ws/install/whycon/share/whycon/environment/ament_prefix_path.sh
[0.983s] -- Up-to-date symlink: /home/palash/pico_ws/install/whycon/share/whycon/environment/ament_prefix_path.dsv
[0.983s] -- Up-to-date symlink: /home/palash/pico_ws/install/whycon/share/whycon/environment/path.sh
[0.983s] -- Up-to-date symlink: /home/palash/pico_ws/install/whycon/share/whycon/environment/path.dsv
[0.983s] -- Up-to-date symlink: /home/palash/pico_ws/install/whycon/share/whycon/local_setup.bash
[0.984s] -- Up-to-date symlink: /home/palash/pico_ws/install/whycon/share/whycon/local_setup.sh
[0.984s] -- Up-to-date symlink: /home/palash/pico_ws/install/whycon/share/whycon/local_setup.zsh
[0.984s] -- Up-to-date symlink: /home/palash/pico_ws/install/whycon/share/whycon/local_setup.dsv
[0.984s] -- Symlinking: /home/palash/pico_ws/install/whycon/share/whycon/package.dsv
[0.997s] -- Up-to-date symlink: /home/palash/pico_ws/install/whycon/share/ament_index/resource_index/packages/whycon
[0.997s] -- Up-to-date symlink: /home/palash/pico_ws/install/whycon/share/whycon/cmake/ament_cmake_export_dependencies-extras.cmake
[0.997s] -- Up-to-date symlink: /home/palash/pico_ws/install/whycon/share/whycon/cmake/ament_cmake_export_targets-extras.cmake
[0.997s] -- Up-to-date symlink: /home/palash/pico_ws/install/whycon/share/whycon/cmake/ament_cmake_export_include_directories-extras.cmake
[0.997s] -- Up-to-date symlink: /home/palash/pico_ws/install/whycon/share/whycon/cmake/ament_cmake_export_libraries-extras.cmake
[0.997s] -- Up-to-date symlink: /home/palash/pico_ws/install/whycon/share/whycon/cmake/whyconConfig.cmake
[0.997s] -- Up-to-date symlink: /home/palash/pico_ws/install/whycon/share/whycon/cmake/whyconConfig-version.cmake
[0.998s] -- Up-to-date symlink: /home/palash/pico_ws/install/whycon/share/whycon/package.xml
[0.998s] -- Up-to-date: /home/palash/pico_ws/install/whycon/lib/libwhycon.so
[0.998s] -- Up-to-date: /home/palash/pico_ws/install/whycon/share/whycon/cmake/export_whyconExport.cmake
[0.998s] -- Up-to-date: /home/palash/pico_ws/install/whycon/share/whycon/cmake/export_whyconExport-noconfig.cmake
[1.002s] Invoked command in '/home/palash/pico_ws/build/whycon' returned '0': CMAKE_PREFIX_PATH=${CMAKE_PREFIX_PATH}:/home/palash/Downloads/turtlesim_ws/install/kd_task_1b:/opt/ros/humble /usr/bin/cmake --install /home/palash/pico_ws/build/whycon
