[0.039s] Invoking command in '/home/palash/pico_ws/build/mav_msgs': CMAKE_PREFIX_PATH=${CMAKE_PREFIX_PATH}:/home/palash/Downloads/turtlesim_ws/install/kd_task_1b:/opt/ros/humble /usr/bin/cmake /home/palash/pico_ws/src/mav_comm/mav_msgs -DAMENT_CMAKE_SYMLINK_INSTALL=1 -DCMAKE_INSTALL_PREFIX=/home/palash/pico_ws/install/mav_msgs
[0.145s] -- The C compiler identification is GNU 11.4.0
[0.235s] -- The CXX compiler identification is GNU 11.4.0
[0.245s] -- Detecting C compiler ABI info
[0.349s] -- Detecting C compiler ABI info - done
[0.356s] -- Check for working C compiler: /usr/bin/cc - skipped
[0.357s] -- Detecting C compile features
[0.357s] -- Detecting C compile features - done
[0.364s] -- Detecting CXX compiler ABI info
[0.489s] -- Detecting CXX compiler ABI info - done
[0.496s] -- Check for working CXX compiler: /usr/bin/c++ - skipped
[0.497s] -- Detecting CXX compile features
[0.497s] -- Detecting CXX compile features - done
[0.500s] -- Found ament_cmake: 1.3.12 (/opt/ros/humble/share/ament_cmake/cmake)
[0.742s] -- Found Python3: /usr/bin/python3 (found version "3.10.12") found components: Interpreter 
[0.845s] -- Override CMake install command with custom implementation using symlinks instead of copying resources
[0.891s] -- Found rosidl_default_generators: 1.2.0 (/opt/ros/humble/share/rosidl_default_generators/cmake)
[0.896s] -- Using all available rosidl_typesupport_c: rosidl_typesupport_fastrtps_c;rosidl_typesupport_introspection_c
[0.903s] -- Found rosidl_adapter: 3.1.7 (/opt/ros/humble/share/rosidl_adapter/cmake)
[0.954s] -- Using all available rosidl_typesupport_cpp: rosidl_typesupport_fastrtps_cpp;rosidl_typesupport_introspection_cpp
[1.000s] -- Found geometry_msgs: 4.9.0 (/opt/ros/humble/share/geometry_msgs/cmake)
[1.051s] -- Found nav_msgs: 4.9.0 (/opt/ros/humble/share/nav_msgs/cmake)
[1.075s] -- Found rclcpp: 16.0.15 (/opt/ros/humble/share/rclcpp/cmake)
[1.125s] -- Found rmw_implementation_cmake: 6.1.2 (/opt/ros/humble/share/rmw_implementation_cmake/cmake)
[1.129s] -- Found rmw_fastrtps_cpp: 6.2.8 (/opt/ros/humble/share/rmw_fastrtps_cpp/cmake)
[1.282s] -- Found OpenSSL: /usr/lib/x86_64-linux-gnu/libcrypto.so (found version "3.0.2")  
[1.336s] -- Found FastRTPS: /opt/ros/humble/include  
[1.397s] -- Using RMW implementation 'rmw_fastrtps_cpp' as default
[1.409s] -- Looking for pthread.h
[1.520s] -- Looking for pthread.h - found
[1.520s] -- Performing Test CMAKE_HAVE_LIBC_PTHREAD
[1.647s] -- Performing Test CMAKE_HAVE_LIBC_PTHREAD - Success
[1.649s] -- Found Threads: TRUE  
[1.707s] -- Found trajectory_msgs: 4.9.0 (/opt/ros/humble/share/trajectory_msgs/cmake)
[2.240s] -- Found ament_cmake_ros: 0.10.0 (/opt/ros/humble/share/ament_cmake_ros/cmake)
[2.819s] -- Using all available rosidl_typesupport_c: rosidl_typesupport_fastrtps_c;rosidl_typesupport_introspection_c
[4.803s] -- Using all available rosidl_typesupport_cpp: rosidl_typesupport_fastrtps_cpp;rosidl_typesupport_introspection_cpp
[4.992s] -- Found PythonInterp: /usr/bin/python3 (found suitable version "3.10.12", minimum required is "3.6") 
[5.014s] -- Found python_cmake_module: 0.10.0 (/opt/ros/humble/share/python_cmake_module/cmake)
[5.292s] -- Found PythonLibs: /usr/lib/x86_64-linux-gnu/libpython3.10.so (found suitable version "3.10.12", minimum required is "3.5") 
[5.292s] -- Using PYTHON_EXECUTABLE: /usr/bin/python3
[5.293s] -- Using PYTHON_INCLUDE_DIRS: /usr/include/python3.10
[5.293s] -- Using PYTHON_LIBRARIES: /usr/lib/x86_64-linux-gnu/libpython3.10.so
[5.429s] -- Found PythonExtra: .so  
[6.140s] -- Configuring done
[6.638s] -- Generating done
[6.763s] -- Build files have been written to: /home/palash/pico_ws/build/mav_msgs
[6.852s] Invoked command in '/home/palash/pico_ws/build/mav_msgs' returned '0': CMAKE_PREFIX_PATH=${CMAKE_PREFIX_PATH}:/home/palash/Downloads/turtlesim_ws/install/kd_task_1b:/opt/ros/humble /usr/bin/cmake /home/palash/pico_ws/src/mav_comm/mav_msgs -DAMENT_CMAKE_SYMLINK_INSTALL=1 -DCMAKE_INSTALL_PREFIX=/home/palash/pico_ws/install/mav_msgs
[6.858s] Invoking command in '/home/palash/pico_ws/build/mav_msgs': CMAKE_PREFIX_PATH=${CMAKE_PREFIX_PATH}:/home/palash/Downloads/turtlesim_ws/install/kd_task_1b:/opt/ros/humble /usr/bin/cmake --build /home/palash/pico_ws/build/mav_msgs -- -j16 -l16
[7.067s] [  1%] [34m[1mGenerating C code for ROS interfaces[0m
[7.144s] [  2%] [34m[1mGenerating C++ code for ROS interfaces[0m
[7.188s] [  2%] Built target ament_cmake_python_symlink_mav_msgs
[7.866s] running egg_info
[7.867s] creating mav_msgs.egg-info
[7.868s] writing mav_msgs.egg-info/PKG-INFO
[7.869s] writing dependency_links to mav_msgs.egg-info/dependency_links.txt
[7.869s] writing top-level names to mav_msgs.egg-info/top_level.txt
[7.869s] writing manifest file 'mav_msgs.egg-info/SOURCES.txt'
[7.872s] reading manifest file 'mav_msgs.egg-info/SOURCES.txt'
[7.873s] writing manifest file 'mav_msgs.egg-info/SOURCES.txt'
[7.959s] [  2%] Built target ament_cmake_python_build_mav_msgs_egg
[9.088s] [  4%] [32mBuilding C object CMakeFiles/mav_msgs__rosidl_generator_c.dir/rosidl_generator_c/mav_msgs/msg/detail/attitude_thrust__functions.c.o[0m
[9.090s] [  4%] [32mBuilding C object CMakeFiles/mav_msgs__rosidl_generator_c.dir/rosidl_generator_c/mav_msgs/msg/detail/gps_waypoint__functions.c.o[0m
[9.090s] [  5%] [32mBuilding C object CMakeFiles/mav_msgs__rosidl_generator_c.dir/rosidl_generator_c/mav_msgs/msg/detail/filtered_sensor_data__functions.c.o[0m
[9.090s] [  6%] [32mBuilding C object CMakeFiles/mav_msgs__rosidl_generator_c.dir/rosidl_generator_c/mav_msgs/msg/detail/actuators__functions.c.o[0m
[9.103s] [  8%] [32mBuilding C object CMakeFiles/mav_msgs__rosidl_generator_c.dir/rosidl_generator_c/mav_msgs/msg/detail/roll_pitch_yawrate_thrust__functions.c.o[0m
[9.104s] [  9%] [32mBuilding C object CMakeFiles/mav_msgs__rosidl_generator_c.dir/rosidl_generator_c/mav_msgs/msg/detail/rate_thrust__functions.c.o[0m
[9.120s] [ 10%] [32mBuilding C object CMakeFiles/mav_msgs__rosidl_generator_c.dir/rosidl_generator_c/mav_msgs/msg/detail/status__functions.c.o[0m
[9.130s] [ 11%] [32mBuilding C object CMakeFiles/mav_msgs__rosidl_generator_c.dir/rosidl_generator_c/mav_msgs/msg/detail/torque_thrust__functions.c.o[0m
[9.172s] [ 11%] Built target mav_msgs__cpp
[9.197s] [ 13%] [34m[1mGenerating C++ type support for eProsima Fast-RTPS[0m
[9.197s] [ 13%] [34m[1mGenerating C++ introspection for ROS interfaces[0m
[9.198s] [ 14%] [34m[1mGenerating C++ type support dispatch for ROS interfaces[0m
[9.227s] [ 16%] [32m[1mLinking C shared library libmav_msgs__rosidl_generator_c.so[0m
[9.302s] [ 16%] Built target mav_msgs__rosidl_generator_c
[9.321s] [ 19%] [34m[1mGenerating C introspection for ROS interfaces[0m
[9.322s] [ 19%] [34m[1mGenerating C type support dispatch for ROS interfaces[0m
[9.322s] [ 19%] [34m[1mGenerating C type support for eProsima Fast-RTPS[0m
[10.503s] [ 20%] [32mBuilding CXX object CMakeFiles/mav_msgs__rosidl_typesupport_cpp.dir/rosidl_typesupport_cpp/mav_msgs/msg/filtered_sensor_data__type_support.cpp.o[0m
[10.503s] [ 21%] [32mBuilding CXX object CMakeFiles/mav_msgs__rosidl_typesupport_cpp.dir/rosidl_typesupport_cpp/mav_msgs/msg/attitude_thrust__type_support.cpp.o[0m
[10.506s] [ 22%] [32mBuilding CXX object CMakeFiles/mav_msgs__rosidl_typesupport_cpp.dir/rosidl_typesupport_cpp/mav_msgs/msg/rate_thrust__type_support.cpp.o[0m
[10.513s] [ 24%] [32mBuilding CXX object CMakeFiles/mav_msgs__rosidl_typesupport_cpp.dir/rosidl_typesupport_cpp/mav_msgs/msg/actuators__type_support.cpp.o[0m
[10.518s] [ 25%] [32mBuilding CXX object CMakeFiles/mav_msgs__rosidl_typesupport_cpp.dir/rosidl_typesupport_cpp/mav_msgs/msg/roll_pitch_yawrate_thrust__type_support.cpp.o[0m
[10.518s] [ 26%] [32mBuilding CXX object CMakeFiles/mav_msgs__rosidl_typesupport_cpp.dir/rosidl_typesupport_cpp/mav_msgs/msg/gps_waypoint__type_support.cpp.o[0m
[10.518s] [ 27%] [32mBuilding CXX object CMakeFiles/mav_msgs__rosidl_typesupport_cpp.dir/rosidl_typesupport_cpp/mav_msgs/msg/torque_thrust__type_support.cpp.o[0m
[10.522s] [ 28%] [32mBuilding CXX object CMakeFiles/mav_msgs__rosidl_typesupport_cpp.dir/rosidl_typesupport_cpp/mav_msgs/msg/status__type_support.cpp.o[0m
[10.777s] [ 29%] [32mBuilding CXX object CMakeFiles/mav_msgs__rosidl_typesupport_c.dir/rosidl_typesupport_c/mav_msgs/msg/actuators__type_support.cpp.o[0m
[10.826s] [ 31%] [32mBuilding CXX object CMakeFiles/mav_msgs__rosidl_typesupport_c.dir/rosidl_typesupport_c/mav_msgs/msg/attitude_thrust__type_support.cpp.o[0m
[10.859s] [ 32%] [32mBuilding CXX object CMakeFiles/mav_msgs__rosidl_typesupport_c.dir/rosidl_typesupport_c/mav_msgs/msg/filtered_sensor_data__type_support.cpp.o[0m
[10.909s] [ 33%] [32mBuilding CXX object CMakeFiles/mav_msgs__rosidl_typesupport_c.dir/rosidl_typesupport_c/mav_msgs/msg/gps_waypoint__type_support.cpp.o[0m
[10.982s] [ 34%] [32mBuilding CXX object CMakeFiles/mav_msgs__rosidl_typesupport_c.dir/rosidl_typesupport_c/mav_msgs/msg/rate_thrust__type_support.cpp.o[0m
[11.017s] [ 35%] [32mBuilding CXX object CMakeFiles/mav_msgs__rosidl_typesupport_introspection_cpp.dir/rosidl_typesupport_introspection_cpp/mav_msgs/msg/detail/actuators__type_support.cpp.o[0m
[11.025s] [ 36%] [32mBuilding CXX object CMakeFiles/mav_msgs__rosidl_typesupport_introspection_cpp.dir/rosidl_typesupport_introspection_cpp/mav_msgs/msg/detail/attitude_thrust__type_support.cpp.o[0m
[11.026s] [ 37%] [32mBuilding CXX object CMakeFiles/mav_msgs__rosidl_typesupport_introspection_cpp.dir/rosidl_typesupport_introspection_cpp/mav_msgs/msg/detail/filtered_sensor_data__type_support.cpp.o[0m
[11.048s] [ 39%] [32mBuilding CXX object CMakeFiles/mav_msgs__rosidl_typesupport_introspection_cpp.dir/rosidl_typesupport_introspection_cpp/mav_msgs/msg/detail/gps_waypoint__type_support.cpp.o[0m
[11.103s] [ 40%] [32mBuilding CXX object CMakeFiles/mav_msgs__rosidl_typesupport_c.dir/rosidl_typesupport_c/mav_msgs/msg/roll_pitch_yawrate_thrust__type_support.cpp.o[0m
[11.139s] [ 41%] [32mBuilding CXX object CMakeFiles/mav_msgs__rosidl_typesupport_introspection_cpp.dir/rosidl_typesupport_introspection_cpp/mav_msgs/msg/detail/rate_thrust__type_support.cpp.o[0m
[11.163s] [ 42%] [32mBuilding C object CMakeFiles/mav_msgs__rosidl_typesupport_introspection_c.dir/rosidl_typesupport_introspection_c/mav_msgs/msg/detail/actuators__type_support.c.o[0m
[11.167s] [ 43%] [32mBuilding CXX object CMakeFiles/mav_msgs__rosidl_typesupport_introspection_cpp.dir/rosidl_typesupport_introspection_cpp/mav_msgs/msg/detail/roll_pitch_yawrate_thrust__type_support.cpp.o[0m
[11.172s] [ 44%] [32mBuilding CXX object CMakeFiles/mav_msgs__rosidl_typesupport_c.dir/rosidl_typesupport_c/mav_msgs/msg/status__type_support.cpp.o[0m
[11.219s] [ 45%] [32mBuilding CXX object CMakeFiles/mav_msgs__rosidl_typesupport_fastrtps_cpp.dir/rosidl_typesupport_fastrtps_cpp/mav_msgs/msg/detail/dds_fastrtps/actuators__type_support.cpp.o[0m
[11.245s] [ 47%] [32mBuilding CXX object CMakeFiles/mav_msgs__rosidl_typesupport_fastrtps_cpp.dir/rosidl_typesupport_fastrtps_cpp/mav_msgs/msg/detail/dds_fastrtps/attitude_thrust__type_support.cpp.o[0m
[11.274s] [ 48%] [32mBuilding CXX object CMakeFiles/mav_msgs__rosidl_typesupport_fastrtps_cpp.dir/rosidl_typesupport_fastrtps_cpp/mav_msgs/msg/detail/dds_fastrtps/filtered_sensor_data__type_support.cpp.o[0m
[11.300s] [ 49%] [32mBuilding C object CMakeFiles/mav_msgs__rosidl_typesupport_introspection_c.dir/rosidl_typesupport_introspection_c/mav_msgs/msg/detail/attitude_thrust__type_support.c.o[0m
[11.307s] [ 50%] [32mBuilding CXX object CMakeFiles/mav_msgs__rosidl_typesupport_c.dir/rosidl_typesupport_c/mav_msgs/msg/torque_thrust__type_support.cpp.o[0m
[11.330s] [ 51%] [32mBuilding CXX object CMakeFiles/mav_msgs__rosidl_typesupport_introspection_cpp.dir/rosidl_typesupport_introspection_cpp/mav_msgs/msg/detail/status__type_support.cpp.o[0m
[11.346s] [ 52%] [32mBuilding CXX object CMakeFiles/mav_msgs__rosidl_typesupport_fastrtps_cpp.dir/rosidl_typesupport_fastrtps_cpp/mav_msgs/msg/detail/dds_fastrtps/gps_waypoint__type_support.cpp.o[0m
[11.369s] [ 54%] [32mBuilding CXX object CMakeFiles/mav_msgs__rosidl_typesupport_fastrtps_c.dir/rosidl_typesupport_fastrtps_c/mav_msgs/msg/detail/actuators__type_support_c.cpp.o[0m
[11.383s] [ 55%] [32mBuilding CXX object CMakeFiles/mav_msgs__rosidl_typesupport_fastrtps_c.dir/rosidl_typesupport_fastrtps_c/mav_msgs/msg/detail/attitude_thrust__type_support_c.cpp.o[0m
[11.409s] [ 56%] [32m[1mLinking CXX shared library libmav_msgs__rosidl_typesupport_cpp.so[0m
[11.433s] [ 57%] [32m[1mLinking CXX shared library libmav_msgs__rosidl_typesupport_c.so[0m
[11.454s] [ 58%] [32mBuilding C object CMakeFiles/mav_msgs__rosidl_typesupport_introspection_c.dir/rosidl_typesupport_introspection_c/mav_msgs/msg/detail/filtered_sensor_data__type_support.c.o[0m
[11.547s] [ 58%] Built target mav_msgs__rosidl_typesupport_cpp
[11.585s] [ 59%] [32mBuilding CXX object CMakeFiles/mav_msgs__rosidl_typesupport_introspection_cpp.dir/rosidl_typesupport_introspection_cpp/mav_msgs/msg/detail/torque_thrust__type_support.cpp.o[0m
[11.585s] [ 60%] [32mBuilding C object CMakeFiles/mav_msgs__rosidl_typesupport_introspection_c.dir/rosidl_typesupport_introspection_c/mav_msgs/msg/detail/gps_waypoint__type_support.c.o[0m
[11.664s] [ 60%] Built target mav_msgs__rosidl_typesupport_c
[11.709s] [ 62%] [32mBuilding CXX object CMakeFiles/mav_msgs__rosidl_typesupport_fastrtps_c.dir/rosidl_typesupport_fastrtps_c/mav_msgs/msg/detail/filtered_sensor_data__type_support_c.cpp.o[0m
[11.735s] [ 63%] [32mBuilding C object CMakeFiles/mav_msgs__rosidl_typesupport_introspection_c.dir/rosidl_typesupport_introspection_c/mav_msgs/msg/detail/rate_thrust__type_support.c.o[0m
[11.936s] [ 64%] [32mBuilding C object CMakeFiles/mav_msgs__rosidl_typesupport_introspection_c.dir/rosidl_typesupport_introspection_c/mav_msgs/msg/detail/roll_pitch_yawrate_thrust__type_support.c.o[0m
[12.006s] [ 65%] [32mBuilding CXX object CMakeFiles/mav_msgs__rosidl_typesupport_fastrtps_c.dir/rosidl_typesupport_fastrtps_c/mav_msgs/msg/detail/gps_waypoint__type_support_c.cpp.o[0m
[12.084s] [ 66%] [32mBuilding C object CMakeFiles/mav_msgs__rosidl_typesupport_introspection_c.dir/rosidl_typesupport_introspection_c/mav_msgs/msg/detail/status__type_support.c.o[0m
[12.137s] [ 67%] [32mBuilding C object CMakeFiles/mav_msgs__rosidl_typesupport_introspection_c.dir/rosidl_typesupport_introspection_c/mav_msgs/msg/detail/torque_thrust__type_support.c.o[0m
[12.141s] [ 68%] [32mBuilding CXX object CMakeFiles/mav_msgs__rosidl_typesupport_fastrtps_cpp.dir/rosidl_typesupport_fastrtps_cpp/mav_msgs/msg/detail/dds_fastrtps/rate_thrust__type_support.cpp.o[0m
[12.173s] [ 70%] [32mBuilding CXX object CMakeFiles/mav_msgs__rosidl_typesupport_fastrtps_c.dir/rosidl_typesupport_fastrtps_c/mav_msgs/msg/detail/rate_thrust__type_support_c.cpp.o[0m
[12.264s] [ 71%] [32mBuilding CXX object CMakeFiles/mav_msgs__rosidl_typesupport_fastrtps_c.dir/rosidl_typesupport_fastrtps_c/mav_msgs/msg/detail/status__type_support_c.cpp.o[0m
[12.274s] [ 72%] [32mBuilding CXX object CMakeFiles/mav_msgs__rosidl_typesupport_fastrtps_c.dir/rosidl_typesupport_fastrtps_c/mav_msgs/msg/detail/roll_pitch_yawrate_thrust__type_support_c.cpp.o[0m
[12.307s] [ 73%] [32mBuilding CXX object CMakeFiles/mav_msgs__rosidl_typesupport_fastrtps_cpp.dir/rosidl_typesupport_fastrtps_cpp/mav_msgs/msg/detail/dds_fastrtps/roll_pitch_yawrate_thrust__type_support.cpp.o[0m
[12.368s] [ 74%] [32m[1mLinking C shared library libmav_msgs__rosidl_typesupport_introspection_c.so[0m
[12.409s] [ 75%] [32mBuilding CXX object CMakeFiles/mav_msgs__rosidl_typesupport_fastrtps_cpp.dir/rosidl_typesupport_fastrtps_cpp/mav_msgs/msg/detail/dds_fastrtps/status__type_support.cpp.o[0m
[12.445s] [ 77%] [32mBuilding CXX object CMakeFiles/mav_msgs__rosidl_typesupport_fastrtps_c.dir/rosidl_typesupport_fastrtps_c/mav_msgs/msg/detail/torque_thrust__type_support_c.cpp.o[0m
[12.466s] [ 78%] [32mBuilding CXX object CMakeFiles/mav_msgs__rosidl_typesupport_fastrtps_cpp.dir/rosidl_typesupport_fastrtps_cpp/mav_msgs/msg/detail/dds_fastrtps/torque_thrust__type_support.cpp.o[0m
[12.571s] [ 78%] Built target mav_msgs__rosidl_typesupport_introspection_c
[12.683s] [ 79%] [32m[1mLinking CXX shared library libmav_msgs__rosidl_typesupport_introspection_cpp.so[0m
[12.945s] [ 79%] Built target mav_msgs__rosidl_typesupport_introspection_cpp
[13.181s] [ 80%] [32m[1mLinking CXX shared library libmav_msgs__rosidl_typesupport_fastrtps_c.so[0m
[13.291s] [ 81%] [32m[1mLinking CXX shared library libmav_msgs__rosidl_typesupport_fastrtps_cpp.so[0m
[13.330s] [ 81%] Built target mav_msgs__rosidl_typesupport_fastrtps_c
[13.423s] [ 81%] Built target mav_msgs__rosidl_typesupport_fastrtps_cpp
[13.452s] [ 81%] Built target mav_msgs
[13.485s] [ 82%] [34m[1mGenerating Python code for ROS interfaces[0m
[15.889s] [ 82%] Built target mav_msgs__py
[15.934s] [ 87%] [32mBuilding C object CMakeFiles/mav_msgs__rosidl_generator_py.dir/rosidl_generator_py/mav_msgs/msg/_rate_thrust_s.c.o[0m
[15.935s] [ 87%] [32mBuilding C object CMakeFiles/mav_msgs__rosidl_generator_py.dir/rosidl_generator_py/mav_msgs/msg/_gps_waypoint_s.c.o[0m
[15.935s] [ 87%] [32mBuilding C object CMakeFiles/mav_msgs__rosidl_generator_py.dir/rosidl_generator_py/mav_msgs/msg/_attitude_thrust_s.c.o[0m
[15.935s] [ 87%] [32mBuilding C object CMakeFiles/mav_msgs__rosidl_generator_py.dir/rosidl_generator_py/mav_msgs/msg/_filtered_sensor_data_s.c.o[0m
[15.935s] [ 88%] [32mBuilding C object CMakeFiles/mav_msgs__rosidl_generator_py.dir/rosidl_generator_py/mav_msgs/msg/_roll_pitch_yawrate_thrust_s.c.o[0m
[15.935s] [ 89%] [32mBuilding C object CMakeFiles/mav_msgs__rosidl_generator_py.dir/rosidl_generator_py/mav_msgs/msg/_actuators_s.c.o[0m
[15.940s] [ 90%] [32mBuilding C object CMakeFiles/mav_msgs__rosidl_generator_py.dir/rosidl_generator_py/mav_msgs/msg/_status_s.c.o[0m
[15.940s] [ 91%] [32mBuilding C object CMakeFiles/mav_msgs__rosidl_generator_py.dir/rosidl_generator_py/mav_msgs/msg/_torque_thrust_s.c.o[0m
[16.173s] [ 93%] [32m[1mLinking C shared library rosidl_generator_py/mav_msgs/libmav_msgs__rosidl_generator_py.so[0m
[16.294s] [ 93%] Built target mav_msgs__rosidl_generator_py
[16.332s] [ 95%] [32mBuilding C object CMakeFiles/mav_msgs__rosidl_typesupport_introspection_c__pyext.dir/rosidl_generator_py/mav_msgs/_mav_msgs_s.ep.rosidl_typesupport_introspection_c.c.o[0m
[16.332s] [ 96%] [32mBuilding C object CMakeFiles/mav_msgs__rosidl_typesupport_fastrtps_c__pyext.dir/rosidl_generator_py/mav_msgs/_mav_msgs_s.ep.rosidl_typesupport_fastrtps_c.c.o[0m
[16.332s] [ 96%] [32mBuilding C object CMakeFiles/mav_msgs__rosidl_typesupport_c__pyext.dir/rosidl_generator_py/mav_msgs/_mav_msgs_s.ep.rosidl_typesupport_c.c.o[0m
[16.539s] [ 98%] [32m[1mLinking C shared library rosidl_generator_py/mav_msgs/mav_msgs_s__rosidl_typesupport_introspection_c.cpython-310-x86_64-linux-gnu.so[0m
[16.539s] [ 98%] [32m[1mLinking C shared library rosidl_generator_py/mav_msgs/mav_msgs_s__rosidl_typesupport_fastrtps_c.cpython-310-x86_64-linux-gnu.so[0m
[16.540s] [100%] [32m[1mLinking C shared library rosidl_generator_py/mav_msgs/mav_msgs_s__rosidl_typesupport_c.cpython-310-x86_64-linux-gnu.so[0m
[16.630s] [100%] Built target mav_msgs__rosidl_typesupport_introspection_c__pyext
[16.630s] [100%] Built target mav_msgs__rosidl_typesupport_c__pyext
[16.630s] [100%] Built target mav_msgs__rosidl_typesupport_fastrtps_c__pyext
[16.654s] Invoked command in '/home/palash/pico_ws/build/mav_msgs' returned '0': CMAKE_PREFIX_PATH=${CMAKE_PREFIX_PATH}:/home/palash/Downloads/turtlesim_ws/install/kd_task_1b:/opt/ros/humble /usr/bin/cmake --build /home/palash/pico_ws/build/mav_msgs -- -j16 -l16
[16.657s] Invoking command in '/home/palash/pico_ws/build/mav_msgs': CMAKE_PREFIX_PATH=${CMAKE_PREFIX_PATH}:/home/palash/Downloads/turtlesim_ws/install/kd_task_1b:/opt/ros/humble /usr/bin/cmake --install /home/palash/pico_ws/build/mav_msgs
[16.669s] -- Install configuration: ""
[16.670s] -- Execute custom install script
[16.670s] -- Symlinking: /home/palash/pico_ws/install/mav_msgs/share/ament_index/resource_index/rosidl_interfaces/mav_msgs
[16.696s] -- Symlinking: /home/palash/pico_ws/install/mav_msgs/include/mav_msgs/mav_msgs/msg/actuators.h
[16.718s] -- Symlinking: /home/palash/pico_ws/install/mav_msgs/include/mav_msgs/mav_msgs/msg/attitude_thrust.h
[16.740s] -- Symlinking: /home/palash/pico_ws/install/mav_msgs/include/mav_msgs/mav_msgs/msg/detail/actuators__functions.h
[16.761s] -- Symlinking: /home/palash/pico_ws/install/mav_msgs/include/mav_msgs/mav_msgs/msg/detail/actuators__struct.h
[16.786s] -- Symlinking: /home/palash/pico_ws/install/mav_msgs/include/mav_msgs/mav_msgs/msg/detail/actuators__type_support.h
[16.806s] -- Symlinking: /home/palash/pico_ws/install/mav_msgs/include/mav_msgs/mav_msgs/msg/detail/attitude_thrust__functions.h
[16.831s] -- Symlinking: /home/palash/pico_ws/install/mav_msgs/include/mav_msgs/mav_msgs/msg/detail/attitude_thrust__struct.h
[16.854s] -- Symlinking: /home/palash/pico_ws/install/mav_msgs/include/mav_msgs/mav_msgs/msg/detail/attitude_thrust__type_support.h
[16.873s] -- Symlinking: /home/palash/pico_ws/install/mav_msgs/include/mav_msgs/mav_msgs/msg/detail/filtered_sensor_data__functions.h
[16.894s] -- Symlinking: /home/palash/pico_ws/install/mav_msgs/include/mav_msgs/mav_msgs/msg/detail/filtered_sensor_data__struct.h
[16.915s] -- Symlinking: /home/palash/pico_ws/install/mav_msgs/include/mav_msgs/mav_msgs/msg/detail/filtered_sensor_data__type_support.h
[16.935s] -- Symlinking: /home/palash/pico_ws/install/mav_msgs/include/mav_msgs/mav_msgs/msg/detail/gps_waypoint__functions.h
[16.958s] -- Symlinking: /home/palash/pico_ws/install/mav_msgs/include/mav_msgs/mav_msgs/msg/detail/gps_waypoint__struct.h
[16.988s] -- Symlinking: /home/palash/pico_ws/install/mav_msgs/include/mav_msgs/mav_msgs/msg/detail/gps_waypoint__type_support.h
[17.020s] -- Symlinking: /home/palash/pico_ws/install/mav_msgs/include/mav_msgs/mav_msgs/msg/detail/rate_thrust__functions.h
[17.052s] -- Symlinking: /home/palash/pico_ws/install/mav_msgs/include/mav_msgs/mav_msgs/msg/detail/rate_thrust__struct.h
[17.080s] -- Symlinking: /home/palash/pico_ws/install/mav_msgs/include/mav_msgs/mav_msgs/msg/detail/rate_thrust__type_support.h
[17.112s] -- Symlinking: /home/palash/pico_ws/install/mav_msgs/include/mav_msgs/mav_msgs/msg/detail/roll_pitch_yawrate_thrust__functions.h
[17.142s] -- Symlinking: /home/palash/pico_ws/install/mav_msgs/include/mav_msgs/mav_msgs/msg/detail/roll_pitch_yawrate_thrust__struct.h
[17.173s] -- Symlinking: /home/palash/pico_ws/install/mav_msgs/include/mav_msgs/mav_msgs/msg/detail/roll_pitch_yawrate_thrust__type_support.h
[17.197s] -- Symlinking: /home/palash/pico_ws/install/mav_msgs/include/mav_msgs/mav_msgs/msg/detail/status__functions.h
[17.225s] -- Symlinking: /home/palash/pico_ws/install/mav_msgs/include/mav_msgs/mav_msgs/msg/detail/status__struct.h
[17.257s] -- Symlinking: /home/palash/pico_ws/install/mav_msgs/include/mav_msgs/mav_msgs/msg/detail/status__type_support.h
[17.291s] -- Symlinking: /home/palash/pico_ws/install/mav_msgs/include/mav_msgs/mav_msgs/msg/detail/torque_thrust__functions.h
[17.317s] -- Symlinking: /home/palash/pico_ws/install/mav_msgs/include/mav_msgs/mav_msgs/msg/detail/torque_thrust__struct.h
[17.347s] -- Symlinking: /home/palash/pico_ws/install/mav_msgs/include/mav_msgs/mav_msgs/msg/detail/torque_thrust__type_support.h
[17.378s] -- Symlinking: /home/palash/pico_ws/install/mav_msgs/include/mav_msgs/mav_msgs/msg/filtered_sensor_data.h
[17.406s] -- Symlinking: /home/palash/pico_ws/install/mav_msgs/include/mav_msgs/mav_msgs/msg/gps_waypoint.h
[17.437s] -- Symlinking: /home/palash/pico_ws/install/mav_msgs/include/mav_msgs/mav_msgs/msg/rate_thrust.h
[17.466s] -- Symlinking: /home/palash/pico_ws/install/mav_msgs/include/mav_msgs/mav_msgs/msg/roll_pitch_yawrate_thrust.h
[17.496s] -- Symlinking: /home/palash/pico_ws/install/mav_msgs/include/mav_msgs/mav_msgs/msg/rosidl_generator_c__visibility_control.h
[17.528s] -- Symlinking: /home/palash/pico_ws/install/mav_msgs/include/mav_msgs/mav_msgs/msg/status.h
[17.564s] -- Symlinking: /home/palash/pico_ws/install/mav_msgs/include/mav_msgs/mav_msgs/msg/torque_thrust.h
[17.593s] -- Symlinking: /home/palash/pico_ws/install/mav_msgs/share/mav_msgs/environment/library_path.sh
[17.621s] -- Symlinking: /home/palash/pico_ws/install/mav_msgs/share/mav_msgs/environment/library_path.dsv
[17.651s] -- Symlinking: /home/palash/pico_ws/install/mav_msgs/include/mav_msgs/mav_msgs/msg/detail/actuators__rosidl_typesupport_fastrtps_c.h
[17.679s] -- Symlinking: /home/palash/pico_ws/install/mav_msgs/include/mav_msgs/mav_msgs/msg/detail/attitude_thrust__rosidl_typesupport_fastrtps_c.h
[17.701s] -- Symlinking: /home/palash/pico_ws/install/mav_msgs/include/mav_msgs/mav_msgs/msg/detail/filtered_sensor_data__rosidl_typesupport_fastrtps_c.h
[17.725s] -- Symlinking: /home/palash/pico_ws/install/mav_msgs/include/mav_msgs/mav_msgs/msg/detail/gps_waypoint__rosidl_typesupport_fastrtps_c.h
[17.741s] -- Symlinking: /home/palash/pico_ws/install/mav_msgs/include/mav_msgs/mav_msgs/msg/detail/rate_thrust__rosidl_typesupport_fastrtps_c.h
[17.758s] -- Symlinking: /home/palash/pico_ws/install/mav_msgs/include/mav_msgs/mav_msgs/msg/detail/roll_pitch_yawrate_thrust__rosidl_typesupport_fastrtps_c.h
[17.774s] -- Symlinking: /home/palash/pico_ws/install/mav_msgs/include/mav_msgs/mav_msgs/msg/detail/status__rosidl_typesupport_fastrtps_c.h
[17.788s] -- Symlinking: /home/palash/pico_ws/install/mav_msgs/include/mav_msgs/mav_msgs/msg/detail/torque_thrust__rosidl_typesupport_fastrtps_c.h
[17.813s] -- Symlinking: /home/palash/pico_ws/install/mav_msgs/include/mav_msgs/mav_msgs/msg/rosidl_typesupport_fastrtps_c__visibility_control.h
[17.837s] -- Symlinking: /home/palash/pico_ws/install/mav_msgs/include/mav_msgs/mav_msgs/msg/detail/actuators__rosidl_typesupport_introspection_c.h
[17.862s] -- Symlinking: /home/palash/pico_ws/install/mav_msgs/include/mav_msgs/mav_msgs/msg/detail/attitude_thrust__rosidl_typesupport_introspection_c.h
[17.886s] -- Symlinking: /home/palash/pico_ws/install/mav_msgs/include/mav_msgs/mav_msgs/msg/detail/filtered_sensor_data__rosidl_typesupport_introspection_c.h
[17.907s] -- Symlinking: /home/palash/pico_ws/install/mav_msgs/include/mav_msgs/mav_msgs/msg/detail/gps_waypoint__rosidl_typesupport_introspection_c.h
[17.926s] -- Symlinking: /home/palash/pico_ws/install/mav_msgs/include/mav_msgs/mav_msgs/msg/detail/rate_thrust__rosidl_typesupport_introspection_c.h
[17.948s] -- Symlinking: /home/palash/pico_ws/install/mav_msgs/include/mav_msgs/mav_msgs/msg/detail/roll_pitch_yawrate_thrust__rosidl_typesupport_introspection_c.h
[17.963s] -- Symlinking: /home/palash/pico_ws/install/mav_msgs/include/mav_msgs/mav_msgs/msg/detail/status__rosidl_typesupport_introspection_c.h
[17.977s] -- Symlinking: /home/palash/pico_ws/install/mav_msgs/include/mav_msgs/mav_msgs/msg/detail/torque_thrust__rosidl_typesupport_introspection_c.h
[17.997s] -- Symlinking: /home/palash/pico_ws/install/mav_msgs/include/mav_msgs/mav_msgs/msg/rosidl_typesupport_introspection_c__visibility_control.h
[18.016s] -- Symlinking: /home/palash/pico_ws/install/mav_msgs/include/mav_msgs/mav_msgs/msg/actuators.hpp
[18.034s] -- Symlinking: /home/palash/pico_ws/install/mav_msgs/include/mav_msgs/mav_msgs/msg/attitude_thrust.hpp
[18.048s] -- Symlinking: /home/palash/pico_ws/install/mav_msgs/include/mav_msgs/mav_msgs/msg/detail/actuators__builder.hpp
[18.067s] -- Symlinking: /home/palash/pico_ws/install/mav_msgs/include/mav_msgs/mav_msgs/msg/detail/actuators__struct.hpp
[18.081s] -- Symlinking: /home/palash/pico_ws/install/mav_msgs/include/mav_msgs/mav_msgs/msg/detail/actuators__traits.hpp
[18.101s] -- Symlinking: /home/palash/pico_ws/install/mav_msgs/include/mav_msgs/mav_msgs/msg/detail/actuators__type_support.hpp
[18.118s] -- Symlinking: /home/palash/pico_ws/install/mav_msgs/include/mav_msgs/mav_msgs/msg/detail/attitude_thrust__builder.hpp
[18.137s] -- Symlinking: /home/palash/pico_ws/install/mav_msgs/include/mav_msgs/mav_msgs/msg/detail/attitude_thrust__struct.hpp
[18.161s] -- Symlinking: /home/palash/pico_ws/install/mav_msgs/include/mav_msgs/mav_msgs/msg/detail/attitude_thrust__traits.hpp
[18.183s] -- Symlinking: /home/palash/pico_ws/install/mav_msgs/include/mav_msgs/mav_msgs/msg/detail/attitude_thrust__type_support.hpp
[18.205s] -- Symlinking: /home/palash/pico_ws/install/mav_msgs/include/mav_msgs/mav_msgs/msg/detail/filtered_sensor_data__builder.hpp
[18.229s] -- Symlinking: /home/palash/pico_ws/install/mav_msgs/include/mav_msgs/mav_msgs/msg/detail/filtered_sensor_data__struct.hpp
[18.250s] -- Symlinking: /home/palash/pico_ws/install/mav_msgs/include/mav_msgs/mav_msgs/msg/detail/filtered_sensor_data__traits.hpp
[18.276s] -- Symlinking: /home/palash/pico_ws/install/mav_msgs/include/mav_msgs/mav_msgs/msg/detail/filtered_sensor_data__type_support.hpp
[18.300s] -- Symlinking: /home/palash/pico_ws/install/mav_msgs/include/mav_msgs/mav_msgs/msg/detail/gps_waypoint__builder.hpp
[18.321s] -- Symlinking: /home/palash/pico_ws/install/mav_msgs/include/mav_msgs/mav_msgs/msg/detail/gps_waypoint__struct.hpp
[18.342s] -- Symlinking: /home/palash/pico_ws/install/mav_msgs/include/mav_msgs/mav_msgs/msg/detail/gps_waypoint__traits.hpp
[18.363s] -- Symlinking: /home/palash/pico_ws/install/mav_msgs/include/mav_msgs/mav_msgs/msg/detail/gps_waypoint__type_support.hpp
[18.382s] -- Symlinking: /home/palash/pico_ws/install/mav_msgs/include/mav_msgs/mav_msgs/msg/detail/rate_thrust__builder.hpp
[18.403s] -- Symlinking: /home/palash/pico_ws/install/mav_msgs/include/mav_msgs/mav_msgs/msg/detail/rate_thrust__struct.hpp
[18.422s] -- Symlinking: /home/palash/pico_ws/install/mav_msgs/include/mav_msgs/mav_msgs/msg/detail/rate_thrust__traits.hpp
[18.444s] -- Symlinking: /home/palash/pico_ws/install/mav_msgs/include/mav_msgs/mav_msgs/msg/detail/rate_thrust__type_support.hpp
[18.464s] -- Symlinking: /home/palash/pico_ws/install/mav_msgs/include/mav_msgs/mav_msgs/msg/detail/roll_pitch_yawrate_thrust__builder.hpp
[18.485s] -- Symlinking: /home/palash/pico_ws/install/mav_msgs/include/mav_msgs/mav_msgs/msg/detail/roll_pitch_yawrate_thrust__struct.hpp
[18.500s] -- Symlinking: /home/palash/pico_ws/install/mav_msgs/include/mav_msgs/mav_msgs/msg/detail/roll_pitch_yawrate_thrust__traits.hpp
[18.517s] -- Symlinking: /home/palash/pico_ws/install/mav_msgs/include/mav_msgs/mav_msgs/msg/detail/roll_pitch_yawrate_thrust__type_support.hpp
[18.530s] -- Symlinking: /home/palash/pico_ws/install/mav_msgs/include/mav_msgs/mav_msgs/msg/detail/status__builder.hpp
[18.544s] -- Symlinking: /home/palash/pico_ws/install/mav_msgs/include/mav_msgs/mav_msgs/msg/detail/status__struct.hpp
[18.565s] -- Symlinking: /home/palash/pico_ws/install/mav_msgs/include/mav_msgs/mav_msgs/msg/detail/status__traits.hpp
[18.579s] -- Symlinking: /home/palash/pico_ws/install/mav_msgs/include/mav_msgs/mav_msgs/msg/detail/status__type_support.hpp
[18.596s] -- Symlinking: /home/palash/pico_ws/install/mav_msgs/include/mav_msgs/mav_msgs/msg/detail/torque_thrust__builder.hpp
[18.613s] -- Symlinking: /home/palash/pico_ws/install/mav_msgs/include/mav_msgs/mav_msgs/msg/detail/torque_thrust__struct.hpp
[18.630s] -- Symlinking: /home/palash/pico_ws/install/mav_msgs/include/mav_msgs/mav_msgs/msg/detail/torque_thrust__traits.hpp
[18.644s] -- Symlinking: /home/palash/pico_ws/install/mav_msgs/include/mav_msgs/mav_msgs/msg/detail/torque_thrust__type_support.hpp
[18.663s] -- Symlinking: /home/palash/pico_ws/install/mav_msgs/include/mav_msgs/mav_msgs/msg/filtered_sensor_data.hpp
[18.681s] -- Symlinking: /home/palash/pico_ws/install/mav_msgs/include/mav_msgs/mav_msgs/msg/gps_waypoint.hpp
[18.702s] -- Symlinking: /home/palash/pico_ws/install/mav_msgs/include/mav_msgs/mav_msgs/msg/rate_thrust.hpp
[18.721s] -- Symlinking: /home/palash/pico_ws/install/mav_msgs/include/mav_msgs/mav_msgs/msg/roll_pitch_yawrate_thrust.hpp
[18.735s] -- Symlinking: /home/palash/pico_ws/install/mav_msgs/include/mav_msgs/mav_msgs/msg/rosidl_generator_cpp__visibility_control.hpp
[18.752s] -- Symlinking: /home/palash/pico_ws/install/mav_msgs/include/mav_msgs/mav_msgs/msg/status.hpp
[18.771s] -- Symlinking: /home/palash/pico_ws/install/mav_msgs/include/mav_msgs/mav_msgs/msg/torque_thrust.hpp
[18.792s] -- Symlinking: /home/palash/pico_ws/install/mav_msgs/include/mav_msgs/mav_msgs/msg/detail/actuators__rosidl_typesupport_fastrtps_cpp.hpp
[18.811s] -- Symlinking: /home/palash/pico_ws/install/mav_msgs/include/mav_msgs/mav_msgs/msg/detail/attitude_thrust__rosidl_typesupport_fastrtps_cpp.hpp
[18.829s] -- Symlinking: /home/palash/pico_ws/install/mav_msgs/include/mav_msgs/mav_msgs/msg/detail/filtered_sensor_data__rosidl_typesupport_fastrtps_cpp.hpp
[18.850s] -- Symlinking: /home/palash/pico_ws/install/mav_msgs/include/mav_msgs/mav_msgs/msg/detail/gps_waypoint__rosidl_typesupport_fastrtps_cpp.hpp
[18.867s] -- Symlinking: /home/palash/pico_ws/install/mav_msgs/include/mav_msgs/mav_msgs/msg/detail/rate_thrust__rosidl_typesupport_fastrtps_cpp.hpp
[18.885s] -- Symlinking: /home/palash/pico_ws/install/mav_msgs/include/mav_msgs/mav_msgs/msg/detail/roll_pitch_yawrate_thrust__rosidl_typesupport_fastrtps_cpp.hpp
[18.903s] -- Symlinking: /home/palash/pico_ws/install/mav_msgs/include/mav_msgs/mav_msgs/msg/detail/status__rosidl_typesupport_fastrtps_cpp.hpp
[18.923s] -- Symlinking: /home/palash/pico_ws/install/mav_msgs/include/mav_msgs/mav_msgs/msg/detail/torque_thrust__rosidl_typesupport_fastrtps_cpp.hpp
[18.939s] -- Symlinking: /home/palash/pico_ws/install/mav_msgs/include/mav_msgs/mav_msgs/msg/rosidl_typesupport_fastrtps_cpp__visibility_control.h
[18.959s] -- Symlinking: /home/palash/pico_ws/install/mav_msgs/include/mav_msgs/mav_msgs/msg/detail/actuators__rosidl_typesupport_introspection_cpp.hpp
[18.973s] -- Symlinking: /home/palash/pico_ws/install/mav_msgs/include/mav_msgs/mav_msgs/msg/detail/attitude_thrust__rosidl_typesupport_introspection_cpp.hpp
[18.987s] -- Symlinking: /home/palash/pico_ws/install/mav_msgs/include/mav_msgs/mav_msgs/msg/detail/filtered_sensor_data__rosidl_typesupport_introspection_cpp.hpp
[19.008s] -- Symlinking: /home/palash/pico_ws/install/mav_msgs/include/mav_msgs/mav_msgs/msg/detail/gps_waypoint__rosidl_typesupport_introspection_cpp.hpp
[19.029s] -- Symlinking: /home/palash/pico_ws/install/mav_msgs/include/mav_msgs/mav_msgs/msg/detail/rate_thrust__rosidl_typesupport_introspection_cpp.hpp
[19.049s] -- Symlinking: /home/palash/pico_ws/install/mav_msgs/include/mav_msgs/mav_msgs/msg/detail/roll_pitch_yawrate_thrust__rosidl_typesupport_introspection_cpp.hpp
[19.063s] -- Symlinking: /home/palash/pico_ws/install/mav_msgs/include/mav_msgs/mav_msgs/msg/detail/status__rosidl_typesupport_introspection_cpp.hpp
[19.081s] -- Symlinking: /home/palash/pico_ws/install/mav_msgs/include/mav_msgs/mav_msgs/msg/detail/torque_thrust__rosidl_typesupport_introspection_cpp.hpp
[19.101s] -- Symlinking: /home/palash/pico_ws/install/mav_msgs/share/mav_msgs/environment/pythonpath.sh
[19.121s] -- Symlinking: /home/palash/pico_ws/install/mav_msgs/share/mav_msgs/environment/pythonpath.dsv
[19.143s] -- Symlinking: /home/palash/pico_ws/install/mav_msgs/local/lib/python3.10/dist-packages/mav_msgs-3.3.3-py3.10.egg-info/PKG-INFO
[19.164s] -- Symlinking: /home/palash/pico_ws/install/mav_msgs/local/lib/python3.10/dist-packages/mav_msgs-3.3.3-py3.10.egg-info/SOURCES.txt
[19.185s] -- Symlinking: /home/palash/pico_ws/install/mav_msgs/local/lib/python3.10/dist-packages/mav_msgs-3.3.3-py3.10.egg-info/dependency_links.txt
[19.199s] -- Symlinking: /home/palash/pico_ws/install/mav_msgs/local/lib/python3.10/dist-packages/mav_msgs-3.3.3-py3.10.egg-info/top_level.txt
[19.217s] -- Symlinking: /home/palash/pico_ws/install/mav_msgs/local/lib/python3.10/dist-packages/mav_msgs/__init__.py
[19.235s] -- Symlinking: /home/palash/pico_ws/install/mav_msgs/local/lib/python3.10/dist-packages/mav_msgs/_mav_msgs_s.ep.rosidl_typesupport_c.c
[19.254s] -- Symlinking: /home/palash/pico_ws/install/mav_msgs/local/lib/python3.10/dist-packages/mav_msgs/_mav_msgs_s.ep.rosidl_typesupport_fastrtps_c.c
[19.270s] -- Symlinking: /home/palash/pico_ws/install/mav_msgs/local/lib/python3.10/dist-packages/mav_msgs/_mav_msgs_s.ep.rosidl_typesupport_introspection_c.c
[19.292s] -- Symlinking: /home/palash/pico_ws/install/mav_msgs/local/lib/python3.10/dist-packages/mav_msgs/libmav_msgs__rosidl_generator_py.so
[19.315s] -- Symlinking: /home/palash/pico_ws/install/mav_msgs/local/lib/python3.10/dist-packages/mav_msgs/mav_msgs_s__rosidl_typesupport_c.cpython-310-x86_64-linux-gnu.so
[19.338s] -- Symlinking: /home/palash/pico_ws/install/mav_msgs/local/lib/python3.10/dist-packages/mav_msgs/mav_msgs_s__rosidl_typesupport_fastrtps_c.cpython-310-x86_64-linux-gnu.so
[19.361s] -- Symlinking: /home/palash/pico_ws/install/mav_msgs/local/lib/python3.10/dist-packages/mav_msgs/mav_msgs_s__rosidl_typesupport_introspection_c.cpython-310-x86_64-linux-gnu.so
[19.382s] -- Symlinking: /home/palash/pico_ws/install/mav_msgs/local/lib/python3.10/dist-packages/mav_msgs/msg/__init__.py
[19.401s] -- Symlinking: /home/palash/pico_ws/install/mav_msgs/local/lib/python3.10/dist-packages/mav_msgs/msg/_actuators.py
[19.421s] -- Symlinking: /home/palash/pico_ws/install/mav_msgs/local/lib/python3.10/dist-packages/mav_msgs/msg/_actuators_s.c
[19.439s] -- Symlinking: /home/palash/pico_ws/install/mav_msgs/local/lib/python3.10/dist-packages/mav_msgs/msg/_attitude_thrust.py
[19.460s] -- Symlinking: /home/palash/pico_ws/install/mav_msgs/local/lib/python3.10/dist-packages/mav_msgs/msg/_attitude_thrust_s.c
[19.477s] -- Symlinking: /home/palash/pico_ws/install/mav_msgs/local/lib/python3.10/dist-packages/mav_msgs/msg/_filtered_sensor_data.py
[19.501s] -- Symlinking: /home/palash/pico_ws/install/mav_msgs/local/lib/python3.10/dist-packages/mav_msgs/msg/_filtered_sensor_data_s.c
[19.521s] -- Symlinking: /home/palash/pico_ws/install/mav_msgs/local/lib/python3.10/dist-packages/mav_msgs/msg/_gps_waypoint.py
[19.537s] -- Symlinking: /home/palash/pico_ws/install/mav_msgs/local/lib/python3.10/dist-packages/mav_msgs/msg/_gps_waypoint_s.c
[19.558s] -- Symlinking: /home/palash/pico_ws/install/mav_msgs/local/lib/python3.10/dist-packages/mav_msgs/msg/_rate_thrust.py
[19.577s] -- Symlinking: /home/palash/pico_ws/install/mav_msgs/local/lib/python3.10/dist-packages/mav_msgs/msg/_rate_thrust_s.c
[19.598s] -- Symlinking: /home/palash/pico_ws/install/mav_msgs/local/lib/python3.10/dist-packages/mav_msgs/msg/_roll_pitch_yawrate_thrust.py
[19.618s] -- Symlinking: /home/palash/pico_ws/install/mav_msgs/local/lib/python3.10/dist-packages/mav_msgs/msg/_roll_pitch_yawrate_thrust_s.c
[19.631s] -- Symlinking: /home/palash/pico_ws/install/mav_msgs/local/lib/python3.10/dist-packages/mav_msgs/msg/_status.py
[19.645s] -- Symlinking: /home/palash/pico_ws/install/mav_msgs/local/lib/python3.10/dist-packages/mav_msgs/msg/_status_s.c
[19.662s] -- Symlinking: /home/palash/pico_ws/install/mav_msgs/local/lib/python3.10/dist-packages/mav_msgs/msg/_torque_thrust.py
[19.677s] -- Symlinking: /home/palash/pico_ws/install/mav_msgs/local/lib/python3.10/dist-packages/mav_msgs/msg/_torque_thrust_s.c
[19.702s] -- Up-to-date symlink: /home/palash/pico_ws/install/mav_msgs/local/lib/python3.10/dist-packages/mav_msgs/mav_msgs_s__rosidl_typesupport_fastrtps_c.cpython-310-x86_64-linux-gnu.so
[19.702s] -- Up-to-date symlink: /home/palash/pico_ws/install/mav_msgs/local/lib/python3.10/dist-packages/mav_msgs/mav_msgs_s__rosidl_typesupport_introspection_c.cpython-310-x86_64-linux-gnu.so
[19.702s] -- Up-to-date symlink: /home/palash/pico_ws/install/mav_msgs/local/lib/python3.10/dist-packages/mav_msgs/mav_msgs_s__rosidl_typesupport_c.cpython-310-x86_64-linux-gnu.so
[19.703s] -- Symlinking: /home/palash/pico_ws/install/mav_msgs/share/mav_msgs/msg/Actuators.idl
[19.724s] -- Symlinking: /home/palash/pico_ws/install/mav_msgs/share/mav_msgs/msg/AttitudeThrust.idl
[19.747s] -- Symlinking: /home/palash/pico_ws/install/mav_msgs/share/mav_msgs/msg/FilteredSensorData.idl
[19.765s] -- Symlinking: /home/palash/pico_ws/install/mav_msgs/share/mav_msgs/msg/GpsWaypoint.idl
[19.787s] -- Symlinking: /home/palash/pico_ws/install/mav_msgs/share/mav_msgs/msg/RateThrust.idl
[19.804s] -- Symlinking: /home/palash/pico_ws/install/mav_msgs/share/mav_msgs/msg/RollPitchYawrateThrust.idl
[19.823s] -- Symlinking: /home/palash/pico_ws/install/mav_msgs/share/mav_msgs/msg/Status.idl
[19.844s] -- Symlinking: /home/palash/pico_ws/install/mav_msgs/share/mav_msgs/msg/TorqueThrust.idl
[19.856s] -- Symlinking: /home/palash/pico_ws/install/mav_msgs/share/mav_msgs/msg/Actuators.msg
[19.870s] -- Symlinking: /home/palash/pico_ws/install/mav_msgs/share/mav_msgs/msg/AttitudeThrust.msg
[19.888s] -- Symlinking: /home/palash/pico_ws/install/mav_msgs/share/mav_msgs/msg/FilteredSensorData.msg
[19.900s] -- Symlinking: /home/palash/pico_ws/install/mav_msgs/share/mav_msgs/msg/GpsWaypoint.msg
[19.913s] -- Symlinking: /home/palash/pico_ws/install/mav_msgs/share/mav_msgs/msg/RateThrust.msg
[19.932s] -- Symlinking: /home/palash/pico_ws/install/mav_msgs/share/mav_msgs/msg/RollPitchYawrateThrust.msg
[19.954s] -- Symlinking: /home/palash/pico_ws/install/mav_msgs/share/mav_msgs/msg/Status.msg
[19.974s] -- Symlinking: /home/palash/pico_ws/install/mav_msgs/share/mav_msgs/msg/TorqueThrust.msg
[20.002s] -- Symlinking: /home/palash/pico_ws/install/mav_msgs/share/ament_index/resource_index/package_run_dependencies/mav_msgs
[20.032s] -- Symlinking: /home/palash/pico_ws/install/mav_msgs/share/ament_index/resource_index/parent_prefix_path/mav_msgs
[20.062s] -- Symlinking: /home/palash/pico_ws/install/mav_msgs/share/mav_msgs/environment/ament_prefix_path.sh
[20.094s] -- Symlinking: /home/palash/pico_ws/install/mav_msgs/share/mav_msgs/environment/ament_prefix_path.dsv
[20.133s] -- Symlinking: /home/palash/pico_ws/install/mav_msgs/share/mav_msgs/environment/path.sh
[20.165s] -- Symlinking: /home/palash/pico_ws/install/mav_msgs/share/mav_msgs/environment/path.dsv
[20.197s] -- Symlinking: /home/palash/pico_ws/install/mav_msgs/share/mav_msgs/local_setup.bash
[20.226s] -- Symlinking: /home/palash/pico_ws/install/mav_msgs/share/mav_msgs/local_setup.sh
[20.250s] -- Symlinking: /home/palash/pico_ws/install/mav_msgs/share/mav_msgs/local_setup.zsh
[20.274s] -- Symlinking: /home/palash/pico_ws/install/mav_msgs/share/mav_msgs/local_setup.dsv
[20.297s] -- Symlinking: /home/palash/pico_ws/install/mav_msgs/share/mav_msgs/package.dsv
[20.313s] -- Symlinking: /home/palash/pico_ws/install/mav_msgs/share/ament_index/resource_index/packages/mav_msgs
[20.333s] -- Symlinking: /home/palash/pico_ws/install/mav_msgs/share/mav_msgs/cmake/rosidl_cmake-extras.cmake
[20.354s] -- Symlinking: /home/palash/pico_ws/install/mav_msgs/share/mav_msgs/cmake/ament_cmake_export_dependencies-extras.cmake
[20.372s] -- Symlinking: /home/palash/pico_ws/install/mav_msgs/share/mav_msgs/cmake/ament_cmake_export_include_directories-extras.cmake
[20.389s] -- Symlinking: /home/palash/pico_ws/install/mav_msgs/share/mav_msgs/cmake/ament_cmake_export_libraries-extras.cmake
[20.406s] -- Symlinking: /home/palash/pico_ws/install/mav_msgs/share/mav_msgs/cmake/ament_cmake_export_targets-extras.cmake
[20.428s] -- Symlinking: /home/palash/pico_ws/install/mav_msgs/share/mav_msgs/cmake/rosidl_cmake_export_typesupport_targets-extras.cmake
[20.448s] -- Symlinking: /home/palash/pico_ws/install/mav_msgs/share/mav_msgs/cmake/rosidl_cmake_export_typesupport_libraries-extras.cmake
[20.471s] -- Symlinking: /home/palash/pico_ws/install/mav_msgs/share/mav_msgs/cmake/mav_msgsConfig.cmake
[20.498s] -- Symlinking: /home/palash/pico_ws/install/mav_msgs/share/mav_msgs/cmake/mav_msgsConfig-version.cmake
[20.525s] -- Symlinking: /home/palash/pico_ws/install/mav_msgs/share/mav_msgs/package.xml
[20.554s] -- Installing: /home/palash/pico_ws/install/mav_msgs/lib/libmav_msgs__rosidl_generator_c.so
[20.555s] -- Set runtime path of "/home/palash/pico_ws/install/mav_msgs/lib/libmav_msgs__rosidl_generator_c.so" to ""
[20.555s] -- Installing: /home/palash/pico_ws/install/mav_msgs/lib/libmav_msgs__rosidl_typesupport_fastrtps_c.so
[20.556s] -- Set runtime path of "/home/palash/pico_ws/install/mav_msgs/lib/libmav_msgs__rosidl_typesupport_fastrtps_c.so" to ""
[20.557s] -- Installing: /home/palash/pico_ws/install/mav_msgs/lib/libmav_msgs__rosidl_typesupport_introspection_c.so
[20.558s] -- Set runtime path of "/home/palash/pico_ws/install/mav_msgs/lib/libmav_msgs__rosidl_typesupport_introspection_c.so" to ""
[20.558s] -- Installing: /home/palash/pico_ws/install/mav_msgs/lib/libmav_msgs__rosidl_typesupport_c.so
[20.560s] -- Set runtime path of "/home/palash/pico_ws/install/mav_msgs/lib/libmav_msgs__rosidl_typesupport_c.so" to ""
[20.560s] -- Installing: /home/palash/pico_ws/install/mav_msgs/lib/libmav_msgs__rosidl_typesupport_fastrtps_cpp.so
[20.561s] -- Set runtime path of "/home/palash/pico_ws/install/mav_msgs/lib/libmav_msgs__rosidl_typesupport_fastrtps_cpp.so" to ""
[20.561s] -- Installing: /home/palash/pico_ws/install/mav_msgs/lib/libmav_msgs__rosidl_typesupport_introspection_cpp.so
[20.561s] -- Set runtime path of "/home/palash/pico_ws/install/mav_msgs/lib/libmav_msgs__rosidl_typesupport_introspection_cpp.so" to ""
[20.561s] -- Installing: /home/palash/pico_ws/install/mav_msgs/lib/libmav_msgs__rosidl_typesupport_cpp.so
[20.561s] -- Set runtime path of "/home/palash/pico_ws/install/mav_msgs/lib/libmav_msgs__rosidl_typesupport_cpp.so" to ""
[20.641s] Listing '/home/palash/pico_ws/install/mav_msgs/local/lib/python3.10/dist-packages/mav_msgs'...
[20.642s] Compiling '/home/palash/pico_ws/install/mav_msgs/local/lib/python3.10/dist-packages/mav_msgs/__init__.py'...
[20.642s] Listing '/home/palash/pico_ws/install/mav_msgs/local/lib/python3.10/dist-packages/mav_msgs/msg'...
[20.642s] Compiling '/home/palash/pico_ws/install/mav_msgs/local/lib/python3.10/dist-packages/mav_msgs/msg/__init__.py'...
[20.642s] Compiling '/home/palash/pico_ws/install/mav_msgs/local/lib/python3.10/dist-packages/mav_msgs/msg/_actuators.py'...
[20.642s] Compiling '/home/palash/pico_ws/install/mav_msgs/local/lib/python3.10/dist-packages/mav_msgs/msg/_attitude_thrust.py'...
[20.642s] Compiling '/home/palash/pico_ws/install/mav_msgs/local/lib/python3.10/dist-packages/mav_msgs/msg/_filtered_sensor_data.py'...
[20.642s] Compiling '/home/palash/pico_ws/install/mav_msgs/local/lib/python3.10/dist-packages/mav_msgs/msg/_gps_waypoint.py'...
[20.642s] Compiling '/home/palash/pico_ws/install/mav_msgs/local/lib/python3.10/dist-packages/mav_msgs/msg/_rate_thrust.py'...
[20.642s] Compiling '/home/palash/pico_ws/install/mav_msgs/local/lib/python3.10/dist-packages/mav_msgs/msg/_roll_pitch_yawrate_thrust.py'...
[20.642s] Compiling '/home/palash/pico_ws/install/mav_msgs/local/lib/python3.10/dist-packages/mav_msgs/msg/_status.py'...
[20.642s] Compiling '/home/palash/pico_ws/install/mav_msgs/local/lib/python3.10/dist-packages/mav_msgs/msg/_torque_thrust.py'...
[20.659s] -- Installing: /home/palash/pico_ws/install/mav_msgs/lib/libmav_msgs__rosidl_generator_py.so
[20.660s] -- Set runtime path of "/home/palash/pico_ws/install/mav_msgs/lib/libmav_msgs__rosidl_generator_py.so" to ""
[20.660s] -- Up-to-date: /home/palash/pico_ws/install/mav_msgs/include/mav_msgs
[20.660s] -- Installing: /home/palash/pico_ws/install/mav_msgs/include/mav_msgs/common.hpp
[20.667s] -- Installing: /home/palash/pico_ws/install/mav_msgs/include/mav_msgs/eigen_mav_msgs.hpp
[20.668s] -- Installing: /home/palash/pico_ws/install/mav_msgs/include/mav_msgs/default_topics.hpp
[20.668s] -- Installing: /home/palash/pico_ws/install/mav_msgs/include/mav_msgs/conversions.hpp
[20.668s] -- Installing: /home/palash/pico_ws/install/mav_msgs/include/mav_msgs/default_values.hpp
[20.668s] -- Installing: /home/palash/pico_ws/install/mav_msgs/share/mav_msgs/cmake/export_mav_msgs__rosidl_generator_cExport.cmake
[20.669s] -- Installing: /home/palash/pico_ws/install/mav_msgs/share/mav_msgs/cmake/export_mav_msgs__rosidl_generator_cExport-noconfig.cmake
[20.669s] -- Installing: /home/palash/pico_ws/install/mav_msgs/share/mav_msgs/cmake/export_mav_msgs__rosidl_typesupport_fastrtps_cExport.cmake
[20.669s] -- Installing: /home/palash/pico_ws/install/mav_msgs/share/mav_msgs/cmake/export_mav_msgs__rosidl_typesupport_fastrtps_cExport-noconfig.cmake
[20.669s] -- Installing: /home/palash/pico_ws/install/mav_msgs/share/mav_msgs/cmake/mav_msgs__rosidl_typesupport_introspection_cExport.cmake
[20.670s] -- Installing: /home/palash/pico_ws/install/mav_msgs/share/mav_msgs/cmake/mav_msgs__rosidl_typesupport_introspection_cExport-noconfig.cmake
[20.670s] -- Installing: /home/palash/pico_ws/install/mav_msgs/share/mav_msgs/cmake/mav_msgs__rosidl_typesupport_cExport.cmake
[20.670s] -- Installing: /home/palash/pico_ws/install/mav_msgs/share/mav_msgs/cmake/mav_msgs__rosidl_typesupport_cExport-noconfig.cmake
[20.670s] -- Installing: /home/palash/pico_ws/install/mav_msgs/share/mav_msgs/cmake/export_mav_msgs__rosidl_generator_cppExport.cmake
[20.670s] -- Installing: /home/palash/pico_ws/install/mav_msgs/share/mav_msgs/cmake/export_mav_msgs__rosidl_typesupport_fastrtps_cppExport.cmake
[20.670s] -- Installing: /home/palash/pico_ws/install/mav_msgs/share/mav_msgs/cmake/export_mav_msgs__rosidl_typesupport_fastrtps_cppExport-noconfig.cmake
[20.671s] -- Installing: /home/palash/pico_ws/install/mav_msgs/share/mav_msgs/cmake/mav_msgs__rosidl_typesupport_introspection_cppExport.cmake
[20.671s] -- Installing: /home/palash/pico_ws/install/mav_msgs/share/mav_msgs/cmake/mav_msgs__rosidl_typesupport_introspection_cppExport-noconfig.cmake
[20.671s] -- Installing: /home/palash/pico_ws/install/mav_msgs/share/mav_msgs/cmake/mav_msgs__rosidl_typesupport_cppExport.cmake
[20.671s] -- Installing: /home/palash/pico_ws/install/mav_msgs/share/mav_msgs/cmake/mav_msgs__rosidl_typesupport_cppExport-noconfig.cmake
[20.672s] -- Installing: /home/palash/pico_ws/install/mav_msgs/share/mav_msgs/cmake/export_mav_msgs__rosidl_generator_pyExport.cmake
[20.672s] -- Installing: /home/palash/pico_ws/install/mav_msgs/share/mav_msgs/cmake/export_mav_msgs__rosidl_generator_pyExport-noconfig.cmake
[20.678s] Invoked command in '/home/palash/pico_ws/build/mav_msgs' returned '0': CMAKE_PREFIX_PATH=${CMAKE_PREFIX_PATH}:/home/palash/Downloads/turtlesim_ws/install/kd_task_1b:/opt/ros/humble /usr/bin/cmake --install /home/palash/pico_ws/build/mav_msgs
