[0.027s] Invoking command in '/home/palash/pico_ws/build/mav_system_msgs': CMAKE_PREFIX_PATH=${CMAKE_PREFIX_PATH}:/home/palash/Downloads/turtlesim_ws/install/kd_task_1b:/opt/ros/humble /usr/bin/cmake /home/palash/pico_ws/src/mav_comm/mav_system_msgs -DAMENT_CMAKE_SYMLINK_INSTALL=1 -DCMAKE_INSTALL_PREFIX=/home/palash/pico_ws/install/mav_system_msgs
[0.120s] -- The C compiler identification is GNU 11.4.0
[0.207s] -- The CXX compiler identification is GNU 11.4.0
[0.220s] -- Detecting C compiler ABI info
[0.326s] -- Detecting C compiler ABI info - done
[0.332s] -- Check for working C compiler: /usr/bin/cc - skipped
[0.332s] -- Detecting C compile features
[0.333s] -- Detecting C compile features - done
[0.338s] -- Detecting CXX compiler ABI info
[0.470s] -- Detecting CXX compiler ABI info - done
[0.479s] -- Check for working CXX compiler: /usr/bin/c++ - skipped
[0.480s] -- Detecting CXX compile features
[0.481s] -- Detecting CXX compile features - done
[0.484s] -- Found std_msgs: 4.9.0 (/opt/ros/humble/share/std_msgs/cmake)
[0.721s] -- Found Python3: /usr/bin/python3 (found version "3.10.12") found components: Interpreter 
[0.819s] -- Override CMake install command with custom implementation using symlinks instead of copying resources
[0.897s] -- Found rosidl_generator_c: 3.1.7 (/opt/ros/humble/share/rosidl_generator_c/cmake)
[0.902s] -- Found rosidl_adapter: 3.1.7 (/opt/ros/humble/share/rosidl_adapter/cmake)
[0.911s] -- Found rosidl_generator_cpp: 3.1.7 (/opt/ros/humble/share/rosidl_generator_cpp/cmake)
[0.928s] -- Using all available rosidl_typesupport_c: rosidl_typesupport_fastrtps_c;rosidl_typesupport_introspection_c
[0.945s] -- Using all available rosidl_typesupport_cpp: rosidl_typesupport_fastrtps_cpp;rosidl_typesupport_introspection_cpp
[1.389s] -- Found ament_cmake_ros: 0.10.0 (/opt/ros/humble/share/ament_cmake_ros/cmake)
[1.940s] -- Using all available rosidl_typesupport_c: rosidl_typesupport_fastrtps_c;rosidl_typesupport_introspection_c
[2.140s] -- Using all available rosidl_typesupport_cpp: rosidl_typesupport_fastrtps_cpp;rosidl_typesupport_introspection_cpp
[2.154s] -- Configuring done
[2.182s] -- Generating done
[2.191s] -- Build files have been written to: /home/palash/pico_ws/build/mav_system_msgs
[2.212s] Invoked command in '/home/palash/pico_ws/build/mav_system_msgs' returned '0': CMAKE_PREFIX_PATH=${CMAKE_PREFIX_PATH}:/home/palash/Downloads/turtlesim_ws/install/kd_task_1b:/opt/ros/humble /usr/bin/cmake /home/palash/pico_ws/src/mav_comm/mav_system_msgs -DAMENT_CMAKE_SYMLINK_INSTALL=1 -DCMAKE_INSTALL_PREFIX=/home/palash/pico_ws/install/mav_system_msgs
[2.214s] Invoking command in '/home/palash/pico_ws/build/mav_system_msgs': CMAKE_PREFIX_PATH=${CMAKE_PREFIX_PATH}:/home/palash/Downloads/turtlesim_ws/install/kd_task_1b:/opt/ros/humble /usr/bin/cmake --build /home/palash/pico_ws/build/mav_system_msgs -- -j16 -l16
[2.273s] [  3%] [34m[1mGenerating C code for ROS interfaces[0m
[2.288s] [  6%] [34m[1mGenerating C++ code for ROS interfaces[0m
[3.183s] [  6%] Built target mav_system_msgs__cpp
[3.227s] [ 10%] [34m[1mGenerating C++ type support for eProsima Fast-RTPS[0m
[3.240s] [ 17%] [34m[1mGenerating C++ type support dispatch for ROS interfaces[0m
[3.244s] [ 17%] [34m[1mGenerating C++ introspection for ROS interfaces[0m
[3.441s] [ 20%] [32mBuilding C object CMakeFiles/mav_system_msgs__rosidl_generator_c.dir/rosidl_generator_c/mav_system_msgs/msg/detail/process_info__functions.c.o[0m
[3.470s] [ 24%] [32mBuilding C object CMakeFiles/mav_system_msgs__rosidl_generator_c.dir/rosidl_generator_c/mav_system_msgs/msg/detail/cpu_info__functions.c.o[0m
[3.664s] [ 27%] [32m[1mLinking C shared library libmav_system_msgs__rosidl_generator_c.so[0m
[3.845s] [ 27%] Built target mav_system_msgs__rosidl_generator_c
[3.902s] [ 31%] [34m[1mGenerating C introspection for ROS interfaces[0m
[3.917s] [ 37%] [34m[1mGenerating C type support dispatch for ROS interfaces[0m
[3.917s] [ 37%] [34m[1mGenerating C type support for eProsima Fast-RTPS[0m
[4.831s] [ 41%] [32mBuilding CXX object CMakeFiles/mav_system_msgs__rosidl_typesupport_cpp.dir/rosidl_typesupport_cpp/mav_system_msgs/msg/cpu_info__type_support.cpp.o[0m
[4.847s] [ 44%] [32mBuilding CXX object CMakeFiles/mav_system_msgs__rosidl_typesupport_cpp.dir/rosidl_typesupport_cpp/mav_system_msgs/msg/process_info__type_support.cpp.o[0m
[5.298s] [ 48%] [32mBuilding CXX object CMakeFiles/mav_system_msgs__rosidl_typesupport_introspection_cpp.dir/rosidl_typesupport_introspection_cpp/mav_system_msgs/msg/detail/process_info__type_support.cpp.o[0m
[5.312s] [ 51%] [32mBuilding CXX object CMakeFiles/mav_system_msgs__rosidl_typesupport_introspection_cpp.dir/rosidl_typesupport_introspection_cpp/mav_system_msgs/msg/detail/cpu_info__type_support.cpp.o[0m
[5.641s] [ 55%] [32mBuilding C object CMakeFiles/mav_system_msgs__rosidl_typesupport_introspection_c.dir/rosidl_typesupport_introspection_c/mav_system_msgs/msg/detail/cpu_info__type_support.c.o[0m
[5.654s] [ 58%] [32mBuilding C object CMakeFiles/mav_system_msgs__rosidl_typesupport_introspection_c.dir/rosidl_typesupport_introspection_c/mav_system_msgs/msg/detail/process_info__type_support.c.o[0m
[5.756s] [ 62%] [32mBuilding CXX object CMakeFiles/mav_system_msgs__rosidl_typesupport_c.dir/rosidl_typesupport_c/mav_system_msgs/msg/cpu_info__type_support.cpp.o[0m
[5.765s] [ 65%] [32m[1mLinking CXX shared library libmav_system_msgs__rosidl_typesupport_cpp.so[0m
[5.792s] [ 68%] [32mBuilding CXX object CMakeFiles/mav_system_msgs__rosidl_typesupport_c.dir/rosidl_typesupport_c/mav_system_msgs/msg/process_info__type_support.cpp.o[0m
[5.892s] [ 72%] [32m[1mLinking C shared library libmav_system_msgs__rosidl_typesupport_introspection_c.so[0m
[5.902s] [ 75%] [32mBuilding CXX object CMakeFiles/mav_system_msgs__rosidl_typesupport_fastrtps_cpp.dir/rosidl_typesupport_fastrtps_cpp/mav_system_msgs/msg/detail/dds_fastrtps/process_info__type_support.cpp.o[0m
[5.907s] [ 79%] [32mBuilding CXX object CMakeFiles/mav_system_msgs__rosidl_typesupport_fastrtps_cpp.dir/rosidl_typesupport_fastrtps_cpp/mav_system_msgs/msg/detail/dds_fastrtps/cpu_info__type_support.cpp.o[0m
[6.003s] [ 86%] [32mBuilding CXX object CMakeFiles/mav_system_msgs__rosidl_typesupport_fastrtps_c.dir/rosidl_typesupport_fastrtps_c/mav_system_msgs/msg/detail/cpu_info__type_support_c.cpp.o[0m
[6.005s] [ 89%] [32m[1mLinking CXX shared library libmav_system_msgs__rosidl_typesupport_c.so[0m
[6.006s] [ 86%] [32mBuilding CXX object CMakeFiles/mav_system_msgs__rosidl_typesupport_fastrtps_c.dir/rosidl_typesupport_fastrtps_c/mav_system_msgs/msg/detail/process_info__type_support_c.cpp.o[0m
[6.046s] [ 89%] Built target mav_system_msgs__rosidl_typesupport_cpp
[6.121s] [ 89%] Built target mav_system_msgs__rosidl_typesupport_introspection_c
[6.280s] [ 89%] Built target mav_system_msgs__rosidl_typesupport_c
[7.278s] [ 93%] [32m[1mLinking CXX shared library libmav_system_msgs__rosidl_typesupport_introspection_cpp.so[0m
[7.404s] [ 96%] [32m[1mLinking CXX shared library libmav_system_msgs__rosidl_typesupport_fastrtps_c.so[0m
[7.475s] [100%] [32m[1mLinking CXX shared library libmav_system_msgs__rosidl_typesupport_fastrtps_cpp.so[0m
[7.520s] [100%] Built target mav_system_msgs__rosidl_typesupport_introspection_cpp
[7.671s] [100%] Built target mav_system_msgs__rosidl_typesupport_fastrtps_c
[7.740s] [100%] Built target mav_system_msgs__rosidl_typesupport_fastrtps_cpp
[7.795s] [100%] Built target mav_system_msgs
[7.823s] Invoked command in '/home/palash/pico_ws/build/mav_system_msgs' returned '0': CMAKE_PREFIX_PATH=${CMAKE_PREFIX_PATH}:/home/palash/Downloads/turtlesim_ws/install/kd_task_1b:/opt/ros/humble /usr/bin/cmake --build /home/palash/pico_ws/build/mav_system_msgs -- -j16 -l16
[7.824s] Invoking command in '/home/palash/pico_ws/build/mav_system_msgs': CMAKE_PREFIX_PATH=${CMAKE_PREFIX_PATH}:/home/palash/Downloads/turtlesim_ws/install/kd_task_1b:/opt/ros/humble /usr/bin/cmake --install /home/palash/pico_ws/build/mav_system_msgs
[7.838s] -- Install configuration: ""
[7.838s] -- Execute custom install script
[7.839s] -- Symlinking: /home/palash/pico_ws/install/mav_system_msgs/share/ament_index/resource_index/rosidl_interfaces/mav_system_msgs
[7.860s] -- Symlinking: /home/palash/pico_ws/install/mav_system_msgs/include/mav_system_msgs/mav_system_msgs/msg/cpu_info.h
[7.878s] -- Symlinking: /home/palash/pico_ws/install/mav_system_msgs/include/mav_system_msgs/mav_system_msgs/msg/detail/cpu_info__functions.h
[7.901s] -- Symlinking: /home/palash/pico_ws/install/mav_system_msgs/include/mav_system_msgs/mav_system_msgs/msg/detail/cpu_info__struct.h
[7.921s] -- Symlinking: /home/palash/pico_ws/install/mav_system_msgs/include/mav_system_msgs/mav_system_msgs/msg/detail/cpu_info__type_support.h
[7.936s] -- Symlinking: /home/palash/pico_ws/install/mav_system_msgs/include/mav_system_msgs/mav_system_msgs/msg/detail/process_info__functions.h
[7.955s] -- Symlinking: /home/palash/pico_ws/install/mav_system_msgs/include/mav_system_msgs/mav_system_msgs/msg/detail/process_info__struct.h
[7.977s] -- Symlinking: /home/palash/pico_ws/install/mav_system_msgs/include/mav_system_msgs/mav_system_msgs/msg/detail/process_info__type_support.h
[8.001s] -- Symlinking: /home/palash/pico_ws/install/mav_system_msgs/include/mav_system_msgs/mav_system_msgs/msg/process_info.h
[8.019s] -- Symlinking: /home/palash/pico_ws/install/mav_system_msgs/include/mav_system_msgs/mav_system_msgs/msg/rosidl_generator_c__visibility_control.h
[8.038s] -- Symlinking: /home/palash/pico_ws/install/mav_system_msgs/share/mav_system_msgs/environment/library_path.sh
[8.057s] -- Symlinking: /home/palash/pico_ws/install/mav_system_msgs/share/mav_system_msgs/environment/library_path.dsv
[8.075s] -- Symlinking: /home/palash/pico_ws/install/mav_system_msgs/include/mav_system_msgs/mav_system_msgs/msg/detail/cpu_info__rosidl_typesupport_fastrtps_c.h
[8.093s] -- Symlinking: /home/palash/pico_ws/install/mav_system_msgs/include/mav_system_msgs/mav_system_msgs/msg/detail/process_info__rosidl_typesupport_fastrtps_c.h
[8.111s] -- Symlinking: /home/palash/pico_ws/install/mav_system_msgs/include/mav_system_msgs/mav_system_msgs/msg/rosidl_typesupport_fastrtps_c__visibility_control.h
[8.126s] -- Symlinking: /home/palash/pico_ws/install/mav_system_msgs/include/mav_system_msgs/mav_system_msgs/msg/cpu_info.hpp
[8.140s] -- Symlinking: /home/palash/pico_ws/install/mav_system_msgs/include/mav_system_msgs/mav_system_msgs/msg/detail/cpu_info__builder.hpp
[8.155s] -- Symlinking: /home/palash/pico_ws/install/mav_system_msgs/include/mav_system_msgs/mav_system_msgs/msg/detail/cpu_info__struct.hpp
[8.174s] -- Symlinking: /home/palash/pico_ws/install/mav_system_msgs/include/mav_system_msgs/mav_system_msgs/msg/detail/cpu_info__traits.hpp
[8.191s] -- Symlinking: /home/palash/pico_ws/install/mav_system_msgs/include/mav_system_msgs/mav_system_msgs/msg/detail/cpu_info__type_support.hpp
[8.209s] -- Symlinking: /home/palash/pico_ws/install/mav_system_msgs/include/mav_system_msgs/mav_system_msgs/msg/detail/process_info__builder.hpp
[8.224s] -- Symlinking: /home/palash/pico_ws/install/mav_system_msgs/include/mav_system_msgs/mav_system_msgs/msg/detail/process_info__struct.hpp
[8.238s] -- Symlinking: /home/palash/pico_ws/install/mav_system_msgs/include/mav_system_msgs/mav_system_msgs/msg/detail/process_info__traits.hpp
[8.254s] -- Symlinking: /home/palash/pico_ws/install/mav_system_msgs/include/mav_system_msgs/mav_system_msgs/msg/detail/process_info__type_support.hpp
[8.274s] -- Symlinking: /home/palash/pico_ws/install/mav_system_msgs/include/mav_system_msgs/mav_system_msgs/msg/process_info.hpp
[8.292s] -- Symlinking: /home/palash/pico_ws/install/mav_system_msgs/include/mav_system_msgs/mav_system_msgs/msg/rosidl_generator_cpp__visibility_control.hpp
[8.308s] -- Symlinking: /home/palash/pico_ws/install/mav_system_msgs/include/mav_system_msgs/mav_system_msgs/msg/detail/cpu_info__rosidl_typesupport_fastrtps_cpp.hpp
[8.324s] -- Symlinking: /home/palash/pico_ws/install/mav_system_msgs/include/mav_system_msgs/mav_system_msgs/msg/detail/process_info__rosidl_typesupport_fastrtps_cpp.hpp
[8.339s] -- Symlinking: /home/palash/pico_ws/install/mav_system_msgs/include/mav_system_msgs/mav_system_msgs/msg/rosidl_typesupport_fastrtps_cpp__visibility_control.h
[8.355s] -- Symlinking: /home/palash/pico_ws/install/mav_system_msgs/include/mav_system_msgs/mav_system_msgs/msg/detail/cpu_info__rosidl_typesupport_introspection_c.h
[8.372s] -- Symlinking: /home/palash/pico_ws/install/mav_system_msgs/include/mav_system_msgs/mav_system_msgs/msg/detail/process_info__rosidl_typesupport_introspection_c.h
[8.389s] -- Symlinking: /home/palash/pico_ws/install/mav_system_msgs/include/mav_system_msgs/mav_system_msgs/msg/rosidl_typesupport_introspection_c__visibility_control.h
[8.407s] -- Symlinking: /home/palash/pico_ws/install/mav_system_msgs/include/mav_system_msgs/mav_system_msgs/msg/detail/cpu_info__rosidl_typesupport_introspection_cpp.hpp
[8.425s] -- Symlinking: /home/palash/pico_ws/install/mav_system_msgs/include/mav_system_msgs/mav_system_msgs/msg/detail/process_info__rosidl_typesupport_introspection_cpp.hpp
[8.443s] -- Symlinking: /home/palash/pico_ws/install/mav_system_msgs/share/mav_system_msgs/msg/CpuInfo.idl
[8.463s] -- Symlinking: /home/palash/pico_ws/install/mav_system_msgs/share/mav_system_msgs/msg/ProcessInfo.idl
[8.479s] -- Symlinking: /home/palash/pico_ws/install/mav_system_msgs/share/mav_system_msgs/msg/CpuInfo.msg
[8.497s] -- Symlinking: /home/palash/pico_ws/install/mav_system_msgs/share/mav_system_msgs/msg/ProcessInfo.msg
[8.516s] -- Symlinking: /home/palash/pico_ws/install/mav_system_msgs/share/ament_index/resource_index/package_run_dependencies/mav_system_msgs
[8.536s] -- Symlinking: /home/palash/pico_ws/install/mav_system_msgs/share/ament_index/resource_index/parent_prefix_path/mav_system_msgs
[8.555s] -- Symlinking: /home/palash/pico_ws/install/mav_system_msgs/share/mav_system_msgs/environment/ament_prefix_path.sh
[8.572s] -- Symlinking: /home/palash/pico_ws/install/mav_system_msgs/share/mav_system_msgs/environment/ament_prefix_path.dsv
[8.594s] -- Symlinking: /home/palash/pico_ws/install/mav_system_msgs/share/mav_system_msgs/environment/path.sh
[8.616s] -- Symlinking: /home/palash/pico_ws/install/mav_system_msgs/share/mav_system_msgs/environment/path.dsv
[8.635s] -- Symlinking: /home/palash/pico_ws/install/mav_system_msgs/share/mav_system_msgs/local_setup.bash
[8.653s] -- Symlinking: /home/palash/pico_ws/install/mav_system_msgs/share/mav_system_msgs/local_setup.sh
[8.667s] -- Symlinking: /home/palash/pico_ws/install/mav_system_msgs/share/mav_system_msgs/local_setup.zsh
[8.682s] -- Symlinking: /home/palash/pico_ws/install/mav_system_msgs/share/mav_system_msgs/local_setup.dsv
[8.700s] -- Symlinking: /home/palash/pico_ws/install/mav_system_msgs/share/mav_system_msgs/package.dsv
[8.717s] -- Symlinking: /home/palash/pico_ws/install/mav_system_msgs/share/ament_index/resource_index/packages/mav_system_msgs
[8.737s] -- Symlinking: /home/palash/pico_ws/install/mav_system_msgs/share/mav_system_msgs/cmake/rosidl_cmake-extras.cmake
[8.756s] -- Symlinking: /home/palash/pico_ws/install/mav_system_msgs/share/mav_system_msgs/cmake/ament_cmake_export_dependencies-extras.cmake
[8.773s] -- Symlinking: /home/palash/pico_ws/install/mav_system_msgs/share/mav_system_msgs/cmake/ament_cmake_export_include_directories-extras.cmake
[8.789s] -- Symlinking: /home/palash/pico_ws/install/mav_system_msgs/share/mav_system_msgs/cmake/ament_cmake_export_libraries-extras.cmake
[8.805s] -- Symlinking: /home/palash/pico_ws/install/mav_system_msgs/share/mav_system_msgs/cmake/ament_cmake_export_targets-extras.cmake
[8.824s] -- Symlinking: /home/palash/pico_ws/install/mav_system_msgs/share/mav_system_msgs/cmake/rosidl_cmake_export_typesupport_targets-extras.cmake
[8.840s] -- Symlinking: /home/palash/pico_ws/install/mav_system_msgs/share/mav_system_msgs/cmake/rosidl_cmake_export_typesupport_libraries-extras.cmake
[8.857s] -- Symlinking: /home/palash/pico_ws/install/mav_system_msgs/share/mav_system_msgs/cmake/mav_system_msgsConfig.cmake
[8.873s] -- Symlinking: /home/palash/pico_ws/install/mav_system_msgs/share/mav_system_msgs/cmake/mav_system_msgsConfig-version.cmake
[8.890s] -- Symlinking: /home/palash/pico_ws/install/mav_system_msgs/share/mav_system_msgs/package.xml
[8.904s] -- Installing: /home/palash/pico_ws/install/mav_system_msgs/lib/libmav_system_msgs__rosidl_generator_c.so
[8.905s] -- Set runtime path of "/home/palash/pico_ws/install/mav_system_msgs/lib/libmav_system_msgs__rosidl_generator_c.so" to ""
[8.905s] -- Installing: /home/palash/pico_ws/install/mav_system_msgs/lib/libmav_system_msgs__rosidl_typesupport_fastrtps_c.so
[8.906s] -- Set runtime path of "/home/palash/pico_ws/install/mav_system_msgs/lib/libmav_system_msgs__rosidl_typesupport_fastrtps_c.so" to ""
[8.906s] -- Installing: /home/palash/pico_ws/install/mav_system_msgs/lib/libmav_system_msgs__rosidl_typesupport_fastrtps_cpp.so
[8.906s] -- Set runtime path of "/home/palash/pico_ws/install/mav_system_msgs/lib/libmav_system_msgs__rosidl_typesupport_fastrtps_cpp.so" to ""
[8.906s] -- Installing: /home/palash/pico_ws/install/mav_system_msgs/lib/libmav_system_msgs__rosidl_typesupport_introspection_c.so
[8.907s] -- Set runtime path of "/home/palash/pico_ws/install/mav_system_msgs/lib/libmav_system_msgs__rosidl_typesupport_introspection_c.so" to ""
[8.907s] -- Installing: /home/palash/pico_ws/install/mav_system_msgs/lib/libmav_system_msgs__rosidl_typesupport_c.so
[8.907s] -- Set runtime path of "/home/palash/pico_ws/install/mav_system_msgs/lib/libmav_system_msgs__rosidl_typesupport_c.so" to ""
[8.907s] -- Installing: /home/palash/pico_ws/install/mav_system_msgs/lib/libmav_system_msgs__rosidl_typesupport_introspection_cpp.so
[8.908s] -- Set runtime path of "/home/palash/pico_ws/install/mav_system_msgs/lib/libmav_system_msgs__rosidl_typesupport_introspection_cpp.so" to ""
[8.908s] -- Installing: /home/palash/pico_ws/install/mav_system_msgs/lib/libmav_system_msgs__rosidl_typesupport_cpp.so
[8.909s] -- Set runtime path of "/home/palash/pico_ws/install/mav_system_msgs/lib/libmav_system_msgs__rosidl_typesupport_cpp.so" to ""
[8.909s] -- Installing: /home/palash/pico_ws/install/mav_system_msgs/share/mav_system_msgs/cmake/export_mav_system_msgs__rosidl_generator_cExport.cmake
[8.909s] -- Installing: /home/palash/pico_ws/install/mav_system_msgs/share/mav_system_msgs/cmake/export_mav_system_msgs__rosidl_generator_cExport-noconfig.cmake
[8.909s] -- Installing: /home/palash/pico_ws/install/mav_system_msgs/share/mav_system_msgs/cmake/export_mav_system_msgs__rosidl_typesupport_fastrtps_cExport.cmake
[8.910s] -- Installing: /home/palash/pico_ws/install/mav_system_msgs/share/mav_system_msgs/cmake/export_mav_system_msgs__rosidl_typesupport_fastrtps_cExport-noconfig.cmake
[8.910s] -- Installing: /home/palash/pico_ws/install/mav_system_msgs/share/mav_system_msgs/cmake/export_mav_system_msgs__rosidl_generator_cppExport.cmake
[8.910s] -- Installing: /home/palash/pico_ws/install/mav_system_msgs/share/mav_system_msgs/cmake/export_mav_system_msgs__rosidl_typesupport_fastrtps_cppExport.cmake
[8.911s] -- Installing: /home/palash/pico_ws/install/mav_system_msgs/share/mav_system_msgs/cmake/export_mav_system_msgs__rosidl_typesupport_fastrtps_cppExport-noconfig.cmake
[8.911s] -- Installing: /home/palash/pico_ws/install/mav_system_msgs/share/mav_system_msgs/cmake/mav_system_msgs__rosidl_typesupport_introspection_cExport.cmake
[8.911s] -- Installing: /home/palash/pico_ws/install/mav_system_msgs/share/mav_system_msgs/cmake/mav_system_msgs__rosidl_typesupport_introspection_cExport-noconfig.cmake
[8.911s] -- Installing: /home/palash/pico_ws/install/mav_system_msgs/share/mav_system_msgs/cmake/mav_system_msgs__rosidl_typesupport_cExport.cmake
[8.911s] -- Installing: /home/palash/pico_ws/install/mav_system_msgs/share/mav_system_msgs/cmake/mav_system_msgs__rosidl_typesupport_cExport-noconfig.cmake
[8.912s] -- Installing: /home/palash/pico_ws/install/mav_system_msgs/share/mav_system_msgs/cmake/mav_system_msgs__rosidl_typesupport_introspection_cppExport.cmake
[8.912s] -- Installing: /home/palash/pico_ws/install/mav_system_msgs/share/mav_system_msgs/cmake/mav_system_msgs__rosidl_typesupport_introspection_cppExport-noconfig.cmake
[8.912s] -- Installing: /home/palash/pico_ws/install/mav_system_msgs/share/mav_system_msgs/cmake/mav_system_msgs__rosidl_typesupport_cppExport.cmake
[8.913s] -- Installing: /home/palash/pico_ws/install/mav_system_msgs/share/mav_system_msgs/cmake/mav_system_msgs__rosidl_typesupport_cppExport-noconfig.cmake
[8.919s] Invoked command in '/home/palash/pico_ws/build/mav_system_msgs' returned '0': CMAKE_PREFIX_PATH=${CMAKE_PREFIX_PATH}:/home/palash/Downloads/turtlesim_ws/install/kd_task_1b:/opt/ros/humble /usr/bin/cmake --install /home/palash/pico_ws/build/mav_system_msgs
