-- Found ament_cmake: 1.3.12 (/opt/ros/humble/share/ament_cmake/cmake)
-- Override CMake install command with custom implementation using symlinks instead of copying resources
-- Found rosidl_default_generators: 1.2.0 (/opt/ros/humble/share/rosidl_default_generators/cmake)
-- Using all available rosidl_typesupport_c: rosidl_typesupport_fastrtps_c;rosidl_typesupport_introspection_c
-- Found rosidl_adapter: 3.1.7 (/opt/ros/humble/share/rosidl_adapter/cmake)
-- Using all available rosidl_typesupport_cpp: rosidl_typesupport_fastrtps_cpp;rosidl_typesupport_introspection_cpp
-- Found ament_cmake_ros: 0.10.0 (/opt/ros/humble/share/ament_cmake_ros/cmake)
-- Using all available rosidl_typesupport_c: rosidl_typesupport_fastrtps_c;rosidl_typesupport_introspection_c
-- Using all available rosidl_typesupport_cpp: rosidl_typesupport_fastrtps_cpp;rosidl_typesupport_introspection_cpp
-- Found python_cmake_module: 0.10.0 (/opt/ros/humble/share/python_cmake_module/cmake)
-- Using PYTHON_EXECUTABLE: /usr/bin/python3
-- Using PYTHON_INCLUDE_DIRS: /usr/include/python3.10
-- Using PYTHON_LIBRARIES: /usr/lib/x86_64-linux-gnu/libpython3.10.so
-- Found ament_lint_auto: 0.12.14 (/opt/ros/humble/share/ament_lint_auto/cmake)
-- Added test 'lint_cmake' to check CMake code style
-- Added test 'xmllint' to check XML markup files
-- Configuring done
-- Generating done
-- Build files have been written to: /home/palash/pico_ws/build/swift_msgs
[35m[1mConsolidate compiler generated dependencies of target swift_msgs__rosidl_generator_c[0m
[  3%] Built target swift_msgs__cpp
[ 12%] Built target swift_msgs__rosidl_generator_c
[ 12%] Built target ament_cmake_python_symlink_swift_msgs
[35m[1mConsolidate compiler generated dependencies of target swift_msgs__rosidl_typesupport_fastrtps_cpp[0m
[35m[1mConsolidate compiler generated dependencies of target swift_msgs__rosidl_typesupport_c[0m
[35m[1mConsolidate compiler generated dependencies of target swift_msgs__rosidl_typesupport_introspection_cpp[0m
[35m[1mConsolidate compiler generated dependencies of target swift_msgs__rosidl_typesupport_introspection_c[0m
[35m[1mConsolidate compiler generated dependencies of target swift_msgs__rosidl_typesupport_cpp[0m
[35m[1mConsolidate compiler generated dependencies of target swift_msgs__rosidl_typesupport_fastrtps_c[0m
[ 41%] Built target swift_msgs__rosidl_typesupport_fastrtps_cpp
[ 41%] Built target swift_msgs__rosidl_typesupport_c
[ 41%] Built target swift_msgs__rosidl_typesupport_introspection_c
[ 51%] Built target swift_msgs__rosidl_typesupport_fastrtps_c
[ 61%] Built target swift_msgs__rosidl_typesupport_introspection_cpp
[ 70%] Built target swift_msgs__rosidl_typesupport_cpp
[ 70%] Built target swift_msgs
[ 74%] Built target swift_msgs__py
[35m[1mConsolidate compiler generated dependencies of target swift_msgs__rosidl_generator_py[0m
[ 80%] Built target swift_msgs__rosidl_generator_py
[35m[1mConsolidate compiler generated dependencies of target swift_msgs__rosidl_typesupport_introspection_c__pyext[0m
[35m[1mConsolidate compiler generated dependencies of target swift_msgs__rosidl_typesupport_fastrtps_c__pyext[0m
[35m[1mConsolidate compiler generated dependencies of target swift_msgs__rosidl_typesupport_c__pyext[0m
[ 96%] Built target swift_msgs__rosidl_typesupport_c__pyext
[ 96%] Built target swift_msgs__rosidl_typesupport_fastrtps_c__pyext
[100%] Built target swift_msgs__rosidl_typesupport_introspection_c__pyext
running egg_info
writing swift_msgs.egg-info/PKG-INFO
writing dependency_links to swift_msgs.egg-info/dependency_links.txt
writing top-level names to swift_msgs.egg-info/top_level.txt
reading manifest file 'swift_msgs.egg-info/SOURCES.txt'
writing manifest file 'swift_msgs.egg-info/SOURCES.txt'
[100%] Built target ament_cmake_python_build_swift_msgs_egg
-- Install configuration: ""
-- Execute custom install script
-- Up-to-date symlink: /home/palash/pico_ws/install/swift_msgs/share/ament_index/resource_index/rosidl_interfaces/swift_msgs
-- Up-to-date symlink: /home/palash/pico_ws/install/swift_msgs/include/swift_msgs/swift_msgs/msg/detail/swift_msgs__functions.h
-- Up-to-date symlink: /home/palash/pico_ws/install/swift_msgs/include/swift_msgs/swift_msgs/msg/detail/swift_msgs__struct.h
-- Up-to-date symlink: /home/palash/pico_ws/install/swift_msgs/include/swift_msgs/swift_msgs/msg/detail/swift_msgs__type_support.h
-- Up-to-date symlink: /home/palash/pico_ws/install/swift_msgs/include/swift_msgs/swift_msgs/msg/rosidl_generator_c__visibility_control.h
-- Up-to-date symlink: /home/palash/pico_ws/install/swift_msgs/include/swift_msgs/swift_msgs/msg/swift_msgs.h
-- Up-to-date symlink: /home/palash/pico_ws/install/swift_msgs/share/swift_msgs/environment/library_path.sh
-- Up-to-date symlink: /home/palash/pico_ws/install/swift_msgs/share/swift_msgs/environment/library_path.dsv
-- Up-to-date symlink: /home/palash/pico_ws/install/swift_msgs/include/swift_msgs/swift_msgs/msg/detail/swift_msgs__rosidl_typesupport_fastrtps_c.h
-- Up-to-date symlink: /home/palash/pico_ws/install/swift_msgs/include/swift_msgs/swift_msgs/msg/rosidl_typesupport_fastrtps_c__visibility_control.h
-- Up-to-date symlink: /home/palash/pico_ws/install/swift_msgs/include/swift_msgs/swift_msgs/msg/detail/swift_msgs__rosidl_typesupport_introspection_c.h
-- Up-to-date symlink: /home/palash/pico_ws/install/swift_msgs/include/swift_msgs/swift_msgs/msg/rosidl_typesupport_introspection_c__visibility_control.h
-- Up-to-date symlink: /home/palash/pico_ws/install/swift_msgs/include/swift_msgs/swift_msgs/msg/detail/swift_msgs__builder.hpp
-- Up-to-date symlink: /home/palash/pico_ws/install/swift_msgs/include/swift_msgs/swift_msgs/msg/detail/swift_msgs__struct.hpp
-- Up-to-date symlink: /home/palash/pico_ws/install/swift_msgs/include/swift_msgs/swift_msgs/msg/detail/swift_msgs__traits.hpp
-- Up-to-date symlink: /home/palash/pico_ws/install/swift_msgs/include/swift_msgs/swift_msgs/msg/detail/swift_msgs__type_support.hpp
-- Up-to-date symlink: /home/palash/pico_ws/install/swift_msgs/include/swift_msgs/swift_msgs/msg/rosidl_generator_cpp__visibility_control.hpp
-- Up-to-date symlink: /home/palash/pico_ws/install/swift_msgs/include/swift_msgs/swift_msgs/msg/swift_msgs.hpp
-- Up-to-date symlink: /home/palash/pico_ws/install/swift_msgs/include/swift_msgs/swift_msgs/msg/detail/swift_msgs__rosidl_typesupport_fastrtps_cpp.hpp
-- Up-to-date symlink: /home/palash/pico_ws/install/swift_msgs/include/swift_msgs/swift_msgs/msg/rosidl_typesupport_fastrtps_cpp__visibility_control.h
-- Up-to-date symlink: /home/palash/pico_ws/install/swift_msgs/include/swift_msgs/swift_msgs/msg/detail/swift_msgs__rosidl_typesupport_introspection_cpp.hpp
-- Up-to-date symlink: /home/palash/pico_ws/install/swift_msgs/share/swift_msgs/environment/pythonpath.sh
-- Up-to-date symlink: /home/palash/pico_ws/install/swift_msgs/share/swift_msgs/environment/pythonpath.dsv
-- Up-to-date symlink: /home/palash/pico_ws/install/swift_msgs/local/lib/python3.10/dist-packages/swift_msgs-0.0.0-py3.10.egg-info/PKG-INFO
-- Up-to-date symlink: /home/palash/pico_ws/install/swift_msgs/local/lib/python3.10/dist-packages/swift_msgs-0.0.0-py3.10.egg-info/SOURCES.txt
-- Up-to-date symlink: /home/palash/pico_ws/install/swift_msgs/local/lib/python3.10/dist-packages/swift_msgs-0.0.0-py3.10.egg-info/dependency_links.txt
-- Up-to-date symlink: /home/palash/pico_ws/install/swift_msgs/local/lib/python3.10/dist-packages/swift_msgs-0.0.0-py3.10.egg-info/top_level.txt
-- Up-to-date symlink: /home/palash/pico_ws/install/swift_msgs/local/lib/python3.10/dist-packages/swift_msgs/__init__.py
-- Up-to-date symlink: /home/palash/pico_ws/install/swift_msgs/local/lib/python3.10/dist-packages/swift_msgs/_swift_msgs_s.ep.rosidl_typesupport_c.c
-- Up-to-date symlink: /home/palash/pico_ws/install/swift_msgs/local/lib/python3.10/dist-packages/swift_msgs/_swift_msgs_s.ep.rosidl_typesupport_fastrtps_c.c
-- Up-to-date symlink: /home/palash/pico_ws/install/swift_msgs/local/lib/python3.10/dist-packages/swift_msgs/_swift_msgs_s.ep.rosidl_typesupport_introspection_c.c
-- Up-to-date symlink: /home/palash/pico_ws/install/swift_msgs/local/lib/python3.10/dist-packages/swift_msgs/libswift_msgs__rosidl_generator_py.so
-- Up-to-date symlink: /home/palash/pico_ws/install/swift_msgs/local/lib/python3.10/dist-packages/swift_msgs/msg/__init__.py
-- Up-to-date symlink: /home/palash/pico_ws/install/swift_msgs/local/lib/python3.10/dist-packages/swift_msgs/msg/_swift_msgs.py
-- Up-to-date symlink: /home/palash/pico_ws/install/swift_msgs/local/lib/python3.10/dist-packages/swift_msgs/msg/_swift_msgs_s.c
-- Up-to-date symlink: /home/palash/pico_ws/install/swift_msgs/local/lib/python3.10/dist-packages/swift_msgs/swift_msgs_s__rosidl_typesupport_c.cpython-310-x86_64-linux-gnu.so
-- Up-to-date symlink: /home/palash/pico_ws/install/swift_msgs/local/lib/python3.10/dist-packages/swift_msgs/swift_msgs_s__rosidl_typesupport_fastrtps_c.cpython-310-x86_64-linux-gnu.so
-- Up-to-date symlink: /home/palash/pico_ws/install/swift_msgs/local/lib/python3.10/dist-packages/swift_msgs/swift_msgs_s__rosidl_typesupport_introspection_c.cpython-310-x86_64-linux-gnu.so
-- Up-to-date symlink: /home/palash/pico_ws/install/swift_msgs/local/lib/python3.10/dist-packages/swift_msgs/swift_msgs_s__rosidl_typesupport_fastrtps_c.cpython-310-x86_64-linux-gnu.so
-- Up-to-date symlink: /home/palash/pico_ws/install/swift_msgs/local/lib/python3.10/dist-packages/swift_msgs/swift_msgs_s__rosidl_typesupport_introspection_c.cpython-310-x86_64-linux-gnu.so
-- Up-to-date symlink: /home/palash/pico_ws/install/swift_msgs/local/lib/python3.10/dist-packages/swift_msgs/swift_msgs_s__rosidl_typesupport_c.cpython-310-x86_64-linux-gnu.so
-- Up-to-date symlink: /home/palash/pico_ws/install/swift_msgs/share/swift_msgs/msg/SwiftMsgs.idl
-- Up-to-date symlink: /home/palash/pico_ws/install/swift_msgs/share/swift_msgs/msg/SwiftMsgs.msg
-- Up-to-date symlink: /home/palash/pico_ws/install/swift_msgs/share/ament_index/resource_index/package_run_dependencies/swift_msgs
-- Up-to-date symlink: /home/palash/pico_ws/install/swift_msgs/share/ament_index/resource_index/parent_prefix_path/swift_msgs
-- Up-to-date symlink: /home/palash/pico_ws/install/swift_msgs/share/swift_msgs/environment/ament_prefix_path.sh
-- Up-to-date symlink: /home/palash/pico_ws/install/swift_msgs/share/swift_msgs/environment/ament_prefix_path.dsv
-- Up-to-date symlink: /home/palash/pico_ws/install/swift_msgs/share/swift_msgs/environment/path.sh
-- Up-to-date symlink: /home/palash/pico_ws/install/swift_msgs/share/swift_msgs/environment/path.dsv
-- Up-to-date symlink: /home/palash/pico_ws/install/swift_msgs/share/swift_msgs/local_setup.bash
-- Up-to-date symlink: /home/palash/pico_ws/install/swift_msgs/share/swift_msgs/local_setup.sh
-- Up-to-date symlink: /home/palash/pico_ws/install/swift_msgs/share/swift_msgs/local_setup.zsh
-- Up-to-date symlink: /home/palash/pico_ws/install/swift_msgs/share/swift_msgs/local_setup.dsv
-- Symlinking: /home/palash/pico_ws/install/swift_msgs/share/swift_msgs/package.dsv
-- Up-to-date symlink: /home/palash/pico_ws/install/swift_msgs/share/ament_index/resource_index/packages/swift_msgs
-- Up-to-date symlink: /home/palash/pico_ws/install/swift_msgs/share/swift_msgs/cmake/rosidl_cmake-extras.cmake
-- Up-to-date symlink: /home/palash/pico_ws/install/swift_msgs/share/swift_msgs/cmake/ament_cmake_export_include_directories-extras.cmake
-- Up-to-date symlink: /home/palash/pico_ws/install/swift_msgs/share/swift_msgs/cmake/ament_cmake_export_libraries-extras.cmake
-- Up-to-date symlink: /home/palash/pico_ws/install/swift_msgs/share/swift_msgs/cmake/ament_cmake_export_targets-extras.cmake
-- Up-to-date symlink: /home/palash/pico_ws/install/swift_msgs/share/swift_msgs/cmake/rosidl_cmake_export_typesupport_targets-extras.cmake
-- Up-to-date symlink: /home/palash/pico_ws/install/swift_msgs/share/swift_msgs/cmake/ament_cmake_export_dependencies-extras.cmake
-- Up-to-date symlink: /home/palash/pico_ws/install/swift_msgs/share/swift_msgs/cmake/rosidl_cmake_export_typesupport_libraries-extras.cmake
-- Up-to-date symlink: /home/palash/pico_ws/install/swift_msgs/share/swift_msgs/cmake/swift_msgsConfig.cmake
-- Up-to-date symlink: /home/palash/pico_ws/install/swift_msgs/share/swift_msgs/cmake/swift_msgsConfig-version.cmake
-- Up-to-date symlink: /home/palash/pico_ws/install/swift_msgs/share/swift_msgs/package.xml
-- Up-to-date: /home/palash/pico_ws/install/swift_msgs/lib/libswift_msgs__rosidl_generator_c.so
-- Up-to-date: /home/palash/pico_ws/install/swift_msgs/lib/libswift_msgs__rosidl_typesupport_fastrtps_c.so
-- Up-to-date: /home/palash/pico_ws/install/swift_msgs/lib/libswift_msgs__rosidl_typesupport_introspection_c.so
-- Up-to-date: /home/palash/pico_ws/install/swift_msgs/lib/libswift_msgs__rosidl_typesupport_c.so
-- Up-to-date: /home/palash/pico_ws/install/swift_msgs/lib/libswift_msgs__rosidl_typesupport_fastrtps_cpp.so
-- Up-to-date: /home/palash/pico_ws/install/swift_msgs/lib/libswift_msgs__rosidl_typesupport_introspection_cpp.so
-- Up-to-date: /home/palash/pico_ws/install/swift_msgs/lib/libswift_msgs__rosidl_typesupport_cpp.so
Listing '/home/palash/pico_ws/install/swift_msgs/local/lib/python3.10/dist-packages/swift_msgs'...
Compiling '/home/palash/pico_ws/install/swift_msgs/local/lib/python3.10/dist-packages/swift_msgs/__init__.py'...
Listing '/home/palash/pico_ws/install/swift_msgs/local/lib/python3.10/dist-packages/swift_msgs/msg'...
-- Up-to-date: /home/palash/pico_ws/install/swift_msgs/lib/libswift_msgs__rosidl_generator_py.so
-- Up-to-date: /home/palash/pico_ws/install/swift_msgs/share/swift_msgs/cmake/export_swift_msgs__rosidl_generator_cExport.cmake
-- Up-to-date: /home/palash/pico_ws/install/swift_msgs/share/swift_msgs/cmake/export_swift_msgs__rosidl_generator_cExport-noconfig.cmake
-- Up-to-date: /home/palash/pico_ws/install/swift_msgs/share/swift_msgs/cmake/export_swift_msgs__rosidl_typesupport_fastrtps_cExport.cmake
-- Up-to-date: /home/palash/pico_ws/install/swift_msgs/share/swift_msgs/cmake/export_swift_msgs__rosidl_typesupport_fastrtps_cExport-noconfig.cmake
-- Up-to-date: /home/palash/pico_ws/install/swift_msgs/share/swift_msgs/cmake/swift_msgs__rosidl_typesupport_introspection_cExport.cmake
-- Up-to-date: /home/palash/pico_ws/install/swift_msgs/share/swift_msgs/cmake/swift_msgs__rosidl_typesupport_introspection_cExport-noconfig.cmake
-- Up-to-date: /home/palash/pico_ws/install/swift_msgs/share/swift_msgs/cmake/swift_msgs__rosidl_typesupport_cExport.cmake
-- Up-to-date: /home/palash/pico_ws/install/swift_msgs/share/swift_msgs/cmake/swift_msgs__rosidl_typesupport_cExport-noconfig.cmake
-- Up-to-date: /home/palash/pico_ws/install/swift_msgs/share/swift_msgs/cmake/export_swift_msgs__rosidl_generator_cppExport.cmake
-- Up-to-date: /home/palash/pico_ws/install/swift_msgs/share/swift_msgs/cmake/export_swift_msgs__rosidl_typesupport_fastrtps_cppExport.cmake
-- Up-to-date: /home/palash/pico_ws/install/swift_msgs/share/swift_msgs/cmake/export_swift_msgs__rosidl_typesupport_fastrtps_cppExport-noconfig.cmake
-- Up-to-date: /home/palash/pico_ws/install/swift_msgs/share/swift_msgs/cmake/swift_msgs__rosidl_typesupport_introspection_cppExport.cmake
-- Up-to-date: /home/palash/pico_ws/install/swift_msgs/share/swift_msgs/cmake/swift_msgs__rosidl_typesupport_introspection_cppExport-noconfig.cmake
-- Up-to-date: /home/palash/pico_ws/install/swift_msgs/share/swift_msgs/cmake/swift_msgs__rosidl_typesupport_cppExport.cmake
-- Up-to-date: /home/palash/pico_ws/install/swift_msgs/share/swift_msgs/cmake/swift_msgs__rosidl_typesupport_cppExport-noconfig.cmake
-- Up-to-date: /home/palash/pico_ws/install/swift_msgs/share/swift_msgs/cmake/export_swift_msgs__rosidl_generator_pyExport.cmake
-- Up-to-date: /home/palash/pico_ws/install/swift_msgs/share/swift_msgs/cmake/export_swift_msgs__rosidl_generator_pyExport-noconfig.cmake
