[0.036s] Invoking command in '/home/palash/pico_ws/build/swift_msgs': CMAKE_PREFIX_PATH=${CMAKE_PREFIX_PATH}:/home/palash/Downloads/turtlesim_ws/install/kd_task_1b:/opt/ros/humble /usr/bin/cmake /home/palash/pico_ws/src/rotors_simulator/swift_msgs -DCMAKE_INSTALL_PREFIX=/home/palash/pico_ws/install/swift_msgs
[0.051s] -- Found ament_cmake: 1.3.12 (/opt/ros/humble/share/ament_cmake/cmake)
[0.217s] -- Override CMake install command with custom implementation using symlinks instead of copying resources
[0.227s] -- Found rosidl_default_generators: 1.2.0 (/opt/ros/humble/share/rosidl_default_generators/cmake)
[0.232s] -- Using all available rosidl_typesupport_c: rosidl_typesupport_fastrtps_c;rosidl_typesupport_introspection_c
[0.236s] -- Found rosidl_adapter: 3.1.7 (/opt/ros/humble/share/rosidl_adapter/cmake)
[0.270s] -- Using all available rosidl_typesupport_cpp: rosidl_typesupport_fastrtps_cpp;rosidl_typesupport_introspection_cpp
[0.610s] -- Found ament_cmake_ros: 0.10.0 (/opt/ros/humble/share/ament_cmake_ros/cmake)
[0.834s] -- Using all available rosidl_typesupport_c: rosidl_typesupport_fastrtps_c;rosidl_typesupport_introspection_c
[1.105s] -- Using all available rosidl_typesupport_cpp: rosidl_typesupport_fastrtps_cpp;rosidl_typesupport_introspection_cpp
[1.131s] -- Found python_cmake_module: 0.10.0 (/opt/ros/humble/share/python_cmake_module/cmake)
[1.156s] -- Using PYTHON_EXECUTABLE: /usr/bin/python3
[1.156s] -- Using PYTHON_INCLUDE_DIRS: /usr/include/python3.10
[1.157s] -- Using PYTHON_LIBRARIES: /usr/lib/x86_64-linux-gnu/libpython3.10.so
[1.172s] -- Found ament_lint_auto: 0.12.14 (/opt/ros/humble/share/ament_lint_auto/cmake)
[1.182s] -- Added test 'lint_cmake' to check CMake code style
[1.183s] -- Added test 'xmllint' to check XML markup files
[1.185s] -- Configuring done
[1.212s] -- Generating done
[1.224s] -- Build files have been written to: /home/palash/pico_ws/build/swift_msgs
[1.236s] Invoked command in '/home/palash/pico_ws/build/swift_msgs' returned '0': CMAKE_PREFIX_PATH=${CMAKE_PREFIX_PATH}:/home/palash/Downloads/turtlesim_ws/install/kd_task_1b:/opt/ros/humble /usr/bin/cmake /home/palash/pico_ws/src/rotors_simulator/swift_msgs -DCMAKE_INSTALL_PREFIX=/home/palash/pico_ws/install/swift_msgs
[1.238s] Invoking command in '/home/palash/pico_ws/build/swift_msgs': CMAKE_PREFIX_PATH=${CMAKE_PREFIX_PATH}:/home/palash/Downloads/turtlesim_ws/install/kd_task_1b:/opt/ros/humble /usr/bin/cmake --build /home/palash/pico_ws/build/swift_msgs -- -j16 -l16
[1.292s] [35m[1mConsolidate compiler generated dependencies of target swift_msgs__rosidl_generator_c[0m
[1.303s] [  3%] Built target swift_msgs__cpp
[1.304s] [ 12%] Built target swift_msgs__rosidl_generator_c
[1.314s] [ 12%] Built target ament_cmake_python_symlink_swift_msgs
[1.316s] [35m[1mConsolidate compiler generated dependencies of target swift_msgs__rosidl_typesupport_fastrtps_cpp[0m
[1.319s] [35m[1mConsolidate compiler generated dependencies of target swift_msgs__rosidl_typesupport_c[0m
[1.319s] [35m[1mConsolidate compiler generated dependencies of target swift_msgs__rosidl_typesupport_introspection_cpp[0m
[1.320s] [35m[1mConsolidate compiler generated dependencies of target swift_msgs__rosidl_typesupport_introspection_c[0m
[1.322s] [35m[1mConsolidate compiler generated dependencies of target swift_msgs__rosidl_typesupport_cpp[0m
[1.323s] [35m[1mConsolidate compiler generated dependencies of target swift_msgs__rosidl_typesupport_fastrtps_c[0m
[1.337s] [ 41%] Built target swift_msgs__rosidl_typesupport_fastrtps_cpp
[1.337s] [ 41%] Built target swift_msgs__rosidl_typesupport_c
[1.337s] [ 41%] Built target swift_msgs__rosidl_typesupport_introspection_c
[1.338s] [ 51%] Built target swift_msgs__rosidl_typesupport_fastrtps_c
[1.338s] [ 61%] Built target swift_msgs__rosidl_typesupport_introspection_cpp
[1.340s] [ 70%] Built target swift_msgs__rosidl_typesupport_cpp
[1.372s] [ 70%] Built target swift_msgs
[1.409s] [ 74%] Built target swift_msgs__py
[1.425s] [35m[1mConsolidate compiler generated dependencies of target swift_msgs__rosidl_generator_py[0m
[1.441s] [ 80%] Built target swift_msgs__rosidl_generator_py
[1.455s] [35m[1mConsolidate compiler generated dependencies of target swift_msgs__rosidl_typesupport_introspection_c__pyext[0m
[1.455s] [35m[1mConsolidate compiler generated dependencies of target swift_msgs__rosidl_typesupport_fastrtps_c__pyext[0m
[1.455s] [35m[1mConsolidate compiler generated dependencies of target swift_msgs__rosidl_typesupport_c__pyext[0m
[1.474s] [ 96%] Built target swift_msgs__rosidl_typesupport_c__pyext
[1.474s] [ 96%] Built target swift_msgs__rosidl_typesupport_fastrtps_c__pyext
[1.474s] [100%] Built target swift_msgs__rosidl_typesupport_introspection_c__pyext
[1.643s] running egg_info
[1.644s] writing swift_msgs.egg-info/PKG-INFO
[1.644s] writing dependency_links to swift_msgs.egg-info/dependency_links.txt
[1.644s] writing top-level names to swift_msgs.egg-info/top_level.txt
[1.648s] reading manifest file 'swift_msgs.egg-info/SOURCES.txt'
[1.648s] writing manifest file 'swift_msgs.egg-info/SOURCES.txt'
[1.700s] [100%] Built target ament_cmake_python_build_swift_msgs_egg
[1.717s] Invoked command in '/home/palash/pico_ws/build/swift_msgs' returned '0': CMAKE_PREFIX_PATH=${CMAKE_PREFIX_PATH}:/home/palash/Downloads/turtlesim_ws/install/kd_task_1b:/opt/ros/humble /usr/bin/cmake --build /home/palash/pico_ws/build/swift_msgs -- -j16 -l16
[1.719s] Invoking command in '/home/palash/pico_ws/build/swift_msgs': CMAKE_PREFIX_PATH=${CMAKE_PREFIX_PATH}:/home/palash/Downloads/turtlesim_ws/install/kd_task_1b:/opt/ros/humble /usr/bin/cmake --install /home/palash/pico_ws/build/swift_msgs
[1.727s] -- Install configuration: ""
[1.728s] -- Execute custom install script
[1.728s] -- Up-to-date symlink: /home/palash/pico_ws/install/swift_msgs/share/ament_index/resource_index/rosidl_interfaces/swift_msgs
[1.728s] -- Up-to-date symlink: /home/palash/pico_ws/install/swift_msgs/include/swift_msgs/swift_msgs/msg/detail/swift_msgs__functions.h
[1.728s] -- Up-to-date symlink: /home/palash/pico_ws/install/swift_msgs/include/swift_msgs/swift_msgs/msg/detail/swift_msgs__struct.h
[1.729s] -- Up-to-date symlink: /home/palash/pico_ws/install/swift_msgs/include/swift_msgs/swift_msgs/msg/detail/swift_msgs__type_support.h
[1.729s] -- Up-to-date symlink: /home/palash/pico_ws/install/swift_msgs/include/swift_msgs/swift_msgs/msg/rosidl_generator_c__visibility_control.h
[1.729s] -- Up-to-date symlink: /home/palash/pico_ws/install/swift_msgs/include/swift_msgs/swift_msgs/msg/swift_msgs.h
[1.729s] -- Up-to-date symlink: /home/palash/pico_ws/install/swift_msgs/share/swift_msgs/environment/library_path.sh
[1.729s] -- Up-to-date symlink: /home/palash/pico_ws/install/swift_msgs/share/swift_msgs/environment/library_path.dsv
[1.730s] -- Up-to-date symlink: /home/palash/pico_ws/install/swift_msgs/include/swift_msgs/swift_msgs/msg/detail/swift_msgs__rosidl_typesupport_fastrtps_c.h
[1.730s] -- Up-to-date symlink: /home/palash/pico_ws/install/swift_msgs/include/swift_msgs/swift_msgs/msg/rosidl_typesupport_fastrtps_c__visibility_control.h
[1.730s] -- Up-to-date symlink: /home/palash/pico_ws/install/swift_msgs/include/swift_msgs/swift_msgs/msg/detail/swift_msgs__rosidl_typesupport_introspection_c.h
[1.730s] -- Up-to-date symlink: /home/palash/pico_ws/install/swift_msgs/include/swift_msgs/swift_msgs/msg/rosidl_typesupport_introspection_c__visibility_control.h
[1.731s] -- Up-to-date symlink: /home/palash/pico_ws/install/swift_msgs/include/swift_msgs/swift_msgs/msg/detail/swift_msgs__builder.hpp
[1.731s] -- Up-to-date symlink: /home/palash/pico_ws/install/swift_msgs/include/swift_msgs/swift_msgs/msg/detail/swift_msgs__struct.hpp
[1.731s] -- Up-to-date symlink: /home/palash/pico_ws/install/swift_msgs/include/swift_msgs/swift_msgs/msg/detail/swift_msgs__traits.hpp
[1.731s] -- Up-to-date symlink: /home/palash/pico_ws/install/swift_msgs/include/swift_msgs/swift_msgs/msg/detail/swift_msgs__type_support.hpp
[1.731s] -- Up-to-date symlink: /home/palash/pico_ws/install/swift_msgs/include/swift_msgs/swift_msgs/msg/rosidl_generator_cpp__visibility_control.hpp
[1.731s] -- Up-to-date symlink: /home/palash/pico_ws/install/swift_msgs/include/swift_msgs/swift_msgs/msg/swift_msgs.hpp
[1.731s] -- Up-to-date symlink: /home/palash/pico_ws/install/swift_msgs/include/swift_msgs/swift_msgs/msg/detail/swift_msgs__rosidl_typesupport_fastrtps_cpp.hpp
[1.731s] -- Up-to-date symlink: /home/palash/pico_ws/install/swift_msgs/include/swift_msgs/swift_msgs/msg/rosidl_typesupport_fastrtps_cpp__visibility_control.h
[1.732s] -- Up-to-date symlink: /home/palash/pico_ws/install/swift_msgs/include/swift_msgs/swift_msgs/msg/detail/swift_msgs__rosidl_typesupport_introspection_cpp.hpp
[1.732s] -- Up-to-date symlink: /home/palash/pico_ws/install/swift_msgs/share/swift_msgs/environment/pythonpath.sh
[1.732s] -- Up-to-date symlink: /home/palash/pico_ws/install/swift_msgs/share/swift_msgs/environment/pythonpath.dsv
[1.732s] -- Up-to-date symlink: /home/palash/pico_ws/install/swift_msgs/local/lib/python3.10/dist-packages/swift_msgs-0.0.0-py3.10.egg-info/PKG-INFO
[1.732s] -- Up-to-date symlink: /home/palash/pico_ws/install/swift_msgs/local/lib/python3.10/dist-packages/swift_msgs-0.0.0-py3.10.egg-info/SOURCES.txt
[1.732s] -- Up-to-date symlink: /home/palash/pico_ws/install/swift_msgs/local/lib/python3.10/dist-packages/swift_msgs-0.0.0-py3.10.egg-info/dependency_links.txt
[1.732s] -- Up-to-date symlink: /home/palash/pico_ws/install/swift_msgs/local/lib/python3.10/dist-packages/swift_msgs-0.0.0-py3.10.egg-info/top_level.txt
[1.733s] -- Up-to-date symlink: /home/palash/pico_ws/install/swift_msgs/local/lib/python3.10/dist-packages/swift_msgs/__init__.py
[1.733s] -- Up-to-date symlink: /home/palash/pico_ws/install/swift_msgs/local/lib/python3.10/dist-packages/swift_msgs/_swift_msgs_s.ep.rosidl_typesupport_c.c
[1.733s] -- Up-to-date symlink: /home/palash/pico_ws/install/swift_msgs/local/lib/python3.10/dist-packages/swift_msgs/_swift_msgs_s.ep.rosidl_typesupport_fastrtps_c.c
[1.733s] -- Up-to-date symlink: /home/palash/pico_ws/install/swift_msgs/local/lib/python3.10/dist-packages/swift_msgs/_swift_msgs_s.ep.rosidl_typesupport_introspection_c.c
[1.733s] -- Up-to-date symlink: /home/palash/pico_ws/install/swift_msgs/local/lib/python3.10/dist-packages/swift_msgs/libswift_msgs__rosidl_generator_py.so
[1.733s] -- Up-to-date symlink: /home/palash/pico_ws/install/swift_msgs/local/lib/python3.10/dist-packages/swift_msgs/msg/__init__.py
[1.733s] -- Up-to-date symlink: /home/palash/pico_ws/install/swift_msgs/local/lib/python3.10/dist-packages/swift_msgs/msg/_swift_msgs.py
[1.733s] -- Up-to-date symlink: /home/palash/pico_ws/install/swift_msgs/local/lib/python3.10/dist-packages/swift_msgs/msg/_swift_msgs_s.c
[1.733s] -- Up-to-date symlink: /home/palash/pico_ws/install/swift_msgs/local/lib/python3.10/dist-packages/swift_msgs/swift_msgs_s__rosidl_typesupport_c.cpython-310-x86_64-linux-gnu.so
[1.734s] -- Up-to-date symlink: /home/palash/pico_ws/install/swift_msgs/local/lib/python3.10/dist-packages/swift_msgs/swift_msgs_s__rosidl_typesupport_fastrtps_c.cpython-310-x86_64-linux-gnu.so
[1.734s] -- Up-to-date symlink: /home/palash/pico_ws/install/swift_msgs/local/lib/python3.10/dist-packages/swift_msgs/swift_msgs_s__rosidl_typesupport_introspection_c.cpython-310-x86_64-linux-gnu.so
[1.734s] -- Up-to-date symlink: /home/palash/pico_ws/install/swift_msgs/local/lib/python3.10/dist-packages/swift_msgs/swift_msgs_s__rosidl_typesupport_fastrtps_c.cpython-310-x86_64-linux-gnu.so
[1.734s] -- Up-to-date symlink: /home/palash/pico_ws/install/swift_msgs/local/lib/python3.10/dist-packages/swift_msgs/swift_msgs_s__rosidl_typesupport_introspection_c.cpython-310-x86_64-linux-gnu.so
[1.734s] -- Up-to-date symlink: /home/palash/pico_ws/install/swift_msgs/local/lib/python3.10/dist-packages/swift_msgs/swift_msgs_s__rosidl_typesupport_c.cpython-310-x86_64-linux-gnu.so
[1.734s] -- Up-to-date symlink: /home/palash/pico_ws/install/swift_msgs/share/swift_msgs/msg/SwiftMsgs.idl
[1.735s] -- Up-to-date symlink: /home/palash/pico_ws/install/swift_msgs/share/swift_msgs/msg/SwiftMsgs.msg
[1.735s] -- Up-to-date symlink: /home/palash/pico_ws/install/swift_msgs/share/ament_index/resource_index/package_run_dependencies/swift_msgs
[1.735s] -- Up-to-date symlink: /home/palash/pico_ws/install/swift_msgs/share/ament_index/resource_index/parent_prefix_path/swift_msgs
[1.735s] -- Up-to-date symlink: /home/palash/pico_ws/install/swift_msgs/share/swift_msgs/environment/ament_prefix_path.sh
[1.735s] -- Up-to-date symlink: /home/palash/pico_ws/install/swift_msgs/share/swift_msgs/environment/ament_prefix_path.dsv
[1.735s] -- Up-to-date symlink: /home/palash/pico_ws/install/swift_msgs/share/swift_msgs/environment/path.sh
[1.735s] -- Up-to-date symlink: /home/palash/pico_ws/install/swift_msgs/share/swift_msgs/environment/path.dsv
[1.735s] -- Up-to-date symlink: /home/palash/pico_ws/install/swift_msgs/share/swift_msgs/local_setup.bash
[1.735s] -- Up-to-date symlink: /home/palash/pico_ws/install/swift_msgs/share/swift_msgs/local_setup.sh
[1.736s] -- Up-to-date symlink: /home/palash/pico_ws/install/swift_msgs/share/swift_msgs/local_setup.zsh
[1.736s] -- Up-to-date symlink: /home/palash/pico_ws/install/swift_msgs/share/swift_msgs/local_setup.dsv
[1.736s] -- Symlinking: /home/palash/pico_ws/install/swift_msgs/share/swift_msgs/package.dsv
[1.750s] -- Up-to-date symlink: /home/palash/pico_ws/install/swift_msgs/share/ament_index/resource_index/packages/swift_msgs
[1.750s] -- Up-to-date symlink: /home/palash/pico_ws/install/swift_msgs/share/swift_msgs/cmake/rosidl_cmake-extras.cmake
[1.750s] -- Up-to-date symlink: /home/palash/pico_ws/install/swift_msgs/share/swift_msgs/cmake/ament_cmake_export_include_directories-extras.cmake
[1.750s] -- Up-to-date symlink: /home/palash/pico_ws/install/swift_msgs/share/swift_msgs/cmake/ament_cmake_export_libraries-extras.cmake
[1.750s] -- Up-to-date symlink: /home/palash/pico_ws/install/swift_msgs/share/swift_msgs/cmake/ament_cmake_export_targets-extras.cmake
[1.751s] -- Up-to-date symlink: /home/palash/pico_ws/install/swift_msgs/share/swift_msgs/cmake/rosidl_cmake_export_typesupport_targets-extras.cmake
[1.751s] -- Up-to-date symlink: /home/palash/pico_ws/install/swift_msgs/share/swift_msgs/cmake/ament_cmake_export_dependencies-extras.cmake
[1.751s] -- Up-to-date symlink: /home/palash/pico_ws/install/swift_msgs/share/swift_msgs/cmake/rosidl_cmake_export_typesupport_libraries-extras.cmake
[1.751s] -- Up-to-date symlink: /home/palash/pico_ws/install/swift_msgs/share/swift_msgs/cmake/swift_msgsConfig.cmake
[1.751s] -- Up-to-date symlink: /home/palash/pico_ws/install/swift_msgs/share/swift_msgs/cmake/swift_msgsConfig-version.cmake
[1.751s] -- Up-to-date symlink: /home/palash/pico_ws/install/swift_msgs/share/swift_msgs/package.xml
[1.751s] -- Up-to-date: /home/palash/pico_ws/install/swift_msgs/lib/libswift_msgs__rosidl_generator_c.so
[1.752s] -- Up-to-date: /home/palash/pico_ws/install/swift_msgs/lib/libswift_msgs__rosidl_typesupport_fastrtps_c.so
[1.752s] -- Up-to-date: /home/palash/pico_ws/install/swift_msgs/lib/libswift_msgs__rosidl_typesupport_introspection_c.so
[1.752s] -- Up-to-date: /home/palash/pico_ws/install/swift_msgs/lib/libswift_msgs__rosidl_typesupport_c.so
[1.752s] -- Up-to-date: /home/palash/pico_ws/install/swift_msgs/lib/libswift_msgs__rosidl_typesupport_fastrtps_cpp.so
[1.752s] -- Up-to-date: /home/palash/pico_ws/install/swift_msgs/lib/libswift_msgs__rosidl_typesupport_introspection_cpp.so
[1.752s] -- Up-to-date: /home/palash/pico_ws/install/swift_msgs/lib/libswift_msgs__rosidl_typesupport_cpp.so
[1.783s] Listing '/home/palash/pico_ws/install/swift_msgs/local/lib/python3.10/dist-packages/swift_msgs'...
[1.783s] Compiling '/home/palash/pico_ws/install/swift_msgs/local/lib/python3.10/dist-packages/swift_msgs/__init__.py'...
[1.784s] Listing '/home/palash/pico_ws/install/swift_msgs/local/lib/python3.10/dist-packages/swift_msgs/msg'...
[1.791s] -- Up-to-date: /home/palash/pico_ws/install/swift_msgs/lib/libswift_msgs__rosidl_generator_py.so
[1.792s] -- Up-to-date: /home/palash/pico_ws/install/swift_msgs/share/swift_msgs/cmake/export_swift_msgs__rosidl_generator_cExport.cmake
[1.792s] -- Up-to-date: /home/palash/pico_ws/install/swift_msgs/share/swift_msgs/cmake/export_swift_msgs__rosidl_generator_cExport-noconfig.cmake
[1.792s] -- Up-to-date: /home/palash/pico_ws/install/swift_msgs/share/swift_msgs/cmake/export_swift_msgs__rosidl_typesupport_fastrtps_cExport.cmake
[1.792s] -- Up-to-date: /home/palash/pico_ws/install/swift_msgs/share/swift_msgs/cmake/export_swift_msgs__rosidl_typesupport_fastrtps_cExport-noconfig.cmake
[1.792s] -- Up-to-date: /home/palash/pico_ws/install/swift_msgs/share/swift_msgs/cmake/swift_msgs__rosidl_typesupport_introspection_cExport.cmake
[1.792s] -- Up-to-date: /home/palash/pico_ws/install/swift_msgs/share/swift_msgs/cmake/swift_msgs__rosidl_typesupport_introspection_cExport-noconfig.cmake
[1.792s] -- Up-to-date: /home/palash/pico_ws/install/swift_msgs/share/swift_msgs/cmake/swift_msgs__rosidl_typesupport_cExport.cmake
[1.792s] -- Up-to-date: /home/palash/pico_ws/install/swift_msgs/share/swift_msgs/cmake/swift_msgs__rosidl_typesupport_cExport-noconfig.cmake
[1.792s] -- Up-to-date: /home/palash/pico_ws/install/swift_msgs/share/swift_msgs/cmake/export_swift_msgs__rosidl_generator_cppExport.cmake
[1.793s] -- Up-to-date: /home/palash/pico_ws/install/swift_msgs/share/swift_msgs/cmake/export_swift_msgs__rosidl_typesupport_fastrtps_cppExport.cmake
[1.793s] -- Up-to-date: /home/palash/pico_ws/install/swift_msgs/share/swift_msgs/cmake/export_swift_msgs__rosidl_typesupport_fastrtps_cppExport-noconfig.cmake
[1.793s] -- Up-to-date: /home/palash/pico_ws/install/swift_msgs/share/swift_msgs/cmake/swift_msgs__rosidl_typesupport_introspection_cppExport.cmake
[1.793s] -- Up-to-date: /home/palash/pico_ws/install/swift_msgs/share/swift_msgs/cmake/swift_msgs__rosidl_typesupport_introspection_cppExport-noconfig.cmake
[1.793s] -- Up-to-date: /home/palash/pico_ws/install/swift_msgs/share/swift_msgs/cmake/swift_msgs__rosidl_typesupport_cppExport.cmake
[1.793s] -- Up-to-date: /home/palash/pico_ws/install/swift_msgs/share/swift_msgs/cmake/swift_msgs__rosidl_typesupport_cppExport-noconfig.cmake
[1.793s] -- Up-to-date: /home/palash/pico_ws/install/swift_msgs/share/swift_msgs/cmake/export_swift_msgs__rosidl_generator_pyExport.cmake
[1.793s] -- Up-to-date: /home/palash/pico_ws/install/swift_msgs/share/swift_msgs/cmake/export_swift_msgs__rosidl_generator_pyExport-noconfig.cmake
[1.795s] Invoked command in '/home/palash/pico_ws/build/swift_msgs' returned '0': CMAKE_PREFIX_PATH=${CMAKE_PREFIX_PATH}:/home/palash/Downloads/turtlesim_ws/install/kd_task_1b:/opt/ros/humble /usr/bin/cmake --install /home/palash/pico_ws/build/swift_msgs
