-- The C compiler identification is GNU 11.4.0
-- The CXX compiler identification is GNU 11.4.0
-- Detecting C compiler ABI info
-- Detecting C compiler ABI info - done
-- Check for working C compiler: /usr/bin/cc - skipped
-- Detecting C compile features
-- Detecting C compile features - done
-- Detecting CXX compiler ABI info
-- Detecting CXX compiler ABI info - done
-- Check for working CXX compiler: /usr/bin/c++ - skipped
-- Detecting CXX compile features
-- Detecting CXX compile features - done
-- Found ament_cmake: 1.3.12 (/opt/ros/humble/share/ament_cmake/cmake)
-- Found Python3: /usr/bin/python3 (found version "3.10.12") found components: Interpreter 
-- Override CMake install command with custom implementation using symlinks instead of copying resources
-- Found rclcpp: 16.0.15 (/opt/ros/humble/share/rclcpp/cmake)
-- Found rosidl_generator_c: 3.1.7 (/opt/ros/humble/share/rosidl_generator_c/cmake)
-- Found rosidl_adapter: 3.1.7 (/opt/ros/humble/share/rosidl_adapter/cmake)
-- Found rosidl_generator_cpp: 3.1.7 (/opt/ros/humble/share/rosidl_generator_cpp/cmake)
-- Using all available rosidl_typesupport_c: rosidl_typesupport_fastrtps_c;rosidl_typesupport_introspection_c
-- Using all available rosidl_typesupport_cpp: rosidl_typesupport_fastrtps_cpp;rosidl_typesupport_introspection_cpp
-- Found rmw_implementation_cmake: 6.1.2 (/opt/ros/humble/share/rmw_implementation_cmake/cmake)
-- Found rmw_fastrtps_cpp: 6.2.8 (/opt/ros/humble/share/rmw_fastrtps_cpp/cmake)
-- Found OpenSSL: /usr/lib/x86_64-linux-gnu/libcrypto.so (found version "3.0.2")  
-- Found FastRTPS: /opt/ros/humble/include  
-- Using RMW implementation 'rmw_fastrtps_cpp' as default
-- Looking for pthread.h
-- Looking for pthread.h - found
-- Performing Test CMAKE_HAVE_LIBC_PTHREAD
-- Performing Test CMAKE_HAVE_LIBC_PTHREAD - Success
-- Found Threads: TRUE  
-- Found geometry_msgs: 4.9.0 (/opt/ros/humble/share/geometry_msgs/cmake)
-- Found mav_msgs: 3.3.3 (/home/palash/pico_ws/install/mav_msgs/share/mav_msgs/cmake)
-- Found swift_msgs: 0.0.0 (/home/palash/pico_ws/install/swift_msgs/share/swift_msgs/cmake)
-- Found ament_lint_auto: 0.12.14 (/opt/ros/humble/share/ament_lint_auto/cmake)
-- Added test 'cppcheck' to perform static code analysis on C / C++ code
-- Configured cppcheck include dirs: /home/palash/pico_ws/src/rotors_simulator/rotors_swift_interface/include
-- Configured cppcheck exclude dirs and/or files: 
-- Added test 'lint_cmake' to check CMake code style
-- Added test 'uncrustify' to check C / C++ code style
-- Configured uncrustify additional arguments: 
-- Added test 'xmllint' to check XML markup files
-- Configuring done
-- Generating done
-- Build files have been written to: /home/palash/pico_ws/build/rotors_swift_interface
[ 50%] [32mBuilding CXX object CMakeFiles/rotors_swift_interface.dir/src/swift_trans.cpp.o[0m
[100%] [32m[1mLinking CXX executable rotors_swift_interface[0m
[100%] Built target rotors_swift_interface
-- Install configuration: ""
-- Execute custom install script
-- Symlinking: /home/palash/pico_ws/install/rotors_swift_interface/lib/rotors_swift_interface/rotors_swift_interface
-- Symlinking: /home/palash/pico_ws/install/rotors_swift_interface/share/ament_index/resource_index/package_run_dependencies/rotors_swift_interface
-- Symlinking: /home/palash/pico_ws/install/rotors_swift_interface/share/ament_index/resource_index/parent_prefix_path/rotors_swift_interface
-- Symlinking: /home/palash/pico_ws/install/rotors_swift_interface/share/rotors_swift_interface/environment/ament_prefix_path.sh
-- Symlinking: /home/palash/pico_ws/install/rotors_swift_interface/share/rotors_swift_interface/environment/ament_prefix_path.dsv
-- Symlinking: /home/palash/pico_ws/install/rotors_swift_interface/share/rotors_swift_interface/environment/path.sh
-- Symlinking: /home/palash/pico_ws/install/rotors_swift_interface/share/rotors_swift_interface/environment/path.dsv
-- Symlinking: /home/palash/pico_ws/install/rotors_swift_interface/share/rotors_swift_interface/local_setup.bash
-- Symlinking: /home/palash/pico_ws/install/rotors_swift_interface/share/rotors_swift_interface/local_setup.sh
-- Symlinking: /home/palash/pico_ws/install/rotors_swift_interface/share/rotors_swift_interface/local_setup.zsh
-- Symlinking: /home/palash/pico_ws/install/rotors_swift_interface/share/rotors_swift_interface/local_setup.dsv
-- Symlinking: /home/palash/pico_ws/install/rotors_swift_interface/share/rotors_swift_interface/package.dsv
-- Symlinking: /home/palash/pico_ws/install/rotors_swift_interface/share/ament_index/resource_index/packages/rotors_swift_interface
-- Symlinking: /home/palash/pico_ws/install/rotors_swift_interface/share/rotors_swift_interface/cmake/rotors_swift_interfaceConfig.cmake
-- Symlinking: /home/palash/pico_ws/install/rotors_swift_interface/share/rotors_swift_interface/cmake/rotors_swift_interfaceConfig-version.cmake
-- Symlinking: /home/palash/pico_ws/install/rotors_swift_interface/share/rotors_swift_interface/package.xml
