[0.034s] Invoking command in '/home/palash/pico_ws/build/rotors_swift_interface': CMAKE_PREFIX_PATH=/home/palash/pico_ws/install/swift_msgs:/home/palash/pico_ws/install/mav_msgs:/home/palash/pico_ws/install/whycon:/home/palash/pico_ws/install/swift_pico:/home/palash/pico_ws/install/swift_pico_description:/home/palash/pico_ws/install/rotors_swift_interface:/home/palash/pico_ws/install/rotors_swift_gazebo:/home/palash/pico_ws/install/rotors_swift_description:/home/palash/pico_ws/install/rotors_control:/home/palash/pico_ws/install/pid_tune:/home/palash/pico_ws/install/mav_comm:/home/palash/pico_ws/install/mav_system_msgs:/home/palash/pico_ws/install/mav_state_machine_msgs:/home/palash/pico_ws/install/mav_planning_msgs:/home/palash/pico_ws/install/error_msg:/home/palash/pico_ws/install/controller_msg:/home/palash/Downloads/turtlesim_ws/install/turtlesim:/home/palash/Downloads/turtlesim_ws/install/kd_task_1b:/opt/ros/humble LD_LIBRARY_PATH=/home/palash/pico_ws/install/swift_msgs/lib:/home/palash/pico_ws/install/mav_msgs/lib:/home/palash/pico_ws/install/whycon/lib:/home/palash/pico_ws/install/rotors_control/lib:/home/palash/pico_ws/install/mav_system_msgs/lib:/home/palash/pico_ws/install/mav_state_machine_msgs/lib:/home/palash/pico_ws/install/mav_planning_msgs/lib:/home/palash/pico_ws/install/error_msg/lib:/home/palash/pico_ws/install/controller_msg/lib:/home/palash/Downloads/turtlesim_ws/install/turtlesim/lib:/usr/lib/x86_64-linux-gnu/gazebo-11/plugins:/opt/ros/humble/opt/rviz_ogre_vendor/lib:/opt/ros/humble/lib/x86_64-linux-gnu:/opt/ros/humble/lib /usr/bin/cmake /home/palash/pico_ws/src/rotors_simulator/rotors_swift_interface -DAMENT_CMAKE_SYMLINK_INSTALL=1 -DCMAKE_INSTALL_PREFIX=/home/palash/pico_ws/install/rotors_swift_interface
[0.164s] -- The C compiler identification is GNU 11.4.0
[0.301s] -- The CXX compiler identification is GNU 11.4.0
[0.313s] -- Detecting C compiler ABI info
[0.457s] -- Detecting C compiler ABI info - done
[0.464s] -- Check for working C compiler: /usr/bin/cc - skipped
[0.464s] -- Detecting C compile features
[0.464s] -- Detecting C compile features - done
[0.467s] -- Detecting CXX compiler ABI info
[0.669s] -- Detecting CXX compiler ABI info - done
[0.679s] -- Check for working CXX compiler: /usr/bin/c++ - skipped
[0.679s] -- Detecting CXX compile features
[0.680s] -- Detecting CXX compile features - done
[0.687s] -- Found ament_cmake: 1.3.12 (/opt/ros/humble/share/ament_cmake/cmake)
[1.172s] -- Found Python3: /usr/bin/python3 (found version "3.10.12") found components: Interpreter 
[1.390s] -- Override CMake install command with custom implementation using symlinks instead of copying resources
[1.466s] -- Found rclcpp: 16.0.15 (/opt/ros/humble/share/rclcpp/cmake)
[1.564s] -- Found rosidl_generator_c: 3.1.7 (/opt/ros/humble/share/rosidl_generator_c/cmake)
[1.576s] -- Found rosidl_adapter: 3.1.7 (/opt/ros/humble/share/rosidl_adapter/cmake)
[1.597s] -- Found rosidl_generator_cpp: 3.1.7 (/opt/ros/humble/share/rosidl_generator_cpp/cmake)
[1.626s] -- Using all available rosidl_typesupport_c: rosidl_typesupport_fastrtps_c;rosidl_typesupport_introspection_c
[1.662s] -- Using all available rosidl_typesupport_cpp: rosidl_typesupport_fastrtps_cpp;rosidl_typesupport_introspection_cpp
[1.765s] -- Found rmw_implementation_cmake: 6.1.2 (/opt/ros/humble/share/rmw_implementation_cmake/cmake)
[1.772s] -- Found rmw_fastrtps_cpp: 6.2.8 (/opt/ros/humble/share/rmw_fastrtps_cpp/cmake)
[2.007s] -- Found OpenSSL: /usr/lib/x86_64-linux-gnu/libcrypto.so (found version "3.0.2")  
[2.077s] -- Found FastRTPS: /opt/ros/humble/include  
[2.180s] -- Using RMW implementation 'rmw_fastrtps_cpp' as default
[2.203s] -- Looking for pthread.h
[2.419s] -- Looking for pthread.h - found
[2.420s] -- Performing Test CMAKE_HAVE_LIBC_PTHREAD
[2.642s] -- Performing Test CMAKE_HAVE_LIBC_PTHREAD - Success
[2.645s] -- Found Threads: TRUE  
[2.759s] -- Found geometry_msgs: 4.9.0 (/opt/ros/humble/share/geometry_msgs/cmake)
[2.783s] -- Found mav_msgs: 3.3.3 (/home/palash/pico_ws/install/mav_msgs/share/mav_msgs/cmake)
[2.881s] -- Found swift_msgs: 0.0.0 (/home/palash/pico_ws/install/swift_msgs/share/swift_msgs/cmake)
[2.906s] -- Found ament_lint_auto: 0.12.14 (/opt/ros/humble/share/ament_lint_auto/cmake)
[3.137s] -- Added test 'cppcheck' to perform static code analysis on C / C++ code
[3.137s] -- Configured cppcheck include dirs: /home/palash/pico_ws/src/rotors_simulator/rotors_swift_interface/include
[3.138s] -- Configured cppcheck exclude dirs and/or files: 
[3.139s] -- Added test 'lint_cmake' to check CMake code style
[3.142s] -- Added test 'uncrustify' to check C / C++ code style
[3.142s] -- Configured uncrustify additional arguments: 
[3.143s] -- Added test 'xmllint' to check XML markup files
[3.150s] -- Configuring done
[3.176s] -- Generating done
[3.185s] -- Build files have been written to: /home/palash/pico_ws/build/rotors_swift_interface
[3.243s] Invoked command in '/home/palash/pico_ws/build/rotors_swift_interface' returned '0': CMAKE_PREFIX_PATH=/home/palash/pico_ws/install/swift_msgs:/home/palash/pico_ws/install/mav_msgs:/home/palash/pico_ws/install/whycon:/home/palash/pico_ws/install/swift_pico:/home/palash/pico_ws/install/swift_pico_description:/home/palash/pico_ws/install/rotors_swift_interface:/home/palash/pico_ws/install/rotors_swift_gazebo:/home/palash/pico_ws/install/rotors_swift_description:/home/palash/pico_ws/install/rotors_control:/home/palash/pico_ws/install/pid_tune:/home/palash/pico_ws/install/mav_comm:/home/palash/pico_ws/install/mav_system_msgs:/home/palash/pico_ws/install/mav_state_machine_msgs:/home/palash/pico_ws/install/mav_planning_msgs:/home/palash/pico_ws/install/error_msg:/home/palash/pico_ws/install/controller_msg:/home/palash/Downloads/turtlesim_ws/install/turtlesim:/home/palash/Downloads/turtlesim_ws/install/kd_task_1b:/opt/ros/humble LD_LIBRARY_PATH=/home/palash/pico_ws/install/swift_msgs/lib:/home/palash/pico_ws/install/mav_msgs/lib:/home/palash/pico_ws/install/whycon/lib:/home/palash/pico_ws/install/rotors_control/lib:/home/palash/pico_ws/install/mav_system_msgs/lib:/home/palash/pico_ws/install/mav_state_machine_msgs/lib:/home/palash/pico_ws/install/mav_planning_msgs/lib:/home/palash/pico_ws/install/error_msg/lib:/home/palash/pico_ws/install/controller_msg/lib:/home/palash/Downloads/turtlesim_ws/install/turtlesim/lib:/usr/lib/x86_64-linux-gnu/gazebo-11/plugins:/opt/ros/humble/opt/rviz_ogre_vendor/lib:/opt/ros/humble/lib/x86_64-linux-gnu:/opt/ros/humble/lib /usr/bin/cmake /home/palash/pico_ws/src/rotors_simulator/rotors_swift_interface -DAMENT_CMAKE_SYMLINK_INSTALL=1 -DCMAKE_INSTALL_PREFIX=/home/palash/pico_ws/install/rotors_swift_interface
[3.250s] Invoking command in '/home/palash/pico_ws/build/rotors_swift_interface': CMAKE_PREFIX_PATH=/home/palash/pico_ws/install/swift_msgs:/home/palash/pico_ws/install/mav_msgs:/home/palash/pico_ws/install/whycon:/home/palash/pico_ws/install/swift_pico:/home/palash/pico_ws/install/swift_pico_description:/home/palash/pico_ws/install/rotors_swift_interface:/home/palash/pico_ws/install/rotors_swift_gazebo:/home/palash/pico_ws/install/rotors_swift_description:/home/palash/pico_ws/install/rotors_control:/home/palash/pico_ws/install/pid_tune:/home/palash/pico_ws/install/mav_comm:/home/palash/pico_ws/install/mav_system_msgs:/home/palash/pico_ws/install/mav_state_machine_msgs:/home/palash/pico_ws/install/mav_planning_msgs:/home/palash/pico_ws/install/error_msg:/home/palash/pico_ws/install/controller_msg:/home/palash/Downloads/turtlesim_ws/install/turtlesim:/home/palash/Downloads/turtlesim_ws/install/kd_task_1b:/opt/ros/humble LD_LIBRARY_PATH=/home/palash/pico_ws/install/swift_msgs/lib:/home/palash/pico_ws/install/mav_msgs/lib:/home/palash/pico_ws/install/whycon/lib:/home/palash/pico_ws/install/rotors_control/lib:/home/palash/pico_ws/install/mav_system_msgs/lib:/home/palash/pico_ws/install/mav_state_machine_msgs/lib:/home/palash/pico_ws/install/mav_planning_msgs/lib:/home/palash/pico_ws/install/error_msg/lib:/home/palash/pico_ws/install/controller_msg/lib:/home/palash/Downloads/turtlesim_ws/install/turtlesim/lib:/usr/lib/x86_64-linux-gnu/gazebo-11/plugins:/opt/ros/humble/opt/rviz_ogre_vendor/lib:/opt/ros/humble/lib/x86_64-linux-gnu:/opt/ros/humble/lib /usr/bin/cmake --build /home/palash/pico_ws/build/rotors_swift_interface -- -j16 -l16
[3.391s] [ 50%] [32mBuilding CXX object CMakeFiles/rotors_swift_interface.dir/src/swift_trans.cpp.o[0m
[18.860s] [100%] [32m[1mLinking CXX executable rotors_swift_interface[0m
[19.357s] [100%] Built target rotors_swift_interface
[19.374s] Invoked command in '/home/palash/pico_ws/build/rotors_swift_interface' returned '0': CMAKE_PREFIX_PATH=/home/palash/pico_ws/install/swift_msgs:/home/palash/pico_ws/install/mav_msgs:/home/palash/pico_ws/install/whycon:/home/palash/pico_ws/install/swift_pico:/home/palash/pico_ws/install/swift_pico_description:/home/palash/pico_ws/install/rotors_swift_interface:/home/palash/pico_ws/install/rotors_swift_gazebo:/home/palash/pico_ws/install/rotors_swift_description:/home/palash/pico_ws/install/rotors_control:/home/palash/pico_ws/install/pid_tune:/home/palash/pico_ws/install/mav_comm:/home/palash/pico_ws/install/mav_system_msgs:/home/palash/pico_ws/install/mav_state_machine_msgs:/home/palash/pico_ws/install/mav_planning_msgs:/home/palash/pico_ws/install/error_msg:/home/palash/pico_ws/install/controller_msg:/home/palash/Downloads/turtlesim_ws/install/turtlesim:/home/palash/Downloads/turtlesim_ws/install/kd_task_1b:/opt/ros/humble LD_LIBRARY_PATH=/home/palash/pico_ws/install/swift_msgs/lib:/home/palash/pico_ws/install/mav_msgs/lib:/home/palash/pico_ws/install/whycon/lib:/home/palash/pico_ws/install/rotors_control/lib:/home/palash/pico_ws/install/mav_system_msgs/lib:/home/palash/pico_ws/install/mav_state_machine_msgs/lib:/home/palash/pico_ws/install/mav_planning_msgs/lib:/home/palash/pico_ws/install/error_msg/lib:/home/palash/pico_ws/install/controller_msg/lib:/home/palash/Downloads/turtlesim_ws/install/turtlesim/lib:/usr/lib/x86_64-linux-gnu/gazebo-11/plugins:/opt/ros/humble/opt/rviz_ogre_vendor/lib:/opt/ros/humble/lib/x86_64-linux-gnu:/opt/ros/humble/lib /usr/bin/cmake --build /home/palash/pico_ws/build/rotors_swift_interface -- -j16 -l16
[19.376s] Invoking command in '/home/palash/pico_ws/build/rotors_swift_interface': CMAKE_PREFIX_PATH=/home/palash/pico_ws/install/swift_msgs:/home/palash/pico_ws/install/mav_msgs:/home/palash/pico_ws/install/whycon:/home/palash/pico_ws/install/swift_pico:/home/palash/pico_ws/install/swift_pico_description:/home/palash/pico_ws/install/rotors_swift_interface:/home/palash/pico_ws/install/rotors_swift_gazebo:/home/palash/pico_ws/install/rotors_swift_description:/home/palash/pico_ws/install/rotors_control:/home/palash/pico_ws/install/pid_tune:/home/palash/pico_ws/install/mav_comm:/home/palash/pico_ws/install/mav_system_msgs:/home/palash/pico_ws/install/mav_state_machine_msgs:/home/palash/pico_ws/install/mav_planning_msgs:/home/palash/pico_ws/install/error_msg:/home/palash/pico_ws/install/controller_msg:/home/palash/Downloads/turtlesim_ws/install/turtlesim:/home/palash/Downloads/turtlesim_ws/install/kd_task_1b:/opt/ros/humble LD_LIBRARY_PATH=/home/palash/pico_ws/install/swift_msgs/lib:/home/palash/pico_ws/install/mav_msgs/lib:/home/palash/pico_ws/install/whycon/lib:/home/palash/pico_ws/install/rotors_control/lib:/home/palash/pico_ws/install/mav_system_msgs/lib:/home/palash/pico_ws/install/mav_state_machine_msgs/lib:/home/palash/pico_ws/install/mav_planning_msgs/lib:/home/palash/pico_ws/install/error_msg/lib:/home/palash/pico_ws/install/controller_msg/lib:/home/palash/Downloads/turtlesim_ws/install/turtlesim/lib:/usr/lib/x86_64-linux-gnu/gazebo-11/plugins:/opt/ros/humble/opt/rviz_ogre_vendor/lib:/opt/ros/humble/lib/x86_64-linux-gnu:/opt/ros/humble/lib /usr/bin/cmake --install /home/palash/pico_ws/build/rotors_swift_interface
[19.386s] -- Install configuration: ""
[19.386s] -- Execute custom install script
[19.387s] -- Symlinking: /home/palash/pico_ws/install/rotors_swift_interface/lib/rotors_swift_interface/rotors_swift_interface
[19.401s] -- Symlinking: /home/palash/pico_ws/install/rotors_swift_interface/share/ament_index/resource_index/package_run_dependencies/rotors_swift_interface
[19.414s] -- Symlinking: /home/palash/pico_ws/install/rotors_swift_interface/share/ament_index/resource_index/parent_prefix_path/rotors_swift_interface
[19.428s] -- Symlinking: /home/palash/pico_ws/install/rotors_swift_interface/share/rotors_swift_interface/environment/ament_prefix_path.sh
[19.438s] -- Symlinking: /home/palash/pico_ws/install/rotors_swift_interface/share/rotors_swift_interface/environment/ament_prefix_path.dsv
[19.449s] -- Symlinking: /home/palash/pico_ws/install/rotors_swift_interface/share/rotors_swift_interface/environment/path.sh
[19.462s] -- Symlinking: /home/palash/pico_ws/install/rotors_swift_interface/share/rotors_swift_interface/environment/path.dsv
[19.475s] -- Symlinking: /home/palash/pico_ws/install/rotors_swift_interface/share/rotors_swift_interface/local_setup.bash
[19.486s] -- Symlinking: /home/palash/pico_ws/install/rotors_swift_interface/share/rotors_swift_interface/local_setup.sh
[19.497s] -- Symlinking: /home/palash/pico_ws/install/rotors_swift_interface/share/rotors_swift_interface/local_setup.zsh
[19.513s] -- Symlinking: /home/palash/pico_ws/install/rotors_swift_interface/share/rotors_swift_interface/local_setup.dsv
[19.526s] -- Symlinking: /home/palash/pico_ws/install/rotors_swift_interface/share/rotors_swift_interface/package.dsv
[19.538s] -- Symlinking: /home/palash/pico_ws/install/rotors_swift_interface/share/ament_index/resource_index/packages/rotors_swift_interface
[19.548s] -- Symlinking: /home/palash/pico_ws/install/rotors_swift_interface/share/rotors_swift_interface/cmake/rotors_swift_interfaceConfig.cmake
[19.560s] -- Symlinking: /home/palash/pico_ws/install/rotors_swift_interface/share/rotors_swift_interface/cmake/rotors_swift_interfaceConfig-version.cmake
[19.572s] -- Symlinking: /home/palash/pico_ws/install/rotors_swift_interface/share/rotors_swift_interface/package.xml
[19.588s] Invoked command in '/home/palash/pico_ws/build/rotors_swift_interface' returned '0': CMAKE_PREFIX_PATH=/home/palash/pico_ws/install/swift_msgs:/home/palash/pico_ws/install/mav_msgs:/home/palash/pico_ws/install/whycon:/home/palash/pico_ws/install/swift_pico:/home/palash/pico_ws/install/swift_pico_description:/home/palash/pico_ws/install/rotors_swift_interface:/home/palash/pico_ws/install/rotors_swift_gazebo:/home/palash/pico_ws/install/rotors_swift_description:/home/palash/pico_ws/install/rotors_control:/home/palash/pico_ws/install/pid_tune:/home/palash/pico_ws/install/mav_comm:/home/palash/pico_ws/install/mav_system_msgs:/home/palash/pico_ws/install/mav_state_machine_msgs:/home/palash/pico_ws/install/mav_planning_msgs:/home/palash/pico_ws/install/error_msg:/home/palash/pico_ws/install/controller_msg:/home/palash/Downloads/turtlesim_ws/install/turtlesim:/home/palash/Downloads/turtlesim_ws/install/kd_task_1b:/opt/ros/humble LD_LIBRARY_PATH=/home/palash/pico_ws/install/swift_msgs/lib:/home/palash/pico_ws/install/mav_msgs/lib:/home/palash/pico_ws/install/whycon/lib:/home/palash/pico_ws/install/rotors_control/lib:/home/palash/pico_ws/install/mav_system_msgs/lib:/home/palash/pico_ws/install/mav_state_machine_msgs/lib:/home/palash/pico_ws/install/mav_planning_msgs/lib:/home/palash/pico_ws/install/error_msg/lib:/home/palash/pico_ws/install/controller_msg/lib:/home/palash/Downloads/turtlesim_ws/install/turtlesim/lib:/usr/lib/x86_64-linux-gnu/gazebo-11/plugins:/opt/ros/humble/opt/rviz_ogre_vendor/lib:/opt/ros/humble/lib/x86_64-linux-gnu:/opt/ros/humble/lib /usr/bin/cmake --install /home/palash/pico_ws/build/rotors_swift_interface
