[0.036s] Invoking command in '/home/palash/pico_ws/build/controller_msg': CMAKE_PREFIX_PATH=${CMAKE_PREFIX_PATH}:/home/palash/Downloads/turtlesim_ws/install/kd_task_1b:/opt/ros/humble /usr/bin/cmake /home/palash/pico_ws/src/controller_tuner/controller_msg -DAMENT_CMAKE_SYMLINK_INSTALL=1 -DCMAKE_INSTALL_PREFIX=/home/palash/pico_ws/install/controller_msg
[0.141s] -- The C compiler identification is GNU 11.4.0
[0.226s] -- The CXX compiler identification is GNU 11.4.0
[0.240s] -- Detecting C compiler ABI info
[0.346s] -- Detecting C compiler ABI info - done
[0.356s] -- Check for working C compiler: /usr/bin/cc - skipped
[0.357s] -- Detecting C compile features
[0.357s] -- Detecting C compile features - done
[0.363s] -- Detecting CXX compiler ABI info
[0.486s] -- Detecting CXX compiler ABI info - done
[0.495s] -- Check for working CXX compiler: /usr/bin/c++ - skipped
[0.496s] -- Detecting CXX compile features
[0.496s] -- Detecting CXX compile features - done
[0.498s] -- Found ament_cmake: 1.3.12 (/opt/ros/humble/share/ament_cmake/cmake)
[0.738s] -- Found Python3: /usr/bin/python3 (found version "3.10.12") found components: Interpreter 
[0.856s] -- Override CMake install command with custom implementation using symlinks instead of copying resources
[0.884s] -- Found std_msgs: 4.9.0 (/opt/ros/humble/share/std_msgs/cmake)
[0.922s] -- Found rosidl_generator_c: 3.1.7 (/opt/ros/humble/share/rosidl_generator_c/cmake)
[0.928s] -- Found rosidl_adapter: 3.1.7 (/opt/ros/humble/share/rosidl_adapter/cmake)
[0.937s] -- Found rosidl_generator_cpp: 3.1.7 (/opt/ros/humble/share/rosidl_generator_cpp/cmake)
[0.951s] -- Using all available rosidl_typesupport_c: rosidl_typesupport_fastrtps_c;rosidl_typesupport_introspection_c
[0.968s] -- Using all available rosidl_typesupport_cpp: rosidl_typesupport_fastrtps_cpp;rosidl_typesupport_introspection_cpp
[1.002s] -- Found rosidl_default_generators: 1.2.0 (/opt/ros/humble/share/rosidl_default_generators/cmake)
[1.434s] -- Found ament_cmake_ros: 0.10.0 (/opt/ros/humble/share/ament_cmake_ros/cmake)
[1.978s] -- Using all available rosidl_typesupport_c: rosidl_typesupport_fastrtps_c;rosidl_typesupport_introspection_c
[2.181s] -- Using all available rosidl_typesupport_cpp: rosidl_typesupport_fastrtps_cpp;rosidl_typesupport_introspection_cpp
[2.218s] -- Found PythonInterp: /usr/bin/python3 (found suitable version "3.10.12", minimum required is "3.6") 
[2.220s] -- Found python_cmake_module: 0.10.0 (/opt/ros/humble/share/python_cmake_module/cmake)
[2.259s] -- Found PythonLibs: /usr/lib/x86_64-linux-gnu/libpython3.10.so (found suitable version "3.10.12", minimum required is "3.5") 
[2.259s] -- Using PYTHON_EXECUTABLE: /usr/bin/python3
[2.260s] -- Using PYTHON_INCLUDE_DIRS: /usr/include/python3.10
[2.260s] -- Using PYTHON_LIBRARIES: /usr/lib/x86_64-linux-gnu/libpython3.10.so
[2.292s] -- Found PythonExtra: .so  
[2.396s] -- Found ament_lint_auto: 0.12.14 (/opt/ros/humble/share/ament_lint_auto/cmake)
[2.435s] -- Added test 'lint_cmake' to check CMake code style
[2.437s] -- Added test 'xmllint' to check XML markup files
[2.444s] -- Configuring done
[2.518s] -- Generating done
[2.544s] -- Build files have been written to: /home/palash/pico_ws/build/controller_msg
[2.567s] Invoked command in '/home/palash/pico_ws/build/controller_msg' returned '0': CMAKE_PREFIX_PATH=${CMAKE_PREFIX_PATH}:/home/palash/Downloads/turtlesim_ws/install/kd_task_1b:/opt/ros/humble /usr/bin/cmake /home/palash/pico_ws/src/controller_tuner/controller_msg -DAMENT_CMAKE_SYMLINK_INSTALL=1 -DCMAKE_INSTALL_PREFIX=/home/palash/pico_ws/install/controller_msg
[2.567s] Invoking command in '/home/palash/pico_ws/build/controller_msg': CMAKE_PREFIX_PATH=${CMAKE_PREFIX_PATH}:/home/palash/Downloads/turtlesim_ws/install/kd_task_1b:/opt/ros/humble /usr/bin/cmake --build /home/palash/pico_ws/build/controller_msg -- -j16 -l16
[2.666s] [  3%] [34m[1mGenerating C code for ROS interfaces[0m
[2.706s] [  3%] Built target ament_cmake_python_symlink_controller_msg
[2.713s] [  6%] [34m[1mGenerating C++ code for ROS interfaces[0m
[3.388s] [  9%] [32mBuilding C object CMakeFiles/controller_msg__rosidl_generator_c.dir/rosidl_generator_c/controller_msg/msg/detail/pid_tune__functions.c.o[0m
[3.599s] [  9%] Built target controller_msg__cpp
[3.619s] [ 12%] [32m[1mLinking C shared library libcontroller_msg__rosidl_generator_c.so[0m
[3.684s] [ 16%] [34m[1mGenerating C++ type support dispatch for ROS interfaces[0m
[3.689s] running egg_info
[3.698s] [ 19%] [34m[1mGenerating C++ introspection for ROS interfaces[0m
[3.699s] [ 22%] [34m[1mGenerating C++ type support for eProsima Fast-RTPS[0m
[3.710s] creating controller_msg.egg-info
[3.710s] writing controller_msg.egg-info/PKG-INFO
[3.711s] writing dependency_links to controller_msg.egg-info/dependency_links.txt
[3.712s] writing top-level names to controller_msg.egg-info/top_level.txt
[3.716s] writing manifest file 'controller_msg.egg-info/SOURCES.txt'
[3.742s] reading manifest file 'controller_msg.egg-info/SOURCES.txt'
[3.742s] writing manifest file 'controller_msg.egg-info/SOURCES.txt'
[3.843s] [ 22%] Built target controller_msg__rosidl_generator_c
[3.899s] [ 25%] [34m[1mGenerating C type support dispatch for ROS interfaces[0m
[3.902s] [ 29%] [34m[1mGenerating C introspection for ROS interfaces[0m
[3.929s] [ 32%] [34m[1mGenerating C type support for eProsima Fast-RTPS[0m
[3.977s] [ 32%] Built target ament_cmake_python_build_controller_msg_egg
[4.530s] [ 35%] [32mBuilding CXX object CMakeFiles/controller_msg__rosidl_typesupport_cpp.dir/rosidl_typesupport_cpp/controller_msg/msg/pid_tune__type_support.cpp.o[0m
[5.312s] [ 38%] [32mBuilding C object CMakeFiles/controller_msg__rosidl_typesupport_introspection_c.dir/rosidl_typesupport_introspection_c/controller_msg/msg/detail/pid_tune__type_support.c.o[0m
[5.577s] [ 41%] [32m[1mLinking C shared library libcontroller_msg__rosidl_typesupport_introspection_c.so[0m
[5.818s] [ 41%] Built target controller_msg__rosidl_typesupport_introspection_c
[5.886s] [ 45%] [32mBuilding CXX object CMakeFiles/controller_msg__rosidl_typesupport_c.dir/rosidl_typesupport_c/controller_msg/msg/pid_tune__type_support.cpp.o[0m
[5.969s] [ 48%] [32mBuilding CXX object CMakeFiles/controller_msg__rosidl_typesupport_fastrtps_c.dir/rosidl_typesupport_fastrtps_c/controller_msg/msg/detail/pid_tune__type_support_c.cpp.o[0m
[6.065s] [ 51%] [32m[1mLinking CXX shared library libcontroller_msg__rosidl_typesupport_c.so[0m
[6.141s] [ 54%] [32mBuilding CXX object CMakeFiles/controller_msg__rosidl_typesupport_introspection_cpp.dir/rosidl_typesupport_introspection_cpp/controller_msg/msg/detail/pid_tune__type_support.cpp.o[0m
[6.254s] [ 58%] [32mBuilding CXX object CMakeFiles/controller_msg__rosidl_typesupport_fastrtps_cpp.dir/rosidl_typesupport_fastrtps_cpp/controller_msg/msg/detail/dds_fastrtps/pid_tune__type_support.cpp.o[0m
[6.321s] [ 58%] Built target controller_msg__rosidl_typesupport_c
[6.419s] [ 61%] [32m[1mLinking CXX shared library libcontroller_msg__rosidl_typesupport_cpp.so[0m
[6.588s] [ 61%] Built target controller_msg__rosidl_typesupport_cpp
[7.445s] [ 64%] [32m[1mLinking CXX shared library libcontroller_msg__rosidl_typesupport_fastrtps_cpp.so[0m
[7.554s] [ 67%] [32m[1mLinking CXX shared library libcontroller_msg__rosidl_typesupport_introspection_cpp.so[0m
[7.652s] [ 70%] [32m[1mLinking CXX shared library libcontroller_msg__rosidl_typesupport_fastrtps_c.so[0m
[7.670s] [ 70%] Built target controller_msg__rosidl_typesupport_introspection_cpp
[7.723s] [ 70%] Built target controller_msg__rosidl_typesupport_fastrtps_cpp
[7.873s] [ 70%] Built target controller_msg__rosidl_typesupport_fastrtps_c
[7.918s] [ 70%] Built target controller_msg
[7.963s] [ 74%] [34m[1mGenerating Python code for ROS interfaces[0m
[8.455s] [ 74%] Built target controller_msg__py
[8.497s] [ 77%] [32mBuilding C object CMakeFiles/controller_msg__rosidl_generator_py.dir/rosidl_generator_py/controller_msg/msg/_pid_tune_s.c.o[0m
[8.671s] [ 80%] [32m[1mLinking C shared library rosidl_generator_py/controller_msg/libcontroller_msg__rosidl_generator_py.so[0m
[8.749s] [ 80%] Built target controller_msg__rosidl_generator_py
[8.786s] [ 90%] [32mBuilding C object CMakeFiles/controller_msg__rosidl_typesupport_c__pyext.dir/rosidl_generator_py/controller_msg/_controller_msg_s.ep.rosidl_typesupport_c.c.o[0m
[8.786s] [ 90%] [32mBuilding C object CMakeFiles/controller_msg__rosidl_typesupport_introspection_c__pyext.dir/rosidl_generator_py/controller_msg/_controller_msg_s.ep.rosidl_typesupport_introspection_c.c.o[0m
[8.786s] [ 90%] [32mBuilding C object CMakeFiles/controller_msg__rosidl_typesupport_fastrtps_c__pyext.dir/rosidl_generator_py/controller_msg/_controller_msg_s.ep.rosidl_typesupport_fastrtps_c.c.o[0m
[8.937s] [ 96%] [32m[1mLinking C shared library rosidl_generator_py/controller_msg/controller_msg_s__rosidl_typesupport_introspection_c.cpython-310-x86_64-linux-gnu.so[0m
[8.937s] [ 96%] [32m[1mLinking C shared library rosidl_generator_py/controller_msg/controller_msg_s__rosidl_typesupport_c.cpython-310-x86_64-linux-gnu.so[0m
[8.941s] [100%] [32m[1mLinking C shared library rosidl_generator_py/controller_msg/controller_msg_s__rosidl_typesupport_fastrtps_c.cpython-310-x86_64-linux-gnu.so[0m
[9.020s] [100%] Built target controller_msg__rosidl_typesupport_introspection_c__pyext
[9.025s] [100%] Built target controller_msg__rosidl_typesupport_fastrtps_c__pyext
[9.036s] [100%] Built target controller_msg__rosidl_typesupport_c__pyext
[9.069s] Invoked command in '/home/palash/pico_ws/build/controller_msg' returned '0': CMAKE_PREFIX_PATH=${CMAKE_PREFIX_PATH}:/home/palash/Downloads/turtlesim_ws/install/kd_task_1b:/opt/ros/humble /usr/bin/cmake --build /home/palash/pico_ws/build/controller_msg -- -j16 -l16
[9.083s] Invoking command in '/home/palash/pico_ws/build/controller_msg': CMAKE_PREFIX_PATH=${CMAKE_PREFIX_PATH}:/home/palash/Downloads/turtlesim_ws/install/kd_task_1b:/opt/ros/humble /usr/bin/cmake --install /home/palash/pico_ws/build/controller_msg
[9.100s] -- Install configuration: ""
[9.103s] -- Execute custom install script
[9.103s] -- Symlinking: /home/palash/pico_ws/install/controller_msg/share/ament_index/resource_index/rosidl_interfaces/controller_msg
[9.120s] -- Symlinking: /home/palash/pico_ws/install/controller_msg/include/controller_msg/controller_msg/msg/detail/pid_tune__functions.h
[9.139s] -- Symlinking: /home/palash/pico_ws/install/controller_msg/include/controller_msg/controller_msg/msg/detail/pid_tune__struct.h
[9.158s] -- Symlinking: /home/palash/pico_ws/install/controller_msg/include/controller_msg/controller_msg/msg/detail/pid_tune__type_support.h
[9.182s] -- Symlinking: /home/palash/pico_ws/install/controller_msg/include/controller_msg/controller_msg/msg/pid_tune.h
[9.198s] -- Symlinking: /home/palash/pico_ws/install/controller_msg/include/controller_msg/controller_msg/msg/rosidl_generator_c__visibility_control.h
[9.215s] -- Symlinking: /home/palash/pico_ws/install/controller_msg/share/controller_msg/environment/library_path.sh
[9.231s] -- Symlinking: /home/palash/pico_ws/install/controller_msg/share/controller_msg/environment/library_path.dsv
[9.246s] -- Symlinking: /home/palash/pico_ws/install/controller_msg/include/controller_msg/controller_msg/msg/detail/pid_tune__rosidl_typesupport_fastrtps_c.h
[9.263s] -- Symlinking: /home/palash/pico_ws/install/controller_msg/include/controller_msg/controller_msg/msg/rosidl_typesupport_fastrtps_c__visibility_control.h
[9.279s] -- Symlinking: /home/palash/pico_ws/install/controller_msg/include/controller_msg/controller_msg/msg/detail/pid_tune__builder.hpp
[9.295s] -- Symlinking: /home/palash/pico_ws/install/controller_msg/include/controller_msg/controller_msg/msg/detail/pid_tune__struct.hpp
[9.311s] -- Symlinking: /home/palash/pico_ws/install/controller_msg/include/controller_msg/controller_msg/msg/detail/pid_tune__traits.hpp
[9.327s] -- Symlinking: /home/palash/pico_ws/install/controller_msg/include/controller_msg/controller_msg/msg/detail/pid_tune__type_support.hpp
[9.343s] -- Symlinking: /home/palash/pico_ws/install/controller_msg/include/controller_msg/controller_msg/msg/pid_tune.hpp
[9.360s] -- Symlinking: /home/palash/pico_ws/install/controller_msg/include/controller_msg/controller_msg/msg/rosidl_generator_cpp__visibility_control.hpp
[9.377s] -- Symlinking: /home/palash/pico_ws/install/controller_msg/include/controller_msg/controller_msg/msg/detail/pid_tune__rosidl_typesupport_fastrtps_cpp.hpp
[9.392s] -- Symlinking: /home/palash/pico_ws/install/controller_msg/include/controller_msg/controller_msg/msg/rosidl_typesupport_fastrtps_cpp__visibility_control.h
[9.413s] -- Symlinking: /home/palash/pico_ws/install/controller_msg/include/controller_msg/controller_msg/msg/detail/pid_tune__rosidl_typesupport_introspection_c.h
[9.430s] -- Symlinking: /home/palash/pico_ws/install/controller_msg/include/controller_msg/controller_msg/msg/rosidl_typesupport_introspection_c__visibility_control.h
[9.449s] -- Symlinking: /home/palash/pico_ws/install/controller_msg/include/controller_msg/controller_msg/msg/detail/pid_tune__rosidl_typesupport_introspection_cpp.hpp
[9.469s] -- Symlinking: /home/palash/pico_ws/install/controller_msg/share/controller_msg/environment/pythonpath.sh
[9.485s] -- Symlinking: /home/palash/pico_ws/install/controller_msg/share/controller_msg/environment/pythonpath.dsv
[9.502s] -- Symlinking: /home/palash/pico_ws/install/controller_msg/local/lib/python3.10/dist-packages/controller_msg-0.0.0-py3.10.egg-info/PKG-INFO
[9.519s] -- Symlinking: /home/palash/pico_ws/install/controller_msg/local/lib/python3.10/dist-packages/controller_msg-0.0.0-py3.10.egg-info/SOURCES.txt
[9.533s] -- Symlinking: /home/palash/pico_ws/install/controller_msg/local/lib/python3.10/dist-packages/controller_msg-0.0.0-py3.10.egg-info/dependency_links.txt
[9.551s] -- Symlinking: /home/palash/pico_ws/install/controller_msg/local/lib/python3.10/dist-packages/controller_msg-0.0.0-py3.10.egg-info/top_level.txt
[9.569s] -- Symlinking: /home/palash/pico_ws/install/controller_msg/local/lib/python3.10/dist-packages/controller_msg/__init__.py
[9.586s] -- Symlinking: /home/palash/pico_ws/install/controller_msg/local/lib/python3.10/dist-packages/controller_msg/_controller_msg_s.ep.rosidl_typesupport_c.c
[9.601s] -- Symlinking: /home/palash/pico_ws/install/controller_msg/local/lib/python3.10/dist-packages/controller_msg/_controller_msg_s.ep.rosidl_typesupport_fastrtps_c.c
[9.618s] -- Symlinking: /home/palash/pico_ws/install/controller_msg/local/lib/python3.10/dist-packages/controller_msg/_controller_msg_s.ep.rosidl_typesupport_introspection_c.c
[9.637s] -- Symlinking: /home/palash/pico_ws/install/controller_msg/local/lib/python3.10/dist-packages/controller_msg/controller_msg_s__rosidl_typesupport_c.cpython-310-x86_64-linux-gnu.so
[9.655s] -- Symlinking: /home/palash/pico_ws/install/controller_msg/local/lib/python3.10/dist-packages/controller_msg/controller_msg_s__rosidl_typesupport_fastrtps_c.cpython-310-x86_64-linux-gnu.so
[9.675s] -- Symlinking: /home/palash/pico_ws/install/controller_msg/local/lib/python3.10/dist-packages/controller_msg/controller_msg_s__rosidl_typesupport_introspection_c.cpython-310-x86_64-linux-gnu.so
[9.690s] -- Symlinking: /home/palash/pico_ws/install/controller_msg/local/lib/python3.10/dist-packages/controller_msg/libcontroller_msg__rosidl_generator_py.so
[9.704s] -- Symlinking: /home/palash/pico_ws/install/controller_msg/local/lib/python3.10/dist-packages/controller_msg/msg/__init__.py
[9.719s] -- Symlinking: /home/palash/pico_ws/install/controller_msg/local/lib/python3.10/dist-packages/controller_msg/msg/_pid_tune.py
[9.735s] -- Symlinking: /home/palash/pico_ws/install/controller_msg/local/lib/python3.10/dist-packages/controller_msg/msg/_pid_tune_s.c
[9.752s] -- Up-to-date symlink: /home/palash/pico_ws/install/controller_msg/local/lib/python3.10/dist-packages/controller_msg/controller_msg_s__rosidl_typesupport_fastrtps_c.cpython-310-x86_64-linux-gnu.so
[9.752s] -- Up-to-date symlink: /home/palash/pico_ws/install/controller_msg/local/lib/python3.10/dist-packages/controller_msg/controller_msg_s__rosidl_typesupport_introspection_c.cpython-310-x86_64-linux-gnu.so
[9.753s] -- Up-to-date symlink: /home/palash/pico_ws/install/controller_msg/local/lib/python3.10/dist-packages/controller_msg/controller_msg_s__rosidl_typesupport_c.cpython-310-x86_64-linux-gnu.so
[9.753s] -- Symlinking: /home/palash/pico_ws/install/controller_msg/share/controller_msg/msg/PIDTune.idl
[9.769s] -- Symlinking: /home/palash/pico_ws/install/controller_msg/share/controller_msg/msg/PIDTune.msg
[9.785s] -- Symlinking: /home/palash/pico_ws/install/controller_msg/share/ament_index/resource_index/package_run_dependencies/controller_msg
[9.800s] -- Symlinking: /home/palash/pico_ws/install/controller_msg/share/ament_index/resource_index/parent_prefix_path/controller_msg
[9.816s] -- Symlinking: /home/palash/pico_ws/install/controller_msg/share/controller_msg/environment/ament_prefix_path.sh
[9.830s] -- Symlinking: /home/palash/pico_ws/install/controller_msg/share/controller_msg/environment/ament_prefix_path.dsv
[9.847s] -- Symlinking: /home/palash/pico_ws/install/controller_msg/share/controller_msg/environment/path.sh
[9.862s] -- Symlinking: /home/palash/pico_ws/install/controller_msg/share/controller_msg/environment/path.dsv
[9.881s] -- Symlinking: /home/palash/pico_ws/install/controller_msg/share/controller_msg/local_setup.bash
[9.897s] -- Symlinking: /home/palash/pico_ws/install/controller_msg/share/controller_msg/local_setup.sh
[9.912s] -- Symlinking: /home/palash/pico_ws/install/controller_msg/share/controller_msg/local_setup.zsh
[9.926s] -- Symlinking: /home/palash/pico_ws/install/controller_msg/share/controller_msg/local_setup.dsv
[9.944s] -- Symlinking: /home/palash/pico_ws/install/controller_msg/share/controller_msg/package.dsv
[9.962s] -- Symlinking: /home/palash/pico_ws/install/controller_msg/share/ament_index/resource_index/packages/controller_msg
[9.984s] -- Symlinking: /home/palash/pico_ws/install/controller_msg/share/controller_msg/cmake/rosidl_cmake-extras.cmake
[10.003s] -- Symlinking: /home/palash/pico_ws/install/controller_msg/share/controller_msg/cmake/ament_cmake_export_dependencies-extras.cmake
[10.021s] -- Symlinking: /home/palash/pico_ws/install/controller_msg/share/controller_msg/cmake/ament_cmake_export_include_directories-extras.cmake
[10.039s] -- Symlinking: /home/palash/pico_ws/install/controller_msg/share/controller_msg/cmake/ament_cmake_export_libraries-extras.cmake
[10.056s] -- Symlinking: /home/palash/pico_ws/install/controller_msg/share/controller_msg/cmake/ament_cmake_export_targets-extras.cmake
[10.074s] -- Symlinking: /home/palash/pico_ws/install/controller_msg/share/controller_msg/cmake/rosidl_cmake_export_typesupport_targets-extras.cmake
[10.091s] -- Symlinking: /home/palash/pico_ws/install/controller_msg/share/controller_msg/cmake/rosidl_cmake_export_typesupport_libraries-extras.cmake
[10.111s] -- Symlinking: /home/palash/pico_ws/install/controller_msg/share/controller_msg/cmake/controller_msgConfig.cmake
[10.130s] -- Symlinking: /home/palash/pico_ws/install/controller_msg/share/controller_msg/cmake/controller_msgConfig-version.cmake
[10.147s] -- Symlinking: /home/palash/pico_ws/install/controller_msg/share/controller_msg/package.xml
[10.167s] -- Installing: /home/palash/pico_ws/install/controller_msg/lib/libcontroller_msg__rosidl_generator_c.so
[10.168s] -- Set runtime path of "/home/palash/pico_ws/install/controller_msg/lib/libcontroller_msg__rosidl_generator_c.so" to ""
[10.168s] -- Installing: /home/palash/pico_ws/install/controller_msg/lib/libcontroller_msg__rosidl_typesupport_fastrtps_c.so
[10.169s] -- Set runtime path of "/home/palash/pico_ws/install/controller_msg/lib/libcontroller_msg__rosidl_typesupport_fastrtps_c.so" to ""
[10.169s] -- Installing: /home/palash/pico_ws/install/controller_msg/lib/libcontroller_msg__rosidl_typesupport_fastrtps_cpp.so
[10.170s] -- Set runtime path of "/home/palash/pico_ws/install/controller_msg/lib/libcontroller_msg__rosidl_typesupport_fastrtps_cpp.so" to ""
[10.170s] -- Installing: /home/palash/pico_ws/install/controller_msg/lib/libcontroller_msg__rosidl_typesupport_introspection_c.so
[10.171s] -- Set runtime path of "/home/palash/pico_ws/install/controller_msg/lib/libcontroller_msg__rosidl_typesupport_introspection_c.so" to ""
[10.171s] -- Installing: /home/palash/pico_ws/install/controller_msg/lib/libcontroller_msg__rosidl_typesupport_c.so
[10.172s] -- Set runtime path of "/home/palash/pico_ws/install/controller_msg/lib/libcontroller_msg__rosidl_typesupport_c.so" to ""
[10.172s] -- Installing: /home/palash/pico_ws/install/controller_msg/lib/libcontroller_msg__rosidl_typesupport_introspection_cpp.so
[10.172s] -- Set runtime path of "/home/palash/pico_ws/install/controller_msg/lib/libcontroller_msg__rosidl_typesupport_introspection_cpp.so" to ""
[10.173s] -- Installing: /home/palash/pico_ws/install/controller_msg/lib/libcontroller_msg__rosidl_typesupport_cpp.so
[10.173s] -- Set runtime path of "/home/palash/pico_ws/install/controller_msg/lib/libcontroller_msg__rosidl_typesupport_cpp.so" to ""
[10.239s] Listing '/home/palash/pico_ws/install/controller_msg/local/lib/python3.10/dist-packages/controller_msg'...
[10.239s] Compiling '/home/palash/pico_ws/install/controller_msg/local/lib/python3.10/dist-packages/controller_msg/__init__.py'...
[10.239s] Listing '/home/palash/pico_ws/install/controller_msg/local/lib/python3.10/dist-packages/controller_msg/msg'...
[10.239s] Compiling '/home/palash/pico_ws/install/controller_msg/local/lib/python3.10/dist-packages/controller_msg/msg/__init__.py'...
[10.239s] Compiling '/home/palash/pico_ws/install/controller_msg/local/lib/python3.10/dist-packages/controller_msg/msg/_pid_tune.py'...
[10.247s] -- Installing: /home/palash/pico_ws/install/controller_msg/lib/libcontroller_msg__rosidl_generator_py.so
[10.248s] -- Set runtime path of "/home/palash/pico_ws/install/controller_msg/lib/libcontroller_msg__rosidl_generator_py.so" to ""
[10.248s] -- Installing: /home/palash/pico_ws/install/controller_msg/share/controller_msg/cmake/export_controller_msg__rosidl_generator_cExport.cmake
[10.249s] -- Installing: /home/palash/pico_ws/install/controller_msg/share/controller_msg/cmake/export_controller_msg__rosidl_generator_cExport-noconfig.cmake
[10.249s] -- Installing: /home/palash/pico_ws/install/controller_msg/share/controller_msg/cmake/export_controller_msg__rosidl_typesupport_fastrtps_cExport.cmake
[10.249s] -- Installing: /home/palash/pico_ws/install/controller_msg/share/controller_msg/cmake/export_controller_msg__rosidl_typesupport_fastrtps_cExport-noconfig.cmake
[10.249s] -- Installing: /home/palash/pico_ws/install/controller_msg/share/controller_msg/cmake/export_controller_msg__rosidl_generator_cppExport.cmake
[10.250s] -- Installing: /home/palash/pico_ws/install/controller_msg/share/controller_msg/cmake/export_controller_msg__rosidl_typesupport_fastrtps_cppExport.cmake
[10.250s] -- Installing: /home/palash/pico_ws/install/controller_msg/share/controller_msg/cmake/export_controller_msg__rosidl_typesupport_fastrtps_cppExport-noconfig.cmake
[10.250s] -- Installing: /home/palash/pico_ws/install/controller_msg/share/controller_msg/cmake/controller_msg__rosidl_typesupport_introspection_cExport.cmake
[10.250s] -- Installing: /home/palash/pico_ws/install/controller_msg/share/controller_msg/cmake/controller_msg__rosidl_typesupport_introspection_cExport-noconfig.cmake
[10.251s] -- Installing: /home/palash/pico_ws/install/controller_msg/share/controller_msg/cmake/controller_msg__rosidl_typesupport_cExport.cmake
[10.251s] -- Installing: /home/palash/pico_ws/install/controller_msg/share/controller_msg/cmake/controller_msg__rosidl_typesupport_cExport-noconfig.cmake
[10.251s] -- Installing: /home/palash/pico_ws/install/controller_msg/share/controller_msg/cmake/controller_msg__rosidl_typesupport_introspection_cppExport.cmake
[10.251s] -- Installing: /home/palash/pico_ws/install/controller_msg/share/controller_msg/cmake/controller_msg__rosidl_typesupport_introspection_cppExport-noconfig.cmake
[10.252s] -- Installing: /home/palash/pico_ws/install/controller_msg/share/controller_msg/cmake/controller_msg__rosidl_typesupport_cppExport.cmake
[10.252s] -- Installing: /home/palash/pico_ws/install/controller_msg/share/controller_msg/cmake/controller_msg__rosidl_typesupport_cppExport-noconfig.cmake
[10.252s] -- Installing: /home/palash/pico_ws/install/controller_msg/share/controller_msg/cmake/export_controller_msg__rosidl_generator_pyExport.cmake
[10.253s] -- Installing: /home/palash/pico_ws/install/controller_msg/share/controller_msg/cmake/export_controller_msg__rosidl_generator_pyExport-noconfig.cmake
[10.258s] Invoked command in '/home/palash/pico_ws/build/controller_msg' returned '0': CMAKE_PREFIX_PATH=${CMAKE_PREFIX_PATH}:/home/palash/Downloads/turtlesim_ws/install/kd_task_1b:/opt/ros/humble /usr/bin/cmake --install /home/palash/pico_ws/build/controller_msg
