[0.028s] Invoking command in '/home/palash/pico_ws/build/swift_pico_description': CMAKE_PREFIX_PATH=${CMAKE_PREFIX_PATH}:/home/palash/Downloads/turtlesim_ws/install/kd_task_1b:/opt/ros/humble /usr/bin/cmake /home/palash/pico_ws/src/swift_pico_description -DAMENT_CMAKE_SYMLINK_INSTALL=1 -DCMAKE_INSTALL_PREFIX=/home/palash/pico_ws/install/swift_pico_description
[0.119s] -- The C compiler identification is GNU 11.4.0
[0.212s] -- The CXX compiler identification is GNU 11.4.0
[0.220s] -- Detecting C compiler ABI info
[0.326s] -- Detecting C compiler ABI info - done
[0.339s] -- Check for working C compiler: /usr/bin/cc - skipped
[0.339s] -- Detecting C compile features
[0.339s] -- Detecting C compile features - done
[0.342s] -- Detecting CXX compiler ABI info
[0.468s] -- Detecting CXX compiler ABI info - done
[0.474s] -- Check for working CXX compiler: /usr/bin/c++ - skipped
[0.474s] -- Detecting CXX compile features
[0.475s] -- Detecting CXX compile features - done
[0.477s] -- Found ament_cmake: 1.3.12 (/opt/ros/humble/share/ament_cmake/cmake)
[0.717s] -- Found Python3: /usr/bin/python3 (found version "3.10.12") found components: Interpreter 
[0.816s] -- Override CMake install command with custom implementation using symlinks instead of copying resources
[0.855s] -- Found ament_lint_auto: 0.12.14 (/opt/ros/humble/share/ament_lint_auto/cmake)
[0.942s] -- Configuring done
[0.948s] -- Generating done
[0.948s] -- Build files have been written to: /home/palash/pico_ws/build/swift_pico_description
[0.957s] Invoked command in '/home/palash/pico_ws/build/swift_pico_description' returned '0': CMAKE_PREFIX_PATH=${CMAKE_PREFIX_PATH}:/home/palash/Downloads/turtlesim_ws/install/kd_task_1b:/opt/ros/humble /usr/bin/cmake /home/palash/pico_ws/src/swift_pico_description -DAMENT_CMAKE_SYMLINK_INSTALL=1 -DCMAKE_INSTALL_PREFIX=/home/palash/pico_ws/install/swift_pico_description
[0.959s] Invoking command in '/home/palash/pico_ws/build/swift_pico_description': CMAKE_PREFIX_PATH=${CMAKE_PREFIX_PATH}:/home/palash/Downloads/turtlesim_ws/install/kd_task_1b:/opt/ros/humble /usr/bin/cmake --build /home/palash/pico_ws/build/swift_pico_description -- -j16 -l16
[1.015s] Invoked command in '/home/palash/pico_ws/build/swift_pico_description' returned '0': CMAKE_PREFIX_PATH=${CMAKE_PREFIX_PATH}:/home/palash/Downloads/turtlesim_ws/install/kd_task_1b:/opt/ros/humble /usr/bin/cmake --build /home/palash/pico_ws/build/swift_pico_description -- -j16 -l16
[1.034s] Invoking command in '/home/palash/pico_ws/build/swift_pico_description': CMAKE_PREFIX_PATH=${CMAKE_PREFIX_PATH}:/home/palash/Downloads/turtlesim_ws/install/kd_task_1b:/opt/ros/humble /usr/bin/cmake --install /home/palash/pico_ws/build/swift_pico_description
[1.046s] -- Install configuration: ""
[1.046s] -- Execute custom install script
[1.047s] -- Symlinking: /home/palash/pico_ws/install/swift_pico_description/share/swift_pico_description/models/arena/meshes/Krishi Drone Gazebo model image texture.png
[1.062s] -- Symlinking: /home/palash/pico_ws/install/swift_pico_description/share/swift_pico_description/models/arena/meshes/arena.dae
[1.077s] -- Symlinking: /home/palash/pico_ws/install/swift_pico_description/share/swift_pico_description/models/arena/model.config
[1.092s] -- Symlinking: /home/palash/pico_ws/install/swift_pico_description/share/swift_pico_description/models/arena/model.sdf
[1.107s] -- Symlinking: /home/palash/pico_ws/install/swift_pico_description/share/swift_pico_description/models/package_1/meshes/Krishi Drone Gazebo model image texture.png
[1.121s] -- Symlinking: /home/palash/pico_ws/install/swift_pico_description/share/swift_pico_description/models/package_1/meshes/package.dae
[1.136s] -- Symlinking: /home/palash/pico_ws/install/swift_pico_description/share/swift_pico_description/models/package_1/model.config
[1.148s] -- Symlinking: /home/palash/pico_ws/install/swift_pico_description/share/swift_pico_description/models/package_1/model.sdf
[1.163s] -- Symlinking: /home/palash/pico_ws/install/swift_pico_description/share/swift_pico_description/models/package_2/meshes/Krishi Drone Gazebo model image texture.png
[1.179s] -- Symlinking: /home/palash/pico_ws/install/swift_pico_description/share/swift_pico_description/models/package_2/meshes/package.dae
[1.196s] -- Symlinking: /home/palash/pico_ws/install/swift_pico_description/share/swift_pico_description/models/package_2/model.config
[1.209s] -- Symlinking: /home/palash/pico_ws/install/swift_pico_description/share/swift_pico_description/models/package_2/model.sdf
[1.224s] -- Symlinking: /home/palash/pico_ws/install/swift_pico_description/share/swift_pico_description/models/package_3/meshes/Krishi Drone Gazebo model image texture.png
[1.239s] -- Symlinking: /home/palash/pico_ws/install/swift_pico_description/share/swift_pico_description/models/package_3/meshes/package.dae
[1.253s] -- Symlinking: /home/palash/pico_ws/install/swift_pico_description/share/swift_pico_description/models/package_3/model.config
[1.268s] -- Symlinking: /home/palash/pico_ws/install/swift_pico_description/share/swift_pico_description/models/package_3/model.sdf
[1.283s] -- Symlinking: /home/palash/pico_ws/install/swift_pico_description/share/swift_pico_description/models/swift_pico/materials/scripts/whycon_marker.material
[1.298s] -- Symlinking: /home/palash/pico_ws/install/swift_pico_description/share/swift_pico_description/models/swift_pico/meshes/base_link.dae
[1.312s] -- Symlinking: /home/palash/pico_ws/install/swift_pico_description/share/swift_pico_description/models/swift_pico/meshes/cropped-image.png
[1.328s] -- Symlinking: /home/palash/pico_ws/install/swift_pico_description/share/swift_pico_description/models/swift_pico/meshes/m1_link.dae
[1.343s] -- Symlinking: /home/palash/pico_ws/install/swift_pico_description/share/swift_pico_description/models/swift_pico/meshes/m2_link.dae
[1.355s] -- Symlinking: /home/palash/pico_ws/install/swift_pico_description/share/swift_pico_description/models/swift_pico/meshes/m3_link.dae
[1.370s] -- Symlinking: /home/palash/pico_ws/install/swift_pico_description/share/swift_pico_description/models/swift_pico/meshes/m4_link.dae
[1.384s] -- Symlinking: /home/palash/pico_ws/install/swift_pico_description/share/swift_pico_description/models/swift_pico/meshes/propeller_ccw.dae
[1.397s] -- Symlinking: /home/palash/pico_ws/install/swift_pico_description/share/swift_pico_description/models/swift_pico/meshes/propeller_cw.dae
[1.412s] -- Symlinking: /home/palash/pico_ws/install/swift_pico_description/share/swift_pico_description/models/swift_pico/meshes/textures/whycon_marker.png
[1.425s] -- Symlinking: /home/palash/pico_ws/install/swift_pico_description/share/swift_pico_description/models/swift_pico/meshes/whycon2.mtl
[1.437s] -- Symlinking: /home/palash/pico_ws/install/swift_pico_description/share/swift_pico_description/models/swift_pico/meshes/whycon2.obj
[1.452s] -- Symlinking: /home/palash/pico_ws/install/swift_pico_description/share/swift_pico_description/models/swift_pico/model.config
[1.468s] -- Symlinking: /home/palash/pico_ws/install/swift_pico_description/share/swift_pico_description/models/swift_pico/swift_pico.sdf
[1.482s] -- Symlinking: /home/palash/pico_ws/install/swift_pico_description/share/swift_pico_description/models/swift_pico/textures/whycon_marker.png
[1.499s] -- Symlinking: /home/palash/pico_ws/install/swift_pico_description/share/swift_pico_description/models/swift_pico/whycon_marker_file.xacro
[1.516s] -- Symlinking: /home/palash/pico_ws/install/swift_pico_description/share/ament_index/resource_index/package_run_dependencies/swift_pico_description
[1.532s] -- Symlinking: /home/palash/pico_ws/install/swift_pico_description/share/ament_index/resource_index/parent_prefix_path/swift_pico_description
[1.545s] -- Symlinking: /home/palash/pico_ws/install/swift_pico_description/share/swift_pico_description/environment/ament_prefix_path.sh
[1.560s] -- Symlinking: /home/palash/pico_ws/install/swift_pico_description/share/swift_pico_description/environment/ament_prefix_path.dsv
[1.573s] -- Symlinking: /home/palash/pico_ws/install/swift_pico_description/share/swift_pico_description/environment/path.sh
[1.590s] -- Symlinking: /home/palash/pico_ws/install/swift_pico_description/share/swift_pico_description/environment/path.dsv
[1.610s] -- Symlinking: /home/palash/pico_ws/install/swift_pico_description/share/swift_pico_description/local_setup.bash
[1.628s] -- Symlinking: /home/palash/pico_ws/install/swift_pico_description/share/swift_pico_description/local_setup.sh
[1.642s] -- Symlinking: /home/palash/pico_ws/install/swift_pico_description/share/swift_pico_description/local_setup.zsh
[1.655s] -- Symlinking: /home/palash/pico_ws/install/swift_pico_description/share/swift_pico_description/local_setup.dsv
[1.672s] -- Symlinking: /home/palash/pico_ws/install/swift_pico_description/share/swift_pico_description/package.dsv
[1.686s] -- Symlinking: /home/palash/pico_ws/install/swift_pico_description/share/ament_index/resource_index/packages/swift_pico_description
[1.702s] -- Symlinking: /home/palash/pico_ws/install/swift_pico_description/share/swift_pico_description/cmake/swift_pico_descriptionConfig.cmake
[1.718s] -- Symlinking: /home/palash/pico_ws/install/swift_pico_description/share/swift_pico_description/cmake/swift_pico_descriptionConfig-version.cmake
[1.736s] -- Symlinking: /home/palash/pico_ws/install/swift_pico_description/share/swift_pico_description/package.xml
[1.757s] Invoked command in '/home/palash/pico_ws/build/swift_pico_description' returned '0': CMAKE_PREFIX_PATH=${CMAKE_PREFIX_PATH}:/home/palash/Downloads/turtlesim_ws/install/kd_task_1b:/opt/ros/humble /usr/bin/cmake --install /home/palash/pico_ws/build/swift_pico_description
