-- The C compiler identification is GNU 11.4.0
-- The CXX compiler identification is GNU 11.4.0
-- Detecting C compiler ABI info
-- Detecting C compiler ABI info - done
-- Check for working C compiler: /usr/bin/cc - skipped
-- Detecting C compile features
-- Detecting C compile features - done
-- Detecting CXX compiler ABI info
-- Detecting CXX compiler ABI info - done
-- Check for working CXX compiler: /usr/bin/c++ - skipped
-- Detecting CXX compile features
-- Detecting CXX compile features - done
-- Found ament_cmake: 1.3.12 (/opt/ros/humble/share/ament_cmake/cmake)
-- Found Python3: /usr/bin/python3 (found version "3.10.12") found components: Interpreter 
-- Override CMake install command with custom implementation using symlinks instead of copying resources
-- Found std_msgs: 4.9.0 (/opt/ros/humble/share/std_msgs/cmake)
-- Found rosidl_generator_c: 3.1.7 (/opt/ros/humble/share/rosidl_generator_c/cmake)
-- Found rosidl_adapter: 3.1.7 (/opt/ros/humble/share/rosidl_adapter/cmake)
-- Found rosidl_generator_cpp: 3.1.7 (/opt/ros/humble/share/rosidl_generator_cpp/cmake)
-- Using all available rosidl_typesupport_c: rosidl_typesupport_fastrtps_c;rosidl_typesupport_introspection_c
-- Using all available rosidl_typesupport_cpp: rosidl_typesupport_fastrtps_cpp;rosidl_typesupport_introspection_cpp
-- Found ament_cmake_ros: 0.10.0 (/opt/ros/humble/share/ament_cmake_ros/cmake)
-- Using all available rosidl_typesupport_c: rosidl_typesupport_fastrtps_c;rosidl_typesupport_introspection_c
-- Using all available rosidl_typesupport_cpp: rosidl_typesupport_fastrtps_cpp;rosidl_typesupport_introspection_cpp
-- Configuring done
-- Generating done
-- Build files have been written to: /home/palash/pico_ws/build/mav_state_machine_msgs
[  3%] [34m[1mGenerating C code for ROS interfaces[0m
[  6%] [34m[1mGenerating C++ code for ROS interfaces[0m
[ 10%] [32mBuilding C object CMakeFiles/mav_state_machine_msgs__rosidl_generator_c.dir/rosidl_generator_c/mav_state_machine_msgs/msg/detail/start_stop_task__functions.c.o[0m
[ 13%] [32mBuilding C object CMakeFiles/mav_state_machine_msgs__rosidl_generator_c.dir/rosidl_generator_c/mav_state_machine_msgs/srv/detail/run_task_service__functions.c.o[0m
[ 13%] Built target mav_state_machine_msgs__cpp
[ 17%] [32m[1mLinking C shared library libmav_state_machine_msgs__rosidl_generator_c.so[0m
[ 20%] [34m[1mGenerating C++ introspection for ROS interfaces[0m
[ 24%] [34m[1mGenerating C++ type support for eProsima Fast-RTPS[0m
[ 27%] [34m[1mGenerating C++ type support dispatch for ROS interfaces[0m
[ 27%] Built target mav_state_machine_msgs__rosidl_generator_c
[ 31%] [34m[1mGenerating C introspection for ROS interfaces[0m
[ 34%] [34m[1mGenerating C type support dispatch for ROS interfaces[0m
[ 37%] [34m[1mGenerating C type support for eProsima Fast-RTPS[0m
[ 41%] [32mBuilding CXX object CMakeFiles/mav_state_machine_msgs__rosidl_typesupport_cpp.dir/rosidl_typesupport_cpp/mav_state_machine_msgs/srv/run_task_service__type_support.cpp.o[0m
[ 44%] [32mBuilding CXX object CMakeFiles/mav_state_machine_msgs__rosidl_typesupport_cpp.dir/rosidl_typesupport_cpp/mav_state_machine_msgs/msg/start_stop_task__type_support.cpp.o[0m
[ 48%] [32mBuilding CXX object CMakeFiles/mav_state_machine_msgs__rosidl_typesupport_fastrtps_cpp.dir/rosidl_typesupport_fastrtps_cpp/mav_state_machine_msgs/msg/detail/dds_fastrtps/start_stop_task__type_support.cpp.o[0m
[ 51%] [32mBuilding CXX object CMakeFiles/mav_state_machine_msgs__rosidl_typesupport_fastrtps_cpp.dir/rosidl_typesupport_fastrtps_cpp/mav_state_machine_msgs/srv/detail/dds_fastrtps/run_task_service__type_support.cpp.o[0m
[ 55%] [32mBuilding CXX object CMakeFiles/mav_state_machine_msgs__rosidl_typesupport_c.dir/rosidl_typesupport_c/mav_state_machine_msgs/msg/start_stop_task__type_support.cpp.o[0m
[ 58%] [32mBuilding CXX object CMakeFiles/mav_state_machine_msgs__rosidl_typesupport_c.dir/rosidl_typesupport_c/mav_state_machine_msgs/srv/run_task_service__type_support.cpp.o[0m
[ 62%] [32m[1mLinking CXX shared library libmav_state_machine_msgs__rosidl_typesupport_c.so[0m
[ 65%] [32mBuilding C object CMakeFiles/mav_state_machine_msgs__rosidl_typesupport_introspection_c.dir/rosidl_typesupport_introspection_c/mav_state_machine_msgs/srv/detail/run_task_service__type_support.c.o[0m
[ 68%] [32mBuilding C object CMakeFiles/mav_state_machine_msgs__rosidl_typesupport_introspection_c.dir/rosidl_typesupport_introspection_c/mav_state_machine_msgs/msg/detail/start_stop_task__type_support.c.o[0m
[ 68%] Built target mav_state_machine_msgs__rosidl_typesupport_c
[ 72%] [32m[1mLinking C shared library libmav_state_machine_msgs__rosidl_typesupport_introspection_c.so[0m
[ 75%] [32mBuilding CXX object CMakeFiles/mav_state_machine_msgs__rosidl_typesupport_introspection_cpp.dir/rosidl_typesupport_introspection_cpp/mav_state_machine_msgs/srv/detail/run_task_service__type_support.cpp.o[0m
[ 75%] Built target mav_state_machine_msgs__rosidl_typesupport_introspection_c
[ 79%] [32mBuilding CXX object CMakeFiles/mav_state_machine_msgs__rosidl_typesupport_introspection_cpp.dir/rosidl_typesupport_introspection_cpp/mav_state_machine_msgs/msg/detail/start_stop_task__type_support.cpp.o[0m
[ 82%] [32m[1mLinking CXX shared library libmav_state_machine_msgs__rosidl_typesupport_cpp.so[0m
[ 82%] Built target mav_state_machine_msgs__rosidl_typesupport_cpp
[ 86%] [32m[1mLinking CXX shared library libmav_state_machine_msgs__rosidl_typesupport_fastrtps_cpp.so[0m
[ 89%] [32mBuilding CXX object CMakeFiles/mav_state_machine_msgs__rosidl_typesupport_fastrtps_c.dir/rosidl_typesupport_fastrtps_c/mav_state_machine_msgs/msg/detail/start_stop_task__type_support_c.cpp.o[0m
[ 93%] [32mBuilding CXX object CMakeFiles/mav_state_machine_msgs__rosidl_typesupport_fastrtps_c.dir/rosidl_typesupport_fastrtps_c/mav_state_machine_msgs/srv/detail/run_task_service__type_support_c.cpp.o[0m
[ 93%] Built target mav_state_machine_msgs__rosidl_typesupport_fastrtps_cpp
[ 96%] [32m[1mLinking CXX shared library libmav_state_machine_msgs__rosidl_typesupport_introspection_cpp.so[0m
[ 96%] Built target mav_state_machine_msgs__rosidl_typesupport_introspection_cpp
[100%] [32m[1mLinking CXX shared library libmav_state_machine_msgs__rosidl_typesupport_fastrtps_c.so[0m
[100%] Built target mav_state_machine_msgs__rosidl_typesupport_fastrtps_c
[100%] Built target mav_state_machine_msgs
-- Install configuration: ""
-- Execute custom install script
-- Symlinking: /home/palash/pico_ws/install/mav_state_machine_msgs/share/ament_index/resource_index/rosidl_interfaces/mav_state_machine_msgs
-- Symlinking: /home/palash/pico_ws/install/mav_state_machine_msgs/include/mav_state_machine_msgs/mav_state_machine_msgs/msg/detail/start_stop_task__functions.h
-- Symlinking: /home/palash/pico_ws/install/mav_state_machine_msgs/include/mav_state_machine_msgs/mav_state_machine_msgs/msg/detail/start_stop_task__struct.h
-- Symlinking: /home/palash/pico_ws/install/mav_state_machine_msgs/include/mav_state_machine_msgs/mav_state_machine_msgs/msg/detail/start_stop_task__type_support.h
-- Symlinking: /home/palash/pico_ws/install/mav_state_machine_msgs/include/mav_state_machine_msgs/mav_state_machine_msgs/msg/rosidl_generator_c__visibility_control.h
-- Symlinking: /home/palash/pico_ws/install/mav_state_machine_msgs/include/mav_state_machine_msgs/mav_state_machine_msgs/msg/start_stop_task.h
-- Symlinking: /home/palash/pico_ws/install/mav_state_machine_msgs/include/mav_state_machine_msgs/mav_state_machine_msgs/srv/detail/run_task_service__functions.h
-- Symlinking: /home/palash/pico_ws/install/mav_state_machine_msgs/include/mav_state_machine_msgs/mav_state_machine_msgs/srv/detail/run_task_service__struct.h
-- Symlinking: /home/palash/pico_ws/install/mav_state_machine_msgs/include/mav_state_machine_msgs/mav_state_machine_msgs/srv/detail/run_task_service__type_support.h
-- Symlinking: /home/palash/pico_ws/install/mav_state_machine_msgs/include/mav_state_machine_msgs/mav_state_machine_msgs/srv/run_task_service.h
-- Symlinking: /home/palash/pico_ws/install/mav_state_machine_msgs/share/mav_state_machine_msgs/environment/library_path.sh
-- Symlinking: /home/palash/pico_ws/install/mav_state_machine_msgs/share/mav_state_machine_msgs/environment/library_path.dsv
-- Symlinking: /home/palash/pico_ws/install/mav_state_machine_msgs/include/mav_state_machine_msgs/mav_state_machine_msgs/msg/detail/start_stop_task__rosidl_typesupport_fastrtps_c.h
-- Symlinking: /home/palash/pico_ws/install/mav_state_machine_msgs/include/mav_state_machine_msgs/mav_state_machine_msgs/msg/rosidl_typesupport_fastrtps_c__visibility_control.h
-- Symlinking: /home/palash/pico_ws/install/mav_state_machine_msgs/include/mav_state_machine_msgs/mav_state_machine_msgs/srv/detail/run_task_service__rosidl_typesupport_fastrtps_c.h
-- Symlinking: /home/palash/pico_ws/install/mav_state_machine_msgs/include/mav_state_machine_msgs/mav_state_machine_msgs/msg/detail/start_stop_task__builder.hpp
-- Symlinking: /home/palash/pico_ws/install/mav_state_machine_msgs/include/mav_state_machine_msgs/mav_state_machine_msgs/msg/detail/start_stop_task__struct.hpp
-- Symlinking: /home/palash/pico_ws/install/mav_state_machine_msgs/include/mav_state_machine_msgs/mav_state_machine_msgs/msg/detail/start_stop_task__traits.hpp
-- Symlinking: /home/palash/pico_ws/install/mav_state_machine_msgs/include/mav_state_machine_msgs/mav_state_machine_msgs/msg/detail/start_stop_task__type_support.hpp
-- Symlinking: /home/palash/pico_ws/install/mav_state_machine_msgs/include/mav_state_machine_msgs/mav_state_machine_msgs/msg/rosidl_generator_cpp__visibility_control.hpp
-- Symlinking: /home/palash/pico_ws/install/mav_state_machine_msgs/include/mav_state_machine_msgs/mav_state_machine_msgs/msg/start_stop_task.hpp
-- Symlinking: /home/palash/pico_ws/install/mav_state_machine_msgs/include/mav_state_machine_msgs/mav_state_machine_msgs/srv/detail/run_task_service__builder.hpp
-- Symlinking: /home/palash/pico_ws/install/mav_state_machine_msgs/include/mav_state_machine_msgs/mav_state_machine_msgs/srv/detail/run_task_service__struct.hpp
-- Symlinking: /home/palash/pico_ws/install/mav_state_machine_msgs/include/mav_state_machine_msgs/mav_state_machine_msgs/srv/detail/run_task_service__traits.hpp
-- Symlinking: /home/palash/pico_ws/install/mav_state_machine_msgs/include/mav_state_machine_msgs/mav_state_machine_msgs/srv/detail/run_task_service__type_support.hpp
-- Symlinking: /home/palash/pico_ws/install/mav_state_machine_msgs/include/mav_state_machine_msgs/mav_state_machine_msgs/srv/run_task_service.hpp
-- Symlinking: /home/palash/pico_ws/install/mav_state_machine_msgs/include/mav_state_machine_msgs/mav_state_machine_msgs/msg/detail/start_stop_task__rosidl_typesupport_fastrtps_cpp.hpp
-- Symlinking: /home/palash/pico_ws/install/mav_state_machine_msgs/include/mav_state_machine_msgs/mav_state_machine_msgs/msg/rosidl_typesupport_fastrtps_cpp__visibility_control.h
-- Symlinking: /home/palash/pico_ws/install/mav_state_machine_msgs/include/mav_state_machine_msgs/mav_state_machine_msgs/srv/detail/run_task_service__rosidl_typesupport_fastrtps_cpp.hpp
-- Symlinking: /home/palash/pico_ws/install/mav_state_machine_msgs/include/mav_state_machine_msgs/mav_state_machine_msgs/msg/detail/start_stop_task__rosidl_typesupport_introspection_c.h
-- Symlinking: /home/palash/pico_ws/install/mav_state_machine_msgs/include/mav_state_machine_msgs/mav_state_machine_msgs/msg/rosidl_typesupport_introspection_c__visibility_control.h
-- Symlinking: /home/palash/pico_ws/install/mav_state_machine_msgs/include/mav_state_machine_msgs/mav_state_machine_msgs/srv/detail/run_task_service__rosidl_typesupport_introspection_c.h
-- Symlinking: /home/palash/pico_ws/install/mav_state_machine_msgs/include/mav_state_machine_msgs/mav_state_machine_msgs/msg/detail/start_stop_task__rosidl_typesupport_introspection_cpp.hpp
-- Symlinking: /home/palash/pico_ws/install/mav_state_machine_msgs/include/mav_state_machine_msgs/mav_state_machine_msgs/srv/detail/run_task_service__rosidl_typesupport_introspection_cpp.hpp
-- Symlinking: /home/palash/pico_ws/install/mav_state_machine_msgs/share/mav_state_machine_msgs/msg/StartStopTask.idl
-- Symlinking: /home/palash/pico_ws/install/mav_state_machine_msgs/share/mav_state_machine_msgs/srv/RunTaskService.idl
-- Symlinking: /home/palash/pico_ws/install/mav_state_machine_msgs/share/mav_state_machine_msgs/msg/StartStopTask.msg
-- Symlinking: /home/palash/pico_ws/install/mav_state_machine_msgs/share/mav_state_machine_msgs/srv/RunTaskService.srv
-- Symlinking: /home/palash/pico_ws/install/mav_state_machine_msgs/share/mav_state_machine_msgs/srv/RunTaskService_Request.msg
-- Symlinking: /home/palash/pico_ws/install/mav_state_machine_msgs/share/mav_state_machine_msgs/srv/RunTaskService_Response.msg
-- Symlinking: /home/palash/pico_ws/install/mav_state_machine_msgs/share/ament_index/resource_index/package_run_dependencies/mav_state_machine_msgs
-- Symlinking: /home/palash/pico_ws/install/mav_state_machine_msgs/share/ament_index/resource_index/parent_prefix_path/mav_state_machine_msgs
-- Symlinking: /home/palash/pico_ws/install/mav_state_machine_msgs/share/mav_state_machine_msgs/environment/ament_prefix_path.sh
-- Symlinking: /home/palash/pico_ws/install/mav_state_machine_msgs/share/mav_state_machine_msgs/environment/ament_prefix_path.dsv
-- Symlinking: /home/palash/pico_ws/install/mav_state_machine_msgs/share/mav_state_machine_msgs/environment/path.sh
-- Symlinking: /home/palash/pico_ws/install/mav_state_machine_msgs/share/mav_state_machine_msgs/environment/path.dsv
-- Symlinking: /home/palash/pico_ws/install/mav_state_machine_msgs/share/mav_state_machine_msgs/local_setup.bash
-- Symlinking: /home/palash/pico_ws/install/mav_state_machine_msgs/share/mav_state_machine_msgs/local_setup.sh
-- Symlinking: /home/palash/pico_ws/install/mav_state_machine_msgs/share/mav_state_machine_msgs/local_setup.zsh
-- Symlinking: /home/palash/pico_ws/install/mav_state_machine_msgs/share/mav_state_machine_msgs/local_setup.dsv
-- Symlinking: /home/palash/pico_ws/install/mav_state_machine_msgs/share/mav_state_machine_msgs/package.dsv
-- Symlinking: /home/palash/pico_ws/install/mav_state_machine_msgs/share/ament_index/resource_index/packages/mav_state_machine_msgs
-- Symlinking: /home/palash/pico_ws/install/mav_state_machine_msgs/share/mav_state_machine_msgs/cmake/rosidl_cmake-extras.cmake
-- Symlinking: /home/palash/pico_ws/install/mav_state_machine_msgs/share/mav_state_machine_msgs/cmake/ament_cmake_export_dependencies-extras.cmake
-- Symlinking: /home/palash/pico_ws/install/mav_state_machine_msgs/share/mav_state_machine_msgs/cmake/ament_cmake_export_include_directories-extras.cmake
-- Symlinking: /home/palash/pico_ws/install/mav_state_machine_msgs/share/mav_state_machine_msgs/cmake/ament_cmake_export_libraries-extras.cmake
-- Symlinking: /home/palash/pico_ws/install/mav_state_machine_msgs/share/mav_state_machine_msgs/cmake/ament_cmake_export_targets-extras.cmake
-- Symlinking: /home/palash/pico_ws/install/mav_state_machine_msgs/share/mav_state_machine_msgs/cmake/rosidl_cmake_export_typesupport_targets-extras.cmake
-- Symlinking: /home/palash/pico_ws/install/mav_state_machine_msgs/share/mav_state_machine_msgs/cmake/rosidl_cmake_export_typesupport_libraries-extras.cmake
-- Symlinking: /home/palash/pico_ws/install/mav_state_machine_msgs/share/mav_state_machine_msgs/cmake/mav_state_machine_msgsConfig.cmake
-- Symlinking: /home/palash/pico_ws/install/mav_state_machine_msgs/share/mav_state_machine_msgs/cmake/mav_state_machine_msgsConfig-version.cmake
-- Symlinking: /home/palash/pico_ws/install/mav_state_machine_msgs/share/mav_state_machine_msgs/package.xml
-- Installing: /home/palash/pico_ws/install/mav_state_machine_msgs/lib/libmav_state_machine_msgs__rosidl_generator_c.so
-- Set runtime path of "/home/palash/pico_ws/install/mav_state_machine_msgs/lib/libmav_state_machine_msgs__rosidl_generator_c.so" to ""
-- Installing: /home/palash/pico_ws/install/mav_state_machine_msgs/lib/libmav_state_machine_msgs__rosidl_typesupport_fastrtps_c.so
-- Set runtime path of "/home/palash/pico_ws/install/mav_state_machine_msgs/lib/libmav_state_machine_msgs__rosidl_typesupport_fastrtps_c.so" to ""
-- Installing: /home/palash/pico_ws/install/mav_state_machine_msgs/lib/libmav_state_machine_msgs__rosidl_typesupport_fastrtps_cpp.so
-- Set runtime path of "/home/palash/pico_ws/install/mav_state_machine_msgs/lib/libmav_state_machine_msgs__rosidl_typesupport_fastrtps_cpp.so" to ""
-- Installing: /home/palash/pico_ws/install/mav_state_machine_msgs/lib/libmav_state_machine_msgs__rosidl_typesupport_introspection_c.so
-- Set runtime path of "/home/palash/pico_ws/install/mav_state_machine_msgs/lib/libmav_state_machine_msgs__rosidl_typesupport_introspection_c.so" to ""
-- Installing: /home/palash/pico_ws/install/mav_state_machine_msgs/lib/libmav_state_machine_msgs__rosidl_typesupport_c.so
-- Set runtime path of "/home/palash/pico_ws/install/mav_state_machine_msgs/lib/libmav_state_machine_msgs__rosidl_typesupport_c.so" to ""
-- Installing: /home/palash/pico_ws/install/mav_state_machine_msgs/lib/libmav_state_machine_msgs__rosidl_typesupport_introspection_cpp.so
-- Set runtime path of "/home/palash/pico_ws/install/mav_state_machine_msgs/lib/libmav_state_machine_msgs__rosidl_typesupport_introspection_cpp.so" to ""
-- Installing: /home/palash/pico_ws/install/mav_state_machine_msgs/lib/libmav_state_machine_msgs__rosidl_typesupport_cpp.so
-- Set runtime path of "/home/palash/pico_ws/install/mav_state_machine_msgs/lib/libmav_state_machine_msgs__rosidl_typesupport_cpp.so" to ""
-- Installing: /home/palash/pico_ws/install/mav_state_machine_msgs/share/mav_state_machine_msgs/cmake/export_mav_state_machine_msgs__rosidl_generator_cExport.cmake
-- Installing: /home/palash/pico_ws/install/mav_state_machine_msgs/share/mav_state_machine_msgs/cmake/export_mav_state_machine_msgs__rosidl_generator_cExport-noconfig.cmake
-- Installing: /home/palash/pico_ws/install/mav_state_machine_msgs/share/mav_state_machine_msgs/cmake/export_mav_state_machine_msgs__rosidl_typesupport_fastrtps_cExport.cmake
-- Installing: /home/palash/pico_ws/install/mav_state_machine_msgs/share/mav_state_machine_msgs/cmake/export_mav_state_machine_msgs__rosidl_typesupport_fastrtps_cExport-noconfig.cmake
-- Installing: /home/palash/pico_ws/install/mav_state_machine_msgs/share/mav_state_machine_msgs/cmake/export_mav_state_machine_msgs__rosidl_generator_cppExport.cmake
-- Installing: /home/palash/pico_ws/install/mav_state_machine_msgs/share/mav_state_machine_msgs/cmake/export_mav_state_machine_msgs__rosidl_typesupport_fastrtps_cppExport.cmake
-- Installing: /home/palash/pico_ws/install/mav_state_machine_msgs/share/mav_state_machine_msgs/cmake/export_mav_state_machine_msgs__rosidl_typesupport_fastrtps_cppExport-noconfig.cmake
-- Installing: /home/palash/pico_ws/install/mav_state_machine_msgs/share/mav_state_machine_msgs/cmake/mav_state_machine_msgs__rosidl_typesupport_introspection_cExport.cmake
-- Installing: /home/palash/pico_ws/install/mav_state_machine_msgs/share/mav_state_machine_msgs/cmake/mav_state_machine_msgs__rosidl_typesupport_introspection_cExport-noconfig.cmake
-- Installing: /home/palash/pico_ws/install/mav_state_machine_msgs/share/mav_state_machine_msgs/cmake/mav_state_machine_msgs__rosidl_typesupport_cExport.cmake
-- Installing: /home/palash/pico_ws/install/mav_state_machine_msgs/share/mav_state_machine_msgs/cmake/mav_state_machine_msgs__rosidl_typesupport_cExport-noconfig.cmake
-- Installing: /home/palash/pico_ws/install/mav_state_machine_msgs/share/mav_state_machine_msgs/cmake/mav_state_machine_msgs__rosidl_typesupport_introspection_cppExport.cmake
-- Installing: /home/palash/pico_ws/install/mav_state_machine_msgs/share/mav_state_machine_msgs/cmake/mav_state_machine_msgs__rosidl_typesupport_introspection_cppExport-noconfig.cmake
-- Installing: /home/palash/pico_ws/install/mav_state_machine_msgs/share/mav_state_machine_msgs/cmake/mav_state_machine_msgs__rosidl_typesupport_cppExport.cmake
-- Installing: /home/palash/pico_ws/install/mav_state_machine_msgs/share/mav_state_machine_msgs/cmake/mav_state_machine_msgs__rosidl_typesupport_cppExport-noconfig.cmake
