[0.029s] Invoking command in '/home/palash/pico_ws/build/mav_state_machine_msgs': CMAKE_PREFIX_PATH=${CMAKE_PREFIX_PATH}:/home/palash/Downloads/turtlesim_ws/install/kd_task_1b:/opt/ros/humble /usr/bin/cmake /home/palash/pico_ws/src/mav_comm/mav_state_machine_msgs -DAMENT_CMAKE_SYMLINK_INSTALL=1 -DCMAKE_INSTALL_PREFIX=/home/palash/pico_ws/install/mav_state_machine_msgs
[0.128s] -- The C compiler identification is GNU 11.4.0
[0.214s] -- The CXX compiler identification is GNU 11.4.0
[0.225s] -- Detecting C compiler ABI info
[0.333s] -- Detecting C compiler ABI info - done
[0.346s] -- Check for working C compiler: /usr/bin/cc - skipped
[0.347s] -- Detecting C compile features
[0.347s] -- Detecting C compile features - done
[0.350s] -- Detecting CXX compiler ABI info
[0.473s] -- Detecting CXX compiler ABI info - done
[0.482s] -- Check for working CXX compiler: /usr/bin/c++ - skipped
[0.483s] -- Detecting CXX compile features
[0.483s] -- Detecting CXX compile features - done
[0.486s] -- Found ament_cmake: 1.3.12 (/opt/ros/humble/share/ament_cmake/cmake)
[0.731s] -- Found Python3: /usr/bin/python3 (found version "3.10.12") found components: Interpreter 
[0.838s] -- Override CMake install command with custom implementation using symlinks instead of copying resources
[0.871s] -- Found std_msgs: 4.9.0 (/opt/ros/humble/share/std_msgs/cmake)
[0.911s] -- Found rosidl_generator_c: 3.1.7 (/opt/ros/humble/share/rosidl_generator_c/cmake)
[0.916s] -- Found rosidl_adapter: 3.1.7 (/opt/ros/humble/share/rosidl_adapter/cmake)
[0.924s] -- Found rosidl_generator_cpp: 3.1.7 (/opt/ros/humble/share/rosidl_generator_cpp/cmake)
[0.937s] -- Using all available rosidl_typesupport_c: rosidl_typesupport_fastrtps_c;rosidl_typesupport_introspection_c
[0.956s] -- Using all available rosidl_typesupport_cpp: rosidl_typesupport_fastrtps_cpp;rosidl_typesupport_introspection_cpp
[1.395s] -- Found ament_cmake_ros: 0.10.0 (/opt/ros/humble/share/ament_cmake_ros/cmake)
[1.949s] -- Using all available rosidl_typesupport_c: rosidl_typesupport_fastrtps_c;rosidl_typesupport_introspection_c
[2.153s] -- Using all available rosidl_typesupport_cpp: rosidl_typesupport_fastrtps_cpp;rosidl_typesupport_introspection_cpp
[2.166s] -- Configuring done
[2.198s] -- Generating done
[2.208s] -- Build files have been written to: /home/palash/pico_ws/build/mav_state_machine_msgs
[2.231s] Invoked command in '/home/palash/pico_ws/build/mav_state_machine_msgs' returned '0': CMAKE_PREFIX_PATH=${CMAKE_PREFIX_PATH}:/home/palash/Downloads/turtlesim_ws/install/kd_task_1b:/opt/ros/humble /usr/bin/cmake /home/palash/pico_ws/src/mav_comm/mav_state_machine_msgs -DAMENT_CMAKE_SYMLINK_INSTALL=1 -DCMAKE_INSTALL_PREFIX=/home/palash/pico_ws/install/mav_state_machine_msgs
[2.235s] Invoking command in '/home/palash/pico_ws/build/mav_state_machine_msgs': CMAKE_PREFIX_PATH=${CMAKE_PREFIX_PATH}:/home/palash/Downloads/turtlesim_ws/install/kd_task_1b:/opt/ros/humble /usr/bin/cmake --build /home/palash/pico_ws/build/mav_state_machine_msgs -- -j16 -l16
[2.292s] [  3%] [34m[1mGenerating C code for ROS interfaces[0m
[2.313s] [  6%] [34m[1mGenerating C++ code for ROS interfaces[0m
[3.096s] [ 10%] [32mBuilding C object CMakeFiles/mav_state_machine_msgs__rosidl_generator_c.dir/rosidl_generator_c/mav_state_machine_msgs/msg/detail/start_stop_task__functions.c.o[0m
[3.096s] [ 13%] [32mBuilding C object CMakeFiles/mav_state_machine_msgs__rosidl_generator_c.dir/rosidl_generator_c/mav_state_machine_msgs/srv/detail/run_task_service__functions.c.o[0m
[3.286s] [ 13%] Built target mav_state_machine_msgs__cpp
[3.331s] [ 17%] [32m[1mLinking C shared library libmav_state_machine_msgs__rosidl_generator_c.so[0m
[3.348s] [ 20%] [34m[1mGenerating C++ introspection for ROS interfaces[0m
[3.357s] [ 24%] [34m[1mGenerating C++ type support for eProsima Fast-RTPS[0m
[3.359s] [ 27%] [34m[1mGenerating C++ type support dispatch for ROS interfaces[0m
[3.528s] [ 27%] Built target mav_state_machine_msgs__rosidl_generator_c
[3.574s] [ 31%] [34m[1mGenerating C introspection for ROS interfaces[0m
[3.603s] [ 34%] [34m[1mGenerating C type support dispatch for ROS interfaces[0m
[3.629s] [ 37%] [34m[1mGenerating C type support for eProsima Fast-RTPS[0m
[4.415s] [ 41%] [32mBuilding CXX object CMakeFiles/mav_state_machine_msgs__rosidl_typesupport_cpp.dir/rosidl_typesupport_cpp/mav_state_machine_msgs/srv/run_task_service__type_support.cpp.o[0m
[4.463s] [ 44%] [32mBuilding CXX object CMakeFiles/mav_state_machine_msgs__rosidl_typesupport_cpp.dir/rosidl_typesupport_cpp/mav_state_machine_msgs/msg/start_stop_task__type_support.cpp.o[0m
[4.989s] [ 48%] [32mBuilding CXX object CMakeFiles/mav_state_machine_msgs__rosidl_typesupport_fastrtps_cpp.dir/rosidl_typesupport_fastrtps_cpp/mav_state_machine_msgs/msg/detail/dds_fastrtps/start_stop_task__type_support.cpp.o[0m
[4.994s] [ 51%] [32mBuilding CXX object CMakeFiles/mav_state_machine_msgs__rosidl_typesupport_fastrtps_cpp.dir/rosidl_typesupport_fastrtps_cpp/mav_state_machine_msgs/srv/detail/dds_fastrtps/run_task_service__type_support.cpp.o[0m
[5.099s] [ 55%] [32mBuilding CXX object CMakeFiles/mav_state_machine_msgs__rosidl_typesupport_c.dir/rosidl_typesupport_c/mav_state_machine_msgs/msg/start_stop_task__type_support.cpp.o[0m
[5.112s] [ 58%] [32mBuilding CXX object CMakeFiles/mav_state_machine_msgs__rosidl_typesupport_c.dir/rosidl_typesupport_c/mav_state_machine_msgs/srv/run_task_service__type_support.cpp.o[0m
[5.345s] [ 62%] [32m[1mLinking CXX shared library libmav_state_machine_msgs__rosidl_typesupport_c.so[0m
[5.439s] [ 65%] [32mBuilding C object CMakeFiles/mav_state_machine_msgs__rosidl_typesupport_introspection_c.dir/rosidl_typesupport_introspection_c/mav_state_machine_msgs/srv/detail/run_task_service__type_support.c.o[0m
[5.442s] [ 68%] [32mBuilding C object CMakeFiles/mav_state_machine_msgs__rosidl_typesupport_introspection_c.dir/rosidl_typesupport_introspection_c/mav_state_machine_msgs/msg/detail/start_stop_task__type_support.c.o[0m
[5.636s] [ 68%] Built target mav_state_machine_msgs__rosidl_typesupport_c
[5.742s] [ 72%] [32m[1mLinking C shared library libmav_state_machine_msgs__rosidl_typesupport_introspection_c.so[0m
[5.870s] [ 75%] [32mBuilding CXX object CMakeFiles/mav_state_machine_msgs__rosidl_typesupport_introspection_cpp.dir/rosidl_typesupport_introspection_cpp/mav_state_machine_msgs/srv/detail/run_task_service__type_support.cpp.o[0m
[5.901s] [ 75%] Built target mav_state_machine_msgs__rosidl_typesupport_introspection_c
[5.911s] [ 79%] [32mBuilding CXX object CMakeFiles/mav_state_machine_msgs__rosidl_typesupport_introspection_cpp.dir/rosidl_typesupport_introspection_cpp/mav_state_machine_msgs/msg/detail/start_stop_task__type_support.cpp.o[0m
[6.077s] [ 82%] [32m[1mLinking CXX shared library libmav_state_machine_msgs__rosidl_typesupport_cpp.so[0m
[6.292s] [ 82%] Built target mav_state_machine_msgs__rosidl_typesupport_cpp
[6.527s] [ 86%] [32m[1mLinking CXX shared library libmav_state_machine_msgs__rosidl_typesupport_fastrtps_cpp.so[0m
[6.654s] [ 89%] [32mBuilding CXX object CMakeFiles/mav_state_machine_msgs__rosidl_typesupport_fastrtps_c.dir/rosidl_typesupport_fastrtps_c/mav_state_machine_msgs/msg/detail/start_stop_task__type_support_c.cpp.o[0m
[6.678s] [ 93%] [32mBuilding CXX object CMakeFiles/mav_state_machine_msgs__rosidl_typesupport_fastrtps_c.dir/rosidl_typesupport_fastrtps_c/mav_state_machine_msgs/srv/detail/run_task_service__type_support_c.cpp.o[0m
[7.093s] [ 93%] Built target mav_state_machine_msgs__rosidl_typesupport_fastrtps_cpp
[7.626s] [ 96%] [32m[1mLinking CXX shared library libmav_state_machine_msgs__rosidl_typesupport_introspection_cpp.so[0m
[7.824s] [ 96%] Built target mav_state_machine_msgs__rosidl_typesupport_introspection_cpp
[7.856s] [100%] [32m[1mLinking CXX shared library libmav_state_machine_msgs__rosidl_typesupport_fastrtps_c.so[0m
[8.024s] [100%] Built target mav_state_machine_msgs__rosidl_typesupport_fastrtps_c
[8.063s] [100%] Built target mav_state_machine_msgs
[8.087s] Invoked command in '/home/palash/pico_ws/build/mav_state_machine_msgs' returned '0': CMAKE_PREFIX_PATH=${CMAKE_PREFIX_PATH}:/home/palash/Downloads/turtlesim_ws/install/kd_task_1b:/opt/ros/humble /usr/bin/cmake --build /home/palash/pico_ws/build/mav_state_machine_msgs -- -j16 -l16
[8.090s] Invoking command in '/home/palash/pico_ws/build/mav_state_machine_msgs': CMAKE_PREFIX_PATH=${CMAKE_PREFIX_PATH}:/home/palash/Downloads/turtlesim_ws/install/kd_task_1b:/opt/ros/humble /usr/bin/cmake --install /home/palash/pico_ws/build/mav_state_machine_msgs
[8.106s] -- Install configuration: ""
[8.108s] -- Execute custom install script
[8.109s] -- Symlinking: /home/palash/pico_ws/install/mav_state_machine_msgs/share/ament_index/resource_index/rosidl_interfaces/mav_state_machine_msgs
[8.128s] -- Symlinking: /home/palash/pico_ws/install/mav_state_machine_msgs/include/mav_state_machine_msgs/mav_state_machine_msgs/msg/detail/start_stop_task__functions.h
[8.145s] -- Symlinking: /home/palash/pico_ws/install/mav_state_machine_msgs/include/mav_state_machine_msgs/mav_state_machine_msgs/msg/detail/start_stop_task__struct.h
[8.162s] -- Symlinking: /home/palash/pico_ws/install/mav_state_machine_msgs/include/mav_state_machine_msgs/mav_state_machine_msgs/msg/detail/start_stop_task__type_support.h
[8.179s] -- Symlinking: /home/palash/pico_ws/install/mav_state_machine_msgs/include/mav_state_machine_msgs/mav_state_machine_msgs/msg/rosidl_generator_c__visibility_control.h
[8.196s] -- Symlinking: /home/palash/pico_ws/install/mav_state_machine_msgs/include/mav_state_machine_msgs/mav_state_machine_msgs/msg/start_stop_task.h
[8.213s] -- Symlinking: /home/palash/pico_ws/install/mav_state_machine_msgs/include/mav_state_machine_msgs/mav_state_machine_msgs/srv/detail/run_task_service__functions.h
[8.228s] -- Symlinking: /home/palash/pico_ws/install/mav_state_machine_msgs/include/mav_state_machine_msgs/mav_state_machine_msgs/srv/detail/run_task_service__struct.h
[8.243s] -- Symlinking: /home/palash/pico_ws/install/mav_state_machine_msgs/include/mav_state_machine_msgs/mav_state_machine_msgs/srv/detail/run_task_service__type_support.h
[8.257s] -- Symlinking: /home/palash/pico_ws/install/mav_state_machine_msgs/include/mav_state_machine_msgs/mav_state_machine_msgs/srv/run_task_service.h
[8.279s] -- Symlinking: /home/palash/pico_ws/install/mav_state_machine_msgs/share/mav_state_machine_msgs/environment/library_path.sh
[8.297s] -- Symlinking: /home/palash/pico_ws/install/mav_state_machine_msgs/share/mav_state_machine_msgs/environment/library_path.dsv
[8.313s] -- Symlinking: /home/palash/pico_ws/install/mav_state_machine_msgs/include/mav_state_machine_msgs/mav_state_machine_msgs/msg/detail/start_stop_task__rosidl_typesupport_fastrtps_c.h
[8.327s] -- Symlinking: /home/palash/pico_ws/install/mav_state_machine_msgs/include/mav_state_machine_msgs/mav_state_machine_msgs/msg/rosidl_typesupport_fastrtps_c__visibility_control.h
[8.344s] -- Symlinking: /home/palash/pico_ws/install/mav_state_machine_msgs/include/mav_state_machine_msgs/mav_state_machine_msgs/srv/detail/run_task_service__rosidl_typesupport_fastrtps_c.h
[8.360s] -- Symlinking: /home/palash/pico_ws/install/mav_state_machine_msgs/include/mav_state_machine_msgs/mav_state_machine_msgs/msg/detail/start_stop_task__builder.hpp
[8.377s] -- Symlinking: /home/palash/pico_ws/install/mav_state_machine_msgs/include/mav_state_machine_msgs/mav_state_machine_msgs/msg/detail/start_stop_task__struct.hpp
[8.393s] -- Symlinking: /home/palash/pico_ws/install/mav_state_machine_msgs/include/mav_state_machine_msgs/mav_state_machine_msgs/msg/detail/start_stop_task__traits.hpp
[8.412s] -- Symlinking: /home/palash/pico_ws/install/mav_state_machine_msgs/include/mav_state_machine_msgs/mav_state_machine_msgs/msg/detail/start_stop_task__type_support.hpp
[8.428s] -- Symlinking: /home/palash/pico_ws/install/mav_state_machine_msgs/include/mav_state_machine_msgs/mav_state_machine_msgs/msg/rosidl_generator_cpp__visibility_control.hpp
[8.447s] -- Symlinking: /home/palash/pico_ws/install/mav_state_machine_msgs/include/mav_state_machine_msgs/mav_state_machine_msgs/msg/start_stop_task.hpp
[8.468s] -- Symlinking: /home/palash/pico_ws/install/mav_state_machine_msgs/include/mav_state_machine_msgs/mav_state_machine_msgs/srv/detail/run_task_service__builder.hpp
[8.484s] -- Symlinking: /home/palash/pico_ws/install/mav_state_machine_msgs/include/mav_state_machine_msgs/mav_state_machine_msgs/srv/detail/run_task_service__struct.hpp
[8.501s] -- Symlinking: /home/palash/pico_ws/install/mav_state_machine_msgs/include/mav_state_machine_msgs/mav_state_machine_msgs/srv/detail/run_task_service__traits.hpp
[8.521s] -- Symlinking: /home/palash/pico_ws/install/mav_state_machine_msgs/include/mav_state_machine_msgs/mav_state_machine_msgs/srv/detail/run_task_service__type_support.hpp
[8.538s] -- Symlinking: /home/palash/pico_ws/install/mav_state_machine_msgs/include/mav_state_machine_msgs/mav_state_machine_msgs/srv/run_task_service.hpp
[8.558s] -- Symlinking: /home/palash/pico_ws/install/mav_state_machine_msgs/include/mav_state_machine_msgs/mav_state_machine_msgs/msg/detail/start_stop_task__rosidl_typesupport_fastrtps_cpp.hpp
[8.576s] -- Symlinking: /home/palash/pico_ws/install/mav_state_machine_msgs/include/mav_state_machine_msgs/mav_state_machine_msgs/msg/rosidl_typesupport_fastrtps_cpp__visibility_control.h
[8.592s] -- Symlinking: /home/palash/pico_ws/install/mav_state_machine_msgs/include/mav_state_machine_msgs/mav_state_machine_msgs/srv/detail/run_task_service__rosidl_typesupport_fastrtps_cpp.hpp
[8.609s] -- Symlinking: /home/palash/pico_ws/install/mav_state_machine_msgs/include/mav_state_machine_msgs/mav_state_machine_msgs/msg/detail/start_stop_task__rosidl_typesupport_introspection_c.h
[8.629s] -- Symlinking: /home/palash/pico_ws/install/mav_state_machine_msgs/include/mav_state_machine_msgs/mav_state_machine_msgs/msg/rosidl_typesupport_introspection_c__visibility_control.h
[8.645s] -- Symlinking: /home/palash/pico_ws/install/mav_state_machine_msgs/include/mav_state_machine_msgs/mav_state_machine_msgs/srv/detail/run_task_service__rosidl_typesupport_introspection_c.h
[8.661s] -- Symlinking: /home/palash/pico_ws/install/mav_state_machine_msgs/include/mav_state_machine_msgs/mav_state_machine_msgs/msg/detail/start_stop_task__rosidl_typesupport_introspection_cpp.hpp
[8.675s] -- Symlinking: /home/palash/pico_ws/install/mav_state_machine_msgs/include/mav_state_machine_msgs/mav_state_machine_msgs/srv/detail/run_task_service__rosidl_typesupport_introspection_cpp.hpp
[8.691s] -- Symlinking: /home/palash/pico_ws/install/mav_state_machine_msgs/share/mav_state_machine_msgs/msg/StartStopTask.idl
[8.709s] -- Symlinking: /home/palash/pico_ws/install/mav_state_machine_msgs/share/mav_state_machine_msgs/srv/RunTaskService.idl
[8.730s] -- Symlinking: /home/palash/pico_ws/install/mav_state_machine_msgs/share/mav_state_machine_msgs/msg/StartStopTask.msg
[8.750s] -- Symlinking: /home/palash/pico_ws/install/mav_state_machine_msgs/share/mav_state_machine_msgs/srv/RunTaskService.srv
[8.769s] -- Symlinking: /home/palash/pico_ws/install/mav_state_machine_msgs/share/mav_state_machine_msgs/srv/RunTaskService_Request.msg
[8.785s] -- Symlinking: /home/palash/pico_ws/install/mav_state_machine_msgs/share/mav_state_machine_msgs/srv/RunTaskService_Response.msg
[8.799s] -- Symlinking: /home/palash/pico_ws/install/mav_state_machine_msgs/share/ament_index/resource_index/package_run_dependencies/mav_state_machine_msgs
[8.815s] -- Symlinking: /home/palash/pico_ws/install/mav_state_machine_msgs/share/ament_index/resource_index/parent_prefix_path/mav_state_machine_msgs
[8.831s] -- Symlinking: /home/palash/pico_ws/install/mav_state_machine_msgs/share/mav_state_machine_msgs/environment/ament_prefix_path.sh
[8.848s] -- Symlinking: /home/palash/pico_ws/install/mav_state_machine_msgs/share/mav_state_machine_msgs/environment/ament_prefix_path.dsv
[8.864s] -- Symlinking: /home/palash/pico_ws/install/mav_state_machine_msgs/share/mav_state_machine_msgs/environment/path.sh
[8.880s] -- Symlinking: /home/palash/pico_ws/install/mav_state_machine_msgs/share/mav_state_machine_msgs/environment/path.dsv
[8.899s] -- Symlinking: /home/palash/pico_ws/install/mav_state_machine_msgs/share/mav_state_machine_msgs/local_setup.bash
[8.915s] -- Symlinking: /home/palash/pico_ws/install/mav_state_machine_msgs/share/mav_state_machine_msgs/local_setup.sh
[8.935s] -- Symlinking: /home/palash/pico_ws/install/mav_state_machine_msgs/share/mav_state_machine_msgs/local_setup.zsh
[8.958s] -- Symlinking: /home/palash/pico_ws/install/mav_state_machine_msgs/share/mav_state_machine_msgs/local_setup.dsv
[8.983s] -- Symlinking: /home/palash/pico_ws/install/mav_state_machine_msgs/share/mav_state_machine_msgs/package.dsv
[9.010s] -- Symlinking: /home/palash/pico_ws/install/mav_state_machine_msgs/share/ament_index/resource_index/packages/mav_state_machine_msgs
[9.028s] -- Symlinking: /home/palash/pico_ws/install/mav_state_machine_msgs/share/mav_state_machine_msgs/cmake/rosidl_cmake-extras.cmake
[9.049s] -- Symlinking: /home/palash/pico_ws/install/mav_state_machine_msgs/share/mav_state_machine_msgs/cmake/ament_cmake_export_dependencies-extras.cmake
[9.070s] -- Symlinking: /home/palash/pico_ws/install/mav_state_machine_msgs/share/mav_state_machine_msgs/cmake/ament_cmake_export_include_directories-extras.cmake
[9.085s] -- Symlinking: /home/palash/pico_ws/install/mav_state_machine_msgs/share/mav_state_machine_msgs/cmake/ament_cmake_export_libraries-extras.cmake
[9.104s] -- Symlinking: /home/palash/pico_ws/install/mav_state_machine_msgs/share/mav_state_machine_msgs/cmake/ament_cmake_export_targets-extras.cmake
[9.123s] -- Symlinking: /home/palash/pico_ws/install/mav_state_machine_msgs/share/mav_state_machine_msgs/cmake/rosidl_cmake_export_typesupport_targets-extras.cmake
[9.143s] -- Symlinking: /home/palash/pico_ws/install/mav_state_machine_msgs/share/mav_state_machine_msgs/cmake/rosidl_cmake_export_typesupport_libraries-extras.cmake
[9.167s] -- Symlinking: /home/palash/pico_ws/install/mav_state_machine_msgs/share/mav_state_machine_msgs/cmake/mav_state_machine_msgsConfig.cmake
[9.185s] -- Symlinking: /home/palash/pico_ws/install/mav_state_machine_msgs/share/mav_state_machine_msgs/cmake/mav_state_machine_msgsConfig-version.cmake
[9.206s] -- Symlinking: /home/palash/pico_ws/install/mav_state_machine_msgs/share/mav_state_machine_msgs/package.xml
[9.223s] -- Installing: /home/palash/pico_ws/install/mav_state_machine_msgs/lib/libmav_state_machine_msgs__rosidl_generator_c.so
[9.224s] -- Set runtime path of "/home/palash/pico_ws/install/mav_state_machine_msgs/lib/libmav_state_machine_msgs__rosidl_generator_c.so" to ""
[9.224s] -- Installing: /home/palash/pico_ws/install/mav_state_machine_msgs/lib/libmav_state_machine_msgs__rosidl_typesupport_fastrtps_c.so
[9.224s] -- Set runtime path of "/home/palash/pico_ws/install/mav_state_machine_msgs/lib/libmav_state_machine_msgs__rosidl_typesupport_fastrtps_c.so" to ""
[9.225s] -- Installing: /home/palash/pico_ws/install/mav_state_machine_msgs/lib/libmav_state_machine_msgs__rosidl_typesupport_fastrtps_cpp.so
[9.226s] -- Set runtime path of "/home/palash/pico_ws/install/mav_state_machine_msgs/lib/libmav_state_machine_msgs__rosidl_typesupport_fastrtps_cpp.so" to ""
[9.226s] -- Installing: /home/palash/pico_ws/install/mav_state_machine_msgs/lib/libmav_state_machine_msgs__rosidl_typesupport_introspection_c.so
[9.226s] -- Set runtime path of "/home/palash/pico_ws/install/mav_state_machine_msgs/lib/libmav_state_machine_msgs__rosidl_typesupport_introspection_c.so" to ""
[9.226s] -- Installing: /home/palash/pico_ws/install/mav_state_machine_msgs/lib/libmav_state_machine_msgs__rosidl_typesupport_c.so
[9.227s] -- Set runtime path of "/home/palash/pico_ws/install/mav_state_machine_msgs/lib/libmav_state_machine_msgs__rosidl_typesupport_c.so" to ""
[9.227s] -- Installing: /home/palash/pico_ws/install/mav_state_machine_msgs/lib/libmav_state_machine_msgs__rosidl_typesupport_introspection_cpp.so
[9.227s] -- Set runtime path of "/home/palash/pico_ws/install/mav_state_machine_msgs/lib/libmav_state_machine_msgs__rosidl_typesupport_introspection_cpp.so" to ""
[9.227s] -- Installing: /home/palash/pico_ws/install/mav_state_machine_msgs/lib/libmav_state_machine_msgs__rosidl_typesupport_cpp.so
[9.228s] -- Set runtime path of "/home/palash/pico_ws/install/mav_state_machine_msgs/lib/libmav_state_machine_msgs__rosidl_typesupport_cpp.so" to ""
[9.228s] -- Installing: /home/palash/pico_ws/install/mav_state_machine_msgs/share/mav_state_machine_msgs/cmake/export_mav_state_machine_msgs__rosidl_generator_cExport.cmake
[9.228s] -- Installing: /home/palash/pico_ws/install/mav_state_machine_msgs/share/mav_state_machine_msgs/cmake/export_mav_state_machine_msgs__rosidl_generator_cExport-noconfig.cmake
[9.229s] -- Installing: /home/palash/pico_ws/install/mav_state_machine_msgs/share/mav_state_machine_msgs/cmake/export_mav_state_machine_msgs__rosidl_typesupport_fastrtps_cExport.cmake
[9.229s] -- Installing: /home/palash/pico_ws/install/mav_state_machine_msgs/share/mav_state_machine_msgs/cmake/export_mav_state_machine_msgs__rosidl_typesupport_fastrtps_cExport-noconfig.cmake
[9.229s] -- Installing: /home/palash/pico_ws/install/mav_state_machine_msgs/share/mav_state_machine_msgs/cmake/export_mav_state_machine_msgs__rosidl_generator_cppExport.cmake
[9.229s] -- Installing: /home/palash/pico_ws/install/mav_state_machine_msgs/share/mav_state_machine_msgs/cmake/export_mav_state_machine_msgs__rosidl_typesupport_fastrtps_cppExport.cmake
[9.230s] -- Installing: /home/palash/pico_ws/install/mav_state_machine_msgs/share/mav_state_machine_msgs/cmake/export_mav_state_machine_msgs__rosidl_typesupport_fastrtps_cppExport-noconfig.cmake
[9.230s] -- Installing: /home/palash/pico_ws/install/mav_state_machine_msgs/share/mav_state_machine_msgs/cmake/mav_state_machine_msgs__rosidl_typesupport_introspection_cExport.cmake
[9.230s] -- Installing: /home/palash/pico_ws/install/mav_state_machine_msgs/share/mav_state_machine_msgs/cmake/mav_state_machine_msgs__rosidl_typesupport_introspection_cExport-noconfig.cmake
[9.231s] -- Installing: /home/palash/pico_ws/install/mav_state_machine_msgs/share/mav_state_machine_msgs/cmake/mav_state_machine_msgs__rosidl_typesupport_cExport.cmake
[9.231s] -- Installing: /home/palash/pico_ws/install/mav_state_machine_msgs/share/mav_state_machine_msgs/cmake/mav_state_machine_msgs__rosidl_typesupport_cExport-noconfig.cmake
[9.231s] -- Installing: /home/palash/pico_ws/install/mav_state_machine_msgs/share/mav_state_machine_msgs/cmake/mav_state_machine_msgs__rosidl_typesupport_introspection_cppExport.cmake
[9.232s] -- Installing: /home/palash/pico_ws/install/mav_state_machine_msgs/share/mav_state_machine_msgs/cmake/mav_state_machine_msgs__rosidl_typesupport_introspection_cppExport-noconfig.cmake
[9.232s] -- Installing: /home/palash/pico_ws/install/mav_state_machine_msgs/share/mav_state_machine_msgs/cmake/mav_state_machine_msgs__rosidl_typesupport_cppExport.cmake
[9.232s] -- Installing: /home/palash/pico_ws/install/mav_state_machine_msgs/share/mav_state_machine_msgs/cmake/mav_state_machine_msgs__rosidl_typesupport_cppExport-noconfig.cmake
[9.237s] Invoked command in '/home/palash/pico_ws/build/mav_state_machine_msgs' returned '0': CMAKE_PREFIX_PATH=${CMAKE_PREFIX_PATH}:/home/palash/Downloads/turtlesim_ws/install/kd_task_1b:/opt/ros/humble /usr/bin/cmake --install /home/palash/pico_ws/build/mav_state_machine_msgs
