[0.032s] Invoking command in '/home/palash/pico_ws/build/swift_pico_description': CMAKE_PREFIX_PATH=${CMAKE_PREFIX_PATH}:/home/palash/Downloads/turtlesim_ws/install/kd_task_1b:/opt/ros/humble /usr/bin/cmake /home/palash/pico_ws/src/swift_pico_description -DCMAKE_INSTALL_PREFIX=/home/palash/pico_ws/install/swift_pico_description
[0.044s] -- Found ament_cmake: 1.3.12 (/opt/ros/humble/share/ament_cmake/cmake)
[0.206s] -- Override CMake install command with custom implementation using symlinks instead of copying resources
[0.214s] -- Found ament_lint_auto: 0.12.14 (/opt/ros/humble/share/ament_lint_auto/cmake)
[0.329s] -- Configuring done
[0.330s] -- Generating done
[0.332s] -- Build files have been written to: /home/palash/pico_ws/build/swift_pico_description
[0.336s] Invoked command in '/home/palash/pico_ws/build/swift_pico_description' returned '0': CMAKE_PREFIX_PATH=${CMAKE_PREFIX_PATH}:/home/palash/Downloads/turtlesim_ws/install/kd_task_1b:/opt/ros/humble /usr/bin/cmake /home/palash/pico_ws/src/swift_pico_description -DCMAKE_INSTALL_PREFIX=/home/palash/pico_ws/install/swift_pico_description
[0.338s] Invoking command in '/home/palash/pico_ws/build/swift_pico_description': CMAKE_PREFIX_PATH=${CMAKE_PREFIX_PATH}:/home/palash/Downloads/turtlesim_ws/install/kd_task_1b:/opt/ros/humble /usr/bin/cmake --build /home/palash/pico_ws/build/swift_pico_description -- -j16 -l16
[0.402s] Invoked command in '/home/palash/pico_ws/build/swift_pico_description' returned '0': CMAKE_PREFIX_PATH=${CMAKE_PREFIX_PATH}:/home/palash/Downloads/turtlesim_ws/install/kd_task_1b:/opt/ros/humble /usr/bin/cmake --build /home/palash/pico_ws/build/swift_pico_description -- -j16 -l16
[0.408s] Invoking command in '/home/palash/pico_ws/build/swift_pico_description': CMAKE_PREFIX_PATH=${CMAKE_PREFIX_PATH}:/home/palash/Downloads/turtlesim_ws/install/kd_task_1b:/opt/ros/humble /usr/bin/cmake --install /home/palash/pico_ws/build/swift_pico_description
[0.416s] -- Install configuration: ""
[0.417s] -- Execute custom install script
[0.417s] -- Up-to-date symlink: /home/palash/pico_ws/install/swift_pico_description/share/swift_pico_description/models/arena/meshes/Krishi Drone Gazebo model image texture.png
[0.418s] -- Up-to-date symlink: /home/palash/pico_ws/install/swift_pico_description/share/swift_pico_description/models/arena/meshes/arena.dae
[0.418s] -- Up-to-date symlink: /home/palash/pico_ws/install/swift_pico_description/share/swift_pico_description/models/arena/model.config
[0.418s] -- Up-to-date symlink: /home/palash/pico_ws/install/swift_pico_description/share/swift_pico_description/models/arena/model.sdf
[0.418s] -- Up-to-date symlink: /home/palash/pico_ws/install/swift_pico_description/share/swift_pico_description/models/package_1/meshes/Krishi Drone Gazebo model image texture.png
[0.418s] -- Up-to-date symlink: /home/palash/pico_ws/install/swift_pico_description/share/swift_pico_description/models/package_1/meshes/package.dae
[0.418s] -- Up-to-date symlink: /home/palash/pico_ws/install/swift_pico_description/share/swift_pico_description/models/package_1/model.config
[0.418s] -- Up-to-date symlink: /home/palash/pico_ws/install/swift_pico_description/share/swift_pico_description/models/package_1/model.sdf
[0.418s] -- Up-to-date symlink: /home/palash/pico_ws/install/swift_pico_description/share/swift_pico_description/models/package_2/meshes/Krishi Drone Gazebo model image texture.png
[0.418s] -- Up-to-date symlink: /home/palash/pico_ws/install/swift_pico_description/share/swift_pico_description/models/package_2/meshes/package.dae
[0.419s] -- Up-to-date symlink: /home/palash/pico_ws/install/swift_pico_description/share/swift_pico_description/models/package_2/model.config
[0.419s] -- Up-to-date symlink: /home/palash/pico_ws/install/swift_pico_description/share/swift_pico_description/models/package_2/model.sdf
[0.419s] -- Up-to-date symlink: /home/palash/pico_ws/install/swift_pico_description/share/swift_pico_description/models/package_3/meshes/Krishi Drone Gazebo model image texture.png
[0.419s] -- Up-to-date symlink: /home/palash/pico_ws/install/swift_pico_description/share/swift_pico_description/models/package_3/meshes/package.dae
[0.419s] -- Up-to-date symlink: /home/palash/pico_ws/install/swift_pico_description/share/swift_pico_description/models/package_3/model.config
[0.419s] -- Up-to-date symlink: /home/palash/pico_ws/install/swift_pico_description/share/swift_pico_description/models/package_3/model.sdf
[0.419s] -- Up-to-date symlink: /home/palash/pico_ws/install/swift_pico_description/share/swift_pico_description/models/swift_pico/materials/scripts/whycon_marker.material
[0.419s] -- Up-to-date symlink: /home/palash/pico_ws/install/swift_pico_description/share/swift_pico_description/models/swift_pico/meshes/base_link.dae
[0.419s] -- Up-to-date symlink: /home/palash/pico_ws/install/swift_pico_description/share/swift_pico_description/models/swift_pico/meshes/cropped-image.png
[0.419s] -- Up-to-date symlink: /home/palash/pico_ws/install/swift_pico_description/share/swift_pico_description/models/swift_pico/meshes/m1_link.dae
[0.419s] -- Up-to-date symlink: /home/palash/pico_ws/install/swift_pico_description/share/swift_pico_description/models/swift_pico/meshes/m2_link.dae
[0.420s] -- Up-to-date symlink: /home/palash/pico_ws/install/swift_pico_description/share/swift_pico_description/models/swift_pico/meshes/m3_link.dae
[0.420s] -- Up-to-date symlink: /home/palash/pico_ws/install/swift_pico_description/share/swift_pico_description/models/swift_pico/meshes/m4_link.dae
[0.420s] -- Up-to-date symlink: /home/palash/pico_ws/install/swift_pico_description/share/swift_pico_description/models/swift_pico/meshes/propeller_ccw.dae
[0.420s] -- Up-to-date symlink: /home/palash/pico_ws/install/swift_pico_description/share/swift_pico_description/models/swift_pico/meshes/propeller_cw.dae
[0.420s] -- Up-to-date symlink: /home/palash/pico_ws/install/swift_pico_description/share/swift_pico_description/models/swift_pico/meshes/textures/whycon_marker.png
[0.420s] -- Up-to-date symlink: /home/palash/pico_ws/install/swift_pico_description/share/swift_pico_description/models/swift_pico/meshes/whycon2.mtl
[0.420s] -- Up-to-date symlink: /home/palash/pico_ws/install/swift_pico_description/share/swift_pico_description/models/swift_pico/meshes/whycon2.obj
[0.420s] -- Up-to-date symlink: /home/palash/pico_ws/install/swift_pico_description/share/swift_pico_description/models/swift_pico/model.config
[0.420s] -- Up-to-date symlink: /home/palash/pico_ws/install/swift_pico_description/share/swift_pico_description/models/swift_pico/swift_pico.sdf
[0.420s] -- Up-to-date symlink: /home/palash/pico_ws/install/swift_pico_description/share/swift_pico_description/models/swift_pico/textures/whycon_marker.png
[0.421s] -- Up-to-date symlink: /home/palash/pico_ws/install/swift_pico_description/share/swift_pico_description/models/swift_pico/whycon_marker_file.xacro
[0.421s] -- Up-to-date symlink: /home/palash/pico_ws/install/swift_pico_description/share/ament_index/resource_index/package_run_dependencies/swift_pico_description
[0.421s] -- Up-to-date symlink: /home/palash/pico_ws/install/swift_pico_description/share/ament_index/resource_index/parent_prefix_path/swift_pico_description
[0.421s] -- Up-to-date symlink: /home/palash/pico_ws/install/swift_pico_description/share/swift_pico_description/environment/ament_prefix_path.sh
[0.421s] -- Up-to-date symlink: /home/palash/pico_ws/install/swift_pico_description/share/swift_pico_description/environment/ament_prefix_path.dsv
[0.421s] -- Up-to-date symlink: /home/palash/pico_ws/install/swift_pico_description/share/swift_pico_description/environment/path.sh
[0.421s] -- Up-to-date symlink: /home/palash/pico_ws/install/swift_pico_description/share/swift_pico_description/environment/path.dsv
[0.421s] -- Up-to-date symlink: /home/palash/pico_ws/install/swift_pico_description/share/swift_pico_description/local_setup.bash
[0.421s] -- Up-to-date symlink: /home/palash/pico_ws/install/swift_pico_description/share/swift_pico_description/local_setup.sh
[0.422s] -- Up-to-date symlink: /home/palash/pico_ws/install/swift_pico_description/share/swift_pico_description/local_setup.zsh
[0.422s] -- Up-to-date symlink: /home/palash/pico_ws/install/swift_pico_description/share/swift_pico_description/local_setup.dsv
[0.422s] -- Symlinking: /home/palash/pico_ws/install/swift_pico_description/share/swift_pico_description/package.dsv
[0.434s] -- Up-to-date symlink: /home/palash/pico_ws/install/swift_pico_description/share/ament_index/resource_index/packages/swift_pico_description
[0.435s] -- Up-to-date symlink: /home/palash/pico_ws/install/swift_pico_description/share/swift_pico_description/cmake/swift_pico_descriptionConfig.cmake
[0.435s] -- Up-to-date symlink: /home/palash/pico_ws/install/swift_pico_description/share/swift_pico_description/cmake/swift_pico_descriptionConfig-version.cmake
[0.435s] -- Up-to-date symlink: /home/palash/pico_ws/install/swift_pico_description/share/swift_pico_description/package.xml
[0.452s] Invoked command in '/home/palash/pico_ws/build/swift_pico_description' returned '0': CMAKE_PREFIX_PATH=${CMAKE_PREFIX_PATH}:/home/palash/Downloads/turtlesim_ws/install/kd_task_1b:/opt/ros/humble /usr/bin/cmake --install /home/palash/pico_ws/build/swift_pico_description
