-- Found ament_cmake: 1.3.12 (/opt/ros/humble/share/ament_cmake/cmake)
-- Override CMake install command with custom implementation using symlinks instead of copying resources
-- Found std_msgs: 4.9.0 (/opt/ros/humble/share/std_msgs/cmake)
-- Found rosidl_generator_c: 3.1.7 (/opt/ros/humble/share/rosidl_generator_c/cmake)
-- Found rosidl_adapter: 3.1.7 (/opt/ros/humble/share/rosidl_adapter/cmake)
-- Found rosidl_generator_cpp: 3.1.7 (/opt/ros/humble/share/rosidl_generator_cpp/cmake)
-- Using all available rosidl_typesupport_c: rosidl_typesupport_fastrtps_c;rosidl_typesupport_introspection_c
-- Using all available rosidl_typesupport_cpp: rosidl_typesupport_fastrtps_cpp;rosidl_typesupport_introspection_cpp
-- Found ament_cmake_ros: 0.10.0 (/opt/ros/humble/share/ament_cmake_ros/cmake)
-- Using all available rosidl_typesupport_c: rosidl_typesupport_fastrtps_c;rosidl_typesupport_introspection_c
-- Using all available rosidl_typesupport_cpp: rosidl_typesupport_fastrtps_cpp;rosidl_typesupport_introspection_cpp
-- Configuring done
-- Generating done
-- Build files have been written to: /home/palash/pico_ws/build/mav_state_machine_msgs
[35m[1mConsolidate compiler generated dependencies of target mav_state_machine_msgs__rosidl_generator_c[0m
[  3%] Built target mav_state_machine_msgs__cpp
[ 17%] Built target mav_state_machine_msgs__rosidl_generator_c
[35m[1mConsolidate compiler generated dependencies of target mav_state_machine_msgs__rosidl_typesupport_cpp[0m
[35m[1mConsolidate compiler generated dependencies of target mav_state_machine_msgs__rosidl_typesupport_fastrtps_cpp[0m
[35m[1mConsolidate compiler generated dependencies of target mav_state_machine_msgs__rosidl_typesupport_introspection_c[0m
[35m[1mConsolidate compiler generated dependencies of target mav_state_machine_msgs__rosidl_typesupport_introspection_cpp[0m
[35m[1mConsolidate compiler generated dependencies of target mav_state_machine_msgs__rosidl_typesupport_c[0m
[35m[1mConsolidate compiler generated dependencies of target mav_state_machine_msgs__rosidl_typesupport_fastrtps_c[0m
[ 31%] Built target mav_state_machine_msgs__rosidl_typesupport_cpp
[ 44%] Built target mav_state_machine_msgs__rosidl_typesupport_introspection_c
[ 86%] Built target mav_state_machine_msgs__rosidl_typesupport_introspection_cpp
[ 86%] Built target mav_state_machine_msgs__rosidl_typesupport_c
[ 86%] Built target mav_state_machine_msgs__rosidl_typesupport_fastrtps_cpp
[100%] Built target mav_state_machine_msgs__rosidl_typesupport_fastrtps_c
[100%] Built target mav_state_machine_msgs
-- Install configuration: ""
-- Execute custom install script
-- Up-to-date symlink: /home/palash/pico_ws/install/mav_state_machine_msgs/share/ament_index/resource_index/rosidl_interfaces/mav_state_machine_msgs
-- Up-to-date symlink: /home/palash/pico_ws/install/mav_state_machine_msgs/include/mav_state_machine_msgs/mav_state_machine_msgs/msg/detail/start_stop_task__functions.h
-- Up-to-date symlink: /home/palash/pico_ws/install/mav_state_machine_msgs/include/mav_state_machine_msgs/mav_state_machine_msgs/msg/detail/start_stop_task__struct.h
-- Up-to-date symlink: /home/palash/pico_ws/install/mav_state_machine_msgs/include/mav_state_machine_msgs/mav_state_machine_msgs/msg/detail/start_stop_task__type_support.h
-- Up-to-date symlink: /home/palash/pico_ws/install/mav_state_machine_msgs/include/mav_state_machine_msgs/mav_state_machine_msgs/msg/rosidl_generator_c__visibility_control.h
-- Up-to-date symlink: /home/palash/pico_ws/install/mav_state_machine_msgs/include/mav_state_machine_msgs/mav_state_machine_msgs/msg/start_stop_task.h
-- Up-to-date symlink: /home/palash/pico_ws/install/mav_state_machine_msgs/include/mav_state_machine_msgs/mav_state_machine_msgs/srv/detail/run_task_service__functions.h
-- Up-to-date symlink: /home/palash/pico_ws/install/mav_state_machine_msgs/include/mav_state_machine_msgs/mav_state_machine_msgs/srv/detail/run_task_service__struct.h
-- Up-to-date symlink: /home/palash/pico_ws/install/mav_state_machine_msgs/include/mav_state_machine_msgs/mav_state_machine_msgs/srv/detail/run_task_service__type_support.h
-- Up-to-date symlink: /home/palash/pico_ws/install/mav_state_machine_msgs/include/mav_state_machine_msgs/mav_state_machine_msgs/srv/run_task_service.h
-- Up-to-date symlink: /home/palash/pico_ws/install/mav_state_machine_msgs/share/mav_state_machine_msgs/environment/library_path.sh
-- Up-to-date symlink: /home/palash/pico_ws/install/mav_state_machine_msgs/share/mav_state_machine_msgs/environment/library_path.dsv
-- Up-to-date symlink: /home/palash/pico_ws/install/mav_state_machine_msgs/include/mav_state_machine_msgs/mav_state_machine_msgs/msg/detail/start_stop_task__rosidl_typesupport_fastrtps_c.h
-- Up-to-date symlink: /home/palash/pico_ws/install/mav_state_machine_msgs/include/mav_state_machine_msgs/mav_state_machine_msgs/msg/rosidl_typesupport_fastrtps_c__visibility_control.h
-- Up-to-date symlink: /home/palash/pico_ws/install/mav_state_machine_msgs/include/mav_state_machine_msgs/mav_state_machine_msgs/srv/detail/run_task_service__rosidl_typesupport_fastrtps_c.h
-- Up-to-date symlink: /home/palash/pico_ws/install/mav_state_machine_msgs/include/mav_state_machine_msgs/mav_state_machine_msgs/msg/detail/start_stop_task__builder.hpp
-- Up-to-date symlink: /home/palash/pico_ws/install/mav_state_machine_msgs/include/mav_state_machine_msgs/mav_state_machine_msgs/msg/detail/start_stop_task__struct.hpp
-- Up-to-date symlink: /home/palash/pico_ws/install/mav_state_machine_msgs/include/mav_state_machine_msgs/mav_state_machine_msgs/msg/detail/start_stop_task__traits.hpp
-- Up-to-date symlink: /home/palash/pico_ws/install/mav_state_machine_msgs/include/mav_state_machine_msgs/mav_state_machine_msgs/msg/detail/start_stop_task__type_support.hpp
-- Up-to-date symlink: /home/palash/pico_ws/install/mav_state_machine_msgs/include/mav_state_machine_msgs/mav_state_machine_msgs/msg/rosidl_generator_cpp__visibility_control.hpp
-- Up-to-date symlink: /home/palash/pico_ws/install/mav_state_machine_msgs/include/mav_state_machine_msgs/mav_state_machine_msgs/msg/start_stop_task.hpp
-- Up-to-date symlink: /home/palash/pico_ws/install/mav_state_machine_msgs/include/mav_state_machine_msgs/mav_state_machine_msgs/srv/detail/run_task_service__builder.hpp
-- Up-to-date symlink: /home/palash/pico_ws/install/mav_state_machine_msgs/include/mav_state_machine_msgs/mav_state_machine_msgs/srv/detail/run_task_service__struct.hpp
-- Up-to-date symlink: /home/palash/pico_ws/install/mav_state_machine_msgs/include/mav_state_machine_msgs/mav_state_machine_msgs/srv/detail/run_task_service__traits.hpp
-- Up-to-date symlink: /home/palash/pico_ws/install/mav_state_machine_msgs/include/mav_state_machine_msgs/mav_state_machine_msgs/srv/detail/run_task_service__type_support.hpp
-- Up-to-date symlink: /home/palash/pico_ws/install/mav_state_machine_msgs/include/mav_state_machine_msgs/mav_state_machine_msgs/srv/run_task_service.hpp
-- Up-to-date symlink: /home/palash/pico_ws/install/mav_state_machine_msgs/include/mav_state_machine_msgs/mav_state_machine_msgs/msg/detail/start_stop_task__rosidl_typesupport_fastrtps_cpp.hpp
-- Up-to-date symlink: /home/palash/pico_ws/install/mav_state_machine_msgs/include/mav_state_machine_msgs/mav_state_machine_msgs/msg/rosidl_typesupport_fastrtps_cpp__visibility_control.h
-- Up-to-date symlink: /home/palash/pico_ws/install/mav_state_machine_msgs/include/mav_state_machine_msgs/mav_state_machine_msgs/srv/detail/run_task_service__rosidl_typesupport_fastrtps_cpp.hpp
-- Up-to-date symlink: /home/palash/pico_ws/install/mav_state_machine_msgs/include/mav_state_machine_msgs/mav_state_machine_msgs/msg/detail/start_stop_task__rosidl_typesupport_introspection_c.h
-- Up-to-date symlink: /home/palash/pico_ws/install/mav_state_machine_msgs/include/mav_state_machine_msgs/mav_state_machine_msgs/msg/rosidl_typesupport_introspection_c__visibility_control.h
-- Up-to-date symlink: /home/palash/pico_ws/install/mav_state_machine_msgs/include/mav_state_machine_msgs/mav_state_machine_msgs/srv/detail/run_task_service__rosidl_typesupport_introspection_c.h
-- Up-to-date symlink: /home/palash/pico_ws/install/mav_state_machine_msgs/include/mav_state_machine_msgs/mav_state_machine_msgs/msg/detail/start_stop_task__rosidl_typesupport_introspection_cpp.hpp
-- Up-to-date symlink: /home/palash/pico_ws/install/mav_state_machine_msgs/include/mav_state_machine_msgs/mav_state_machine_msgs/srv/detail/run_task_service__rosidl_typesupport_introspection_cpp.hpp
-- Up-to-date symlink: /home/palash/pico_ws/install/mav_state_machine_msgs/share/mav_state_machine_msgs/msg/StartStopTask.idl
-- Up-to-date symlink: /home/palash/pico_ws/install/mav_state_machine_msgs/share/mav_state_machine_msgs/srv/RunTaskService.idl
-- Up-to-date symlink: /home/palash/pico_ws/install/mav_state_machine_msgs/share/mav_state_machine_msgs/msg/StartStopTask.msg
-- Up-to-date symlink: /home/palash/pico_ws/install/mav_state_machine_msgs/share/mav_state_machine_msgs/srv/RunTaskService.srv
-- Up-to-date symlink: /home/palash/pico_ws/install/mav_state_machine_msgs/share/mav_state_machine_msgs/srv/RunTaskService_Request.msg
-- Up-to-date symlink: /home/palash/pico_ws/install/mav_state_machine_msgs/share/mav_state_machine_msgs/srv/RunTaskService_Response.msg
-- Up-to-date symlink: /home/palash/pico_ws/install/mav_state_machine_msgs/share/ament_index/resource_index/package_run_dependencies/mav_state_machine_msgs
-- Up-to-date symlink: /home/palash/pico_ws/install/mav_state_machine_msgs/share/ament_index/resource_index/parent_prefix_path/mav_state_machine_msgs
-- Up-to-date symlink: /home/palash/pico_ws/install/mav_state_machine_msgs/share/mav_state_machine_msgs/environment/ament_prefix_path.sh
-- Up-to-date symlink: /home/palash/pico_ws/install/mav_state_machine_msgs/share/mav_state_machine_msgs/environment/ament_prefix_path.dsv
-- Up-to-date symlink: /home/palash/pico_ws/install/mav_state_machine_msgs/share/mav_state_machine_msgs/environment/path.sh
-- Up-to-date symlink: /home/palash/pico_ws/install/mav_state_machine_msgs/share/mav_state_machine_msgs/environment/path.dsv
-- Up-to-date symlink: /home/palash/pico_ws/install/mav_state_machine_msgs/share/mav_state_machine_msgs/local_setup.bash
-- Up-to-date symlink: /home/palash/pico_ws/install/mav_state_machine_msgs/share/mav_state_machine_msgs/local_setup.sh
-- Up-to-date symlink: /home/palash/pico_ws/install/mav_state_machine_msgs/share/mav_state_machine_msgs/local_setup.zsh
-- Up-to-date symlink: /home/palash/pico_ws/install/mav_state_machine_msgs/share/mav_state_machine_msgs/local_setup.dsv
-- Symlinking: /home/palash/pico_ws/install/mav_state_machine_msgs/share/mav_state_machine_msgs/package.dsv
-- Up-to-date symlink: /home/palash/pico_ws/install/mav_state_machine_msgs/share/ament_index/resource_index/packages/mav_state_machine_msgs
-- Up-to-date symlink: /home/palash/pico_ws/install/mav_state_machine_msgs/share/mav_state_machine_msgs/cmake/rosidl_cmake-extras.cmake
-- Up-to-date symlink: /home/palash/pico_ws/install/mav_state_machine_msgs/share/mav_state_machine_msgs/cmake/ament_cmake_export_dependencies-extras.cmake
-- Up-to-date symlink: /home/palash/pico_ws/install/mav_state_machine_msgs/share/mav_state_machine_msgs/cmake/ament_cmake_export_include_directories-extras.cmake
-- Up-to-date symlink: /home/palash/pico_ws/install/mav_state_machine_msgs/share/mav_state_machine_msgs/cmake/ament_cmake_export_libraries-extras.cmake
-- Up-to-date symlink: /home/palash/pico_ws/install/mav_state_machine_msgs/share/mav_state_machine_msgs/cmake/ament_cmake_export_targets-extras.cmake
-- Up-to-date symlink: /home/palash/pico_ws/install/mav_state_machine_msgs/share/mav_state_machine_msgs/cmake/rosidl_cmake_export_typesupport_targets-extras.cmake
-- Up-to-date symlink: /home/palash/pico_ws/install/mav_state_machine_msgs/share/mav_state_machine_msgs/cmake/rosidl_cmake_export_typesupport_libraries-extras.cmake
-- Up-to-date symlink: /home/palash/pico_ws/install/mav_state_machine_msgs/share/mav_state_machine_msgs/cmake/mav_state_machine_msgsConfig.cmake
-- Up-to-date symlink: /home/palash/pico_ws/install/mav_state_machine_msgs/share/mav_state_machine_msgs/cmake/mav_state_machine_msgsConfig-version.cmake
-- Up-to-date symlink: /home/palash/pico_ws/install/mav_state_machine_msgs/share/mav_state_machine_msgs/package.xml
-- Up-to-date: /home/palash/pico_ws/install/mav_state_machine_msgs/lib/libmav_state_machine_msgs__rosidl_generator_c.so
-- Up-to-date: /home/palash/pico_ws/install/mav_state_machine_msgs/lib/libmav_state_machine_msgs__rosidl_typesupport_fastrtps_c.so
-- Up-to-date: /home/palash/pico_ws/install/mav_state_machine_msgs/lib/libmav_state_machine_msgs__rosidl_typesupport_fastrtps_cpp.so
-- Up-to-date: /home/palash/pico_ws/install/mav_state_machine_msgs/lib/libmav_state_machine_msgs__rosidl_typesupport_introspection_c.so
-- Up-to-date: /home/palash/pico_ws/install/mav_state_machine_msgs/lib/libmav_state_machine_msgs__rosidl_typesupport_c.so
-- Up-to-date: /home/palash/pico_ws/install/mav_state_machine_msgs/lib/libmav_state_machine_msgs__rosidl_typesupport_introspection_cpp.so
-- Up-to-date: /home/palash/pico_ws/install/mav_state_machine_msgs/lib/libmav_state_machine_msgs__rosidl_typesupport_cpp.so
-- Up-to-date: /home/palash/pico_ws/install/mav_state_machine_msgs/share/mav_state_machine_msgs/cmake/export_mav_state_machine_msgs__rosidl_generator_cExport.cmake
-- Up-to-date: /home/palash/pico_ws/install/mav_state_machine_msgs/share/mav_state_machine_msgs/cmake/export_mav_state_machine_msgs__rosidl_generator_cExport-noconfig.cmake
-- Up-to-date: /home/palash/pico_ws/install/mav_state_machine_msgs/share/mav_state_machine_msgs/cmake/export_mav_state_machine_msgs__rosidl_typesupport_fastrtps_cExport.cmake
-- Up-to-date: /home/palash/pico_ws/install/mav_state_machine_msgs/share/mav_state_machine_msgs/cmake/export_mav_state_machine_msgs__rosidl_typesupport_fastrtps_cExport-noconfig.cmake
-- Up-to-date: /home/palash/pico_ws/install/mav_state_machine_msgs/share/mav_state_machine_msgs/cmake/export_mav_state_machine_msgs__rosidl_generator_cppExport.cmake
-- Up-to-date: /home/palash/pico_ws/install/mav_state_machine_msgs/share/mav_state_machine_msgs/cmake/export_mav_state_machine_msgs__rosidl_typesupport_fastrtps_cppExport.cmake
-- Up-to-date: /home/palash/pico_ws/install/mav_state_machine_msgs/share/mav_state_machine_msgs/cmake/export_mav_state_machine_msgs__rosidl_typesupport_fastrtps_cppExport-noconfig.cmake
-- Up-to-date: /home/palash/pico_ws/install/mav_state_machine_msgs/share/mav_state_machine_msgs/cmake/mav_state_machine_msgs__rosidl_typesupport_introspection_cExport.cmake
-- Up-to-date: /home/palash/pico_ws/install/mav_state_machine_msgs/share/mav_state_machine_msgs/cmake/mav_state_machine_msgs__rosidl_typesupport_introspection_cExport-noconfig.cmake
-- Up-to-date: /home/palash/pico_ws/install/mav_state_machine_msgs/share/mav_state_machine_msgs/cmake/mav_state_machine_msgs__rosidl_typesupport_cExport.cmake
-- Up-to-date: /home/palash/pico_ws/install/mav_state_machine_msgs/share/mav_state_machine_msgs/cmake/mav_state_machine_msgs__rosidl_typesupport_cExport-noconfig.cmake
-- Up-to-date: /home/palash/pico_ws/install/mav_state_machine_msgs/share/mav_state_machine_msgs/cmake/mav_state_machine_msgs__rosidl_typesupport_introspection_cppExport.cmake
-- Up-to-date: /home/palash/pico_ws/install/mav_state_machine_msgs/share/mav_state_machine_msgs/cmake/mav_state_machine_msgs__rosidl_typesupport_introspection_cppExport-noconfig.cmake
-- Up-to-date: /home/palash/pico_ws/install/mav_state_machine_msgs/share/mav_state_machine_msgs/cmake/mav_state_machine_msgs__rosidl_typesupport_cppExport.cmake
-- Up-to-date: /home/palash/pico_ws/install/mav_state_machine_msgs/share/mav_state_machine_msgs/cmake/mav_state_machine_msgs__rosidl_typesupport_cppExport-noconfig.cmake
