[0.033s] Invoking command in '/home/palash/pico_ws/build/mav_state_machine_msgs': CMAKE_PREFIX_PATH=${CMAKE_PREFIX_PATH}:/home/palash/Downloads/turtlesim_ws/install/kd_task_1b:/opt/ros/humble /usr/bin/cmake /home/palash/pico_ws/src/mav_comm/mav_state_machine_msgs -DCMAKE_INSTALL_PREFIX=/home/palash/pico_ws/install/mav_state_machine_msgs
[0.050s] -- Found ament_cmake: 1.3.12 (/opt/ros/humble/share/ament_cmake/cmake)
[0.241s] -- Override CMake install command with custom implementation using symlinks instead of copying resources
[0.249s] -- Found std_msgs: 4.9.0 (/opt/ros/humble/share/std_msgs/cmake)
[0.272s] -- Found rosidl_generator_c: 3.1.7 (/opt/ros/humble/share/rosidl_generator_c/cmake)
[0.274s] -- Found rosidl_adapter: 3.1.7 (/opt/ros/humble/share/rosidl_adapter/cmake)
[0.281s] -- Found rosidl_generator_cpp: 3.1.7 (/opt/ros/humble/share/rosidl_generator_cpp/cmake)
[0.292s] -- Using all available rosidl_typesupport_c: rosidl_typesupport_fastrtps_c;rosidl_typesupport_introspection_c
[0.302s] -- Using all available rosidl_typesupport_cpp: rosidl_typesupport_fastrtps_cpp;rosidl_typesupport_introspection_cpp
[0.674s] -- Found ament_cmake_ros: 0.10.0 (/opt/ros/humble/share/ament_cmake_ros/cmake)
[1.091s] -- Using all available rosidl_typesupport_c: rosidl_typesupport_fastrtps_c;rosidl_typesupport_introspection_c
[1.244s] -- Using all available rosidl_typesupport_cpp: rosidl_typesupport_fastrtps_cpp;rosidl_typesupport_introspection_cpp
[1.252s] -- Configuring done
[1.273s] -- Generating done
[1.283s] -- Build files have been written to: /home/palash/pico_ws/build/mav_state_machine_msgs
[1.292s] Invoked command in '/home/palash/pico_ws/build/mav_state_machine_msgs' returned '0': CMAKE_PREFIX_PATH=${CMAKE_PREFIX_PATH}:/home/palash/Downloads/turtlesim_ws/install/kd_task_1b:/opt/ros/humble /usr/bin/cmake /home/palash/pico_ws/src/mav_comm/mav_state_machine_msgs -DCMAKE_INSTALL_PREFIX=/home/palash/pico_ws/install/mav_state_machine_msgs
[1.294s] Invoking command in '/home/palash/pico_ws/build/mav_state_machine_msgs': CMAKE_PREFIX_PATH=${CMAKE_PREFIX_PATH}:/home/palash/Downloads/turtlesim_ws/install/kd_task_1b:/opt/ros/humble /usr/bin/cmake --build /home/palash/pico_ws/build/mav_state_machine_msgs -- -j16 -l16
[1.352s] [35m[1mConsolidate compiler generated dependencies of target mav_state_machine_msgs__rosidl_generator_c[0m
[1.371s] [  3%] Built target mav_state_machine_msgs__cpp
[1.372s] [ 17%] Built target mav_state_machine_msgs__rosidl_generator_c
[1.388s] [35m[1mConsolidate compiler generated dependencies of target mav_state_machine_msgs__rosidl_typesupport_cpp[0m
[1.390s] [35m[1mConsolidate compiler generated dependencies of target mav_state_machine_msgs__rosidl_typesupport_fastrtps_cpp[0m
[1.392s] [35m[1mConsolidate compiler generated dependencies of target mav_state_machine_msgs__rosidl_typesupport_introspection_c[0m
[1.394s] [35m[1mConsolidate compiler generated dependencies of target mav_state_machine_msgs__rosidl_typesupport_introspection_cpp[0m
[1.396s] [35m[1mConsolidate compiler generated dependencies of target mav_state_machine_msgs__rosidl_typesupport_c[0m
[1.396s] [35m[1mConsolidate compiler generated dependencies of target mav_state_machine_msgs__rosidl_typesupport_fastrtps_c[0m
[1.409s] [ 31%] Built target mav_state_machine_msgs__rosidl_typesupport_cpp
[1.412s] [ 44%] Built target mav_state_machine_msgs__rosidl_typesupport_introspection_c
[1.413s] [ 86%] Built target mav_state_machine_msgs__rosidl_typesupport_introspection_cpp
[1.413s] [ 86%] Built target mav_state_machine_msgs__rosidl_typesupport_c
[1.413s] [ 86%] Built target mav_state_machine_msgs__rosidl_typesupport_fastrtps_cpp
[1.417s] [100%] Built target mav_state_machine_msgs__rosidl_typesupport_fastrtps_c
[1.444s] [100%] Built target mav_state_machine_msgs
[1.466s] Invoked command in '/home/palash/pico_ws/build/mav_state_machine_msgs' returned '0': CMAKE_PREFIX_PATH=${CMAKE_PREFIX_PATH}:/home/palash/Downloads/turtlesim_ws/install/kd_task_1b:/opt/ros/humble /usr/bin/cmake --build /home/palash/pico_ws/build/mav_state_machine_msgs -- -j16 -l16
[1.468s] Invoking command in '/home/palash/pico_ws/build/mav_state_machine_msgs': CMAKE_PREFIX_PATH=${CMAKE_PREFIX_PATH}:/home/palash/Downloads/turtlesim_ws/install/kd_task_1b:/opt/ros/humble /usr/bin/cmake --install /home/palash/pico_ws/build/mav_state_machine_msgs
[1.479s] -- Install configuration: ""
[1.480s] -- Execute custom install script
[1.481s] -- Up-to-date symlink: /home/palash/pico_ws/install/mav_state_machine_msgs/share/ament_index/resource_index/rosidl_interfaces/mav_state_machine_msgs
[1.481s] -- Up-to-date symlink: /home/palash/pico_ws/install/mav_state_machine_msgs/include/mav_state_machine_msgs/mav_state_machine_msgs/msg/detail/start_stop_task__functions.h
[1.482s] -- Up-to-date symlink: /home/palash/pico_ws/install/mav_state_machine_msgs/include/mav_state_machine_msgs/mav_state_machine_msgs/msg/detail/start_stop_task__struct.h
[1.482s] -- Up-to-date symlink: /home/palash/pico_ws/install/mav_state_machine_msgs/include/mav_state_machine_msgs/mav_state_machine_msgs/msg/detail/start_stop_task__type_support.h
[1.482s] -- Up-to-date symlink: /home/palash/pico_ws/install/mav_state_machine_msgs/include/mav_state_machine_msgs/mav_state_machine_msgs/msg/rosidl_generator_c__visibility_control.h
[1.482s] -- Up-to-date symlink: /home/palash/pico_ws/install/mav_state_machine_msgs/include/mav_state_machine_msgs/mav_state_machine_msgs/msg/start_stop_task.h
[1.482s] -- Up-to-date symlink: /home/palash/pico_ws/install/mav_state_machine_msgs/include/mav_state_machine_msgs/mav_state_machine_msgs/srv/detail/run_task_service__functions.h
[1.482s] -- Up-to-date symlink: /home/palash/pico_ws/install/mav_state_machine_msgs/include/mav_state_machine_msgs/mav_state_machine_msgs/srv/detail/run_task_service__struct.h
[1.482s] -- Up-to-date symlink: /home/palash/pico_ws/install/mav_state_machine_msgs/include/mav_state_machine_msgs/mav_state_machine_msgs/srv/detail/run_task_service__type_support.h
[1.483s] -- Up-to-date symlink: /home/palash/pico_ws/install/mav_state_machine_msgs/include/mav_state_machine_msgs/mav_state_machine_msgs/srv/run_task_service.h
[1.483s] -- Up-to-date symlink: /home/palash/pico_ws/install/mav_state_machine_msgs/share/mav_state_machine_msgs/environment/library_path.sh
[1.483s] -- Up-to-date symlink: /home/palash/pico_ws/install/mav_state_machine_msgs/share/mav_state_machine_msgs/environment/library_path.dsv
[1.483s] -- Up-to-date symlink: /home/palash/pico_ws/install/mav_state_machine_msgs/include/mav_state_machine_msgs/mav_state_machine_msgs/msg/detail/start_stop_task__rosidl_typesupport_fastrtps_c.h
[1.483s] -- Up-to-date symlink: /home/palash/pico_ws/install/mav_state_machine_msgs/include/mav_state_machine_msgs/mav_state_machine_msgs/msg/rosidl_typesupport_fastrtps_c__visibility_control.h
[1.484s] -- Up-to-date symlink: /home/palash/pico_ws/install/mav_state_machine_msgs/include/mav_state_machine_msgs/mav_state_machine_msgs/srv/detail/run_task_service__rosidl_typesupport_fastrtps_c.h
[1.484s] -- Up-to-date symlink: /home/palash/pico_ws/install/mav_state_machine_msgs/include/mav_state_machine_msgs/mav_state_machine_msgs/msg/detail/start_stop_task__builder.hpp
[1.484s] -- Up-to-date symlink: /home/palash/pico_ws/install/mav_state_machine_msgs/include/mav_state_machine_msgs/mav_state_machine_msgs/msg/detail/start_stop_task__struct.hpp
[1.484s] -- Up-to-date symlink: /home/palash/pico_ws/install/mav_state_machine_msgs/include/mav_state_machine_msgs/mav_state_machine_msgs/msg/detail/start_stop_task__traits.hpp
[1.484s] -- Up-to-date symlink: /home/palash/pico_ws/install/mav_state_machine_msgs/include/mav_state_machine_msgs/mav_state_machine_msgs/msg/detail/start_stop_task__type_support.hpp
[1.484s] -- Up-to-date symlink: /home/palash/pico_ws/install/mav_state_machine_msgs/include/mav_state_machine_msgs/mav_state_machine_msgs/msg/rosidl_generator_cpp__visibility_control.hpp
[1.484s] -- Up-to-date symlink: /home/palash/pico_ws/install/mav_state_machine_msgs/include/mav_state_machine_msgs/mav_state_machine_msgs/msg/start_stop_task.hpp
[1.485s] -- Up-to-date symlink: /home/palash/pico_ws/install/mav_state_machine_msgs/include/mav_state_machine_msgs/mav_state_machine_msgs/srv/detail/run_task_service__builder.hpp
[1.485s] -- Up-to-date symlink: /home/palash/pico_ws/install/mav_state_machine_msgs/include/mav_state_machine_msgs/mav_state_machine_msgs/srv/detail/run_task_service__struct.hpp
[1.486s] -- Up-to-date symlink: /home/palash/pico_ws/install/mav_state_machine_msgs/include/mav_state_machine_msgs/mav_state_machine_msgs/srv/detail/run_task_service__traits.hpp
[1.486s] -- Up-to-date symlink: /home/palash/pico_ws/install/mav_state_machine_msgs/include/mav_state_machine_msgs/mav_state_machine_msgs/srv/detail/run_task_service__type_support.hpp
[1.486s] -- Up-to-date symlink: /home/palash/pico_ws/install/mav_state_machine_msgs/include/mav_state_machine_msgs/mav_state_machine_msgs/srv/run_task_service.hpp
[1.486s] -- Up-to-date symlink: /home/palash/pico_ws/install/mav_state_machine_msgs/include/mav_state_machine_msgs/mav_state_machine_msgs/msg/detail/start_stop_task__rosidl_typesupport_fastrtps_cpp.hpp
[1.486s] -- Up-to-date symlink: /home/palash/pico_ws/install/mav_state_machine_msgs/include/mav_state_machine_msgs/mav_state_machine_msgs/msg/rosidl_typesupport_fastrtps_cpp__visibility_control.h
[1.486s] -- Up-to-date symlink: /home/palash/pico_ws/install/mav_state_machine_msgs/include/mav_state_machine_msgs/mav_state_machine_msgs/srv/detail/run_task_service__rosidl_typesupport_fastrtps_cpp.hpp
[1.486s] -- Up-to-date symlink: /home/palash/pico_ws/install/mav_state_machine_msgs/include/mav_state_machine_msgs/mav_state_machine_msgs/msg/detail/start_stop_task__rosidl_typesupport_introspection_c.h
[1.486s] -- Up-to-date symlink: /home/palash/pico_ws/install/mav_state_machine_msgs/include/mav_state_machine_msgs/mav_state_machine_msgs/msg/rosidl_typesupport_introspection_c__visibility_control.h
[1.486s] -- Up-to-date symlink: /home/palash/pico_ws/install/mav_state_machine_msgs/include/mav_state_machine_msgs/mav_state_machine_msgs/srv/detail/run_task_service__rosidl_typesupport_introspection_c.h
[1.487s] -- Up-to-date symlink: /home/palash/pico_ws/install/mav_state_machine_msgs/include/mav_state_machine_msgs/mav_state_machine_msgs/msg/detail/start_stop_task__rosidl_typesupport_introspection_cpp.hpp
[1.487s] -- Up-to-date symlink: /home/palash/pico_ws/install/mav_state_machine_msgs/include/mav_state_machine_msgs/mav_state_machine_msgs/srv/detail/run_task_service__rosidl_typesupport_introspection_cpp.hpp
[1.487s] -- Up-to-date symlink: /home/palash/pico_ws/install/mav_state_machine_msgs/share/mav_state_machine_msgs/msg/StartStopTask.idl
[1.487s] -- Up-to-date symlink: /home/palash/pico_ws/install/mav_state_machine_msgs/share/mav_state_machine_msgs/srv/RunTaskService.idl
[1.487s] -- Up-to-date symlink: /home/palash/pico_ws/install/mav_state_machine_msgs/share/mav_state_machine_msgs/msg/StartStopTask.msg
[1.487s] -- Up-to-date symlink: /home/palash/pico_ws/install/mav_state_machine_msgs/share/mav_state_machine_msgs/srv/RunTaskService.srv
[1.487s] -- Up-to-date symlink: /home/palash/pico_ws/install/mav_state_machine_msgs/share/mav_state_machine_msgs/srv/RunTaskService_Request.msg
[1.487s] -- Up-to-date symlink: /home/palash/pico_ws/install/mav_state_machine_msgs/share/mav_state_machine_msgs/srv/RunTaskService_Response.msg
[1.487s] -- Up-to-date symlink: /home/palash/pico_ws/install/mav_state_machine_msgs/share/ament_index/resource_index/package_run_dependencies/mav_state_machine_msgs
[1.487s] -- Up-to-date symlink: /home/palash/pico_ws/install/mav_state_machine_msgs/share/ament_index/resource_index/parent_prefix_path/mav_state_machine_msgs
[1.487s] -- Up-to-date symlink: /home/palash/pico_ws/install/mav_state_machine_msgs/share/mav_state_machine_msgs/environment/ament_prefix_path.sh
[1.487s] -- Up-to-date symlink: /home/palash/pico_ws/install/mav_state_machine_msgs/share/mav_state_machine_msgs/environment/ament_prefix_path.dsv
[1.487s] -- Up-to-date symlink: /home/palash/pico_ws/install/mav_state_machine_msgs/share/mav_state_machine_msgs/environment/path.sh
[1.488s] -- Up-to-date symlink: /home/palash/pico_ws/install/mav_state_machine_msgs/share/mav_state_machine_msgs/environment/path.dsv
[1.488s] -- Up-to-date symlink: /home/palash/pico_ws/install/mav_state_machine_msgs/share/mav_state_machine_msgs/local_setup.bash
[1.488s] -- Up-to-date symlink: /home/palash/pico_ws/install/mav_state_machine_msgs/share/mav_state_machine_msgs/local_setup.sh
[1.488s] -- Up-to-date symlink: /home/palash/pico_ws/install/mav_state_machine_msgs/share/mav_state_machine_msgs/local_setup.zsh
[1.488s] -- Up-to-date symlink: /home/palash/pico_ws/install/mav_state_machine_msgs/share/mav_state_machine_msgs/local_setup.dsv
[1.488s] -- Symlinking: /home/palash/pico_ws/install/mav_state_machine_msgs/share/mav_state_machine_msgs/package.dsv
[1.498s] -- Up-to-date symlink: /home/palash/pico_ws/install/mav_state_machine_msgs/share/ament_index/resource_index/packages/mav_state_machine_msgs
[1.498s] -- Up-to-date symlink: /home/palash/pico_ws/install/mav_state_machine_msgs/share/mav_state_machine_msgs/cmake/rosidl_cmake-extras.cmake
[1.498s] -- Up-to-date symlink: /home/palash/pico_ws/install/mav_state_machine_msgs/share/mav_state_machine_msgs/cmake/ament_cmake_export_dependencies-extras.cmake
[1.498s] -- Up-to-date symlink: /home/palash/pico_ws/install/mav_state_machine_msgs/share/mav_state_machine_msgs/cmake/ament_cmake_export_include_directories-extras.cmake
[1.498s] -- Up-to-date symlink: /home/palash/pico_ws/install/mav_state_machine_msgs/share/mav_state_machine_msgs/cmake/ament_cmake_export_libraries-extras.cmake
[1.498s] -- Up-to-date symlink: /home/palash/pico_ws/install/mav_state_machine_msgs/share/mav_state_machine_msgs/cmake/ament_cmake_export_targets-extras.cmake
[1.499s] -- Up-to-date symlink: /home/palash/pico_ws/install/mav_state_machine_msgs/share/mav_state_machine_msgs/cmake/rosidl_cmake_export_typesupport_targets-extras.cmake
[1.499s] -- Up-to-date symlink: /home/palash/pico_ws/install/mav_state_machine_msgs/share/mav_state_machine_msgs/cmake/rosidl_cmake_export_typesupport_libraries-extras.cmake
[1.499s] -- Up-to-date symlink: /home/palash/pico_ws/install/mav_state_machine_msgs/share/mav_state_machine_msgs/cmake/mav_state_machine_msgsConfig.cmake
[1.499s] -- Up-to-date symlink: /home/palash/pico_ws/install/mav_state_machine_msgs/share/mav_state_machine_msgs/cmake/mav_state_machine_msgsConfig-version.cmake
[1.499s] -- Up-to-date symlink: /home/palash/pico_ws/install/mav_state_machine_msgs/share/mav_state_machine_msgs/package.xml
[1.499s] -- Up-to-date: /home/palash/pico_ws/install/mav_state_machine_msgs/lib/libmav_state_machine_msgs__rosidl_generator_c.so
[1.500s] -- Up-to-date: /home/palash/pico_ws/install/mav_state_machine_msgs/lib/libmav_state_machine_msgs__rosidl_typesupport_fastrtps_c.so
[1.500s] -- Up-to-date: /home/palash/pico_ws/install/mav_state_machine_msgs/lib/libmav_state_machine_msgs__rosidl_typesupport_fastrtps_cpp.so
[1.501s] -- Up-to-date: /home/palash/pico_ws/install/mav_state_machine_msgs/lib/libmav_state_machine_msgs__rosidl_typesupport_introspection_c.so
[1.502s] -- Up-to-date: /home/palash/pico_ws/install/mav_state_machine_msgs/lib/libmav_state_machine_msgs__rosidl_typesupport_c.so
[1.502s] -- Up-to-date: /home/palash/pico_ws/install/mav_state_machine_msgs/lib/libmav_state_machine_msgs__rosidl_typesupport_introspection_cpp.so
[1.502s] -- Up-to-date: /home/palash/pico_ws/install/mav_state_machine_msgs/lib/libmav_state_machine_msgs__rosidl_typesupport_cpp.so
[1.502s] -- Up-to-date: /home/palash/pico_ws/install/mav_state_machine_msgs/share/mav_state_machine_msgs/cmake/export_mav_state_machine_msgs__rosidl_generator_cExport.cmake
[1.503s] -- Up-to-date: /home/palash/pico_ws/install/mav_state_machine_msgs/share/mav_state_machine_msgs/cmake/export_mav_state_machine_msgs__rosidl_generator_cExport-noconfig.cmake
[1.503s] -- Up-to-date: /home/palash/pico_ws/install/mav_state_machine_msgs/share/mav_state_machine_msgs/cmake/export_mav_state_machine_msgs__rosidl_typesupport_fastrtps_cExport.cmake
[1.503s] -- Up-to-date: /home/palash/pico_ws/install/mav_state_machine_msgs/share/mav_state_machine_msgs/cmake/export_mav_state_machine_msgs__rosidl_typesupport_fastrtps_cExport-noconfig.cmake
[1.503s] -- Up-to-date: /home/palash/pico_ws/install/mav_state_machine_msgs/share/mav_state_machine_msgs/cmake/export_mav_state_machine_msgs__rosidl_generator_cppExport.cmake
[1.503s] -- Up-to-date: /home/palash/pico_ws/install/mav_state_machine_msgs/share/mav_state_machine_msgs/cmake/export_mav_state_machine_msgs__rosidl_typesupport_fastrtps_cppExport.cmake
[1.503s] -- Up-to-date: /home/palash/pico_ws/install/mav_state_machine_msgs/share/mav_state_machine_msgs/cmake/export_mav_state_machine_msgs__rosidl_typesupport_fastrtps_cppExport-noconfig.cmake
[1.504s] -- Up-to-date: /home/palash/pico_ws/install/mav_state_machine_msgs/share/mav_state_machine_msgs/cmake/mav_state_machine_msgs__rosidl_typesupport_introspection_cExport.cmake
[1.504s] -- Up-to-date: /home/palash/pico_ws/install/mav_state_machine_msgs/share/mav_state_machine_msgs/cmake/mav_state_machine_msgs__rosidl_typesupport_introspection_cExport-noconfig.cmake
[1.504s] -- Up-to-date: /home/palash/pico_ws/install/mav_state_machine_msgs/share/mav_state_machine_msgs/cmake/mav_state_machine_msgs__rosidl_typesupport_cExport.cmake
[1.504s] -- Up-to-date: /home/palash/pico_ws/install/mav_state_machine_msgs/share/mav_state_machine_msgs/cmake/mav_state_machine_msgs__rosidl_typesupport_cExport-noconfig.cmake
[1.504s] -- Up-to-date: /home/palash/pico_ws/install/mav_state_machine_msgs/share/mav_state_machine_msgs/cmake/mav_state_machine_msgs__rosidl_typesupport_introspection_cppExport.cmake
[1.504s] -- Up-to-date: /home/palash/pico_ws/install/mav_state_machine_msgs/share/mav_state_machine_msgs/cmake/mav_state_machine_msgs__rosidl_typesupport_introspection_cppExport-noconfig.cmake
[1.505s] -- Up-to-date: /home/palash/pico_ws/install/mav_state_machine_msgs/share/mav_state_machine_msgs/cmake/mav_state_machine_msgs__rosidl_typesupport_cppExport.cmake
[1.505s] -- Up-to-date: /home/palash/pico_ws/install/mav_state_machine_msgs/share/mav_state_machine_msgs/cmake/mav_state_machine_msgs__rosidl_typesupport_cppExport-noconfig.cmake
[1.522s] Invoked command in '/home/palash/pico_ws/build/mav_state_machine_msgs' returned '0': CMAKE_PREFIX_PATH=${CMAKE_PREFIX_PATH}:/home/palash/Downloads/turtlesim_ws/install/kd_task_1b:/opt/ros/humble /usr/bin/cmake --install /home/palash/pico_ws/build/mav_state_machine_msgs
