[0.013s] Invoking command in '/home/palash/pico_ws/build/rotors_swift_gazebo': CMAKE_PREFIX_PATH=/home/palash/pico_ws/install/rotors_swift_description:/home/palash/pico_ws/install/whycon:/home/palash/pico_ws/install/swift_pico:/home/palash/pico_ws/install/swift_pico_description:/home/palash/pico_ws/install/rotors_swift_interface:/home/palash/pico_ws/install/swift_msgs:/home/palash/pico_ws/install/rotors_swift_gazebo:/home/palash/pico_ws/install/rotors_control:/home/palash/pico_ws/install/pid_tune:/home/palash/pico_ws/install/mav_comm:/home/palash/pico_ws/install/mav_system_msgs:/home/palash/pico_ws/install/mav_state_machine_msgs:/home/palash/pico_ws/install/mav_planning_msgs:/home/palash/pico_ws/install/mav_msgs:/home/palash/pico_ws/install/error_msg:/home/palash/pico_ws/install/controller_msg:/home/palash/Downloads/turtlesim_ws/install/turtlesim:/home/palash/Downloads/turtlesim_ws/install/kd_task_1b:/opt/ros/humble /usr/bin/cmake /home/palash/pico_ws/src/rotors_simulator/rotors_swift_gazebo -DAMENT_CMAKE_SYMLINK_INSTALL=1 -DCMAKE_INSTALL_PREFIX=/home/palash/pico_ws/install/rotors_swift_gazebo
[0.103s] -- The C compiler identification is GNU 11.4.0
[0.192s] -- The CXX compiler identification is GNU 11.4.0
[0.203s] -- Detecting C compiler ABI info
[0.310s] -- Detecting C compiler ABI info - done
[0.318s] -- Check for working C compiler: /usr/bin/cc - skipped
[0.318s] -- Detecting C compile features
[0.318s] -- Detecting C compile features - done
[0.322s] -- Detecting CXX compiler ABI info
[0.442s] -- Detecting CXX compiler ABI info - done
[0.452s] -- Check for working CXX compiler: /usr/bin/c++ - skipped
[0.452s] -- Detecting CXX compile features
[0.453s] -- Detecting CXX compile features - done
[0.456s] -- Found ament_cmake: 1.3.12 (/opt/ros/humble/share/ament_cmake/cmake)
[0.682s] -- Found Python3: /usr/bin/python3 (found version "3.10.12") found components: Interpreter 
[0.802s] -- Override CMake install command with custom implementation using symlinks instead of copying resources
[0.850s] -- Found rotors_swift_description: 0.0.0 (/home/palash/pico_ws/install/rotors_swift_description/share/rotors_swift_description/cmake)
[0.854s] -- Found ament_lint_auto: 0.12.14 (/opt/ros/humble/share/ament_lint_auto/cmake)
[1.009s] -- Configuring done
[1.011s] -- Generating done
[1.015s] -- Build files have been written to: /home/palash/pico_ws/build/rotors_swift_gazebo
[1.029s] Invoked command in '/home/palash/pico_ws/build/rotors_swift_gazebo' returned '0': CMAKE_PREFIX_PATH=/home/palash/pico_ws/install/rotors_swift_description:/home/palash/pico_ws/install/whycon:/home/palash/pico_ws/install/swift_pico:/home/palash/pico_ws/install/swift_pico_description:/home/palash/pico_ws/install/rotors_swift_interface:/home/palash/pico_ws/install/swift_msgs:/home/palash/pico_ws/install/rotors_swift_gazebo:/home/palash/pico_ws/install/rotors_control:/home/palash/pico_ws/install/pid_tune:/home/palash/pico_ws/install/mav_comm:/home/palash/pico_ws/install/mav_system_msgs:/home/palash/pico_ws/install/mav_state_machine_msgs:/home/palash/pico_ws/install/mav_planning_msgs:/home/palash/pico_ws/install/mav_msgs:/home/palash/pico_ws/install/error_msg:/home/palash/pico_ws/install/controller_msg:/home/palash/Downloads/turtlesim_ws/install/turtlesim:/home/palash/Downloads/turtlesim_ws/install/kd_task_1b:/opt/ros/humble /usr/bin/cmake /home/palash/pico_ws/src/rotors_simulator/rotors_swift_gazebo -DAMENT_CMAKE_SYMLINK_INSTALL=1 -DCMAKE_INSTALL_PREFIX=/home/palash/pico_ws/install/rotors_swift_gazebo
[1.033s] Invoking command in '/home/palash/pico_ws/build/rotors_swift_gazebo': CMAKE_PREFIX_PATH=/home/palash/pico_ws/install/rotors_swift_description:/home/palash/pico_ws/install/whycon:/home/palash/pico_ws/install/swift_pico:/home/palash/pico_ws/install/swift_pico_description:/home/palash/pico_ws/install/rotors_swift_interface:/home/palash/pico_ws/install/swift_msgs:/home/palash/pico_ws/install/rotors_swift_gazebo:/home/palash/pico_ws/install/rotors_control:/home/palash/pico_ws/install/pid_tune:/home/palash/pico_ws/install/mav_comm:/home/palash/pico_ws/install/mav_system_msgs:/home/palash/pico_ws/install/mav_state_machine_msgs:/home/palash/pico_ws/install/mav_planning_msgs:/home/palash/pico_ws/install/mav_msgs:/home/palash/pico_ws/install/error_msg:/home/palash/pico_ws/install/controller_msg:/home/palash/Downloads/turtlesim_ws/install/turtlesim:/home/palash/Downloads/turtlesim_ws/install/kd_task_1b:/opt/ros/humble /usr/bin/cmake --build /home/palash/pico_ws/build/rotors_swift_gazebo -- -j16 -l16
[1.137s] Invoked command in '/home/palash/pico_ws/build/rotors_swift_gazebo' returned '0': CMAKE_PREFIX_PATH=/home/palash/pico_ws/install/rotors_swift_description:/home/palash/pico_ws/install/whycon:/home/palash/pico_ws/install/swift_pico:/home/palash/pico_ws/install/swift_pico_description:/home/palash/pico_ws/install/rotors_swift_interface:/home/palash/pico_ws/install/swift_msgs:/home/palash/pico_ws/install/rotors_swift_gazebo:/home/palash/pico_ws/install/rotors_control:/home/palash/pico_ws/install/pid_tune:/home/palash/pico_ws/install/mav_comm:/home/palash/pico_ws/install/mav_system_msgs:/home/palash/pico_ws/install/mav_state_machine_msgs:/home/palash/pico_ws/install/mav_planning_msgs:/home/palash/pico_ws/install/mav_msgs:/home/palash/pico_ws/install/error_msg:/home/palash/pico_ws/install/controller_msg:/home/palash/Downloads/turtlesim_ws/install/turtlesim:/home/palash/Downloads/turtlesim_ws/install/kd_task_1b:/opt/ros/humble /usr/bin/cmake --build /home/palash/pico_ws/build/rotors_swift_gazebo -- -j16 -l16
[1.138s] Invoking command in '/home/palash/pico_ws/build/rotors_swift_gazebo': CMAKE_PREFIX_PATH=/home/palash/pico_ws/install/rotors_swift_description:/home/palash/pico_ws/install/whycon:/home/palash/pico_ws/install/swift_pico:/home/palash/pico_ws/install/swift_pico_description:/home/palash/pico_ws/install/rotors_swift_interface:/home/palash/pico_ws/install/swift_msgs:/home/palash/pico_ws/install/rotors_swift_gazebo:/home/palash/pico_ws/install/rotors_control:/home/palash/pico_ws/install/pid_tune:/home/palash/pico_ws/install/mav_comm:/home/palash/pico_ws/install/mav_system_msgs:/home/palash/pico_ws/install/mav_state_machine_msgs:/home/palash/pico_ws/install/mav_planning_msgs:/home/palash/pico_ws/install/mav_msgs:/home/palash/pico_ws/install/error_msg:/home/palash/pico_ws/install/controller_msg:/home/palash/Downloads/turtlesim_ws/install/turtlesim:/home/palash/Downloads/turtlesim_ws/install/kd_task_1b:/opt/ros/humble /usr/bin/cmake --install /home/palash/pico_ws/build/rotors_swift_gazebo
[1.154s] -- Install configuration: ""
[1.154s] -- Execute custom install script
[1.155s] -- Symlinking: /home/palash/pico_ws/install/rotors_swift_gazebo/share/rotors_swift_gazebo/launch/swift_pico_simulation.launch.py
[1.184s] -- Symlinking: /home/palash/pico_ws/install/rotors_swift_gazebo/share/rotors_swift_gazebo/config/swift_pico_bridge.yaml
[1.211s] -- Symlinking: /home/palash/pico_ws/install/rotors_swift_gazebo/share/rotors_swift_gazebo/resource/roll_pitch_yawrate_thrust_controller_swift.yaml
[1.235s] -- Symlinking: /home/palash/pico_ws/install/rotors_swift_gazebo/share/rotors_swift_gazebo/resource/roll_pitch_yawrate_thrust_controller_swift_big.yaml
[1.262s] -- Symlinking: /home/palash/pico_ws/install/rotors_swift_gazebo/share/rotors_swift_gazebo/resource/swift.yaml
[1.281s] -- Symlinking: /home/palash/pico_ws/install/rotors_swift_gazebo/share/rotors_swift_gazebo/worlds/swift_pico_world.sdf
[1.304s] -- Symlinking: /home/palash/pico_ws/install/rotors_swift_gazebo/share/ament_index/resource_index/package_run_dependencies/rotors_swift_gazebo
[1.329s] -- Symlinking: /home/palash/pico_ws/install/rotors_swift_gazebo/share/ament_index/resource_index/parent_prefix_path/rotors_swift_gazebo
[1.354s] -- Symlinking: /home/palash/pico_ws/install/rotors_swift_gazebo/share/rotors_swift_gazebo/environment/ament_prefix_path.sh
[1.381s] -- Symlinking: /home/palash/pico_ws/install/rotors_swift_gazebo/share/rotors_swift_gazebo/environment/ament_prefix_path.dsv
[1.430s] -- Symlinking: /home/palash/pico_ws/install/rotors_swift_gazebo/share/rotors_swift_gazebo/environment/path.sh
[1.480s] -- Symlinking: /home/palash/pico_ws/install/rotors_swift_gazebo/share/rotors_swift_gazebo/environment/path.dsv
[1.507s] -- Symlinking: /home/palash/pico_ws/install/rotors_swift_gazebo/share/rotors_swift_gazebo/local_setup.bash
[1.536s] -- Symlinking: /home/palash/pico_ws/install/rotors_swift_gazebo/share/rotors_swift_gazebo/local_setup.sh
[1.554s] -- Symlinking: /home/palash/pico_ws/install/rotors_swift_gazebo/share/rotors_swift_gazebo/local_setup.zsh
[1.591s] -- Symlinking: /home/palash/pico_ws/install/rotors_swift_gazebo/share/rotors_swift_gazebo/local_setup.dsv
[1.660s] -- Symlinking: /home/palash/pico_ws/install/rotors_swift_gazebo/share/rotors_swift_gazebo/package.dsv
[1.684s] -- Symlinking: /home/palash/pico_ws/install/rotors_swift_gazebo/share/ament_index/resource_index/packages/rotors_swift_gazebo
[1.751s] -- Symlinking: /home/palash/pico_ws/install/rotors_swift_gazebo/share/rotors_swift_gazebo/cmake/rotors_swift_gazeboConfig.cmake
[1.810s] -- Symlinking: /home/palash/pico_ws/install/rotors_swift_gazebo/share/rotors_swift_gazebo/cmake/rotors_swift_gazeboConfig-version.cmake
[1.835s] -- Symlinking: /home/palash/pico_ws/install/rotors_swift_gazebo/share/rotors_swift_gazebo/package.xml
[1.898s] Invoked command in '/home/palash/pico_ws/build/rotors_swift_gazebo' returned '0': CMAKE_PREFIX_PATH=/home/palash/pico_ws/install/rotors_swift_description:/home/palash/pico_ws/install/whycon:/home/palash/pico_ws/install/swift_pico:/home/palash/pico_ws/install/swift_pico_description:/home/palash/pico_ws/install/rotors_swift_interface:/home/palash/pico_ws/install/swift_msgs:/home/palash/pico_ws/install/rotors_swift_gazebo:/home/palash/pico_ws/install/rotors_control:/home/palash/pico_ws/install/pid_tune:/home/palash/pico_ws/install/mav_comm:/home/palash/pico_ws/install/mav_system_msgs:/home/palash/pico_ws/install/mav_state_machine_msgs:/home/palash/pico_ws/install/mav_planning_msgs:/home/palash/pico_ws/install/mav_msgs:/home/palash/pico_ws/install/error_msg:/home/palash/pico_ws/install/controller_msg:/home/palash/Downloads/turtlesim_ws/install/turtlesim:/home/palash/Downloads/turtlesim_ws/install/kd_task_1b:/opt/ros/humble /usr/bin/cmake --install /home/palash/pico_ws/build/rotors_swift_gazebo
