[0.024s] Invoking command in '/home/palash/pico_ws/build/rotors_swift_gazebo': CMAKE_PREFIX_PATH=/home/palash/pico_ws/install/rotors_swift_description:/home/palash/pico_ws/install/whycon:/home/palash/pico_ws/install/swift_pico:/home/palash/pico_ws/install/swift_pico_description:/home/palash/pico_ws/install/rotors_swift_interface:/home/palash/pico_ws/install/swift_msgs:/home/palash/pico_ws/install/rotors_swift_gazebo:/home/palash/pico_ws/install/rotors_control:/home/palash/pico_ws/install/pid_tune:/home/palash/pico_ws/install/mav_comm:/home/palash/pico_ws/install/mav_system_msgs:/home/palash/pico_ws/install/mav_state_machine_msgs:/home/palash/pico_ws/install/mav_planning_msgs:/home/palash/pico_ws/install/mav_msgs:/home/palash/pico_ws/install/error_msg:/home/palash/pico_ws/install/controller_msg:/home/palash/Downloads/turtlesim_ws/install/turtlesim:/home/palash/Downloads/turtlesim_ws/install/kd_task_1b:/opt/ros/humble /usr/bin/cmake /home/palash/pico_ws/src/rotors_simulator/rotors_swift_gazebo -DCMAKE_INSTALL_PREFIX=/home/palash/pico_ws/install/rotors_swift_gazebo
[0.042s] -- Found ament_cmake: 1.3.12 (/opt/ros/humble/share/ament_cmake/cmake)
[0.213s] -- Override CMake install command with custom implementation using symlinks instead of copying resources
[0.219s] -- Found rotors_swift_description: 0.0.0 (/home/palash/pico_ws/install/rotors_swift_description/share/rotors_swift_description/cmake)
[0.220s] -- Found ament_lint_auto: 0.12.14 (/opt/ros/humble/share/ament_lint_auto/cmake)
[0.304s] -- Configuring done
[0.307s] -- Generating done
[0.309s] -- Build files have been written to: /home/palash/pico_ws/build/rotors_swift_gazebo
[0.312s] Invoked command in '/home/palash/pico_ws/build/rotors_swift_gazebo' returned '0': CMAKE_PREFIX_PATH=/home/palash/pico_ws/install/rotors_swift_description:/home/palash/pico_ws/install/whycon:/home/palash/pico_ws/install/swift_pico:/home/palash/pico_ws/install/swift_pico_description:/home/palash/pico_ws/install/rotors_swift_interface:/home/palash/pico_ws/install/swift_msgs:/home/palash/pico_ws/install/rotors_swift_gazebo:/home/palash/pico_ws/install/rotors_control:/home/palash/pico_ws/install/pid_tune:/home/palash/pico_ws/install/mav_comm:/home/palash/pico_ws/install/mav_system_msgs:/home/palash/pico_ws/install/mav_state_machine_msgs:/home/palash/pico_ws/install/mav_planning_msgs:/home/palash/pico_ws/install/mav_msgs:/home/palash/pico_ws/install/error_msg:/home/palash/pico_ws/install/controller_msg:/home/palash/Downloads/turtlesim_ws/install/turtlesim:/home/palash/Downloads/turtlesim_ws/install/kd_task_1b:/opt/ros/humble /usr/bin/cmake /home/palash/pico_ws/src/rotors_simulator/rotors_swift_gazebo -DCMAKE_INSTALL_PREFIX=/home/palash/pico_ws/install/rotors_swift_gazebo
[0.314s] Invoking command in '/home/palash/pico_ws/build/rotors_swift_gazebo': CMAKE_PREFIX_PATH=/home/palash/pico_ws/install/rotors_swift_description:/home/palash/pico_ws/install/whycon:/home/palash/pico_ws/install/swift_pico:/home/palash/pico_ws/install/swift_pico_description:/home/palash/pico_ws/install/rotors_swift_interface:/home/palash/pico_ws/install/swift_msgs:/home/palash/pico_ws/install/rotors_swift_gazebo:/home/palash/pico_ws/install/rotors_control:/home/palash/pico_ws/install/pid_tune:/home/palash/pico_ws/install/mav_comm:/home/palash/pico_ws/install/mav_system_msgs:/home/palash/pico_ws/install/mav_state_machine_msgs:/home/palash/pico_ws/install/mav_planning_msgs:/home/palash/pico_ws/install/mav_msgs:/home/palash/pico_ws/install/error_msg:/home/palash/pico_ws/install/controller_msg:/home/palash/Downloads/turtlesim_ws/install/turtlesim:/home/palash/Downloads/turtlesim_ws/install/kd_task_1b:/opt/ros/humble /usr/bin/cmake --build /home/palash/pico_ws/build/rotors_swift_gazebo -- -j16 -l16
[0.371s] Invoked command in '/home/palash/pico_ws/build/rotors_swift_gazebo' returned '0': CMAKE_PREFIX_PATH=/home/palash/pico_ws/install/rotors_swift_description:/home/palash/pico_ws/install/whycon:/home/palash/pico_ws/install/swift_pico:/home/palash/pico_ws/install/swift_pico_description:/home/palash/pico_ws/install/rotors_swift_interface:/home/palash/pico_ws/install/swift_msgs:/home/palash/pico_ws/install/rotors_swift_gazebo:/home/palash/pico_ws/install/rotors_control:/home/palash/pico_ws/install/pid_tune:/home/palash/pico_ws/install/mav_comm:/home/palash/pico_ws/install/mav_system_msgs:/home/palash/pico_ws/install/mav_state_machine_msgs:/home/palash/pico_ws/install/mav_planning_msgs:/home/palash/pico_ws/install/mav_msgs:/home/palash/pico_ws/install/error_msg:/home/palash/pico_ws/install/controller_msg:/home/palash/Downloads/turtlesim_ws/install/turtlesim:/home/palash/Downloads/turtlesim_ws/install/kd_task_1b:/opt/ros/humble /usr/bin/cmake --build /home/palash/pico_ws/build/rotors_swift_gazebo -- -j16 -l16
[0.374s] Invoking command in '/home/palash/pico_ws/build/rotors_swift_gazebo': CMAKE_PREFIX_PATH=/home/palash/pico_ws/install/rotors_swift_description:/home/palash/pico_ws/install/whycon:/home/palash/pico_ws/install/swift_pico:/home/palash/pico_ws/install/swift_pico_description:/home/palash/pico_ws/install/rotors_swift_interface:/home/palash/pico_ws/install/swift_msgs:/home/palash/pico_ws/install/rotors_swift_gazebo:/home/palash/pico_ws/install/rotors_control:/home/palash/pico_ws/install/pid_tune:/home/palash/pico_ws/install/mav_comm:/home/palash/pico_ws/install/mav_system_msgs:/home/palash/pico_ws/install/mav_state_machine_msgs:/home/palash/pico_ws/install/mav_planning_msgs:/home/palash/pico_ws/install/mav_msgs:/home/palash/pico_ws/install/error_msg:/home/palash/pico_ws/install/controller_msg:/home/palash/Downloads/turtlesim_ws/install/turtlesim:/home/palash/Downloads/turtlesim_ws/install/kd_task_1b:/opt/ros/humble /usr/bin/cmake --install /home/palash/pico_ws/build/rotors_swift_gazebo
[0.385s] -- Install configuration: ""
[0.385s] -- Execute custom install script
[0.386s] -- Up-to-date symlink: /home/palash/pico_ws/install/rotors_swift_gazebo/share/rotors_swift_gazebo/launch/swift_pico_simulation.launch.py
[0.386s] -- Up-to-date symlink: /home/palash/pico_ws/install/rotors_swift_gazebo/share/rotors_swift_gazebo/config/swift_pico_bridge.yaml
[0.386s] -- Up-to-date symlink: /home/palash/pico_ws/install/rotors_swift_gazebo/share/rotors_swift_gazebo/resource/roll_pitch_yawrate_thrust_controller_swift.yaml
[0.386s] -- Up-to-date symlink: /home/palash/pico_ws/install/rotors_swift_gazebo/share/rotors_swift_gazebo/resource/roll_pitch_yawrate_thrust_controller_swift_big.yaml
[0.386s] -- Up-to-date symlink: /home/palash/pico_ws/install/rotors_swift_gazebo/share/rotors_swift_gazebo/resource/swift.yaml
[0.387s] -- Up-to-date symlink: /home/palash/pico_ws/install/rotors_swift_gazebo/share/rotors_swift_gazebo/worlds/swift_pico_world.sdf
[0.387s] -- Up-to-date symlink: /home/palash/pico_ws/install/rotors_swift_gazebo/share/ament_index/resource_index/package_run_dependencies/rotors_swift_gazebo
[0.387s] -- Up-to-date symlink: /home/palash/pico_ws/install/rotors_swift_gazebo/share/ament_index/resource_index/parent_prefix_path/rotors_swift_gazebo
[0.387s] -- Up-to-date symlink: /home/palash/pico_ws/install/rotors_swift_gazebo/share/rotors_swift_gazebo/environment/ament_prefix_path.sh
[0.387s] -- Up-to-date symlink: /home/palash/pico_ws/install/rotors_swift_gazebo/share/rotors_swift_gazebo/environment/ament_prefix_path.dsv
[0.387s] -- Up-to-date symlink: /home/palash/pico_ws/install/rotors_swift_gazebo/share/rotors_swift_gazebo/environment/path.sh
[0.388s] -- Up-to-date symlink: /home/palash/pico_ws/install/rotors_swift_gazebo/share/rotors_swift_gazebo/environment/path.dsv
[0.388s] -- Up-to-date symlink: /home/palash/pico_ws/install/rotors_swift_gazebo/share/rotors_swift_gazebo/local_setup.bash
[0.388s] -- Up-to-date symlink: /home/palash/pico_ws/install/rotors_swift_gazebo/share/rotors_swift_gazebo/local_setup.sh
[0.388s] -- Up-to-date symlink: /home/palash/pico_ws/install/rotors_swift_gazebo/share/rotors_swift_gazebo/local_setup.zsh
[0.388s] -- Up-to-date symlink: /home/palash/pico_ws/install/rotors_swift_gazebo/share/rotors_swift_gazebo/local_setup.dsv
[0.388s] -- Symlinking: /home/palash/pico_ws/install/rotors_swift_gazebo/share/rotors_swift_gazebo/package.dsv
[0.403s] -- Up-to-date symlink: /home/palash/pico_ws/install/rotors_swift_gazebo/share/ament_index/resource_index/packages/rotors_swift_gazebo
[0.403s] -- Up-to-date symlink: /home/palash/pico_ws/install/rotors_swift_gazebo/share/rotors_swift_gazebo/cmake/rotors_swift_gazeboConfig.cmake
[0.403s] -- Up-to-date symlink: /home/palash/pico_ws/install/rotors_swift_gazebo/share/rotors_swift_gazebo/cmake/rotors_swift_gazeboConfig-version.cmake
[0.403s] -- Up-to-date symlink: /home/palash/pico_ws/install/rotors_swift_gazebo/share/rotors_swift_gazebo/package.xml
[0.406s] Invoked command in '/home/palash/pico_ws/build/rotors_swift_gazebo' returned '0': CMAKE_PREFIX_PATH=/home/palash/pico_ws/install/rotors_swift_description:/home/palash/pico_ws/install/whycon:/home/palash/pico_ws/install/swift_pico:/home/palash/pico_ws/install/swift_pico_description:/home/palash/pico_ws/install/rotors_swift_interface:/home/palash/pico_ws/install/swift_msgs:/home/palash/pico_ws/install/rotors_swift_gazebo:/home/palash/pico_ws/install/rotors_control:/home/palash/pico_ws/install/pid_tune:/home/palash/pico_ws/install/mav_comm:/home/palash/pico_ws/install/mav_system_msgs:/home/palash/pico_ws/install/mav_state_machine_msgs:/home/palash/pico_ws/install/mav_planning_msgs:/home/palash/pico_ws/install/mav_msgs:/home/palash/pico_ws/install/error_msg:/home/palash/pico_ws/install/controller_msg:/home/palash/Downloads/turtlesim_ws/install/turtlesim:/home/palash/Downloads/turtlesim_ws/install/kd_task_1b:/opt/ros/humble /usr/bin/cmake --install /home/palash/pico_ws/build/rotors_swift_gazebo
