[0.150s] DEBUG:colcon:Command line arguments: ['/usr/bin/colcon', 'build', '--packages-select', 'swift_pico']
[0.150s] DEBUG:colcon:Parsed command line arguments: Namespace(log_base=None, log_level=None, verb_name='build', build_base='build', install_base='install', merge_install=False, symlink_install=False, test_result_base=None, continue_on_error=False, executor='parallel', parallel_workers=16, event_handlers=None, ignore_user_meta=False, metas=['./colcon.meta'], base_paths=['.'], packages_ignore=None, packages_ignore_regex=None, paths=None, packages_up_to=None, packages_up_to_regex=None, packages_above=None, packages_above_and_dependencies=None, packages_above_depth=None, packages_select_by_dep=None, packages_skip_by_dep=None, packages_skip_up_to=None, packages_select_build_failed=False, packages_skip_build_finished=False, packages_select_test_failures=False, packages_skip_test_passed=False, packages_select=['swift_pico'], packages_skip=None, packages_select_regex=None, packages_skip_regex=None, packages_start=None, packages_end=None, allow_overriding=[], cmake_args=None, cmake_target=None, cmake_target_skip_unavailable=False, cmake_clean_cache=False, cmake_clean_first=False, cmake_force_configure=False, ament_cmake_args=None, catkin_cmake_args=None, catkin_skip_building_tests=False, mixin_files=None, mixin=None, verb_parser=<colcon_mixin.mixin.mixin_argument.MixinArgumentDecorator object at 0x78f63858c5e0>, verb_extension=<colcon_core.verb.build.BuildVerb object at 0x78f63850d120>, main=<bound method BuildVerb.main of <colcon_core.verb.build.BuildVerb object at 0x78f63850d120>>, mixin_verb=('build',))
[0.406s] Level 1:colcon.colcon_core.package_discovery:discover_packages(colcon_meta) check parameters
[0.406s] Level 1:colcon.colcon_core.package_discovery:discover_packages(recursive) check parameters
[0.406s] Level 1:colcon.colcon_core.package_discovery:discover_packages(ignore) check parameters
[0.406s] Level 1:colcon.colcon_core.package_discovery:discover_packages(path) check parameters
[0.406s] Level 1:colcon.colcon_core.package_discovery:discover_packages(colcon_meta) discover
[0.406s] Level 1:colcon.colcon_core.package_discovery:discover_packages(recursive) discover
[0.406s] INFO:colcon.colcon_core.package_discovery:Crawling recursively for packages in '/home/palash/pico_ws'
[0.406s] Level 1:colcon.colcon_core.package_identification:_identify(.) by extensions ['ignore', 'ignore_ament_install']
[0.406s] Level 1:colcon.colcon_core.package_identification:_identify(.) by extension 'ignore'
[0.406s] Level 1:colcon.colcon_core.package_identification:_identify(.) by extension 'ignore_ament_install'
[0.406s] Level 1:colcon.colcon_core.package_identification:_identify(.) by extensions ['colcon_pkg']
[0.407s] Level 1:colcon.colcon_core.package_identification:_identify(.) by extension 'colcon_pkg'
[0.407s] Level 1:colcon.colcon_core.package_identification:_identify(.) by extensions ['colcon_meta']
[0.407s] Level 1:colcon.colcon_core.package_identification:_identify(.) by extension 'colcon_meta'
[0.407s] Level 1:colcon.colcon_core.package_identification:_identify(.) by extensions ['ros']
[0.407s] Level 1:colcon.colcon_core.package_identification:_identify(.) by extension 'ros'
[0.417s] Level 1:colcon.colcon_core.package_identification:_identify(.) by extensions ['cmake', 'python']
[0.417s] Level 1:colcon.colcon_core.package_identification:_identify(.) by extension 'cmake'
[0.417s] Level 1:colcon.colcon_core.package_identification:_identify(.) by extension 'python'
[0.417s] Level 1:colcon.colcon_core.package_identification:_identify(.) by extensions ['python_setup_py']
[0.417s] Level 1:colcon.colcon_core.package_identification:_identify(.) by extension 'python_setup_py'
[0.418s] Level 1:colcon.colcon_core.package_identification:_identify(build) by extensions ['ignore', 'ignore_ament_install']
[0.418s] Level 1:colcon.colcon_core.package_identification:_identify(build) by extension 'ignore'
[0.418s] Level 1:colcon.colcon_core.package_identification:_identify(build) ignored
[0.418s] Level 1:colcon.colcon_core.package_identification:_identify(install) by extensions ['ignore', 'ignore_ament_install']
[0.418s] Level 1:colcon.colcon_core.package_identification:_identify(install) by extension 'ignore'
[0.418s] Level 1:colcon.colcon_core.package_identification:_identify(install) ignored
[0.418s] Level 1:colcon.colcon_core.package_identification:_identify(log) by extensions ['ignore', 'ignore_ament_install']
[0.418s] Level 1:colcon.colcon_core.package_identification:_identify(log) by extension 'ignore'
[0.418s] Level 1:colcon.colcon_core.package_identification:_identify(log) ignored
[0.418s] Level 1:colcon.colcon_core.package_identification:_identify(src) by extensions ['ignore', 'ignore_ament_install']
[0.418s] Level 1:colcon.colcon_core.package_identification:_identify(src) by extension 'ignore'
[0.418s] Level 1:colcon.colcon_core.package_identification:_identify(src) by extension 'ignore_ament_install'
[0.418s] Level 1:colcon.colcon_core.package_identification:_identify(src) by extensions ['colcon_pkg']
[0.418s] Level 1:colcon.colcon_core.package_identification:_identify(src) by extension 'colcon_pkg'
[0.419s] Level 1:colcon.colcon_core.package_identification:_identify(src) by extensions ['colcon_meta']
[0.419s] Level 1:colcon.colcon_core.package_identification:_identify(src) by extension 'colcon_meta'
[0.419s] Level 1:colcon.colcon_core.package_identification:_identify(src) by extensions ['ros']
[0.419s] Level 1:colcon.colcon_core.package_identification:_identify(src) by extension 'ros'
[0.419s] Level 1:colcon.colcon_core.package_identification:_identify(src) by extensions ['cmake', 'python']
[0.419s] Level 1:colcon.colcon_core.package_identification:_identify(src) by extension 'cmake'
[0.419s] Level 1:colcon.colcon_core.package_identification:_identify(src) by extension 'python'
[0.419s] Level 1:colcon.colcon_core.package_identification:_identify(src) by extensions ['python_setup_py']
[0.419s] Level 1:colcon.colcon_core.package_identification:_identify(src) by extension 'python_setup_py'
[0.419s] Level 1:colcon.colcon_core.package_identification:_identify(src/controller_tuner) by extensions ['ignore', 'ignore_ament_install']
[0.419s] Level 1:colcon.colcon_core.package_identification:_identify(src/controller_tuner) by extension 'ignore'
[0.419s] Level 1:colcon.colcon_core.package_identification:_identify(src/controller_tuner) by extension 'ignore_ament_install'
[0.419s] Level 1:colcon.colcon_core.package_identification:_identify(src/controller_tuner) by extensions ['colcon_pkg']
[0.419s] Level 1:colcon.colcon_core.package_identification:_identify(src/controller_tuner) by extension 'colcon_pkg'
[0.419s] Level 1:colcon.colcon_core.package_identification:_identify(src/controller_tuner) by extensions ['colcon_meta']
[0.419s] Level 1:colcon.colcon_core.package_identification:_identify(src/controller_tuner) by extension 'colcon_meta'
[0.419s] Level 1:colcon.colcon_core.package_identification:_identify(src/controller_tuner) by extensions ['ros']
[0.419s] Level 1:colcon.colcon_core.package_identification:_identify(src/controller_tuner) by extension 'ros'
[0.419s] Level 1:colcon.colcon_core.package_identification:_identify(src/controller_tuner) by extensions ['cmake', 'python']
[0.419s] Level 1:colcon.colcon_core.package_identification:_identify(src/controller_tuner) by extension 'cmake'
[0.420s] Level 1:colcon.colcon_core.package_identification:_identify(src/controller_tuner) by extension 'python'
[0.420s] Level 1:colcon.colcon_core.package_identification:_identify(src/controller_tuner) by extensions ['python_setup_py']
[0.420s] Level 1:colcon.colcon_core.package_identification:_identify(src/controller_tuner) by extension 'python_setup_py'
[0.420s] Level 1:colcon.colcon_core.package_identification:_identify(src/controller_tuner/controller_msg) by extensions ['ignore', 'ignore_ament_install']
[0.420s] Level 1:colcon.colcon_core.package_identification:_identify(src/controller_tuner/controller_msg) by extension 'ignore'
[0.420s] Level 1:colcon.colcon_core.package_identification:_identify(src/controller_tuner/controller_msg) by extension 'ignore_ament_install'
[0.420s] Level 1:colcon.colcon_core.package_identification:_identify(src/controller_tuner/controller_msg) by extensions ['colcon_pkg']
[0.420s] Level 1:colcon.colcon_core.package_identification:_identify(src/controller_tuner/controller_msg) by extension 'colcon_pkg'
[0.420s] Level 1:colcon.colcon_core.package_identification:_identify(src/controller_tuner/controller_msg) by extensions ['colcon_meta']
[0.420s] Level 1:colcon.colcon_core.package_identification:_identify(src/controller_tuner/controller_msg) by extension 'colcon_meta'
[0.420s] Level 1:colcon.colcon_core.package_identification:_identify(src/controller_tuner/controller_msg) by extensions ['ros']
[0.420s] Level 1:colcon.colcon_core.package_identification:_identify(src/controller_tuner/controller_msg) by extension 'ros'
[0.422s] DEBUG:colcon.colcon_core.package_identification:Package 'src/controller_tuner/controller_msg' with type 'ros.ament_cmake' and name 'controller_msg'
[0.422s] Level 1:colcon.colcon_core.package_identification:_identify(src/controller_tuner/error_msg) by extensions ['ignore', 'ignore_ament_install']
[0.423s] Level 1:colcon.colcon_core.package_identification:_identify(src/controller_tuner/error_msg) by extension 'ignore'
[0.423s] Level 1:colcon.colcon_core.package_identification:_identify(src/controller_tuner/error_msg) by extension 'ignore_ament_install'
[0.423s] Level 1:colcon.colcon_core.package_identification:_identify(src/controller_tuner/error_msg) by extensions ['colcon_pkg']
[0.423s] Level 1:colcon.colcon_core.package_identification:_identify(src/controller_tuner/error_msg) by extension 'colcon_pkg'
[0.423s] Level 1:colcon.colcon_core.package_identification:_identify(src/controller_tuner/error_msg) by extensions ['colcon_meta']
[0.423s] Level 1:colcon.colcon_core.package_identification:_identify(src/controller_tuner/error_msg) by extension 'colcon_meta'
[0.423s] Level 1:colcon.colcon_core.package_identification:_identify(src/controller_tuner/error_msg) by extensions ['ros']
[0.423s] Level 1:colcon.colcon_core.package_identification:_identify(src/controller_tuner/error_msg) by extension 'ros'
[0.424s] DEBUG:colcon.colcon_core.package_identification:Package 'src/controller_tuner/error_msg' with type 'ros.ament_cmake' and name 'error_msg'
[0.424s] Level 1:colcon.colcon_core.package_identification:_identify(src/controller_tuner/pid_tune) by extensions ['ignore', 'ignore_ament_install']
[0.424s] Level 1:colcon.colcon_core.package_identification:_identify(src/controller_tuner/pid_tune) by extension 'ignore'
[0.425s] Level 1:colcon.colcon_core.package_identification:_identify(src/controller_tuner/pid_tune) by extension 'ignore_ament_install'
[0.425s] Level 1:colcon.colcon_core.package_identification:_identify(src/controller_tuner/pid_tune) by extensions ['colcon_pkg']
[0.425s] Level 1:colcon.colcon_core.package_identification:_identify(src/controller_tuner/pid_tune) by extension 'colcon_pkg'
[0.425s] Level 1:colcon.colcon_core.package_identification:_identify(src/controller_tuner/pid_tune) by extensions ['colcon_meta']
[0.425s] Level 1:colcon.colcon_core.package_identification:_identify(src/controller_tuner/pid_tune) by extension 'colcon_meta'
[0.425s] Level 1:colcon.colcon_core.package_identification:_identify(src/controller_tuner/pid_tune) by extensions ['ros']
[0.425s] Level 1:colcon.colcon_core.package_identification:_identify(src/controller_tuner/pid_tune) by extension 'ros'
[0.425s] DEBUG:colcon.colcon_core.package_identification:Package 'src/controller_tuner/pid_tune' with type 'ros.ament_cmake' and name 'pid_tune'
[0.425s] Level 1:colcon.colcon_core.package_identification:_identify(src/mav_comm) by extensions ['ignore', 'ignore_ament_install']
[0.425s] Level 1:colcon.colcon_core.package_identification:_identify(src/mav_comm) by extension 'ignore'
[0.426s] Level 1:colcon.colcon_core.package_identification:_identify(src/mav_comm) by extension 'ignore_ament_install'
[0.426s] Level 1:colcon.colcon_core.package_identification:_identify(src/mav_comm) by extensions ['colcon_pkg']
[0.426s] Level 1:colcon.colcon_core.package_identification:_identify(src/mav_comm) by extension 'colcon_pkg'
[0.426s] Level 1:colcon.colcon_core.package_identification:_identify(src/mav_comm) by extensions ['colcon_meta']
[0.426s] Level 1:colcon.colcon_core.package_identification:_identify(src/mav_comm) by extension 'colcon_meta'
[0.426s] Level 1:colcon.colcon_core.package_identification:_identify(src/mav_comm) by extensions ['ros']
[0.426s] Level 1:colcon.colcon_core.package_identification:_identify(src/mav_comm) by extension 'ros'
[0.426s] Level 1:colcon.colcon_core.package_identification:_identify(src/mav_comm) by extensions ['cmake', 'python']
[0.426s] Level 1:colcon.colcon_core.package_identification:_identify(src/mav_comm) by extension 'cmake'
[0.426s] Level 1:colcon.colcon_core.package_identification:_identify(src/mav_comm) by extension 'python'
[0.426s] Level 1:colcon.colcon_core.package_identification:_identify(src/mav_comm) by extensions ['python_setup_py']
[0.426s] Level 1:colcon.colcon_core.package_identification:_identify(src/mav_comm) by extension 'python_setup_py'
[0.426s] Level 1:colcon.colcon_core.package_identification:_identify(src/mav_comm/mav_comm) by extensions ['ignore', 'ignore_ament_install']
[0.426s] Level 1:colcon.colcon_core.package_identification:_identify(src/mav_comm/mav_comm) by extension 'ignore'
[0.426s] Level 1:colcon.colcon_core.package_identification:_identify(src/mav_comm/mav_comm) by extension 'ignore_ament_install'
[0.426s] Level 1:colcon.colcon_core.package_identification:_identify(src/mav_comm/mav_comm) by extensions ['colcon_pkg']
[0.426s] Level 1:colcon.colcon_core.package_identification:_identify(src/mav_comm/mav_comm) by extension 'colcon_pkg'
[0.426s] Level 1:colcon.colcon_core.package_identification:_identify(src/mav_comm/mav_comm) by extensions ['colcon_meta']
[0.426s] Level 1:colcon.colcon_core.package_identification:_identify(src/mav_comm/mav_comm) by extension 'colcon_meta'
[0.427s] Level 1:colcon.colcon_core.package_identification:_identify(src/mav_comm/mav_comm) by extensions ['ros']
[0.427s] Level 1:colcon.colcon_core.package_identification:_identify(src/mav_comm/mav_comm) by extension 'ros'
[0.427s] DEBUG:colcon.colcon_core.package_identification:Package 'src/mav_comm/mav_comm' with type 'ros.ament_cmake' and name 'mav_comm'
[0.427s] Level 1:colcon.colcon_core.package_identification:_identify(src/mav_comm/mav_msgs) by extensions ['ignore', 'ignore_ament_install']
[0.427s] Level 1:colcon.colcon_core.package_identification:_identify(src/mav_comm/mav_msgs) by extension 'ignore'
[0.427s] Level 1:colcon.colcon_core.package_identification:_identify(src/mav_comm/mav_msgs) by extension 'ignore_ament_install'
[0.427s] Level 1:colcon.colcon_core.package_identification:_identify(src/mav_comm/mav_msgs) by extensions ['colcon_pkg']
[0.427s] Level 1:colcon.colcon_core.package_identification:_identify(src/mav_comm/mav_msgs) by extension 'colcon_pkg'
[0.428s] Level 1:colcon.colcon_core.package_identification:_identify(src/mav_comm/mav_msgs) by extensions ['colcon_meta']
[0.428s] Level 1:colcon.colcon_core.package_identification:_identify(src/mav_comm/mav_msgs) by extension 'colcon_meta'
[0.428s] Level 1:colcon.colcon_core.package_identification:_identify(src/mav_comm/mav_msgs) by extensions ['ros']
[0.428s] Level 1:colcon.colcon_core.package_identification:_identify(src/mav_comm/mav_msgs) by extension 'ros'
[0.429s] DEBUG:colcon.colcon_core.package_identification:Package 'src/mav_comm/mav_msgs' with type 'ros.ament_cmake' and name 'mav_msgs'
[0.429s] Level 1:colcon.colcon_core.package_identification:_identify(src/mav_comm/mav_planning_msgs) by extensions ['ignore', 'ignore_ament_install']
[0.429s] Level 1:colcon.colcon_core.package_identification:_identify(src/mav_comm/mav_planning_msgs) by extension 'ignore'
[0.429s] Level 1:colcon.colcon_core.package_identification:_identify(src/mav_comm/mav_planning_msgs) by extension 'ignore_ament_install'
[0.429s] Level 1:colcon.colcon_core.package_identification:_identify(src/mav_comm/mav_planning_msgs) by extensions ['colcon_pkg']
[0.429s] Level 1:colcon.colcon_core.package_identification:_identify(src/mav_comm/mav_planning_msgs) by extension 'colcon_pkg'
[0.429s] Level 1:colcon.colcon_core.package_identification:_identify(src/mav_comm/mav_planning_msgs) by extensions ['colcon_meta']
[0.429s] Level 1:colcon.colcon_core.package_identification:_identify(src/mav_comm/mav_planning_msgs) by extension 'colcon_meta'
[0.429s] Level 1:colcon.colcon_core.package_identification:_identify(src/mav_comm/mav_planning_msgs) by extensions ['ros']
[0.429s] Level 1:colcon.colcon_core.package_identification:_identify(src/mav_comm/mav_planning_msgs) by extension 'ros'
[0.439s] DEBUG:colcon.colcon_core.package_identification:Package 'src/mav_comm/mav_planning_msgs' with type 'ros.ament_cmake' and name 'mav_planning_msgs'
[0.439s] Level 1:colcon.colcon_core.package_identification:_identify(src/mav_comm/mav_state_machine_msgs) by extensions ['ignore', 'ignore_ament_install']
[0.439s] Level 1:colcon.colcon_core.package_identification:_identify(src/mav_comm/mav_state_machine_msgs) by extension 'ignore'
[0.439s] Level 1:colcon.colcon_core.package_identification:_identify(src/mav_comm/mav_state_machine_msgs) by extension 'ignore_ament_install'
[0.439s] Level 1:colcon.colcon_core.package_identification:_identify(src/mav_comm/mav_state_machine_msgs) by extensions ['colcon_pkg']
[0.439s] Level 1:colcon.colcon_core.package_identification:_identify(src/mav_comm/mav_state_machine_msgs) by extension 'colcon_pkg'
[0.439s] Level 1:colcon.colcon_core.package_identification:_identify(src/mav_comm/mav_state_machine_msgs) by extensions ['colcon_meta']
[0.440s] Level 1:colcon.colcon_core.package_identification:_identify(src/mav_comm/mav_state_machine_msgs) by extension 'colcon_meta'
[0.440s] Level 1:colcon.colcon_core.package_identification:_identify(src/mav_comm/mav_state_machine_msgs) by extensions ['ros']
[0.440s] Level 1:colcon.colcon_core.package_identification:_identify(src/mav_comm/mav_state_machine_msgs) by extension 'ros'
[0.440s] DEBUG:colcon.colcon_core.package_identification:Package 'src/mav_comm/mav_state_machine_msgs' with type 'ros.ament_cmake' and name 'mav_state_machine_msgs'
[0.440s] Level 1:colcon.colcon_core.package_identification:_identify(src/mav_comm/mav_system_msgs) by extensions ['ignore', 'ignore_ament_install']
[0.440s] Level 1:colcon.colcon_core.package_identification:_identify(src/mav_comm/mav_system_msgs) by extension 'ignore'
[0.441s] Level 1:colcon.colcon_core.package_identification:_identify(src/mav_comm/mav_system_msgs) by extension 'ignore_ament_install'
[0.441s] Level 1:colcon.colcon_core.package_identification:_identify(src/mav_comm/mav_system_msgs) by extensions ['colcon_pkg']
[0.441s] Level 1:colcon.colcon_core.package_identification:_identify(src/mav_comm/mav_system_msgs) by extension 'colcon_pkg'
[0.441s] Level 1:colcon.colcon_core.package_identification:_identify(src/mav_comm/mav_system_msgs) by extensions ['colcon_meta']
[0.441s] Level 1:colcon.colcon_core.package_identification:_identify(src/mav_comm/mav_system_msgs) by extension 'colcon_meta'
[0.441s] Level 1:colcon.colcon_core.package_identification:_identify(src/mav_comm/mav_system_msgs) by extensions ['ros']
[0.441s] Level 1:colcon.colcon_core.package_identification:_identify(src/mav_comm/mav_system_msgs) by extension 'ros'
[0.442s] DEBUG:colcon.colcon_core.package_identification:Package 'src/mav_comm/mav_system_msgs' with type 'ros.ament_cmake' and name 'mav_system_msgs'
[0.442s] Level 1:colcon.colcon_core.package_identification:_identify(src/rotors_simulator) by extensions ['ignore', 'ignore_ament_install']
[0.442s] Level 1:colcon.colcon_core.package_identification:_identify(src/rotors_simulator) by extension 'ignore'
[0.442s] Level 1:colcon.colcon_core.package_identification:_identify(src/rotors_simulator) by extension 'ignore_ament_install'
[0.442s] Level 1:colcon.colcon_core.package_identification:_identify(src/rotors_simulator) by extensions ['colcon_pkg']
[0.442s] Level 1:colcon.colcon_core.package_identification:_identify(src/rotors_simulator) by extension 'colcon_pkg'
[0.442s] Level 1:colcon.colcon_core.package_identification:_identify(src/rotors_simulator) by extensions ['colcon_meta']
[0.442s] Level 1:colcon.colcon_core.package_identification:_identify(src/rotors_simulator) by extension 'colcon_meta'
[0.442s] Level 1:colcon.colcon_core.package_identification:_identify(src/rotors_simulator) by extensions ['ros']
[0.442s] Level 1:colcon.colcon_core.package_identification:_identify(src/rotors_simulator) by extension 'ros'
[0.442s] Level 1:colcon.colcon_core.package_identification:_identify(src/rotors_simulator) by extensions ['cmake', 'python']
[0.442s] Level 1:colcon.colcon_core.package_identification:_identify(src/rotors_simulator) by extension 'cmake'
[0.442s] Level 1:colcon.colcon_core.package_identification:_identify(src/rotors_simulator) by extension 'python'
[0.443s] Level 1:colcon.colcon_core.package_identification:_identify(src/rotors_simulator) by extensions ['python_setup_py']
[0.443s] Level 1:colcon.colcon_core.package_identification:_identify(src/rotors_simulator) by extension 'python_setup_py'
[0.443s] Level 1:colcon.colcon_core.package_identification:_identify(src/rotors_simulator/rotors_control) by extensions ['ignore', 'ignore_ament_install']
[0.443s] Level 1:colcon.colcon_core.package_identification:_identify(src/rotors_simulator/rotors_control) by extension 'ignore'
[0.443s] Level 1:colcon.colcon_core.package_identification:_identify(src/rotors_simulator/rotors_control) by extension 'ignore_ament_install'
[0.443s] Level 1:colcon.colcon_core.package_identification:_identify(src/rotors_simulator/rotors_control) by extensions ['colcon_pkg']
[0.443s] Level 1:colcon.colcon_core.package_identification:_identify(src/rotors_simulator/rotors_control) by extension 'colcon_pkg'
[0.443s] Level 1:colcon.colcon_core.package_identification:_identify(src/rotors_simulator/rotors_control) by extensions ['colcon_meta']
[0.443s] Level 1:colcon.colcon_core.package_identification:_identify(src/rotors_simulator/rotors_control) by extension 'colcon_meta'
[0.443s] Level 1:colcon.colcon_core.package_identification:_identify(src/rotors_simulator/rotors_control) by extensions ['ros']
[0.443s] Level 1:colcon.colcon_core.package_identification:_identify(src/rotors_simulator/rotors_control) by extension 'ros'
[0.444s] DEBUG:colcon.colcon_core.package_identification:Package 'src/rotors_simulator/rotors_control' with type 'ros.ament_cmake' and name 'rotors_control'
[0.444s] Level 1:colcon.colcon_core.package_identification:_identify(src/rotors_simulator/rotors_swift_description) by extensions ['ignore', 'ignore_ament_install']
[0.444s] Level 1:colcon.colcon_core.package_identification:_identify(src/rotors_simulator/rotors_swift_description) by extension 'ignore'
[0.444s] Level 1:colcon.colcon_core.package_identification:_identify(src/rotors_simulator/rotors_swift_description) by extension 'ignore_ament_install'
[0.444s] Level 1:colcon.colcon_core.package_identification:_identify(src/rotors_simulator/rotors_swift_description) by extensions ['colcon_pkg']
[0.444s] Level 1:colcon.colcon_core.package_identification:_identify(src/rotors_simulator/rotors_swift_description) by extension 'colcon_pkg'
[0.444s] Level 1:colcon.colcon_core.package_identification:_identify(src/rotors_simulator/rotors_swift_description) by extensions ['colcon_meta']
[0.444s] Level 1:colcon.colcon_core.package_identification:_identify(src/rotors_simulator/rotors_swift_description) by extension 'colcon_meta'
[0.444s] Level 1:colcon.colcon_core.package_identification:_identify(src/rotors_simulator/rotors_swift_description) by extensions ['ros']
[0.444s] Level 1:colcon.colcon_core.package_identification:_identify(src/rotors_simulator/rotors_swift_description) by extension 'ros'
[0.445s] DEBUG:colcon.colcon_core.package_identification:Package 'src/rotors_simulator/rotors_swift_description' with type 'ros.ament_cmake' and name 'rotors_swift_description'
[0.445s] Level 1:colcon.colcon_core.package_identification:_identify(src/rotors_simulator/rotors_swift_gazebo) by extensions ['ignore', 'ignore_ament_install']
[0.445s] Level 1:colcon.colcon_core.package_identification:_identify(src/rotors_simulator/rotors_swift_gazebo) by extension 'ignore'
[0.445s] Level 1:colcon.colcon_core.package_identification:_identify(src/rotors_simulator/rotors_swift_gazebo) by extension 'ignore_ament_install'
[0.445s] Level 1:colcon.colcon_core.package_identification:_identify(src/rotors_simulator/rotors_swift_gazebo) by extensions ['colcon_pkg']
[0.445s] Level 1:colcon.colcon_core.package_identification:_identify(src/rotors_simulator/rotors_swift_gazebo) by extension 'colcon_pkg'
[0.445s] Level 1:colcon.colcon_core.package_identification:_identify(src/rotors_simulator/rotors_swift_gazebo) by extensions ['colcon_meta']
[0.445s] Level 1:colcon.colcon_core.package_identification:_identify(src/rotors_simulator/rotors_swift_gazebo) by extension 'colcon_meta'
[0.445s] Level 1:colcon.colcon_core.package_identification:_identify(src/rotors_simulator/rotors_swift_gazebo) by extensions ['ros']
[0.445s] Level 1:colcon.colcon_core.package_identification:_identify(src/rotors_simulator/rotors_swift_gazebo) by extension 'ros'
[0.446s] DEBUG:colcon.colcon_core.package_identification:Package 'src/rotors_simulator/rotors_swift_gazebo' with type 'ros.ament_cmake' and name 'rotors_swift_gazebo'
[0.446s] Level 1:colcon.colcon_core.package_identification:_identify(src/rotors_simulator/rotors_swift_interface) by extensions ['ignore', 'ignore_ament_install']
[0.446s] Level 1:colcon.colcon_core.package_identification:_identify(src/rotors_simulator/rotors_swift_interface) by extension 'ignore'
[0.446s] Level 1:colcon.colcon_core.package_identification:_identify(src/rotors_simulator/rotors_swift_interface) by extension 'ignore_ament_install'
[0.446s] Level 1:colcon.colcon_core.package_identification:_identify(src/rotors_simulator/rotors_swift_interface) by extensions ['colcon_pkg']
[0.447s] Level 1:colcon.colcon_core.package_identification:_identify(src/rotors_simulator/rotors_swift_interface) by extension 'colcon_pkg'
[0.447s] Level 1:colcon.colcon_core.package_identification:_identify(src/rotors_simulator/rotors_swift_interface) by extensions ['colcon_meta']
[0.447s] Level 1:colcon.colcon_core.package_identification:_identify(src/rotors_simulator/rotors_swift_interface) by extension 'colcon_meta'
[0.447s] Level 1:colcon.colcon_core.package_identification:_identify(src/rotors_simulator/rotors_swift_interface) by extensions ['ros']
[0.447s] Level 1:colcon.colcon_core.package_identification:_identify(src/rotors_simulator/rotors_swift_interface) by extension 'ros'
[0.447s] DEBUG:colcon.colcon_core.package_identification:Package 'src/rotors_simulator/rotors_swift_interface' with type 'ros.ament_cmake' and name 'rotors_swift_interface'
[0.447s] Level 1:colcon.colcon_core.package_identification:_identify(src/rotors_simulator/swift_msgs) by extensions ['ignore', 'ignore_ament_install']
[0.447s] Level 1:colcon.colcon_core.package_identification:_identify(src/rotors_simulator/swift_msgs) by extension 'ignore'
[0.447s] Level 1:colcon.colcon_core.package_identification:_identify(src/rotors_simulator/swift_msgs) by extension 'ignore_ament_install'
[0.448s] Level 1:colcon.colcon_core.package_identification:_identify(src/rotors_simulator/swift_msgs) by extensions ['colcon_pkg']
[0.448s] Level 1:colcon.colcon_core.package_identification:_identify(src/rotors_simulator/swift_msgs) by extension 'colcon_pkg'
[0.448s] Level 1:colcon.colcon_core.package_identification:_identify(src/rotors_simulator/swift_msgs) by extensions ['colcon_meta']
[0.448s] Level 1:colcon.colcon_core.package_identification:_identify(src/rotors_simulator/swift_msgs) by extension 'colcon_meta'
[0.448s] Level 1:colcon.colcon_core.package_identification:_identify(src/rotors_simulator/swift_msgs) by extensions ['ros']
[0.448s] Level 1:colcon.colcon_core.package_identification:_identify(src/rotors_simulator/swift_msgs) by extension 'ros'
[0.448s] DEBUG:colcon.colcon_core.package_identification:Package 'src/rotors_simulator/swift_msgs' with type 'ros.ament_cmake' and name 'swift_msgs'
[0.448s] Level 1:colcon.colcon_core.package_identification:_identify(src/swift_pico) by extensions ['ignore', 'ignore_ament_install']
[0.448s] Level 1:colcon.colcon_core.package_identification:_identify(src/swift_pico) by extension 'ignore'
[0.448s] Level 1:colcon.colcon_core.package_identification:_identify(src/swift_pico) by extension 'ignore_ament_install'
[0.448s] Level 1:colcon.colcon_core.package_identification:_identify(src/swift_pico) by extensions ['colcon_pkg']
[0.448s] Level 1:colcon.colcon_core.package_identification:_identify(src/swift_pico) by extension 'colcon_pkg'
[0.449s] Level 1:colcon.colcon_core.package_identification:_identify(src/swift_pico) by extensions ['colcon_meta']
[0.449s] Level 1:colcon.colcon_core.package_identification:_identify(src/swift_pico) by extension 'colcon_meta'
[0.449s] Level 1:colcon.colcon_core.package_identification:_identify(src/swift_pico) by extensions ['ros']
[0.449s] Level 1:colcon.colcon_core.package_identification:_identify(src/swift_pico) by extension 'ros'
[0.450s] DEBUG:colcon.colcon_core.package_identification:Package 'src/swift_pico' with type 'ros.ament_cmake' and name 'swift_pico'
[0.450s] Level 1:colcon.colcon_core.package_identification:_identify(src/swift_pico_description) by extensions ['ignore', 'ignore_ament_install']
[0.450s] Level 1:colcon.colcon_core.package_identification:_identify(src/swift_pico_description) by extension 'ignore'
[0.450s] Level 1:colcon.colcon_core.package_identification:_identify(src/swift_pico_description) by extension 'ignore_ament_install'
[0.450s] Level 1:colcon.colcon_core.package_identification:_identify(src/swift_pico_description) by extensions ['colcon_pkg']
[0.450s] Level 1:colcon.colcon_core.package_identification:_identify(src/swift_pico_description) by extension 'colcon_pkg'
[0.450s] Level 1:colcon.colcon_core.package_identification:_identify(src/swift_pico_description) by extensions ['colcon_meta']
[0.450s] Level 1:colcon.colcon_core.package_identification:_identify(src/swift_pico_description) by extension 'colcon_meta'
[0.450s] Level 1:colcon.colcon_core.package_identification:_identify(src/swift_pico_description) by extensions ['ros']
[0.450s] Level 1:colcon.colcon_core.package_identification:_identify(src/swift_pico_description) by extension 'ros'
[0.451s] DEBUG:colcon.colcon_core.package_identification:Package 'src/swift_pico_description' with type 'ros.ament_cmake' and name 'swift_pico_description'
[0.451s] Level 1:colcon.colcon_core.package_identification:_identify(src/whycon) by extensions ['ignore', 'ignore_ament_install']
[0.451s] Level 1:colcon.colcon_core.package_identification:_identify(src/whycon) by extension 'ignore'
[0.451s] Level 1:colcon.colcon_core.package_identification:_identify(src/whycon) by extension 'ignore_ament_install'
[0.451s] Level 1:colcon.colcon_core.package_identification:_identify(src/whycon) by extensions ['colcon_pkg']
[0.451s] Level 1:colcon.colcon_core.package_identification:_identify(src/whycon) by extension 'colcon_pkg'
[0.451s] Level 1:colcon.colcon_core.package_identification:_identify(src/whycon) by extensions ['colcon_meta']
[0.451s] Level 1:colcon.colcon_core.package_identification:_identify(src/whycon) by extension 'colcon_meta'
[0.451s] Level 1:colcon.colcon_core.package_identification:_identify(src/whycon) by extensions ['ros']
[0.451s] Level 1:colcon.colcon_core.package_identification:_identify(src/whycon) by extension 'ros'
[0.452s] DEBUG:colcon.colcon_core.package_identification:Package 'src/whycon' with type 'ros.ament_cmake' and name 'whycon'
[0.452s] Level 1:colcon.colcon_core.package_discovery:discover_packages(recursive) using defaults
[0.452s] Level 1:colcon.colcon_core.package_discovery:discover_packages(ignore) discover
[0.452s] Level 1:colcon.colcon_core.package_discovery:discover_packages(ignore) using defaults
[0.452s] Level 1:colcon.colcon_core.package_discovery:discover_packages(path) discover
[0.452s] Level 1:colcon.colcon_core.package_discovery:discover_packages(path) using defaults
[0.478s] INFO:colcon.colcon_core.package_selection:Skipping not selected package 'controller_msg' in 'src/controller_tuner/controller_msg'
[0.478s] INFO:colcon.colcon_core.package_selection:Skipping not selected package 'error_msg' in 'src/controller_tuner/error_msg'
[0.478s] INFO:colcon.colcon_core.package_selection:Skipping not selected package 'mav_msgs' in 'src/mav_comm/mav_msgs'
[0.478s] INFO:colcon.colcon_core.package_selection:Skipping not selected package 'mav_state_machine_msgs' in 'src/mav_comm/mav_state_machine_msgs'
[0.478s] INFO:colcon.colcon_core.package_selection:Skipping not selected package 'mav_system_msgs' in 'src/mav_comm/mav_system_msgs'
[0.478s] INFO:colcon.colcon_core.package_selection:Skipping not selected package 'rotors_swift_description' in 'src/rotors_simulator/rotors_swift_description'
[0.478s] INFO:colcon.colcon_core.package_selection:Skipping not selected package 'swift_msgs' in 'src/rotors_simulator/swift_msgs'
[0.478s] INFO:colcon.colcon_core.package_selection:Skipping not selected package 'swift_pico_description' in 'src/swift_pico_description'
[0.478s] INFO:colcon.colcon_core.package_selection:Skipping not selected package 'whycon' in 'src/whycon'
[0.478s] INFO:colcon.colcon_core.package_selection:Skipping not selected package 'mav_planning_msgs' in 'src/mav_comm/mav_planning_msgs'
[0.478s] INFO:colcon.colcon_core.package_selection:Skipping not selected package 'pid_tune' in 'src/controller_tuner/pid_tune'
[0.478s] INFO:colcon.colcon_core.package_selection:Skipping not selected package 'rotors_control' in 'src/rotors_simulator/rotors_control'
[0.478s] INFO:colcon.colcon_core.package_selection:Skipping not selected package 'rotors_swift_gazebo' in 'src/rotors_simulator/rotors_swift_gazebo'
[0.478s] INFO:colcon.colcon_core.package_selection:Skipping not selected package 'rotors_swift_interface' in 'src/rotors_simulator/rotors_swift_interface'
[0.478s] INFO:colcon.colcon_core.package_selection:Skipping not selected package 'mav_comm' in 'src/mav_comm/mav_comm'
[0.479s] Level 1:colcon.colcon_core.package_discovery:discover_packages(prefix_path) check parameters
[0.479s] Level 1:colcon.colcon_core.package_discovery:discover_packages(prefix_path) discover
[0.482s] DEBUG:colcon.colcon_installed_package_information.package_discovery:Found 16 installed packages in /home/palash/pico_ws/install
[0.483s] DEBUG:colcon.colcon_installed_package_information.package_discovery:Found 2 installed packages in /home/palash/Downloads/turtlesim_ws/install
[0.484s] DEBUG:colcon.colcon_installed_package_information.package_discovery:Found 304 installed packages in /opt/ros/humble
[0.486s] Level 1:colcon.colcon_core.package_discovery:discover_packages(prefix_path) using defaults
[0.530s] Level 5:colcon.colcon_core.verb:set package 'swift_pico' build argument 'cmake_args' from command line to 'None'
[0.530s] Level 5:colcon.colcon_core.verb:set package 'swift_pico' build argument 'cmake_target' from command line to 'None'
[0.531s] Level 5:colcon.colcon_core.verb:set package 'swift_pico' build argument 'cmake_target_skip_unavailable' from command line to 'False'
[0.531s] Level 5:colcon.colcon_core.verb:set package 'swift_pico' build argument 'cmake_clean_cache' from command line to 'False'
[0.531s] Level 5:colcon.colcon_core.verb:set package 'swift_pico' build argument 'cmake_clean_first' from command line to 'False'
[0.531s] Level 5:colcon.colcon_core.verb:set package 'swift_pico' build argument 'cmake_force_configure' from command line to 'False'
[0.531s] Level 5:colcon.colcon_core.verb:set package 'swift_pico' build argument 'ament_cmake_args' from command line to 'None'
[0.531s] Level 5:colcon.colcon_core.verb:set package 'swift_pico' build argument 'catkin_cmake_args' from command line to 'None'
[0.531s] Level 5:colcon.colcon_core.verb:set package 'swift_pico' build argument 'catkin_skip_building_tests' from command line to 'False'
[0.531s] DEBUG:colcon.colcon_core.verb:Building package 'swift_pico' with the following arguments: {'ament_cmake_args': None, 'build_base': '/home/palash/pico_ws/build/swift_pico', 'catkin_cmake_args': None, 'catkin_skip_building_tests': False, 'cmake_args': None, 'cmake_clean_cache': False, 'cmake_clean_first': False, 'cmake_force_configure': False, 'cmake_target': None, 'cmake_target_skip_unavailable': False, 'install_base': '/home/palash/pico_ws/install/swift_pico', 'merge_install': False, 'path': '/home/palash/pico_ws/src/swift_pico', 'symlink_install': False, 'test_result_base': None}
[0.531s] INFO:colcon.colcon_core.executor:Executing jobs using 'parallel' executor
[0.532s] DEBUG:colcon.colcon_parallel_executor.executor.parallel:run_until_complete
[0.532s] INFO:colcon.colcon_ros.task.ament_cmake.build:Building ROS package in '/home/palash/pico_ws/src/swift_pico' with build type 'ament_cmake'
[0.533s] INFO:colcon.colcon_cmake.task.cmake.build:Building CMake package in '/home/palash/pico_ws/src/swift_pico'
[0.537s] INFO:colcon.colcon_core.plugin_system:Skipping extension 'colcon_core.shell.bat': Not used on non-Windows systems
[0.537s] INFO:colcon.colcon_core.shell:Skip shell extension 'powershell' for command environment: Not usable outside of PowerShell
[0.537s] DEBUG:colcon.colcon_core.shell:Skip shell extension 'dsv' for command environment
[0.575s] DEBUG:colcon.colcon_core.event_handler.log_command:Invoking command in '/home/palash/pico_ws/build/swift_pico': CMAKE_PREFIX_PATH=/home/palash/pico_ws/install/rotors_swift_gazebo:/home/palash/pico_ws/install/swift_pico_description:/home/palash/pico_ws/install/swift_msgs:/home/palash/pico_ws/install/rotors_swift_description:/home/palash/pico_ws/install/error_msg:/home/palash/pico_ws/install/controller_msg:/home/palash/pico_ws/install/whycon:/home/palash/pico_ws/install/swift_pico:/home/palash/pico_ws/install/rotors_swift_interface:/home/palash/pico_ws/install/rotors_control:/home/palash/pico_ws/install/pid_tune:/home/palash/pico_ws/install/mav_comm:/home/palash/pico_ws/install/mav_system_msgs:/home/palash/pico_ws/install/mav_state_machine_msgs:/home/palash/pico_ws/install/mav_planning_msgs:/home/palash/pico_ws/install/mav_msgs:/home/palash/Downloads/turtlesim_ws/install/turtlesim:/home/palash/Downloads/turtlesim_ws/install/kd_task_1b:/opt/ros/humble LD_LIBRARY_PATH=/home/palash/pico_ws/install/swift_msgs/lib:/home/palash/pico_ws/install/error_msg/lib:/home/palash/pico_ws/install/controller_msg/lib:/home/palash/pico_ws/install/whycon/lib:/home/palash/pico_ws/install/rotors_control/lib:/home/palash/pico_ws/install/mav_system_msgs/lib:/home/palash/pico_ws/install/mav_state_machine_msgs/lib:/home/palash/pico_ws/install/mav_planning_msgs/lib:/home/palash/pico_ws/install/mav_msgs/lib:/home/palash/Downloads/turtlesim_ws/install/turtlesim/lib:/usr/lib/x86_64-linux-gnu/gazebo-11/plugins:/opt/ros/humble/opt/rviz_ogre_vendor/lib:/opt/ros/humble/lib/x86_64-linux-gnu:/opt/ros/humble/lib /usr/bin/cmake --build /home/palash/pico_ws/build/swift_pico -- -j16 -l16
[0.666s] DEBUG:colcon.colcon_core.event_handler.log_command:Invoked command in '/home/palash/pico_ws/build/swift_pico' returned '0': CMAKE_PREFIX_PATH=/home/palash/pico_ws/install/rotors_swift_gazebo:/home/palash/pico_ws/install/swift_pico_description:/home/palash/pico_ws/install/swift_msgs:/home/palash/pico_ws/install/rotors_swift_description:/home/palash/pico_ws/install/error_msg:/home/palash/pico_ws/install/controller_msg:/home/palash/pico_ws/install/whycon:/home/palash/pico_ws/install/swift_pico:/home/palash/pico_ws/install/rotors_swift_interface:/home/palash/pico_ws/install/rotors_control:/home/palash/pico_ws/install/pid_tune:/home/palash/pico_ws/install/mav_comm:/home/palash/pico_ws/install/mav_system_msgs:/home/palash/pico_ws/install/mav_state_machine_msgs:/home/palash/pico_ws/install/mav_planning_msgs:/home/palash/pico_ws/install/mav_msgs:/home/palash/Downloads/turtlesim_ws/install/turtlesim:/home/palash/Downloads/turtlesim_ws/install/kd_task_1b:/opt/ros/humble LD_LIBRARY_PATH=/home/palash/pico_ws/install/swift_msgs/lib:/home/palash/pico_ws/install/error_msg/lib:/home/palash/pico_ws/install/controller_msg/lib:/home/palash/pico_ws/install/whycon/lib:/home/palash/pico_ws/install/rotors_control/lib:/home/palash/pico_ws/install/mav_system_msgs/lib:/home/palash/pico_ws/install/mav_state_machine_msgs/lib:/home/palash/pico_ws/install/mav_planning_msgs/lib:/home/palash/pico_ws/install/mav_msgs/lib:/home/palash/Downloads/turtlesim_ws/install/turtlesim/lib:/usr/lib/x86_64-linux-gnu/gazebo-11/plugins:/opt/ros/humble/opt/rviz_ogre_vendor/lib:/opt/ros/humble/lib/x86_64-linux-gnu:/opt/ros/humble/lib /usr/bin/cmake --build /home/palash/pico_ws/build/swift_pico -- -j16 -l16
[0.680s] DEBUG:colcon.colcon_core.event_handler.log_command:Invoking command in '/home/palash/pico_ws/build/swift_pico': CMAKE_PREFIX_PATH=/home/palash/pico_ws/install/rotors_swift_gazebo:/home/palash/pico_ws/install/swift_pico_description:/home/palash/pico_ws/install/swift_msgs:/home/palash/pico_ws/install/rotors_swift_description:/home/palash/pico_ws/install/error_msg:/home/palash/pico_ws/install/controller_msg:/home/palash/pico_ws/install/whycon:/home/palash/pico_ws/install/swift_pico:/home/palash/pico_ws/install/rotors_swift_interface:/home/palash/pico_ws/install/rotors_control:/home/palash/pico_ws/install/pid_tune:/home/palash/pico_ws/install/mav_comm:/home/palash/pico_ws/install/mav_system_msgs:/home/palash/pico_ws/install/mav_state_machine_msgs:/home/palash/pico_ws/install/mav_planning_msgs:/home/palash/pico_ws/install/mav_msgs:/home/palash/Downloads/turtlesim_ws/install/turtlesim:/home/palash/Downloads/turtlesim_ws/install/kd_task_1b:/opt/ros/humble LD_LIBRARY_PATH=/home/palash/pico_ws/install/swift_msgs/lib:/home/palash/pico_ws/install/error_msg/lib:/home/palash/pico_ws/install/controller_msg/lib:/home/palash/pico_ws/install/whycon/lib:/home/palash/pico_ws/install/rotors_control/lib:/home/palash/pico_ws/install/mav_system_msgs/lib:/home/palash/pico_ws/install/mav_state_machine_msgs/lib:/home/palash/pico_ws/install/mav_planning_msgs/lib:/home/palash/pico_ws/install/mav_msgs/lib:/home/palash/Downloads/turtlesim_ws/install/turtlesim/lib:/usr/lib/x86_64-linux-gnu/gazebo-11/plugins:/opt/ros/humble/opt/rviz_ogre_vendor/lib:/opt/ros/humble/lib/x86_64-linux-gnu:/opt/ros/humble/lib /usr/bin/cmake --install /home/palash/pico_ws/build/swift_pico
[0.711s] Level 1:colcon.colcon_core.environment:create_environment_scripts_only(swift_pico)
[0.712s] DEBUG:colcon.colcon_core.event_handler.log_command:Invoked command in '/home/palash/pico_ws/build/swift_pico' returned '0': CMAKE_PREFIX_PATH=/home/palash/pico_ws/install/rotors_swift_gazebo:/home/palash/pico_ws/install/swift_pico_description:/home/palash/pico_ws/install/swift_msgs:/home/palash/pico_ws/install/rotors_swift_description:/home/palash/pico_ws/install/error_msg:/home/palash/pico_ws/install/controller_msg:/home/palash/pico_ws/install/whycon:/home/palash/pico_ws/install/swift_pico:/home/palash/pico_ws/install/rotors_swift_interface:/home/palash/pico_ws/install/rotors_control:/home/palash/pico_ws/install/pid_tune:/home/palash/pico_ws/install/mav_comm:/home/palash/pico_ws/install/mav_system_msgs:/home/palash/pico_ws/install/mav_state_machine_msgs:/home/palash/pico_ws/install/mav_planning_msgs:/home/palash/pico_ws/install/mav_msgs:/home/palash/Downloads/turtlesim_ws/install/turtlesim:/home/palash/Downloads/turtlesim_ws/install/kd_task_1b:/opt/ros/humble LD_LIBRARY_PATH=/home/palash/pico_ws/install/swift_msgs/lib:/home/palash/pico_ws/install/error_msg/lib:/home/palash/pico_ws/install/controller_msg/lib:/home/palash/pico_ws/install/whycon/lib:/home/palash/pico_ws/install/rotors_control/lib:/home/palash/pico_ws/install/mav_system_msgs/lib:/home/palash/pico_ws/install/mav_state_machine_msgs/lib:/home/palash/pico_ws/install/mav_planning_msgs/lib:/home/palash/pico_ws/install/mav_msgs/lib:/home/palash/Downloads/turtlesim_ws/install/turtlesim/lib:/usr/lib/x86_64-linux-gnu/gazebo-11/plugins:/opt/ros/humble/opt/rviz_ogre_vendor/lib:/opt/ros/humble/lib/x86_64-linux-gnu:/opt/ros/humble/lib /usr/bin/cmake --install /home/palash/pico_ws/build/swift_pico
[0.717s] Level 1:colcon.colcon_core.environment:checking '/home/palash/pico_ws/install/swift_pico' for CMake module files
[0.718s] Level 1:colcon.colcon_core.environment:checking '/home/palash/pico_ws/install/swift_pico' for CMake config files
[0.718s] Level 1:colcon.colcon_core.shell:create_environment_hook('swift_pico', 'cmake_prefix_path')
[0.719s] INFO:colcon.colcon_core.shell:Creating environment hook '/home/palash/pico_ws/install/swift_pico/share/swift_pico/hook/cmake_prefix_path.ps1'
[0.720s] INFO:colcon.colcon_core.shell:Creating environment descriptor '/home/palash/pico_ws/install/swift_pico/share/swift_pico/hook/cmake_prefix_path.dsv'
[0.721s] INFO:colcon.colcon_core.shell:Creating environment hook '/home/palash/pico_ws/install/swift_pico/share/swift_pico/hook/cmake_prefix_path.sh'
[0.722s] Level 1:colcon.colcon_core.environment:checking '/home/palash/pico_ws/install/swift_pico/lib'
[0.722s] Level 1:colcon.colcon_core.environment:checking '/home/palash/pico_ws/install/swift_pico/bin'
[0.722s] Level 1:colcon.colcon_core.environment:checking '/home/palash/pico_ws/install/swift_pico/lib/pkgconfig/swift_pico.pc'
[0.722s] Level 1:colcon.colcon_core.environment:checking '/home/palash/pico_ws/install/swift_pico/lib/python3.10/site-packages'
[0.722s] Level 1:colcon.colcon_core.environment:checking '/home/palash/pico_ws/install/swift_pico/bin'
[0.723s] INFO:colcon.colcon_core.shell:Creating package script '/home/palash/pico_ws/install/swift_pico/share/swift_pico/package.ps1'
[0.724s] INFO:colcon.colcon_core.shell:Creating package descriptor '/home/palash/pico_ws/install/swift_pico/share/swift_pico/package.dsv'
[0.724s] INFO:colcon.colcon_core.shell:Creating package script '/home/palash/pico_ws/install/swift_pico/share/swift_pico/package.sh'
[0.725s] INFO:colcon.colcon_core.shell:Creating package script '/home/palash/pico_ws/install/swift_pico/share/swift_pico/package.bash'
[0.726s] INFO:colcon.colcon_core.shell:Creating package script '/home/palash/pico_ws/install/swift_pico/share/swift_pico/package.zsh'
[0.727s] Level 1:colcon.colcon_core.environment:create_file_with_runtime_dependencies(/home/palash/pico_ws/install/swift_pico/share/colcon-core/packages/swift_pico)
[0.728s] Level 1:colcon.colcon_core.environment:create_environment_scripts_only(swift_pico)
[0.728s] Level 1:colcon.colcon_core.environment:checking '/home/palash/pico_ws/install/swift_pico' for CMake module files
[0.728s] Level 1:colcon.colcon_core.environment:checking '/home/palash/pico_ws/install/swift_pico' for CMake config files
[0.729s] Level 1:colcon.colcon_core.shell:create_environment_hook('swift_pico', 'cmake_prefix_path')
[0.729s] INFO:colcon.colcon_core.shell:Creating environment hook '/home/palash/pico_ws/install/swift_pico/share/swift_pico/hook/cmake_prefix_path.ps1'
[0.730s] INFO:colcon.colcon_core.shell:Creating environment descriptor '/home/palash/pico_ws/install/swift_pico/share/swift_pico/hook/cmake_prefix_path.dsv'
[0.730s] INFO:colcon.colcon_core.shell:Creating environment hook '/home/palash/pico_ws/install/swift_pico/share/swift_pico/hook/cmake_prefix_path.sh'
[0.730s] Level 1:colcon.colcon_core.environment:checking '/home/palash/pico_ws/install/swift_pico/lib'
[0.730s] Level 1:colcon.colcon_core.environment:checking '/home/palash/pico_ws/install/swift_pico/bin'
[0.731s] Level 1:colcon.colcon_core.environment:checking '/home/palash/pico_ws/install/swift_pico/lib/pkgconfig/swift_pico.pc'
[0.731s] Level 1:colcon.colcon_core.environment:checking '/home/palash/pico_ws/install/swift_pico/lib/python3.10/site-packages'
[0.731s] Level 1:colcon.colcon_core.environment:checking '/home/palash/pico_ws/install/swift_pico/bin'
[0.731s] INFO:colcon.colcon_core.shell:Creating package script '/home/palash/pico_ws/install/swift_pico/share/swift_pico/package.ps1'
[0.732s] INFO:colcon.colcon_core.shell:Creating package descriptor '/home/palash/pico_ws/install/swift_pico/share/swift_pico/package.dsv'
[0.732s] INFO:colcon.colcon_core.shell:Creating package script '/home/palash/pico_ws/install/swift_pico/share/swift_pico/package.sh'
[0.733s] INFO:colcon.colcon_core.shell:Creating package script '/home/palash/pico_ws/install/swift_pico/share/swift_pico/package.bash'
[0.733s] INFO:colcon.colcon_core.shell:Creating package script '/home/palash/pico_ws/install/swift_pico/share/swift_pico/package.zsh'
[0.734s] Level 1:colcon.colcon_core.environment:create_file_with_runtime_dependencies(/home/palash/pico_ws/install/swift_pico/share/colcon-core/packages/swift_pico)
[0.734s] DEBUG:colcon.colcon_parallel_executor.executor.parallel:closing loop
[0.734s] DEBUG:colcon.colcon_parallel_executor.executor.parallel:loop closed
[0.734s] DEBUG:colcon.colcon_parallel_executor.executor.parallel:run_until_complete finished with '0'
[0.734s] DEBUG:colcon.colcon_core.event_reactor:joining thread
[0.741s] INFO:colcon.colcon_core.plugin_system:Skipping extension 'colcon_notification.desktop_notification.terminal_notifier': Not used on non-Darwin systems
[0.741s] INFO:colcon.colcon_core.plugin_system:Skipping extension 'colcon_notification.desktop_notification.win32': Not used on non-Windows systems
[0.741s] INFO:colcon.colcon_notification.desktop_notification:Sending desktop notification using 'notify2'
[0.753s] DEBUG:colcon.colcon_core.event_reactor:joined thread
[0.754s] INFO:colcon.colcon_core.shell:Creating prefix script '/home/palash/pico_ws/install/local_setup.ps1'
[0.755s] INFO:colcon.colcon_core.shell:Creating prefix util module '/home/palash/pico_ws/install/_local_setup_util_ps1.py'
[0.757s] INFO:colcon.colcon_core.shell:Creating prefix chain script '/home/palash/pico_ws/install/setup.ps1'
[0.758s] INFO:colcon.colcon_core.shell:Creating prefix script '/home/palash/pico_ws/install/local_setup.sh'
[0.759s] INFO:colcon.colcon_core.shell:Creating prefix util module '/home/palash/pico_ws/install/_local_setup_util_sh.py'
[0.760s] INFO:colcon.colcon_core.shell:Creating prefix chain script '/home/palash/pico_ws/install/setup.sh'
[0.762s] INFO:colcon.colcon_core.shell:Creating prefix script '/home/palash/pico_ws/install/local_setup.bash'
[0.762s] INFO:colcon.colcon_core.shell:Creating prefix chain script '/home/palash/pico_ws/install/setup.bash'
[0.764s] INFO:colcon.colcon_core.shell:Creating prefix script '/home/palash/pico_ws/install/local_setup.zsh'
[0.765s] INFO:colcon.colcon_core.shell:Creating prefix chain script '/home/palash/pico_ws/install/setup.zsh'
