-- Found ament_cmake: 1.3.12 (/opt/ros/humble/share/ament_cmake/cmake)
-- Override CMake install command with custom implementation using symlinks instead of copying resources
-- Found rosidl_default_generators: 1.2.0 (/opt/ros/humble/share/rosidl_default_generators/cmake)
-- Using all available rosidl_typesupport_c: rosidl_typesupport_fastrtps_c;rosidl_typesupport_introspection_c
-- Found rosidl_adapter: 3.1.7 (/opt/ros/humble/share/rosidl_adapter/cmake)
-- Using all available rosidl_typesupport_cpp: rosidl_typesupport_fastrtps_cpp;rosidl_typesupport_introspection_cpp
-- Found geometry_msgs: 4.9.0 (/opt/ros/humble/share/geometry_msgs/cmake)
-- Found nav_msgs: 4.9.0 (/opt/ros/humble/share/nav_msgs/cmake)
-- Found rclcpp: 16.0.15 (/opt/ros/humble/share/rclcpp/cmake)
-- Found rmw_implementation_cmake: 6.1.2 (/opt/ros/humble/share/rmw_implementation_cmake/cmake)
-- Found rmw_fastrtps_cpp: 6.2.8 (/opt/ros/humble/share/rmw_fastrtps_cpp/cmake)
-- Using RMW implementation 'rmw_fastrtps_cpp' as default
-- Found trajectory_msgs: 4.9.0 (/opt/ros/humble/share/trajectory_msgs/cmake)
-- Found ament_cmake_ros: 0.10.0 (/opt/ros/humble/share/ament_cmake_ros/cmake)
-- Using all available rosidl_typesupport_c: rosidl_typesupport_fastrtps_c;rosidl_typesupport_introspection_c
-- Using all available rosidl_typesupport_cpp: rosidl_typesupport_fastrtps_cpp;rosidl_typesupport_introspection_cpp
-- Found python_cmake_module: 0.10.0 (/opt/ros/humble/share/python_cmake_module/cmake)
-- Using PYTHON_EXECUTABLE: /usr/bin/python3
-- Using PYTHON_INCLUDE_DIRS: /usr/include/python3.10
-- Using PYTHON_LIBRARIES: /usr/lib/x86_64-linux-gnu/libpython3.10.so
-- Configuring done
-- Generating done
-- Build files have been written to: /home/palash/pico_ws/build/mav_msgs
[35m[1mConsolidate compiler generated dependencies of target mav_msgs__rosidl_generator_c[0m
[  1%] Built target mav_msgs__cpp
[ 12%] Built target mav_msgs__rosidl_generator_c
[ 12%] Built target ament_cmake_python_symlink_mav_msgs
[35m[1mConsolidate compiler generated dependencies of target mav_msgs__rosidl_typesupport_introspection_cpp[0m
[35m[1mConsolidate compiler generated dependencies of target mav_msgs__rosidl_typesupport_cpp[0m
[35m[1mConsolidate compiler generated dependencies of target mav_msgs__rosidl_typesupport_fastrtps_cpp[0m
[35m[1mConsolidate compiler generated dependencies of target mav_msgs__rosidl_typesupport_c[0m
[35m[1mConsolidate compiler generated dependencies of target mav_msgs__rosidl_typesupport_fastrtps_c[0m
[35m[1mConsolidate compiler generated dependencies of target mav_msgs__rosidl_typesupport_introspection_c[0m
[ 28%] Built target mav_msgs__rosidl_typesupport_c
[ 44%] Built target mav_msgs__rosidl_typesupport_cpp
[ 47%] Built target mav_msgs__rosidl_typesupport_introspection_cpp
[ 58%] Built target mav_msgs__rosidl_typesupport_fastrtps_cpp
[ 77%] Built target mav_msgs__rosidl_typesupport_introspection_c
[ 81%] Built target mav_msgs__rosidl_typesupport_fastrtps_c
[ 81%] Built target mav_msgs
[ 82%] Built target mav_msgs__py
[35m[1mConsolidate compiler generated dependencies of target mav_msgs__rosidl_generator_py[0m
[ 93%] Built target mav_msgs__rosidl_generator_py
[35m[1mConsolidate compiler generated dependencies of target mav_msgs__rosidl_typesupport_fastrtps_c__pyext[0m
[35m[1mConsolidate compiler generated dependencies of target mav_msgs__rosidl_typesupport_c__pyext[0m
[35m[1mConsolidate compiler generated dependencies of target mav_msgs__rosidl_typesupport_introspection_c__pyext[0m
[100%] Built target mav_msgs__rosidl_typesupport_c__pyext
[100%] Built target mav_msgs__rosidl_typesupport_fastrtps_c__pyext
[100%] Built target mav_msgs__rosidl_typesupport_introspection_c__pyext
running egg_info
writing mav_msgs.egg-info/PKG-INFO
writing dependency_links to mav_msgs.egg-info/dependency_links.txt
writing top-level names to mav_msgs.egg-info/top_level.txt
reading manifest file 'mav_msgs.egg-info/SOURCES.txt'
writing manifest file 'mav_msgs.egg-info/SOURCES.txt'
[100%] Built target ament_cmake_python_build_mav_msgs_egg
-- Install configuration: ""
-- Execute custom install script
-- Up-to-date symlink: /home/palash/pico_ws/install/mav_msgs/share/ament_index/resource_index/rosidl_interfaces/mav_msgs
-- Up-to-date symlink: /home/palash/pico_ws/install/mav_msgs/include/mav_msgs/mav_msgs/msg/actuators.h
-- Up-to-date symlink: /home/palash/pico_ws/install/mav_msgs/include/mav_msgs/mav_msgs/msg/attitude_thrust.h
-- Up-to-date symlink: /home/palash/pico_ws/install/mav_msgs/include/mav_msgs/mav_msgs/msg/detail/actuators__functions.h
-- Up-to-date symlink: /home/palash/pico_ws/install/mav_msgs/include/mav_msgs/mav_msgs/msg/detail/actuators__struct.h
-- Up-to-date symlink: /home/palash/pico_ws/install/mav_msgs/include/mav_msgs/mav_msgs/msg/detail/actuators__type_support.h
-- Up-to-date symlink: /home/palash/pico_ws/install/mav_msgs/include/mav_msgs/mav_msgs/msg/detail/attitude_thrust__functions.h
-- Up-to-date symlink: /home/palash/pico_ws/install/mav_msgs/include/mav_msgs/mav_msgs/msg/detail/attitude_thrust__struct.h
-- Up-to-date symlink: /home/palash/pico_ws/install/mav_msgs/include/mav_msgs/mav_msgs/msg/detail/attitude_thrust__type_support.h
-- Up-to-date symlink: /home/palash/pico_ws/install/mav_msgs/include/mav_msgs/mav_msgs/msg/detail/filtered_sensor_data__functions.h
-- Up-to-date symlink: /home/palash/pico_ws/install/mav_msgs/include/mav_msgs/mav_msgs/msg/detail/filtered_sensor_data__struct.h
-- Up-to-date symlink: /home/palash/pico_ws/install/mav_msgs/include/mav_msgs/mav_msgs/msg/detail/filtered_sensor_data__type_support.h
-- Up-to-date symlink: /home/palash/pico_ws/install/mav_msgs/include/mav_msgs/mav_msgs/msg/detail/gps_waypoint__functions.h
-- Up-to-date symlink: /home/palash/pico_ws/install/mav_msgs/include/mav_msgs/mav_msgs/msg/detail/gps_waypoint__struct.h
-- Up-to-date symlink: /home/palash/pico_ws/install/mav_msgs/include/mav_msgs/mav_msgs/msg/detail/gps_waypoint__type_support.h
-- Up-to-date symlink: /home/palash/pico_ws/install/mav_msgs/include/mav_msgs/mav_msgs/msg/detail/rate_thrust__functions.h
-- Up-to-date symlink: /home/palash/pico_ws/install/mav_msgs/include/mav_msgs/mav_msgs/msg/detail/rate_thrust__struct.h
-- Up-to-date symlink: /home/palash/pico_ws/install/mav_msgs/include/mav_msgs/mav_msgs/msg/detail/rate_thrust__type_support.h
-- Up-to-date symlink: /home/palash/pico_ws/install/mav_msgs/include/mav_msgs/mav_msgs/msg/detail/roll_pitch_yawrate_thrust__functions.h
-- Up-to-date symlink: /home/palash/pico_ws/install/mav_msgs/include/mav_msgs/mav_msgs/msg/detail/roll_pitch_yawrate_thrust__struct.h
-- Up-to-date symlink: /home/palash/pico_ws/install/mav_msgs/include/mav_msgs/mav_msgs/msg/detail/roll_pitch_yawrate_thrust__type_support.h
-- Up-to-date symlink: /home/palash/pico_ws/install/mav_msgs/include/mav_msgs/mav_msgs/msg/detail/status__functions.h
-- Up-to-date symlink: /home/palash/pico_ws/install/mav_msgs/include/mav_msgs/mav_msgs/msg/detail/status__struct.h
-- Up-to-date symlink: /home/palash/pico_ws/install/mav_msgs/include/mav_msgs/mav_msgs/msg/detail/status__type_support.h
-- Up-to-date symlink: /home/palash/pico_ws/install/mav_msgs/include/mav_msgs/mav_msgs/msg/detail/torque_thrust__functions.h
-- Up-to-date symlink: /home/palash/pico_ws/install/mav_msgs/include/mav_msgs/mav_msgs/msg/detail/torque_thrust__struct.h
-- Up-to-date symlink: /home/palash/pico_ws/install/mav_msgs/include/mav_msgs/mav_msgs/msg/detail/torque_thrust__type_support.h
-- Up-to-date symlink: /home/palash/pico_ws/install/mav_msgs/include/mav_msgs/mav_msgs/msg/filtered_sensor_data.h
-- Up-to-date symlink: /home/palash/pico_ws/install/mav_msgs/include/mav_msgs/mav_msgs/msg/gps_waypoint.h
-- Up-to-date symlink: /home/palash/pico_ws/install/mav_msgs/include/mav_msgs/mav_msgs/msg/rate_thrust.h
-- Up-to-date symlink: /home/palash/pico_ws/install/mav_msgs/include/mav_msgs/mav_msgs/msg/roll_pitch_yawrate_thrust.h
-- Up-to-date symlink: /home/palash/pico_ws/install/mav_msgs/include/mav_msgs/mav_msgs/msg/rosidl_generator_c__visibility_control.h
-- Up-to-date symlink: /home/palash/pico_ws/install/mav_msgs/include/mav_msgs/mav_msgs/msg/status.h
-- Up-to-date symlink: /home/palash/pico_ws/install/mav_msgs/include/mav_msgs/mav_msgs/msg/torque_thrust.h
-- Up-to-date symlink: /home/palash/pico_ws/install/mav_msgs/share/mav_msgs/environment/library_path.sh
-- Up-to-date symlink: /home/palash/pico_ws/install/mav_msgs/share/mav_msgs/environment/library_path.dsv
-- Up-to-date symlink: /home/palash/pico_ws/install/mav_msgs/include/mav_msgs/mav_msgs/msg/detail/actuators__rosidl_typesupport_fastrtps_c.h
-- Up-to-date symlink: /home/palash/pico_ws/install/mav_msgs/include/mav_msgs/mav_msgs/msg/detail/attitude_thrust__rosidl_typesupport_fastrtps_c.h
-- Up-to-date symlink: /home/palash/pico_ws/install/mav_msgs/include/mav_msgs/mav_msgs/msg/detail/filtered_sensor_data__rosidl_typesupport_fastrtps_c.h
-- Up-to-date symlink: /home/palash/pico_ws/install/mav_msgs/include/mav_msgs/mav_msgs/msg/detail/gps_waypoint__rosidl_typesupport_fastrtps_c.h
-- Up-to-date symlink: /home/palash/pico_ws/install/mav_msgs/include/mav_msgs/mav_msgs/msg/detail/rate_thrust__rosidl_typesupport_fastrtps_c.h
-- Up-to-date symlink: /home/palash/pico_ws/install/mav_msgs/include/mav_msgs/mav_msgs/msg/detail/roll_pitch_yawrate_thrust__rosidl_typesupport_fastrtps_c.h
-- Up-to-date symlink: /home/palash/pico_ws/install/mav_msgs/include/mav_msgs/mav_msgs/msg/detail/status__rosidl_typesupport_fastrtps_c.h
-- Up-to-date symlink: /home/palash/pico_ws/install/mav_msgs/include/mav_msgs/mav_msgs/msg/detail/torque_thrust__rosidl_typesupport_fastrtps_c.h
-- Up-to-date symlink: /home/palash/pico_ws/install/mav_msgs/include/mav_msgs/mav_msgs/msg/rosidl_typesupport_fastrtps_c__visibility_control.h
-- Up-to-date symlink: /home/palash/pico_ws/install/mav_msgs/include/mav_msgs/mav_msgs/msg/detail/actuators__rosidl_typesupport_introspection_c.h
-- Up-to-date symlink: /home/palash/pico_ws/install/mav_msgs/include/mav_msgs/mav_msgs/msg/detail/attitude_thrust__rosidl_typesupport_introspection_c.h
-- Up-to-date symlink: /home/palash/pico_ws/install/mav_msgs/include/mav_msgs/mav_msgs/msg/detail/filtered_sensor_data__rosidl_typesupport_introspection_c.h
-- Up-to-date symlink: /home/palash/pico_ws/install/mav_msgs/include/mav_msgs/mav_msgs/msg/detail/gps_waypoint__rosidl_typesupport_introspection_c.h
-- Up-to-date symlink: /home/palash/pico_ws/install/mav_msgs/include/mav_msgs/mav_msgs/msg/detail/rate_thrust__rosidl_typesupport_introspection_c.h
-- Up-to-date symlink: /home/palash/pico_ws/install/mav_msgs/include/mav_msgs/mav_msgs/msg/detail/roll_pitch_yawrate_thrust__rosidl_typesupport_introspection_c.h
-- Up-to-date symlink: /home/palash/pico_ws/install/mav_msgs/include/mav_msgs/mav_msgs/msg/detail/status__rosidl_typesupport_introspection_c.h
-- Up-to-date symlink: /home/palash/pico_ws/install/mav_msgs/include/mav_msgs/mav_msgs/msg/detail/torque_thrust__rosidl_typesupport_introspection_c.h
-- Up-to-date symlink: /home/palash/pico_ws/install/mav_msgs/include/mav_msgs/mav_msgs/msg/rosidl_typesupport_introspection_c__visibility_control.h
-- Up-to-date symlink: /home/palash/pico_ws/install/mav_msgs/include/mav_msgs/mav_msgs/msg/actuators.hpp
-- Up-to-date symlink: /home/palash/pico_ws/install/mav_msgs/include/mav_msgs/mav_msgs/msg/attitude_thrust.hpp
-- Up-to-date symlink: /home/palash/pico_ws/install/mav_msgs/include/mav_msgs/mav_msgs/msg/detail/actuators__builder.hpp
-- Up-to-date symlink: /home/palash/pico_ws/install/mav_msgs/include/mav_msgs/mav_msgs/msg/detail/actuators__struct.hpp
-- Up-to-date symlink: /home/palash/pico_ws/install/mav_msgs/include/mav_msgs/mav_msgs/msg/detail/actuators__traits.hpp
-- Up-to-date symlink: /home/palash/pico_ws/install/mav_msgs/include/mav_msgs/mav_msgs/msg/detail/actuators__type_support.hpp
-- Up-to-date symlink: /home/palash/pico_ws/install/mav_msgs/include/mav_msgs/mav_msgs/msg/detail/attitude_thrust__builder.hpp
-- Up-to-date symlink: /home/palash/pico_ws/install/mav_msgs/include/mav_msgs/mav_msgs/msg/detail/attitude_thrust__struct.hpp
-- Up-to-date symlink: /home/palash/pico_ws/install/mav_msgs/include/mav_msgs/mav_msgs/msg/detail/attitude_thrust__traits.hpp
-- Up-to-date symlink: /home/palash/pico_ws/install/mav_msgs/include/mav_msgs/mav_msgs/msg/detail/attitude_thrust__type_support.hpp
-- Up-to-date symlink: /home/palash/pico_ws/install/mav_msgs/include/mav_msgs/mav_msgs/msg/detail/filtered_sensor_data__builder.hpp
-- Up-to-date symlink: /home/palash/pico_ws/install/mav_msgs/include/mav_msgs/mav_msgs/msg/detail/filtered_sensor_data__struct.hpp
-- Up-to-date symlink: /home/palash/pico_ws/install/mav_msgs/include/mav_msgs/mav_msgs/msg/detail/filtered_sensor_data__traits.hpp
-- Up-to-date symlink: /home/palash/pico_ws/install/mav_msgs/include/mav_msgs/mav_msgs/msg/detail/filtered_sensor_data__type_support.hpp
-- Up-to-date symlink: /home/palash/pico_ws/install/mav_msgs/include/mav_msgs/mav_msgs/msg/detail/gps_waypoint__builder.hpp
-- Up-to-date symlink: /home/palash/pico_ws/install/mav_msgs/include/mav_msgs/mav_msgs/msg/detail/gps_waypoint__struct.hpp
-- Up-to-date symlink: /home/palash/pico_ws/install/mav_msgs/include/mav_msgs/mav_msgs/msg/detail/gps_waypoint__traits.hpp
-- Up-to-date symlink: /home/palash/pico_ws/install/mav_msgs/include/mav_msgs/mav_msgs/msg/detail/gps_waypoint__type_support.hpp
-- Up-to-date symlink: /home/palash/pico_ws/install/mav_msgs/include/mav_msgs/mav_msgs/msg/detail/rate_thrust__builder.hpp
-- Up-to-date symlink: /home/palash/pico_ws/install/mav_msgs/include/mav_msgs/mav_msgs/msg/detail/rate_thrust__struct.hpp
-- Up-to-date symlink: /home/palash/pico_ws/install/mav_msgs/include/mav_msgs/mav_msgs/msg/detail/rate_thrust__traits.hpp
-- Up-to-date symlink: /home/palash/pico_ws/install/mav_msgs/include/mav_msgs/mav_msgs/msg/detail/rate_thrust__type_support.hpp
-- Up-to-date symlink: /home/palash/pico_ws/install/mav_msgs/include/mav_msgs/mav_msgs/msg/detail/roll_pitch_yawrate_thrust__builder.hpp
-- Up-to-date symlink: /home/palash/pico_ws/install/mav_msgs/include/mav_msgs/mav_msgs/msg/detail/roll_pitch_yawrate_thrust__struct.hpp
-- Up-to-date symlink: /home/palash/pico_ws/install/mav_msgs/include/mav_msgs/mav_msgs/msg/detail/roll_pitch_yawrate_thrust__traits.hpp
-- Up-to-date symlink: /home/palash/pico_ws/install/mav_msgs/include/mav_msgs/mav_msgs/msg/detail/roll_pitch_yawrate_thrust__type_support.hpp
-- Up-to-date symlink: /home/palash/pico_ws/install/mav_msgs/include/mav_msgs/mav_msgs/msg/detail/status__builder.hpp
-- Up-to-date symlink: /home/palash/pico_ws/install/mav_msgs/include/mav_msgs/mav_msgs/msg/detail/status__struct.hpp
-- Up-to-date symlink: /home/palash/pico_ws/install/mav_msgs/include/mav_msgs/mav_msgs/msg/detail/status__traits.hpp
-- Up-to-date symlink: /home/palash/pico_ws/install/mav_msgs/include/mav_msgs/mav_msgs/msg/detail/status__type_support.hpp
-- Up-to-date symlink: /home/palash/pico_ws/install/mav_msgs/include/mav_msgs/mav_msgs/msg/detail/torque_thrust__builder.hpp
-- Up-to-date symlink: /home/palash/pico_ws/install/mav_msgs/include/mav_msgs/mav_msgs/msg/detail/torque_thrust__struct.hpp
-- Up-to-date symlink: /home/palash/pico_ws/install/mav_msgs/include/mav_msgs/mav_msgs/msg/detail/torque_thrust__traits.hpp
-- Up-to-date symlink: /home/palash/pico_ws/install/mav_msgs/include/mav_msgs/mav_msgs/msg/detail/torque_thrust__type_support.hpp
-- Up-to-date symlink: /home/palash/pico_ws/install/mav_msgs/include/mav_msgs/mav_msgs/msg/filtered_sensor_data.hpp
-- Up-to-date symlink: /home/palash/pico_ws/install/mav_msgs/include/mav_msgs/mav_msgs/msg/gps_waypoint.hpp
-- Up-to-date symlink: /home/palash/pico_ws/install/mav_msgs/include/mav_msgs/mav_msgs/msg/rate_thrust.hpp
-- Up-to-date symlink: /home/palash/pico_ws/install/mav_msgs/include/mav_msgs/mav_msgs/msg/roll_pitch_yawrate_thrust.hpp
-- Up-to-date symlink: /home/palash/pico_ws/install/mav_msgs/include/mav_msgs/mav_msgs/msg/rosidl_generator_cpp__visibility_control.hpp
-- Up-to-date symlink: /home/palash/pico_ws/install/mav_msgs/include/mav_msgs/mav_msgs/msg/status.hpp
-- Up-to-date symlink: /home/palash/pico_ws/install/mav_msgs/include/mav_msgs/mav_msgs/msg/torque_thrust.hpp
-- Up-to-date symlink: /home/palash/pico_ws/install/mav_msgs/include/mav_msgs/mav_msgs/msg/detail/actuators__rosidl_typesupport_fastrtps_cpp.hpp
-- Up-to-date symlink: /home/palash/pico_ws/install/mav_msgs/include/mav_msgs/mav_msgs/msg/detail/attitude_thrust__rosidl_typesupport_fastrtps_cpp.hpp
-- Up-to-date symlink: /home/palash/pico_ws/install/mav_msgs/include/mav_msgs/mav_msgs/msg/detail/filtered_sensor_data__rosidl_typesupport_fastrtps_cpp.hpp
-- Up-to-date symlink: /home/palash/pico_ws/install/mav_msgs/include/mav_msgs/mav_msgs/msg/detail/gps_waypoint__rosidl_typesupport_fastrtps_cpp.hpp
-- Up-to-date symlink: /home/palash/pico_ws/install/mav_msgs/include/mav_msgs/mav_msgs/msg/detail/rate_thrust__rosidl_typesupport_fastrtps_cpp.hpp
-- Up-to-date symlink: /home/palash/pico_ws/install/mav_msgs/include/mav_msgs/mav_msgs/msg/detail/roll_pitch_yawrate_thrust__rosidl_typesupport_fastrtps_cpp.hpp
-- Up-to-date symlink: /home/palash/pico_ws/install/mav_msgs/include/mav_msgs/mav_msgs/msg/detail/status__rosidl_typesupport_fastrtps_cpp.hpp
-- Up-to-date symlink: /home/palash/pico_ws/install/mav_msgs/include/mav_msgs/mav_msgs/msg/detail/torque_thrust__rosidl_typesupport_fastrtps_cpp.hpp
-- Up-to-date symlink: /home/palash/pico_ws/install/mav_msgs/include/mav_msgs/mav_msgs/msg/rosidl_typesupport_fastrtps_cpp__visibility_control.h
-- Up-to-date symlink: /home/palash/pico_ws/install/mav_msgs/include/mav_msgs/mav_msgs/msg/detail/actuators__rosidl_typesupport_introspection_cpp.hpp
-- Up-to-date symlink: /home/palash/pico_ws/install/mav_msgs/include/mav_msgs/mav_msgs/msg/detail/attitude_thrust__rosidl_typesupport_introspection_cpp.hpp
-- Up-to-date symlink: /home/palash/pico_ws/install/mav_msgs/include/mav_msgs/mav_msgs/msg/detail/filtered_sensor_data__rosidl_typesupport_introspection_cpp.hpp
-- Up-to-date symlink: /home/palash/pico_ws/install/mav_msgs/include/mav_msgs/mav_msgs/msg/detail/gps_waypoint__rosidl_typesupport_introspection_cpp.hpp
-- Up-to-date symlink: /home/palash/pico_ws/install/mav_msgs/include/mav_msgs/mav_msgs/msg/detail/rate_thrust__rosidl_typesupport_introspection_cpp.hpp
-- Up-to-date symlink: /home/palash/pico_ws/install/mav_msgs/include/mav_msgs/mav_msgs/msg/detail/roll_pitch_yawrate_thrust__rosidl_typesupport_introspection_cpp.hpp
-- Up-to-date symlink: /home/palash/pico_ws/install/mav_msgs/include/mav_msgs/mav_msgs/msg/detail/status__rosidl_typesupport_introspection_cpp.hpp
-- Up-to-date symlink: /home/palash/pico_ws/install/mav_msgs/include/mav_msgs/mav_msgs/msg/detail/torque_thrust__rosidl_typesupport_introspection_cpp.hpp
-- Up-to-date symlink: /home/palash/pico_ws/install/mav_msgs/share/mav_msgs/environment/pythonpath.sh
-- Up-to-date symlink: /home/palash/pico_ws/install/mav_msgs/share/mav_msgs/environment/pythonpath.dsv
-- Up-to-date symlink: /home/palash/pico_ws/install/mav_msgs/local/lib/python3.10/dist-packages/mav_msgs-3.3.3-py3.10.egg-info/PKG-INFO
-- Up-to-date symlink: /home/palash/pico_ws/install/mav_msgs/local/lib/python3.10/dist-packages/mav_msgs-3.3.3-py3.10.egg-info/SOURCES.txt
-- Up-to-date symlink: /home/palash/pico_ws/install/mav_msgs/local/lib/python3.10/dist-packages/mav_msgs-3.3.3-py3.10.egg-info/dependency_links.txt
-- Up-to-date symlink: /home/palash/pico_ws/install/mav_msgs/local/lib/python3.10/dist-packages/mav_msgs-3.3.3-py3.10.egg-info/top_level.txt
-- Up-to-date symlink: /home/palash/pico_ws/install/mav_msgs/local/lib/python3.10/dist-packages/mav_msgs/__init__.py
-- Up-to-date symlink: /home/palash/pico_ws/install/mav_msgs/local/lib/python3.10/dist-packages/mav_msgs/_mav_msgs_s.ep.rosidl_typesupport_c.c
-- Up-to-date symlink: /home/palash/pico_ws/install/mav_msgs/local/lib/python3.10/dist-packages/mav_msgs/_mav_msgs_s.ep.rosidl_typesupport_fastrtps_c.c
-- Up-to-date symlink: /home/palash/pico_ws/install/mav_msgs/local/lib/python3.10/dist-packages/mav_msgs/_mav_msgs_s.ep.rosidl_typesupport_introspection_c.c
-- Up-to-date symlink: /home/palash/pico_ws/install/mav_msgs/local/lib/python3.10/dist-packages/mav_msgs/libmav_msgs__rosidl_generator_py.so
-- Up-to-date symlink: /home/palash/pico_ws/install/mav_msgs/local/lib/python3.10/dist-packages/mav_msgs/mav_msgs_s__rosidl_typesupport_c.cpython-310-x86_64-linux-gnu.so
-- Up-to-date symlink: /home/palash/pico_ws/install/mav_msgs/local/lib/python3.10/dist-packages/mav_msgs/mav_msgs_s__rosidl_typesupport_fastrtps_c.cpython-310-x86_64-linux-gnu.so
-- Up-to-date symlink: /home/palash/pico_ws/install/mav_msgs/local/lib/python3.10/dist-packages/mav_msgs/mav_msgs_s__rosidl_typesupport_introspection_c.cpython-310-x86_64-linux-gnu.so
-- Up-to-date symlink: /home/palash/pico_ws/install/mav_msgs/local/lib/python3.10/dist-packages/mav_msgs/msg/__init__.py
-- Up-to-date symlink: /home/palash/pico_ws/install/mav_msgs/local/lib/python3.10/dist-packages/mav_msgs/msg/_actuators.py
-- Up-to-date symlink: /home/palash/pico_ws/install/mav_msgs/local/lib/python3.10/dist-packages/mav_msgs/msg/_actuators_s.c
-- Up-to-date symlink: /home/palash/pico_ws/install/mav_msgs/local/lib/python3.10/dist-packages/mav_msgs/msg/_attitude_thrust.py
-- Up-to-date symlink: /home/palash/pico_ws/install/mav_msgs/local/lib/python3.10/dist-packages/mav_msgs/msg/_attitude_thrust_s.c
-- Up-to-date symlink: /home/palash/pico_ws/install/mav_msgs/local/lib/python3.10/dist-packages/mav_msgs/msg/_filtered_sensor_data.py
-- Up-to-date symlink: /home/palash/pico_ws/install/mav_msgs/local/lib/python3.10/dist-packages/mav_msgs/msg/_filtered_sensor_data_s.c
-- Up-to-date symlink: /home/palash/pico_ws/install/mav_msgs/local/lib/python3.10/dist-packages/mav_msgs/msg/_gps_waypoint.py
-- Up-to-date symlink: /home/palash/pico_ws/install/mav_msgs/local/lib/python3.10/dist-packages/mav_msgs/msg/_gps_waypoint_s.c
-- Up-to-date symlink: /home/palash/pico_ws/install/mav_msgs/local/lib/python3.10/dist-packages/mav_msgs/msg/_rate_thrust.py
-- Up-to-date symlink: /home/palash/pico_ws/install/mav_msgs/local/lib/python3.10/dist-packages/mav_msgs/msg/_rate_thrust_s.c
-- Up-to-date symlink: /home/palash/pico_ws/install/mav_msgs/local/lib/python3.10/dist-packages/mav_msgs/msg/_roll_pitch_yawrate_thrust.py
-- Up-to-date symlink: /home/palash/pico_ws/install/mav_msgs/local/lib/python3.10/dist-packages/mav_msgs/msg/_roll_pitch_yawrate_thrust_s.c
-- Up-to-date symlink: /home/palash/pico_ws/install/mav_msgs/local/lib/python3.10/dist-packages/mav_msgs/msg/_status.py
-- Up-to-date symlink: /home/palash/pico_ws/install/mav_msgs/local/lib/python3.10/dist-packages/mav_msgs/msg/_status_s.c
-- Up-to-date symlink: /home/palash/pico_ws/install/mav_msgs/local/lib/python3.10/dist-packages/mav_msgs/msg/_torque_thrust.py
-- Up-to-date symlink: /home/palash/pico_ws/install/mav_msgs/local/lib/python3.10/dist-packages/mav_msgs/msg/_torque_thrust_s.c
-- Up-to-date symlink: /home/palash/pico_ws/install/mav_msgs/local/lib/python3.10/dist-packages/mav_msgs/mav_msgs_s__rosidl_typesupport_fastrtps_c.cpython-310-x86_64-linux-gnu.so
-- Up-to-date symlink: /home/palash/pico_ws/install/mav_msgs/local/lib/python3.10/dist-packages/mav_msgs/mav_msgs_s__rosidl_typesupport_introspection_c.cpython-310-x86_64-linux-gnu.so
-- Up-to-date symlink: /home/palash/pico_ws/install/mav_msgs/local/lib/python3.10/dist-packages/mav_msgs/mav_msgs_s__rosidl_typesupport_c.cpython-310-x86_64-linux-gnu.so
-- Up-to-date symlink: /home/palash/pico_ws/install/mav_msgs/share/mav_msgs/msg/Actuators.idl
-- Up-to-date symlink: /home/palash/pico_ws/install/mav_msgs/share/mav_msgs/msg/AttitudeThrust.idl
-- Up-to-date symlink: /home/palash/pico_ws/install/mav_msgs/share/mav_msgs/msg/FilteredSensorData.idl
-- Up-to-date symlink: /home/palash/pico_ws/install/mav_msgs/share/mav_msgs/msg/GpsWaypoint.idl
-- Up-to-date symlink: /home/palash/pico_ws/install/mav_msgs/share/mav_msgs/msg/RateThrust.idl
-- Up-to-date symlink: /home/palash/pico_ws/install/mav_msgs/share/mav_msgs/msg/RollPitchYawrateThrust.idl
-- Up-to-date symlink: /home/palash/pico_ws/install/mav_msgs/share/mav_msgs/msg/Status.idl
-- Up-to-date symlink: /home/palash/pico_ws/install/mav_msgs/share/mav_msgs/msg/TorqueThrust.idl
-- Up-to-date symlink: /home/palash/pico_ws/install/mav_msgs/share/mav_msgs/msg/Actuators.msg
-- Up-to-date symlink: /home/palash/pico_ws/install/mav_msgs/share/mav_msgs/msg/AttitudeThrust.msg
-- Up-to-date symlink: /home/palash/pico_ws/install/mav_msgs/share/mav_msgs/msg/FilteredSensorData.msg
-- Up-to-date symlink: /home/palash/pico_ws/install/mav_msgs/share/mav_msgs/msg/GpsWaypoint.msg
-- Up-to-date symlink: /home/palash/pico_ws/install/mav_msgs/share/mav_msgs/msg/RateThrust.msg
-- Up-to-date symlink: /home/palash/pico_ws/install/mav_msgs/share/mav_msgs/msg/RollPitchYawrateThrust.msg
-- Up-to-date symlink: /home/palash/pico_ws/install/mav_msgs/share/mav_msgs/msg/Status.msg
-- Up-to-date symlink: /home/palash/pico_ws/install/mav_msgs/share/mav_msgs/msg/TorqueThrust.msg
-- Up-to-date symlink: /home/palash/pico_ws/install/mav_msgs/share/ament_index/resource_index/package_run_dependencies/mav_msgs
-- Up-to-date symlink: /home/palash/pico_ws/install/mav_msgs/share/ament_index/resource_index/parent_prefix_path/mav_msgs
-- Up-to-date symlink: /home/palash/pico_ws/install/mav_msgs/share/mav_msgs/environment/ament_prefix_path.sh
-- Up-to-date symlink: /home/palash/pico_ws/install/mav_msgs/share/mav_msgs/environment/ament_prefix_path.dsv
-- Up-to-date symlink: /home/palash/pico_ws/install/mav_msgs/share/mav_msgs/environment/path.sh
-- Up-to-date symlink: /home/palash/pico_ws/install/mav_msgs/share/mav_msgs/environment/path.dsv
-- Up-to-date symlink: /home/palash/pico_ws/install/mav_msgs/share/mav_msgs/local_setup.bash
-- Up-to-date symlink: /home/palash/pico_ws/install/mav_msgs/share/mav_msgs/local_setup.sh
-- Up-to-date symlink: /home/palash/pico_ws/install/mav_msgs/share/mav_msgs/local_setup.zsh
-- Up-to-date symlink: /home/palash/pico_ws/install/mav_msgs/share/mav_msgs/local_setup.dsv
-- Symlinking: /home/palash/pico_ws/install/mav_msgs/share/mav_msgs/package.dsv
-- Up-to-date symlink: /home/palash/pico_ws/install/mav_msgs/share/ament_index/resource_index/packages/mav_msgs
-- Up-to-date symlink: /home/palash/pico_ws/install/mav_msgs/share/mav_msgs/cmake/rosidl_cmake-extras.cmake
-- Up-to-date symlink: /home/palash/pico_ws/install/mav_msgs/share/mav_msgs/cmake/ament_cmake_export_dependencies-extras.cmake
-- Up-to-date symlink: /home/palash/pico_ws/install/mav_msgs/share/mav_msgs/cmake/ament_cmake_export_include_directories-extras.cmake
-- Up-to-date symlink: /home/palash/pico_ws/install/mav_msgs/share/mav_msgs/cmake/ament_cmake_export_libraries-extras.cmake
-- Up-to-date symlink: /home/palash/pico_ws/install/mav_msgs/share/mav_msgs/cmake/ament_cmake_export_targets-extras.cmake
-- Up-to-date symlink: /home/palash/pico_ws/install/mav_msgs/share/mav_msgs/cmake/rosidl_cmake_export_typesupport_targets-extras.cmake
-- Up-to-date symlink: /home/palash/pico_ws/install/mav_msgs/share/mav_msgs/cmake/rosidl_cmake_export_typesupport_libraries-extras.cmake
-- Up-to-date symlink: /home/palash/pico_ws/install/mav_msgs/share/mav_msgs/cmake/mav_msgsConfig.cmake
-- Up-to-date symlink: /home/palash/pico_ws/install/mav_msgs/share/mav_msgs/cmake/mav_msgsConfig-version.cmake
-- Up-to-date symlink: /home/palash/pico_ws/install/mav_msgs/share/mav_msgs/package.xml
-- Up-to-date: /home/palash/pico_ws/install/mav_msgs/lib/libmav_msgs__rosidl_generator_c.so
-- Up-to-date: /home/palash/pico_ws/install/mav_msgs/lib/libmav_msgs__rosidl_typesupport_fastrtps_c.so
-- Up-to-date: /home/palash/pico_ws/install/mav_msgs/lib/libmav_msgs__rosidl_typesupport_introspection_c.so
-- Up-to-date: /home/palash/pico_ws/install/mav_msgs/lib/libmav_msgs__rosidl_typesupport_c.so
-- Up-to-date: /home/palash/pico_ws/install/mav_msgs/lib/libmav_msgs__rosidl_typesupport_fastrtps_cpp.so
-- Up-to-date: /home/palash/pico_ws/install/mav_msgs/lib/libmav_msgs__rosidl_typesupport_introspection_cpp.so
-- Up-to-date: /home/palash/pico_ws/install/mav_msgs/lib/libmav_msgs__rosidl_typesupport_cpp.so
Listing '/home/palash/pico_ws/install/mav_msgs/local/lib/python3.10/dist-packages/mav_msgs'...
Compiling '/home/palash/pico_ws/install/mav_msgs/local/lib/python3.10/dist-packages/mav_msgs/__init__.py'...
Listing '/home/palash/pico_ws/install/mav_msgs/local/lib/python3.10/dist-packages/mav_msgs/msg'...
-- Up-to-date: /home/palash/pico_ws/install/mav_msgs/lib/libmav_msgs__rosidl_generator_py.so
-- Up-to-date: /home/palash/pico_ws/install/mav_msgs/include/mav_msgs
-- Up-to-date: /home/palash/pico_ws/install/mav_msgs/include/mav_msgs/common.hpp
-- Up-to-date: /home/palash/pico_ws/install/mav_msgs/include/mav_msgs/eigen_mav_msgs.hpp
-- Up-to-date: /home/palash/pico_ws/install/mav_msgs/include/mav_msgs/default_topics.hpp
-- Up-to-date: /home/palash/pico_ws/install/mav_msgs/include/mav_msgs/conversions.hpp
-- Up-to-date: /home/palash/pico_ws/install/mav_msgs/include/mav_msgs/default_values.hpp
-- Up-to-date: /home/palash/pico_ws/install/mav_msgs/share/mav_msgs/cmake/export_mav_msgs__rosidl_generator_cExport.cmake
-- Up-to-date: /home/palash/pico_ws/install/mav_msgs/share/mav_msgs/cmake/export_mav_msgs__rosidl_generator_cExport-noconfig.cmake
-- Up-to-date: /home/palash/pico_ws/install/mav_msgs/share/mav_msgs/cmake/export_mav_msgs__rosidl_typesupport_fastrtps_cExport.cmake
-- Up-to-date: /home/palash/pico_ws/install/mav_msgs/share/mav_msgs/cmake/export_mav_msgs__rosidl_typesupport_fastrtps_cExport-noconfig.cmake
-- Up-to-date: /home/palash/pico_ws/install/mav_msgs/share/mav_msgs/cmake/mav_msgs__rosidl_typesupport_introspection_cExport.cmake
-- Up-to-date: /home/palash/pico_ws/install/mav_msgs/share/mav_msgs/cmake/mav_msgs__rosidl_typesupport_introspection_cExport-noconfig.cmake
-- Up-to-date: /home/palash/pico_ws/install/mav_msgs/share/mav_msgs/cmake/mav_msgs__rosidl_typesupport_cExport.cmake
-- Up-to-date: /home/palash/pico_ws/install/mav_msgs/share/mav_msgs/cmake/mav_msgs__rosidl_typesupport_cExport-noconfig.cmake
-- Up-to-date: /home/palash/pico_ws/install/mav_msgs/share/mav_msgs/cmake/export_mav_msgs__rosidl_generator_cppExport.cmake
-- Up-to-date: /home/palash/pico_ws/install/mav_msgs/share/mav_msgs/cmake/export_mav_msgs__rosidl_typesupport_fastrtps_cppExport.cmake
-- Up-to-date: /home/palash/pico_ws/install/mav_msgs/share/mav_msgs/cmake/export_mav_msgs__rosidl_typesupport_fastrtps_cppExport-noconfig.cmake
-- Up-to-date: /home/palash/pico_ws/install/mav_msgs/share/mav_msgs/cmake/mav_msgs__rosidl_typesupport_introspection_cppExport.cmake
-- Up-to-date: /home/palash/pico_ws/install/mav_msgs/share/mav_msgs/cmake/mav_msgs__rosidl_typesupport_introspection_cppExport-noconfig.cmake
-- Up-to-date: /home/palash/pico_ws/install/mav_msgs/share/mav_msgs/cmake/mav_msgs__rosidl_typesupport_cppExport.cmake
-- Up-to-date: /home/palash/pico_ws/install/mav_msgs/share/mav_msgs/cmake/mav_msgs__rosidl_typesupport_cppExport-noconfig.cmake
-- Up-to-date: /home/palash/pico_ws/install/mav_msgs/share/mav_msgs/cmake/export_mav_msgs__rosidl_generator_pyExport.cmake
-- Up-to-date: /home/palash/pico_ws/install/mav_msgs/share/mav_msgs/cmake/export_mav_msgs__rosidl_generator_pyExport-noconfig.cmake
