[0.031s] Invoking command in '/home/palash/pico_ws/build/error_msg': CMAKE_PREFIX_PATH=${CMAKE_PREFIX_PATH}:/home/palash/Downloads/turtlesim_ws/install/kd_task_1b:/opt/ros/humble /usr/bin/cmake /home/palash/pico_ws/src/controller_tuner/error_msg -DAMENT_CMAKE_SYMLINK_INSTALL=1 -DCMAKE_INSTALL_PREFIX=/home/palash/pico_ws/install/error_msg
[0.134s] -- The C compiler identification is GNU 11.4.0
[0.227s] -- The CXX compiler identification is GNU 11.4.0
[0.236s] -- Detecting C compiler ABI info
[0.347s] -- Detecting C compiler ABI info - done
[0.356s] -- Check for working C compiler: /usr/bin/cc - skipped
[0.356s] -- Detecting C compile features
[0.357s] -- Detecting C compile features - done
[0.360s] -- Detecting CXX compiler ABI info
[0.486s] -- Detecting CXX compiler ABI info - done
[0.494s] -- Check for working CXX compiler: /usr/bin/c++ - skipped
[0.494s] -- Detecting CXX compile features
[0.494s] -- Detecting CXX compile features - done
[0.497s] -- Found ament_cmake: 1.3.12 (/opt/ros/humble/share/ament_cmake/cmake)
[0.730s] -- Found Python3: /usr/bin/python3 (found version "3.10.12") found components: Interpreter 
[0.829s] -- Override CMake install command with custom implementation using symlinks instead of copying resources
[0.868s] -- Found std_msgs: 4.9.0 (/opt/ros/humble/share/std_msgs/cmake)
[0.906s] -- Found rosidl_generator_c: 3.1.7 (/opt/ros/humble/share/rosidl_generator_c/cmake)
[0.911s] -- Found rosidl_adapter: 3.1.7 (/opt/ros/humble/share/rosidl_adapter/cmake)
[0.920s] -- Found rosidl_generator_cpp: 3.1.7 (/opt/ros/humble/share/rosidl_generator_cpp/cmake)
[0.937s] -- Using all available rosidl_typesupport_c: rosidl_typesupport_fastrtps_c;rosidl_typesupport_introspection_c
[0.955s] -- Using all available rosidl_typesupport_cpp: rosidl_typesupport_fastrtps_cpp;rosidl_typesupport_introspection_cpp
[0.992s] -- Found rosidl_default_generators: 1.2.0 (/opt/ros/humble/share/rosidl_default_generators/cmake)
[1.423s] -- Found ament_cmake_ros: 0.10.0 (/opt/ros/humble/share/ament_cmake_ros/cmake)
[1.975s] -- Using all available rosidl_typesupport_c: rosidl_typesupport_fastrtps_c;rosidl_typesupport_introspection_c
[2.170s] -- Using all available rosidl_typesupport_cpp: rosidl_typesupport_fastrtps_cpp;rosidl_typesupport_introspection_cpp
[2.207s] -- Found PythonInterp: /usr/bin/python3 (found suitable version "3.10.12", minimum required is "3.6") 
[2.209s] -- Found python_cmake_module: 0.10.0 (/opt/ros/humble/share/python_cmake_module/cmake)
[2.248s] -- Found PythonLibs: /usr/lib/x86_64-linux-gnu/libpython3.10.so (found suitable version "3.10.12", minimum required is "3.5") 
[2.248s] -- Using PYTHON_EXECUTABLE: /usr/bin/python3
[2.248s] -- Using PYTHON_INCLUDE_DIRS: /usr/include/python3.10
[2.248s] -- Using PYTHON_LIBRARIES: /usr/lib/x86_64-linux-gnu/libpython3.10.so
[2.285s] -- Found PythonExtra: .so  
[2.387s] -- Found ament_lint_auto: 0.12.14 (/opt/ros/humble/share/ament_lint_auto/cmake)
[2.427s] -- Added test 'lint_cmake' to check CMake code style
[2.429s] -- Added test 'xmllint' to check XML markup files
[2.439s] -- Configuring done
[2.507s] -- Generating done
[2.533s] -- Build files have been written to: /home/palash/pico_ws/build/error_msg
[2.561s] Invoked command in '/home/palash/pico_ws/build/error_msg' returned '0': CMAKE_PREFIX_PATH=${CMAKE_PREFIX_PATH}:/home/palash/Downloads/turtlesim_ws/install/kd_task_1b:/opt/ros/humble /usr/bin/cmake /home/palash/pico_ws/src/controller_tuner/error_msg -DAMENT_CMAKE_SYMLINK_INSTALL=1 -DCMAKE_INSTALL_PREFIX=/home/palash/pico_ws/install/error_msg
[2.562s] Invoking command in '/home/palash/pico_ws/build/error_msg': CMAKE_PREFIX_PATH=${CMAKE_PREFIX_PATH}:/home/palash/Downloads/turtlesim_ws/install/kd_task_1b:/opt/ros/humble /usr/bin/cmake --build /home/palash/pico_ws/build/error_msg -- -j16 -l16
[2.663s] [  3%] [34m[1mGenerating C code for ROS interfaces[0m
[2.691s] [  3%] Built target ament_cmake_python_symlink_error_msg
[2.692s] [  6%] [34m[1mGenerating C++ code for ROS interfaces[0m
[3.543s] [  9%] [32mBuilding C object CMakeFiles/error_msg__rosidl_generator_c.dir/rosidl_generator_c/error_msg/msg/detail/error__functions.c.o[0m
[3.579s] running egg_info
[3.580s] creating error_msg.egg-info
[3.580s] writing error_msg.egg-info/PKG-INFO
[3.580s] writing dependency_links to error_msg.egg-info/dependency_links.txt
[3.580s] writing top-level names to error_msg.egg-info/top_level.txt
[3.580s] writing manifest file 'error_msg.egg-info/SOURCES.txt'
[3.608s] reading manifest file 'error_msg.egg-info/SOURCES.txt'
[3.611s] writing manifest file 'error_msg.egg-info/SOURCES.txt'
[3.761s] [  9%] Built target error_msg__cpp
[3.784s] [ 12%] [32m[1mLinking C shared library liberror_msg__rosidl_generator_c.so[0m
[3.805s] [ 16%] [34m[1mGenerating C++ introspection for ROS interfaces[0m
[3.832s] [ 19%] [34m[1mGenerating C++ type support dispatch for ROS interfaces[0m
[3.835s] [ 22%] [34m[1mGenerating C++ type support for eProsima Fast-RTPS[0m
[3.880s] [ 22%] Built target ament_cmake_python_build_error_msg_egg
[4.054s] [ 22%] Built target error_msg__rosidl_generator_c
[4.123s] [ 25%] [34m[1mGenerating C type support dispatch for ROS interfaces[0m
[4.130s] [ 29%] [34m[1mGenerating C introspection for ROS interfaces[0m
[4.137s] [ 32%] [34m[1mGenerating C type support for eProsima Fast-RTPS[0m
[4.800s] [ 35%] [32mBuilding CXX object CMakeFiles/error_msg__rosidl_typesupport_cpp.dir/rosidl_typesupport_cpp/error_msg/msg/error__type_support.cpp.o[0m
[4.804s] [ 38%] [32mBuilding CXX object CMakeFiles/error_msg__rosidl_typesupport_c.dir/rosidl_typesupport_c/error_msg/msg/error__type_support.cpp.o[0m
[4.956s] [ 41%] [32m[1mLinking CXX shared library liberror_msg__rosidl_typesupport_c.so[0m
[5.083s] [ 45%] [32mBuilding CXX object CMakeFiles/error_msg__rosidl_typesupport_fastrtps_c.dir/rosidl_typesupport_fastrtps_c/error_msg/msg/detail/error__type_support_c.cpp.o[0m
[5.154s] [ 45%] Built target error_msg__rosidl_typesupport_c
[5.308s] [ 48%] [32mBuilding CXX object CMakeFiles/error_msg__rosidl_typesupport_fastrtps_cpp.dir/rosidl_typesupport_fastrtps_cpp/error_msg/msg/detail/dds_fastrtps/error__type_support.cpp.o[0m
[5.575s] [ 51%] [32mBuilding C object CMakeFiles/error_msg__rosidl_typesupport_introspection_c.dir/rosidl_typesupport_introspection_c/error_msg/msg/detail/error__type_support.c.o[0m
[5.834s] [ 54%] [32m[1mLinking C shared library liberror_msg__rosidl_typesupport_introspection_c.so[0m
[6.009s] [ 54%] Built target error_msg__rosidl_typesupport_introspection_c
[6.081s] [ 58%] [32m[1mLinking CXX shared library liberror_msg__rosidl_typesupport_cpp.so[0m
[6.164s] [ 61%] [32mBuilding CXX object CMakeFiles/error_msg__rosidl_typesupport_introspection_cpp.dir/rosidl_typesupport_introspection_cpp/error_msg/msg/detail/error__type_support.cpp.o[0m
[6.333s] [ 61%] Built target error_msg__rosidl_typesupport_cpp
[6.518s] [ 64%] [32m[1mLinking CXX shared library liberror_msg__rosidl_typesupport_fastrtps_c.so[0m
[6.872s] [ 64%] Built target error_msg__rosidl_typesupport_fastrtps_c
[6.914s] [ 67%] [32m[1mLinking CXX shared library liberror_msg__rosidl_typesupport_fastrtps_cpp.so[0m
[7.297s] [ 67%] Built target error_msg__rosidl_typesupport_fastrtps_cpp
[7.421s] [ 70%] [32m[1mLinking CXX shared library liberror_msg__rosidl_typesupport_introspection_cpp.so[0m
[7.543s] [ 70%] Built target error_msg__rosidl_typesupport_introspection_cpp
[7.630s] [ 70%] Built target error_msg
[7.687s] [ 74%] [34m[1mGenerating Python code for ROS interfaces[0m
[8.233s] [ 74%] Built target error_msg__py
[8.270s] [ 77%] [32mBuilding C object CMakeFiles/error_msg__rosidl_generator_py.dir/rosidl_generator_py/error_msg/msg/_error_s.c.o[0m
[8.428s] [ 80%] [32m[1mLinking C shared library rosidl_generator_py/error_msg/liberror_msg__rosidl_generator_py.so[0m
[8.504s] [ 80%] Built target error_msg__rosidl_generator_py
[8.543s] [ 83%] [32mBuilding C object CMakeFiles/error_msg__rosidl_typesupport_c__pyext.dir/rosidl_generator_py/error_msg/_error_msg_s.ep.rosidl_typesupport_c.c.o[0m
[8.544s] [ 87%] [32mBuilding C object CMakeFiles/error_msg__rosidl_typesupport_introspection_c__pyext.dir/rosidl_generator_py/error_msg/_error_msg_s.ep.rosidl_typesupport_introspection_c.c.o[0m
[8.544s] [ 90%] [32mBuilding C object CMakeFiles/error_msg__rosidl_typesupport_fastrtps_c__pyext.dir/rosidl_generator_py/error_msg/_error_msg_s.ep.rosidl_typesupport_fastrtps_c.c.o[0m
[8.702s] [ 93%] [32m[1mLinking C shared library rosidl_generator_py/error_msg/error_msg_s__rosidl_typesupport_c.cpython-310-x86_64-linux-gnu.so[0m
[8.702s] [ 96%] [32m[1mLinking C shared library rosidl_generator_py/error_msg/error_msg_s__rosidl_typesupport_fastrtps_c.cpython-310-x86_64-linux-gnu.so[0m
[8.723s] [100%] [32m[1mLinking C shared library rosidl_generator_py/error_msg/error_msg_s__rosidl_typesupport_introspection_c.cpython-310-x86_64-linux-gnu.so[0m
[8.773s] [100%] Built target error_msg__rosidl_typesupport_c__pyext
[8.775s] [100%] Built target error_msg__rosidl_typesupport_fastrtps_c__pyext
[8.797s] [100%] Built target error_msg__rosidl_typesupport_introspection_c__pyext
[8.818s] Invoked command in '/home/palash/pico_ws/build/error_msg' returned '0': CMAKE_PREFIX_PATH=${CMAKE_PREFIX_PATH}:/home/palash/Downloads/turtlesim_ws/install/kd_task_1b:/opt/ros/humble /usr/bin/cmake --build /home/palash/pico_ws/build/error_msg -- -j16 -l16
[8.823s] Invoking command in '/home/palash/pico_ws/build/error_msg': CMAKE_PREFIX_PATH=${CMAKE_PREFIX_PATH}:/home/palash/Downloads/turtlesim_ws/install/kd_task_1b:/opt/ros/humble /usr/bin/cmake --install /home/palash/pico_ws/build/error_msg
[8.837s] -- Install configuration: ""
[8.838s] -- Execute custom install script
[8.838s] -- Symlinking: /home/palash/pico_ws/install/error_msg/share/ament_index/resource_index/rosidl_interfaces/error_msg
[8.853s] -- Symlinking: /home/palash/pico_ws/install/error_msg/include/error_msg/error_msg/msg/detail/error__functions.h
[8.869s] -- Symlinking: /home/palash/pico_ws/install/error_msg/include/error_msg/error_msg/msg/detail/error__struct.h
[8.883s] -- Symlinking: /home/palash/pico_ws/install/error_msg/include/error_msg/error_msg/msg/detail/error__type_support.h
[8.900s] -- Symlinking: /home/palash/pico_ws/install/error_msg/include/error_msg/error_msg/msg/error.h
[8.915s] -- Symlinking: /home/palash/pico_ws/install/error_msg/include/error_msg/error_msg/msg/rosidl_generator_c__visibility_control.h
[8.934s] -- Symlinking: /home/palash/pico_ws/install/error_msg/share/error_msg/environment/library_path.sh
[8.963s] -- Symlinking: /home/palash/pico_ws/install/error_msg/share/error_msg/environment/library_path.dsv
[8.976s] -- Symlinking: /home/palash/pico_ws/install/error_msg/include/error_msg/error_msg/msg/detail/error__rosidl_typesupport_fastrtps_c.h
[9.001s] -- Symlinking: /home/palash/pico_ws/install/error_msg/include/error_msg/error_msg/msg/rosidl_typesupport_fastrtps_c__visibility_control.h
[9.018s] -- Symlinking: /home/palash/pico_ws/install/error_msg/include/error_msg/error_msg/msg/detail/error__builder.hpp
[9.035s] -- Symlinking: /home/palash/pico_ws/install/error_msg/include/error_msg/error_msg/msg/detail/error__struct.hpp
[9.057s] -- Symlinking: /home/palash/pico_ws/install/error_msg/include/error_msg/error_msg/msg/detail/error__traits.hpp
[9.075s] -- Symlinking: /home/palash/pico_ws/install/error_msg/include/error_msg/error_msg/msg/detail/error__type_support.hpp
[9.100s] -- Symlinking: /home/palash/pico_ws/install/error_msg/include/error_msg/error_msg/msg/error.hpp
[9.119s] -- Symlinking: /home/palash/pico_ws/install/error_msg/include/error_msg/error_msg/msg/rosidl_generator_cpp__visibility_control.hpp
[9.149s] -- Symlinking: /home/palash/pico_ws/install/error_msg/include/error_msg/error_msg/msg/detail/error__rosidl_typesupport_fastrtps_cpp.hpp
[9.171s] -- Symlinking: /home/palash/pico_ws/install/error_msg/include/error_msg/error_msg/msg/rosidl_typesupport_fastrtps_cpp__visibility_control.h
[9.188s] -- Symlinking: /home/palash/pico_ws/install/error_msg/include/error_msg/error_msg/msg/detail/error__rosidl_typesupport_introspection_c.h
[9.204s] -- Symlinking: /home/palash/pico_ws/install/error_msg/include/error_msg/error_msg/msg/rosidl_typesupport_introspection_c__visibility_control.h
[9.221s] -- Symlinking: /home/palash/pico_ws/install/error_msg/include/error_msg/error_msg/msg/detail/error__rosidl_typesupport_introspection_cpp.hpp
[9.235s] -- Symlinking: /home/palash/pico_ws/install/error_msg/share/error_msg/environment/pythonpath.sh
[9.251s] -- Symlinking: /home/palash/pico_ws/install/error_msg/share/error_msg/environment/pythonpath.dsv
[9.268s] -- Symlinking: /home/palash/pico_ws/install/error_msg/local/lib/python3.10/dist-packages/error_msg-0.0.0-py3.10.egg-info/PKG-INFO
[9.284s] -- Symlinking: /home/palash/pico_ws/install/error_msg/local/lib/python3.10/dist-packages/error_msg-0.0.0-py3.10.egg-info/SOURCES.txt
[9.300s] -- Symlinking: /home/palash/pico_ws/install/error_msg/local/lib/python3.10/dist-packages/error_msg-0.0.0-py3.10.egg-info/dependency_links.txt
[9.317s] -- Symlinking: /home/palash/pico_ws/install/error_msg/local/lib/python3.10/dist-packages/error_msg-0.0.0-py3.10.egg-info/top_level.txt
[9.334s] -- Symlinking: /home/palash/pico_ws/install/error_msg/local/lib/python3.10/dist-packages/error_msg/__init__.py
[9.352s] -- Symlinking: /home/palash/pico_ws/install/error_msg/local/lib/python3.10/dist-packages/error_msg/_error_msg_s.ep.rosidl_typesupport_c.c
[9.369s] -- Symlinking: /home/palash/pico_ws/install/error_msg/local/lib/python3.10/dist-packages/error_msg/_error_msg_s.ep.rosidl_typesupport_fastrtps_c.c
[9.384s] -- Symlinking: /home/palash/pico_ws/install/error_msg/local/lib/python3.10/dist-packages/error_msg/_error_msg_s.ep.rosidl_typesupport_introspection_c.c
[9.404s] -- Symlinking: /home/palash/pico_ws/install/error_msg/local/lib/python3.10/dist-packages/error_msg/error_msg_s__rosidl_typesupport_c.cpython-310-x86_64-linux-gnu.so
[9.425s] -- Symlinking: /home/palash/pico_ws/install/error_msg/local/lib/python3.10/dist-packages/error_msg/error_msg_s__rosidl_typesupport_fastrtps_c.cpython-310-x86_64-linux-gnu.so
[9.441s] -- Symlinking: /home/palash/pico_ws/install/error_msg/local/lib/python3.10/dist-packages/error_msg/error_msg_s__rosidl_typesupport_introspection_c.cpython-310-x86_64-linux-gnu.so
[9.461s] -- Symlinking: /home/palash/pico_ws/install/error_msg/local/lib/python3.10/dist-packages/error_msg/liberror_msg__rosidl_generator_py.so
[9.474s] -- Symlinking: /home/palash/pico_ws/install/error_msg/local/lib/python3.10/dist-packages/error_msg/msg/__init__.py
[9.491s] -- Symlinking: /home/palash/pico_ws/install/error_msg/local/lib/python3.10/dist-packages/error_msg/msg/_error.py
[9.508s] -- Symlinking: /home/palash/pico_ws/install/error_msg/local/lib/python3.10/dist-packages/error_msg/msg/_error_s.c
[9.523s] -- Up-to-date symlink: /home/palash/pico_ws/install/error_msg/local/lib/python3.10/dist-packages/error_msg/error_msg_s__rosidl_typesupport_fastrtps_c.cpython-310-x86_64-linux-gnu.so
[9.524s] -- Up-to-date symlink: /home/palash/pico_ws/install/error_msg/local/lib/python3.10/dist-packages/error_msg/error_msg_s__rosidl_typesupport_introspection_c.cpython-310-x86_64-linux-gnu.so
[9.524s] -- Up-to-date symlink: /home/palash/pico_ws/install/error_msg/local/lib/python3.10/dist-packages/error_msg/error_msg_s__rosidl_typesupport_c.cpython-310-x86_64-linux-gnu.so
[9.525s] -- Symlinking: /home/palash/pico_ws/install/error_msg/share/error_msg/msg/Error.idl
[9.544s] -- Symlinking: /home/palash/pico_ws/install/error_msg/share/error_msg/msg/Error.msg
[9.562s] -- Symlinking: /home/palash/pico_ws/install/error_msg/share/ament_index/resource_index/package_run_dependencies/error_msg
[9.580s] -- Symlinking: /home/palash/pico_ws/install/error_msg/share/ament_index/resource_index/parent_prefix_path/error_msg
[9.596s] -- Symlinking: /home/palash/pico_ws/install/error_msg/share/error_msg/environment/ament_prefix_path.sh
[9.616s] -- Symlinking: /home/palash/pico_ws/install/error_msg/share/error_msg/environment/ament_prefix_path.dsv
[9.632s] -- Symlinking: /home/palash/pico_ws/install/error_msg/share/error_msg/environment/path.sh
[9.651s] -- Symlinking: /home/palash/pico_ws/install/error_msg/share/error_msg/environment/path.dsv
[9.666s] -- Symlinking: /home/palash/pico_ws/install/error_msg/share/error_msg/local_setup.bash
[9.680s] -- Symlinking: /home/palash/pico_ws/install/error_msg/share/error_msg/local_setup.sh
[9.698s] -- Symlinking: /home/palash/pico_ws/install/error_msg/share/error_msg/local_setup.zsh
[9.715s] -- Symlinking: /home/palash/pico_ws/install/error_msg/share/error_msg/local_setup.dsv
[9.733s] -- Symlinking: /home/palash/pico_ws/install/error_msg/share/error_msg/package.dsv
[9.749s] -- Symlinking: /home/palash/pico_ws/install/error_msg/share/ament_index/resource_index/packages/error_msg
[9.768s] -- Symlinking: /home/palash/pico_ws/install/error_msg/share/error_msg/cmake/rosidl_cmake-extras.cmake
[9.787s] -- Symlinking: /home/palash/pico_ws/install/error_msg/share/error_msg/cmake/ament_cmake_export_dependencies-extras.cmake
[9.803s] -- Symlinking: /home/palash/pico_ws/install/error_msg/share/error_msg/cmake/ament_cmake_export_include_directories-extras.cmake
[9.819s] -- Symlinking: /home/palash/pico_ws/install/error_msg/share/error_msg/cmake/ament_cmake_export_libraries-extras.cmake
[9.836s] -- Symlinking: /home/palash/pico_ws/install/error_msg/share/error_msg/cmake/ament_cmake_export_targets-extras.cmake
[9.853s] -- Symlinking: /home/palash/pico_ws/install/error_msg/share/error_msg/cmake/rosidl_cmake_export_typesupport_targets-extras.cmake
[9.870s] -- Symlinking: /home/palash/pico_ws/install/error_msg/share/error_msg/cmake/rosidl_cmake_export_typesupport_libraries-extras.cmake
[9.886s] -- Symlinking: /home/palash/pico_ws/install/error_msg/share/error_msg/cmake/error_msgConfig.cmake
[9.902s] -- Symlinking: /home/palash/pico_ws/install/error_msg/share/error_msg/cmake/error_msgConfig-version.cmake
[9.918s] -- Symlinking: /home/palash/pico_ws/install/error_msg/share/error_msg/package.xml
[9.938s] -- Installing: /home/palash/pico_ws/install/error_msg/lib/liberror_msg__rosidl_generator_c.so
[9.938s] -- Set runtime path of "/home/palash/pico_ws/install/error_msg/lib/liberror_msg__rosidl_generator_c.so" to ""
[9.938s] -- Installing: /home/palash/pico_ws/install/error_msg/lib/liberror_msg__rosidl_typesupport_fastrtps_c.so
[9.938s] -- Set runtime path of "/home/palash/pico_ws/install/error_msg/lib/liberror_msg__rosidl_typesupport_fastrtps_c.so" to ""
[9.938s] -- Installing: /home/palash/pico_ws/install/error_msg/lib/liberror_msg__rosidl_typesupport_fastrtps_cpp.so
[9.938s] -- Set runtime path of "/home/palash/pico_ws/install/error_msg/lib/liberror_msg__rosidl_typesupport_fastrtps_cpp.so" to ""
[9.939s] -- Installing: /home/palash/pico_ws/install/error_msg/lib/liberror_msg__rosidl_typesupport_introspection_c.so
[9.939s] -- Set runtime path of "/home/palash/pico_ws/install/error_msg/lib/liberror_msg__rosidl_typesupport_introspection_c.so" to ""
[9.939s] -- Installing: /home/palash/pico_ws/install/error_msg/lib/liberror_msg__rosidl_typesupport_c.so
[9.939s] -- Set runtime path of "/home/palash/pico_ws/install/error_msg/lib/liberror_msg__rosidl_typesupport_c.so" to ""
[9.940s] -- Installing: /home/palash/pico_ws/install/error_msg/lib/liberror_msg__rosidl_typesupport_introspection_cpp.so
[9.940s] -- Set runtime path of "/home/palash/pico_ws/install/error_msg/lib/liberror_msg__rosidl_typesupport_introspection_cpp.so" to ""
[9.940s] -- Installing: /home/palash/pico_ws/install/error_msg/lib/liberror_msg__rosidl_typesupport_cpp.so
[9.941s] -- Set runtime path of "/home/palash/pico_ws/install/error_msg/lib/liberror_msg__rosidl_typesupport_cpp.so" to ""
[10.004s] Listing '/home/palash/pico_ws/install/error_msg/local/lib/python3.10/dist-packages/error_msg'...
[10.004s] Compiling '/home/palash/pico_ws/install/error_msg/local/lib/python3.10/dist-packages/error_msg/__init__.py'...
[10.004s] Listing '/home/palash/pico_ws/install/error_msg/local/lib/python3.10/dist-packages/error_msg/msg'...
[10.004s] Compiling '/home/palash/pico_ws/install/error_msg/local/lib/python3.10/dist-packages/error_msg/msg/__init__.py'...
[10.004s] Compiling '/home/palash/pico_ws/install/error_msg/local/lib/python3.10/dist-packages/error_msg/msg/_error.py'...
[10.015s] -- Installing: /home/palash/pico_ws/install/error_msg/lib/liberror_msg__rosidl_generator_py.so
[10.015s] -- Set runtime path of "/home/palash/pico_ws/install/error_msg/lib/liberror_msg__rosidl_generator_py.so" to ""
[10.015s] -- Installing: /home/palash/pico_ws/install/error_msg/share/error_msg/cmake/export_error_msg__rosidl_generator_cExport.cmake
[10.016s] -- Installing: /home/palash/pico_ws/install/error_msg/share/error_msg/cmake/export_error_msg__rosidl_generator_cExport-noconfig.cmake
[10.016s] -- Installing: /home/palash/pico_ws/install/error_msg/share/error_msg/cmake/export_error_msg__rosidl_typesupport_fastrtps_cExport.cmake
[10.016s] -- Installing: /home/palash/pico_ws/install/error_msg/share/error_msg/cmake/export_error_msg__rosidl_typesupport_fastrtps_cExport-noconfig.cmake
[10.017s] -- Installing: /home/palash/pico_ws/install/error_msg/share/error_msg/cmake/export_error_msg__rosidl_generator_cppExport.cmake
[10.017s] -- Installing: /home/palash/pico_ws/install/error_msg/share/error_msg/cmake/export_error_msg__rosidl_typesupport_fastrtps_cppExport.cmake
[10.017s] -- Installing: /home/palash/pico_ws/install/error_msg/share/error_msg/cmake/export_error_msg__rosidl_typesupport_fastrtps_cppExport-noconfig.cmake
[10.018s] -- Installing: /home/palash/pico_ws/install/error_msg/share/error_msg/cmake/error_msg__rosidl_typesupport_introspection_cExport.cmake
[10.018s] -- Installing: /home/palash/pico_ws/install/error_msg/share/error_msg/cmake/error_msg__rosidl_typesupport_introspection_cExport-noconfig.cmake
[10.018s] -- Installing: /home/palash/pico_ws/install/error_msg/share/error_msg/cmake/error_msg__rosidl_typesupport_cExport.cmake
[10.018s] -- Installing: /home/palash/pico_ws/install/error_msg/share/error_msg/cmake/error_msg__rosidl_typesupport_cExport-noconfig.cmake
[10.019s] -- Installing: /home/palash/pico_ws/install/error_msg/share/error_msg/cmake/error_msg__rosidl_typesupport_introspection_cppExport.cmake
[10.019s] -- Installing: /home/palash/pico_ws/install/error_msg/share/error_msg/cmake/error_msg__rosidl_typesupport_introspection_cppExport-noconfig.cmake
[10.020s] -- Installing: /home/palash/pico_ws/install/error_msg/share/error_msg/cmake/error_msg__rosidl_typesupport_cppExport.cmake
[10.020s] -- Installing: /home/palash/pico_ws/install/error_msg/share/error_msg/cmake/error_msg__rosidl_typesupport_cppExport-noconfig.cmake
[10.020s] -- Installing: /home/palash/pico_ws/install/error_msg/share/error_msg/cmake/export_error_msg__rosidl_generator_pyExport.cmake
[10.020s] -- Installing: /home/palash/pico_ws/install/error_msg/share/error_msg/cmake/export_error_msg__rosidl_generator_pyExport-noconfig.cmake
[10.027s] Invoked command in '/home/palash/pico_ws/build/error_msg' returned '0': CMAKE_PREFIX_PATH=${CMAKE_PREFIX_PATH}:/home/palash/Downloads/turtlesim_ws/install/kd_task_1b:/opt/ros/humble /usr/bin/cmake --install /home/palash/pico_ws/build/error_msg
