-- Found ament_cmake: 1.3.12 (/opt/ros/humble/share/ament_cmake/cmake)
-- Override CMake install command with custom implementation using symlinks instead of copying resources
-- Found mav_msgs: 3.3.3 (/home/palash/pico_ws/install/mav_msgs/share/mav_msgs/cmake)
-- Found rosidl_generator_c: 3.1.7 (/opt/ros/humble/share/rosidl_generator_c/cmake)
-- Found rosidl_adapter: 3.1.7 (/opt/ros/humble/share/rosidl_adapter/cmake)
-- Found rosidl_generator_cpp: 3.1.7 (/opt/ros/humble/share/rosidl_generator_cpp/cmake)
-- Using all available rosidl_typesupport_c: rosidl_typesupport_fastrtps_c;rosidl_typesupport_introspection_c
-- Using all available rosidl_typesupport_cpp: rosidl_typesupport_fastrtps_cpp;rosidl_typesupport_introspection_cpp
-- Found rclcpp: 16.0.15 (/opt/ros/humble/share/rclcpp/cmake)
-- Found rmw_implementation_cmake: 6.1.2 (/opt/ros/humble/share/rmw_implementation_cmake/cmake)
-- Found rmw_fastrtps_cpp: 6.2.8 (/opt/ros/humble/share/rmw_fastrtps_cpp/cmake)
-- Using RMW implementation 'rmw_fastrtps_cpp' as default
-- Found actuator_msgs: 0.0.1 (/opt/ros/humble/share/actuator_msgs/cmake)
-- Found ament_lint_auto: 0.12.14 (/opt/ros/humble/share/ament_lint_auto/cmake)
-- Added test 'cppcheck' to perform static code analysis on C / C++ code
-- Configured cppcheck include dirs: /home/palash/pico_ws/src/rotors_simulator/rotors_control/include
-- Configured cppcheck exclude dirs and/or files: 
-- Added test 'lint_cmake' to check CMake code style
-- Added test 'uncrustify' to check C / C++ code style
-- Configured uncrustify additional arguments: 
-- Added test 'xmllint' to check XML markup files
-- Configuring done
-- Generating done
-- Build files have been written to: /home/palash/pico_ws/build/rotors_control
[35m[1mConsolidate compiler generated dependencies of target roll_pitch_yawrate_thrust_controller[0m
[ 50%] Built target roll_pitch_yawrate_thrust_controller
[35m[1mConsolidate compiler generated dependencies of target roll_pitch_yawrate_thrust_controller_node[0m
[100%] Built target roll_pitch_yawrate_thrust_controller_node
-- Install configuration: ""
-- Execute custom install script
-- Up-to-date symlink: /home/palash/pico_ws/install/rotors_control/lib/rotors_control/roll_pitch_yawrate_thrust_controller_node
-- Up-to-date symlink: /home/palash/pico_ws/install/rotors_control/share/rotors_control/environment/library_path.sh
-- Up-to-date symlink: /home/palash/pico_ws/install/rotors_control/share/rotors_control/environment/library_path.dsv
-- Up-to-date symlink: /home/palash/pico_ws/install/rotors_control/share/ament_index/resource_index/package_run_dependencies/rotors_control
-- Up-to-date symlink: /home/palash/pico_ws/install/rotors_control/share/ament_index/resource_index/parent_prefix_path/rotors_control
-- Up-to-date symlink: /home/palash/pico_ws/install/rotors_control/share/rotors_control/environment/ament_prefix_path.sh
-- Up-to-date symlink: /home/palash/pico_ws/install/rotors_control/share/rotors_control/environment/ament_prefix_path.dsv
-- Up-to-date symlink: /home/palash/pico_ws/install/rotors_control/share/rotors_control/environment/path.sh
-- Up-to-date symlink: /home/palash/pico_ws/install/rotors_control/share/rotors_control/environment/path.dsv
-- Up-to-date symlink: /home/palash/pico_ws/install/rotors_control/share/rotors_control/local_setup.bash
-- Up-to-date symlink: /home/palash/pico_ws/install/rotors_control/share/rotors_control/local_setup.sh
-- Up-to-date symlink: /home/palash/pico_ws/install/rotors_control/share/rotors_control/local_setup.zsh
-- Up-to-date symlink: /home/palash/pico_ws/install/rotors_control/share/rotors_control/local_setup.dsv
-- Symlinking: /home/palash/pico_ws/install/rotors_control/share/rotors_control/package.dsv
-- Up-to-date symlink: /home/palash/pico_ws/install/rotors_control/share/ament_index/resource_index/packages/rotors_control
-- Up-to-date symlink: /home/palash/pico_ws/install/rotors_control/share/rotors_control/cmake/ament_cmake_export_include_directories-extras.cmake
-- Up-to-date symlink: /home/palash/pico_ws/install/rotors_control/share/rotors_control/cmake/ament_cmake_export_libraries-extras.cmake
-- Up-to-date symlink: /home/palash/pico_ws/install/rotors_control/share/rotors_control/cmake/rotors_controlConfig.cmake
-- Up-to-date symlink: /home/palash/pico_ws/install/rotors_control/share/rotors_control/cmake/rotors_controlConfig-version.cmake
-- Up-to-date symlink: /home/palash/pico_ws/install/rotors_control/share/rotors_control/package.xml
-- Up-to-date: /home/palash/pico_ws/install/rotors_control/lib/libroll_pitch_yawrate_thrust_controller.a
-- Up-to-date: /home/palash/pico_ws/install/rotors_control/include/rotors_control
-- Up-to-date: /home/palash/pico_ws/install/rotors_control/include/rotors_control/parameters.hpp
-- Up-to-date: /home/palash/pico_ws/install/rotors_control/include/rotors_control/common.hpp
-- Up-to-date: /home/palash/pico_ws/install/rotors_control/include/rotors_control/parameters_ros.hpp
-- Up-to-date: /home/palash/pico_ws/install/rotors_control/include/rotors_control/roll_pitch_yawrate_thrust_controller.hpp
