[0.017s] Invoking command in '/home/palash/pico_ws/build/rotors_control': CMAKE_PREFIX_PATH=/home/palash/pico_ws/install/mav_msgs:/home/palash/pico_ws/install/whycon:/home/palash/pico_ws/install/swift_pico:/home/palash/pico_ws/install/swift_pico_description:/home/palash/pico_ws/install/rotors_swift_interface:/home/palash/pico_ws/install/swift_msgs:/home/palash/pico_ws/install/rotors_swift_gazebo:/home/palash/pico_ws/install/rotors_swift_description:/home/palash/pico_ws/install/rotors_control:/home/palash/pico_ws/install/pid_tune:/home/palash/pico_ws/install/mav_comm:/home/palash/pico_ws/install/mav_system_msgs:/home/palash/pico_ws/install/mav_state_machine_msgs:/home/palash/pico_ws/install/mav_planning_msgs:/home/palash/pico_ws/install/error_msg:/home/palash/pico_ws/install/controller_msg:/home/palash/Downloads/turtlesim_ws/install/turtlesim:/home/palash/Downloads/turtlesim_ws/install/kd_task_1b:/opt/ros/humble LD_LIBRARY_PATH=/home/palash/pico_ws/install/mav_msgs/lib:/home/palash/pico_ws/install/whycon/lib:/home/palash/pico_ws/install/swift_msgs/lib:/home/palash/pico_ws/install/rotors_control/lib:/home/palash/pico_ws/install/mav_system_msgs/lib:/home/palash/pico_ws/install/mav_state_machine_msgs/lib:/home/palash/pico_ws/install/mav_planning_msgs/lib:/home/palash/pico_ws/install/error_msg/lib:/home/palash/pico_ws/install/controller_msg/lib:/home/palash/Downloads/turtlesim_ws/install/turtlesim/lib:/usr/lib/x86_64-linux-gnu/gazebo-11/plugins:/opt/ros/humble/opt/rviz_ogre_vendor/lib:/opt/ros/humble/lib/x86_64-linux-gnu:/opt/ros/humble/lib /usr/bin/cmake /home/palash/pico_ws/src/rotors_simulator/rotors_control -DCMAKE_INSTALL_PREFIX=/home/palash/pico_ws/install/rotors_control
[0.027s] -- Found ament_cmake: 1.3.12 (/opt/ros/humble/share/ament_cmake/cmake)
[0.151s] -- Override CMake install command with custom implementation using symlinks instead of copying resources
[0.156s] -- Found mav_msgs: 3.3.3 (/home/palash/pico_ws/install/mav_msgs/share/mav_msgs/cmake)
[0.180s] -- Found rosidl_generator_c: 3.1.7 (/opt/ros/humble/share/rosidl_generator_c/cmake)
[0.181s] -- Found rosidl_adapter: 3.1.7 (/opt/ros/humble/share/rosidl_adapter/cmake)
[0.186s] -- Found rosidl_generator_cpp: 3.1.7 (/opt/ros/humble/share/rosidl_generator_cpp/cmake)
[0.193s] -- Using all available rosidl_typesupport_c: rosidl_typesupport_fastrtps_c;rosidl_typesupport_introspection_c
[0.204s] -- Using all available rosidl_typesupport_cpp: rosidl_typesupport_fastrtps_cpp;rosidl_typesupport_introspection_cpp
[0.269s] -- Found rclcpp: 16.0.15 (/opt/ros/humble/share/rclcpp/cmake)
[0.288s] -- Found rmw_implementation_cmake: 6.1.2 (/opt/ros/humble/share/rmw_implementation_cmake/cmake)
[0.289s] -- Found rmw_fastrtps_cpp: 6.2.8 (/opt/ros/humble/share/rmw_fastrtps_cpp/cmake)
[0.394s] -- Using RMW implementation 'rmw_fastrtps_cpp' as default
[0.424s] -- Found actuator_msgs: 0.0.1 (/opt/ros/humble/share/actuator_msgs/cmake)
[0.436s] -- Found ament_lint_auto: 0.12.14 (/opt/ros/humble/share/ament_lint_auto/cmake)
[0.502s] -- Added test 'cppcheck' to perform static code analysis on C / C++ code
[0.503s] -- Configured cppcheck include dirs: /home/palash/pico_ws/src/rotors_simulator/rotors_control/include
[0.503s] -- Configured cppcheck exclude dirs and/or files: 
[0.503s] -- Added test 'lint_cmake' to check CMake code style
[0.504s] -- Added test 'uncrustify' to check C / C++ code style
[0.504s] -- Configured uncrustify additional arguments: 
[0.504s] -- Added test 'xmllint' to check XML markup files
[0.506s] -- Configuring done
[0.518s] -- Generating done
[0.521s] -- Build files have been written to: /home/palash/pico_ws/build/rotors_control
[0.531s] Invoked command in '/home/palash/pico_ws/build/rotors_control' returned '0': CMAKE_PREFIX_PATH=/home/palash/pico_ws/install/mav_msgs:/home/palash/pico_ws/install/whycon:/home/palash/pico_ws/install/swift_pico:/home/palash/pico_ws/install/swift_pico_description:/home/palash/pico_ws/install/rotors_swift_interface:/home/palash/pico_ws/install/swift_msgs:/home/palash/pico_ws/install/rotors_swift_gazebo:/home/palash/pico_ws/install/rotors_swift_description:/home/palash/pico_ws/install/rotors_control:/home/palash/pico_ws/install/pid_tune:/home/palash/pico_ws/install/mav_comm:/home/palash/pico_ws/install/mav_system_msgs:/home/palash/pico_ws/install/mav_state_machine_msgs:/home/palash/pico_ws/install/mav_planning_msgs:/home/palash/pico_ws/install/error_msg:/home/palash/pico_ws/install/controller_msg:/home/palash/Downloads/turtlesim_ws/install/turtlesim:/home/palash/Downloads/turtlesim_ws/install/kd_task_1b:/opt/ros/humble LD_LIBRARY_PATH=/home/palash/pico_ws/install/mav_msgs/lib:/home/palash/pico_ws/install/whycon/lib:/home/palash/pico_ws/install/swift_msgs/lib:/home/palash/pico_ws/install/rotors_control/lib:/home/palash/pico_ws/install/mav_system_msgs/lib:/home/palash/pico_ws/install/mav_state_machine_msgs/lib:/home/palash/pico_ws/install/mav_planning_msgs/lib:/home/palash/pico_ws/install/error_msg/lib:/home/palash/pico_ws/install/controller_msg/lib:/home/palash/Downloads/turtlesim_ws/install/turtlesim/lib:/usr/lib/x86_64-linux-gnu/gazebo-11/plugins:/opt/ros/humble/opt/rviz_ogre_vendor/lib:/opt/ros/humble/lib/x86_64-linux-gnu:/opt/ros/humble/lib /usr/bin/cmake /home/palash/pico_ws/src/rotors_simulator/rotors_control -DCMAKE_INSTALL_PREFIX=/home/palash/pico_ws/install/rotors_control
[0.532s] Invoking command in '/home/palash/pico_ws/build/rotors_control': CMAKE_PREFIX_PATH=/home/palash/pico_ws/install/mav_msgs:/home/palash/pico_ws/install/whycon:/home/palash/pico_ws/install/swift_pico:/home/palash/pico_ws/install/swift_pico_description:/home/palash/pico_ws/install/rotors_swift_interface:/home/palash/pico_ws/install/swift_msgs:/home/palash/pico_ws/install/rotors_swift_gazebo:/home/palash/pico_ws/install/rotors_swift_description:/home/palash/pico_ws/install/rotors_control:/home/palash/pico_ws/install/pid_tune:/home/palash/pico_ws/install/mav_comm:/home/palash/pico_ws/install/mav_system_msgs:/home/palash/pico_ws/install/mav_state_machine_msgs:/home/palash/pico_ws/install/mav_planning_msgs:/home/palash/pico_ws/install/error_msg:/home/palash/pico_ws/install/controller_msg:/home/palash/Downloads/turtlesim_ws/install/turtlesim:/home/palash/Downloads/turtlesim_ws/install/kd_task_1b:/opt/ros/humble LD_LIBRARY_PATH=/home/palash/pico_ws/install/mav_msgs/lib:/home/palash/pico_ws/install/whycon/lib:/home/palash/pico_ws/install/swift_msgs/lib:/home/palash/pico_ws/install/rotors_control/lib:/home/palash/pico_ws/install/mav_system_msgs/lib:/home/palash/pico_ws/install/mav_state_machine_msgs/lib:/home/palash/pico_ws/install/mav_planning_msgs/lib:/home/palash/pico_ws/install/error_msg/lib:/home/palash/pico_ws/install/controller_msg/lib:/home/palash/Downloads/turtlesim_ws/install/turtlesim/lib:/usr/lib/x86_64-linux-gnu/gazebo-11/plugins:/opt/ros/humble/opt/rviz_ogre_vendor/lib:/opt/ros/humble/lib/x86_64-linux-gnu:/opt/ros/humble/lib /usr/bin/cmake --build /home/palash/pico_ws/build/rotors_control -- -j16 -l16
[0.577s] [35m[1mConsolidate compiler generated dependencies of target roll_pitch_yawrate_thrust_controller[0m
[0.597s] [ 50%] Built target roll_pitch_yawrate_thrust_controller
[0.611s] [35m[1mConsolidate compiler generated dependencies of target roll_pitch_yawrate_thrust_controller_node[0m
[0.633s] [100%] Built target roll_pitch_yawrate_thrust_controller_node
[0.651s] Invoked command in '/home/palash/pico_ws/build/rotors_control' returned '0': CMAKE_PREFIX_PATH=/home/palash/pico_ws/install/mav_msgs:/home/palash/pico_ws/install/whycon:/home/palash/pico_ws/install/swift_pico:/home/palash/pico_ws/install/swift_pico_description:/home/palash/pico_ws/install/rotors_swift_interface:/home/palash/pico_ws/install/swift_msgs:/home/palash/pico_ws/install/rotors_swift_gazebo:/home/palash/pico_ws/install/rotors_swift_description:/home/palash/pico_ws/install/rotors_control:/home/palash/pico_ws/install/pid_tune:/home/palash/pico_ws/install/mav_comm:/home/palash/pico_ws/install/mav_system_msgs:/home/palash/pico_ws/install/mav_state_machine_msgs:/home/palash/pico_ws/install/mav_planning_msgs:/home/palash/pico_ws/install/error_msg:/home/palash/pico_ws/install/controller_msg:/home/palash/Downloads/turtlesim_ws/install/turtlesim:/home/palash/Downloads/turtlesim_ws/install/kd_task_1b:/opt/ros/humble LD_LIBRARY_PATH=/home/palash/pico_ws/install/mav_msgs/lib:/home/palash/pico_ws/install/whycon/lib:/home/palash/pico_ws/install/swift_msgs/lib:/home/palash/pico_ws/install/rotors_control/lib:/home/palash/pico_ws/install/mav_system_msgs/lib:/home/palash/pico_ws/install/mav_state_machine_msgs/lib:/home/palash/pico_ws/install/mav_planning_msgs/lib:/home/palash/pico_ws/install/error_msg/lib:/home/palash/pico_ws/install/controller_msg/lib:/home/palash/Downloads/turtlesim_ws/install/turtlesim/lib:/usr/lib/x86_64-linux-gnu/gazebo-11/plugins:/opt/ros/humble/opt/rviz_ogre_vendor/lib:/opt/ros/humble/lib/x86_64-linux-gnu:/opt/ros/humble/lib /usr/bin/cmake --build /home/palash/pico_ws/build/rotors_control -- -j16 -l16
[0.653s] Invoking command in '/home/palash/pico_ws/build/rotors_control': CMAKE_PREFIX_PATH=/home/palash/pico_ws/install/mav_msgs:/home/palash/pico_ws/install/whycon:/home/palash/pico_ws/install/swift_pico:/home/palash/pico_ws/install/swift_pico_description:/home/palash/pico_ws/install/rotors_swift_interface:/home/palash/pico_ws/install/swift_msgs:/home/palash/pico_ws/install/rotors_swift_gazebo:/home/palash/pico_ws/install/rotors_swift_description:/home/palash/pico_ws/install/rotors_control:/home/palash/pico_ws/install/pid_tune:/home/palash/pico_ws/install/mav_comm:/home/palash/pico_ws/install/mav_system_msgs:/home/palash/pico_ws/install/mav_state_machine_msgs:/home/palash/pico_ws/install/mav_planning_msgs:/home/palash/pico_ws/install/error_msg:/home/palash/pico_ws/install/controller_msg:/home/palash/Downloads/turtlesim_ws/install/turtlesim:/home/palash/Downloads/turtlesim_ws/install/kd_task_1b:/opt/ros/humble LD_LIBRARY_PATH=/home/palash/pico_ws/install/mav_msgs/lib:/home/palash/pico_ws/install/whycon/lib:/home/palash/pico_ws/install/swift_msgs/lib:/home/palash/pico_ws/install/rotors_control/lib:/home/palash/pico_ws/install/mav_system_msgs/lib:/home/palash/pico_ws/install/mav_state_machine_msgs/lib:/home/palash/pico_ws/install/mav_planning_msgs/lib:/home/palash/pico_ws/install/error_msg/lib:/home/palash/pico_ws/install/controller_msg/lib:/home/palash/Downloads/turtlesim_ws/install/turtlesim/lib:/usr/lib/x86_64-linux-gnu/gazebo-11/plugins:/opt/ros/humble/opt/rviz_ogre_vendor/lib:/opt/ros/humble/lib/x86_64-linux-gnu:/opt/ros/humble/lib /usr/bin/cmake --install /home/palash/pico_ws/build/rotors_control
[0.661s] -- Install configuration: ""
[0.661s] -- Execute custom install script
[0.661s] -- Up-to-date symlink: /home/palash/pico_ws/install/rotors_control/lib/rotors_control/roll_pitch_yawrate_thrust_controller_node
[0.662s] -- Up-to-date symlink: /home/palash/pico_ws/install/rotors_control/share/rotors_control/environment/library_path.sh
[0.662s] -- Up-to-date symlink: /home/palash/pico_ws/install/rotors_control/share/rotors_control/environment/library_path.dsv
[0.662s] -- Up-to-date symlink: /home/palash/pico_ws/install/rotors_control/share/ament_index/resource_index/package_run_dependencies/rotors_control
[0.662s] -- Up-to-date symlink: /home/palash/pico_ws/install/rotors_control/share/ament_index/resource_index/parent_prefix_path/rotors_control
[0.662s] -- Up-to-date symlink: /home/palash/pico_ws/install/rotors_control/share/rotors_control/environment/ament_prefix_path.sh
[0.662s] -- Up-to-date symlink: /home/palash/pico_ws/install/rotors_control/share/rotors_control/environment/ament_prefix_path.dsv
[0.662s] -- Up-to-date symlink: /home/palash/pico_ws/install/rotors_control/share/rotors_control/environment/path.sh
[0.662s] -- Up-to-date symlink: /home/palash/pico_ws/install/rotors_control/share/rotors_control/environment/path.dsv
[0.662s] -- Up-to-date symlink: /home/palash/pico_ws/install/rotors_control/share/rotors_control/local_setup.bash
[0.663s] -- Up-to-date symlink: /home/palash/pico_ws/install/rotors_control/share/rotors_control/local_setup.sh
[0.663s] -- Up-to-date symlink: /home/palash/pico_ws/install/rotors_control/share/rotors_control/local_setup.zsh
[0.663s] -- Up-to-date symlink: /home/palash/pico_ws/install/rotors_control/share/rotors_control/local_setup.dsv
[0.663s] -- Symlinking: /home/palash/pico_ws/install/rotors_control/share/rotors_control/package.dsv
[0.675s] -- Up-to-date symlink: /home/palash/pico_ws/install/rotors_control/share/ament_index/resource_index/packages/rotors_control
[0.675s] -- Up-to-date symlink: /home/palash/pico_ws/install/rotors_control/share/rotors_control/cmake/ament_cmake_export_include_directories-extras.cmake
[0.675s] -- Up-to-date symlink: /home/palash/pico_ws/install/rotors_control/share/rotors_control/cmake/ament_cmake_export_libraries-extras.cmake
[0.675s] -- Up-to-date symlink: /home/palash/pico_ws/install/rotors_control/share/rotors_control/cmake/rotors_controlConfig.cmake
[0.675s] -- Up-to-date symlink: /home/palash/pico_ws/install/rotors_control/share/rotors_control/cmake/rotors_controlConfig-version.cmake
[0.676s] -- Up-to-date symlink: /home/palash/pico_ws/install/rotors_control/share/rotors_control/package.xml
[0.676s] -- Up-to-date: /home/palash/pico_ws/install/rotors_control/lib/libroll_pitch_yawrate_thrust_controller.a
[0.676s] -- Up-to-date: /home/palash/pico_ws/install/rotors_control/include/rotors_control
[0.676s] -- Up-to-date: /home/palash/pico_ws/install/rotors_control/include/rotors_control/parameters.hpp
[0.676s] -- Up-to-date: /home/palash/pico_ws/install/rotors_control/include/rotors_control/common.hpp
[0.676s] -- Up-to-date: /home/palash/pico_ws/install/rotors_control/include/rotors_control/parameters_ros.hpp
[0.676s] -- Up-to-date: /home/palash/pico_ws/install/rotors_control/include/rotors_control/roll_pitch_yawrate_thrust_controller.hpp
[0.679s] Invoked command in '/home/palash/pico_ws/build/rotors_control' returned '0': CMAKE_PREFIX_PATH=/home/palash/pico_ws/install/mav_msgs:/home/palash/pico_ws/install/whycon:/home/palash/pico_ws/install/swift_pico:/home/palash/pico_ws/install/swift_pico_description:/home/palash/pico_ws/install/rotors_swift_interface:/home/palash/pico_ws/install/swift_msgs:/home/palash/pico_ws/install/rotors_swift_gazebo:/home/palash/pico_ws/install/rotors_swift_description:/home/palash/pico_ws/install/rotors_control:/home/palash/pico_ws/install/pid_tune:/home/palash/pico_ws/install/mav_comm:/home/palash/pico_ws/install/mav_system_msgs:/home/palash/pico_ws/install/mav_state_machine_msgs:/home/palash/pico_ws/install/mav_planning_msgs:/home/palash/pico_ws/install/error_msg:/home/palash/pico_ws/install/controller_msg:/home/palash/Downloads/turtlesim_ws/install/turtlesim:/home/palash/Downloads/turtlesim_ws/install/kd_task_1b:/opt/ros/humble LD_LIBRARY_PATH=/home/palash/pico_ws/install/mav_msgs/lib:/home/palash/pico_ws/install/whycon/lib:/home/palash/pico_ws/install/swift_msgs/lib:/home/palash/pico_ws/install/rotors_control/lib:/home/palash/pico_ws/install/mav_system_msgs/lib:/home/palash/pico_ws/install/mav_state_machine_msgs/lib:/home/palash/pico_ws/install/mav_planning_msgs/lib:/home/palash/pico_ws/install/error_msg/lib:/home/palash/pico_ws/install/controller_msg/lib:/home/palash/Downloads/turtlesim_ws/install/turtlesim/lib:/usr/lib/x86_64-linux-gnu/gazebo-11/plugins:/opt/ros/humble/opt/rviz_ogre_vendor/lib:/opt/ros/humble/lib/x86_64-linux-gnu:/opt/ros/humble/lib /usr/bin/cmake --install /home/palash/pico_ws/build/rotors_control
