[0.030s] Invoking command in '/home/palash/pico_ws/build/mav_system_msgs': CMAKE_PREFIX_PATH=${CMAKE_PREFIX_PATH}:/home/palash/Downloads/turtlesim_ws/install/kd_task_1b:/opt/ros/humble /usr/bin/cmake /home/palash/pico_ws/src/mav_comm/mav_system_msgs -DCMAKE_INSTALL_PREFIX=/home/palash/pico_ws/install/mav_system_msgs
[0.045s] -- Found std_msgs: 4.9.0 (/opt/ros/humble/share/std_msgs/cmake)
[0.206s] -- Override CMake install command with custom implementation using symlinks instead of copying resources
[0.246s] -- Found rosidl_generator_c: 3.1.7 (/opt/ros/humble/share/rosidl_generator_c/cmake)
[0.250s] -- Found rosidl_adapter: 3.1.7 (/opt/ros/humble/share/rosidl_adapter/cmake)
[0.258s] -- Found rosidl_generator_cpp: 3.1.7 (/opt/ros/humble/share/rosidl_generator_cpp/cmake)
[0.271s] -- Using all available rosidl_typesupport_c: rosidl_typesupport_fastrtps_c;rosidl_typesupport_introspection_c
[0.290s] -- Using all available rosidl_typesupport_cpp: rosidl_typesupport_fastrtps_cpp;rosidl_typesupport_introspection_cpp
[0.669s] -- Found ament_cmake_ros: 0.10.0 (/opt/ros/humble/share/ament_cmake_ros/cmake)
[1.081s] -- Using all available rosidl_typesupport_c: rosidl_typesupport_fastrtps_c;rosidl_typesupport_introspection_c
[1.226s] -- Using all available rosidl_typesupport_cpp: rosidl_typesupport_fastrtps_cpp;rosidl_typesupport_introspection_cpp
[1.233s] -- Configuring done
[1.255s] -- Generating done
[1.261s] -- Build files have been written to: /home/palash/pico_ws/build/mav_system_msgs
[1.272s] Invoked command in '/home/palash/pico_ws/build/mav_system_msgs' returned '0': CMAKE_PREFIX_PATH=${CMAKE_PREFIX_PATH}:/home/palash/Downloads/turtlesim_ws/install/kd_task_1b:/opt/ros/humble /usr/bin/cmake /home/palash/pico_ws/src/mav_comm/mav_system_msgs -DCMAKE_INSTALL_PREFIX=/home/palash/pico_ws/install/mav_system_msgs
[1.276s] Invoking command in '/home/palash/pico_ws/build/mav_system_msgs': CMAKE_PREFIX_PATH=${CMAKE_PREFIX_PATH}:/home/palash/Downloads/turtlesim_ws/install/kd_task_1b:/opt/ros/humble /usr/bin/cmake --build /home/palash/pico_ws/build/mav_system_msgs -- -j16 -l16
[1.329s] [35m[1mConsolidate compiler generated dependencies of target mav_system_msgs__rosidl_generator_c[0m
[1.342s] [  3%] Built target mav_system_msgs__cpp
[1.343s] [ 17%] Built target mav_system_msgs__rosidl_generator_c
[1.359s] [35m[1mConsolidate compiler generated dependencies of target mav_system_msgs__rosidl_typesupport_cpp[0m
[1.360s] [35m[1mConsolidate compiler generated dependencies of target mav_system_msgs__rosidl_typesupport_fastrtps_cpp[0m
[1.360s] [35m[1mConsolidate compiler generated dependencies of target mav_system_msgs__rosidl_typesupport_c[0m
[1.360s] [35m[1mConsolidate compiler generated dependencies of target mav_system_msgs__rosidl_typesupport_introspection_cpp[0m
[1.360s] [35m[1mConsolidate compiler generated dependencies of target mav_system_msgs__rosidl_typesupport_introspection_c[0m
[1.361s] [35m[1mConsolidate compiler generated dependencies of target mav_system_msgs__rosidl_typesupport_fastrtps_c[0m
[1.376s] [ 31%] Built target mav_system_msgs__rosidl_typesupport_c
[1.377s] [ 58%] Built target mav_system_msgs__rosidl_typesupport_cpp
[1.377s] [ 58%] Built target mav_system_msgs__rosidl_typesupport_introspection_c
[1.382s] [ 72%] Built target mav_system_msgs__rosidl_typesupport_introspection_cpp
[1.382s] [ 86%] Built target mav_system_msgs__rosidl_typesupport_fastrtps_cpp
[1.384s] [100%] Built target mav_system_msgs__rosidl_typesupport_fastrtps_c
[1.420s] [100%] Built target mav_system_msgs
[1.434s] Invoked command in '/home/palash/pico_ws/build/mav_system_msgs' returned '0': CMAKE_PREFIX_PATH=${CMAKE_PREFIX_PATH}:/home/palash/Downloads/turtlesim_ws/install/kd_task_1b:/opt/ros/humble /usr/bin/cmake --build /home/palash/pico_ws/build/mav_system_msgs -- -j16 -l16
[1.438s] Invoking command in '/home/palash/pico_ws/build/mav_system_msgs': CMAKE_PREFIX_PATH=${CMAKE_PREFIX_PATH}:/home/palash/Downloads/turtlesim_ws/install/kd_task_1b:/opt/ros/humble /usr/bin/cmake --install /home/palash/pico_ws/build/mav_system_msgs
[1.449s] -- Install configuration: ""
[1.449s] -- Execute custom install script
[1.450s] -- Up-to-date symlink: /home/palash/pico_ws/install/mav_system_msgs/share/ament_index/resource_index/rosidl_interfaces/mav_system_msgs
[1.450s] -- Up-to-date symlink: /home/palash/pico_ws/install/mav_system_msgs/include/mav_system_msgs/mav_system_msgs/msg/cpu_info.h
[1.451s] -- Up-to-date symlink: /home/palash/pico_ws/install/mav_system_msgs/include/mav_system_msgs/mav_system_msgs/msg/detail/cpu_info__functions.h
[1.451s] -- Up-to-date symlink: /home/palash/pico_ws/install/mav_system_msgs/include/mav_system_msgs/mav_system_msgs/msg/detail/cpu_info__struct.h
[1.452s] -- Up-to-date symlink: /home/palash/pico_ws/install/mav_system_msgs/include/mav_system_msgs/mav_system_msgs/msg/detail/cpu_info__type_support.h
[1.452s] -- Up-to-date symlink: /home/palash/pico_ws/install/mav_system_msgs/include/mav_system_msgs/mav_system_msgs/msg/detail/process_info__functions.h
[1.452s] -- Up-to-date symlink: /home/palash/pico_ws/install/mav_system_msgs/include/mav_system_msgs/mav_system_msgs/msg/detail/process_info__struct.h
[1.452s] -- Up-to-date symlink: /home/palash/pico_ws/install/mav_system_msgs/include/mav_system_msgs/mav_system_msgs/msg/detail/process_info__type_support.h
[1.452s] -- Up-to-date symlink: /home/palash/pico_ws/install/mav_system_msgs/include/mav_system_msgs/mav_system_msgs/msg/process_info.h
[1.452s] -- Up-to-date symlink: /home/palash/pico_ws/install/mav_system_msgs/include/mav_system_msgs/mav_system_msgs/msg/rosidl_generator_c__visibility_control.h
[1.452s] -- Up-to-date symlink: /home/palash/pico_ws/install/mav_system_msgs/share/mav_system_msgs/environment/library_path.sh
[1.452s] -- Up-to-date symlink: /home/palash/pico_ws/install/mav_system_msgs/share/mav_system_msgs/environment/library_path.dsv
[1.453s] -- Up-to-date symlink: /home/palash/pico_ws/install/mav_system_msgs/include/mav_system_msgs/mav_system_msgs/msg/detail/cpu_info__rosidl_typesupport_fastrtps_c.h
[1.453s] -- Up-to-date symlink: /home/palash/pico_ws/install/mav_system_msgs/include/mav_system_msgs/mav_system_msgs/msg/detail/process_info__rosidl_typesupport_fastrtps_c.h
[1.453s] -- Up-to-date symlink: /home/palash/pico_ws/install/mav_system_msgs/include/mav_system_msgs/mav_system_msgs/msg/rosidl_typesupport_fastrtps_c__visibility_control.h
[1.454s] -- Up-to-date symlink: /home/palash/pico_ws/install/mav_system_msgs/include/mav_system_msgs/mav_system_msgs/msg/cpu_info.hpp
[1.454s] -- Up-to-date symlink: /home/palash/pico_ws/install/mav_system_msgs/include/mav_system_msgs/mav_system_msgs/msg/detail/cpu_info__builder.hpp
[1.454s] -- Up-to-date symlink: /home/palash/pico_ws/install/mav_system_msgs/include/mav_system_msgs/mav_system_msgs/msg/detail/cpu_info__struct.hpp
[1.454s] -- Up-to-date symlink: /home/palash/pico_ws/install/mav_system_msgs/include/mav_system_msgs/mav_system_msgs/msg/detail/cpu_info__traits.hpp
[1.454s] -- Up-to-date symlink: /home/palash/pico_ws/install/mav_system_msgs/include/mav_system_msgs/mav_system_msgs/msg/detail/cpu_info__type_support.hpp
[1.455s] -- Up-to-date symlink: /home/palash/pico_ws/install/mav_system_msgs/include/mav_system_msgs/mav_system_msgs/msg/detail/process_info__builder.hpp
[1.455s] -- Up-to-date symlink: /home/palash/pico_ws/install/mav_system_msgs/include/mav_system_msgs/mav_system_msgs/msg/detail/process_info__struct.hpp
[1.455s] -- Up-to-date symlink: /home/palash/pico_ws/install/mav_system_msgs/include/mav_system_msgs/mav_system_msgs/msg/detail/process_info__traits.hpp
[1.455s] -- Up-to-date symlink: /home/palash/pico_ws/install/mav_system_msgs/include/mav_system_msgs/mav_system_msgs/msg/detail/process_info__type_support.hpp
[1.455s] -- Up-to-date symlink: /home/palash/pico_ws/install/mav_system_msgs/include/mav_system_msgs/mav_system_msgs/msg/process_info.hpp
[1.455s] -- Up-to-date symlink: /home/palash/pico_ws/install/mav_system_msgs/include/mav_system_msgs/mav_system_msgs/msg/rosidl_generator_cpp__visibility_control.hpp
[1.455s] -- Up-to-date symlink: /home/palash/pico_ws/install/mav_system_msgs/include/mav_system_msgs/mav_system_msgs/msg/detail/cpu_info__rosidl_typesupport_fastrtps_cpp.hpp
[1.456s] -- Up-to-date symlink: /home/palash/pico_ws/install/mav_system_msgs/include/mav_system_msgs/mav_system_msgs/msg/detail/process_info__rosidl_typesupport_fastrtps_cpp.hpp
[1.456s] -- Up-to-date symlink: /home/palash/pico_ws/install/mav_system_msgs/include/mav_system_msgs/mav_system_msgs/msg/rosidl_typesupport_fastrtps_cpp__visibility_control.h
[1.456s] -- Up-to-date symlink: /home/palash/pico_ws/install/mav_system_msgs/include/mav_system_msgs/mav_system_msgs/msg/detail/cpu_info__rosidl_typesupport_introspection_c.h
[1.458s] -- Up-to-date symlink: /home/palash/pico_ws/install/mav_system_msgs/include/mav_system_msgs/mav_system_msgs/msg/detail/process_info__rosidl_typesupport_introspection_c.h
[1.458s] -- Up-to-date symlink: /home/palash/pico_ws/install/mav_system_msgs/include/mav_system_msgs/mav_system_msgs/msg/rosidl_typesupport_introspection_c__visibility_control.h
[1.459s] -- Up-to-date symlink: /home/palash/pico_ws/install/mav_system_msgs/include/mav_system_msgs/mav_system_msgs/msg/detail/cpu_info__rosidl_typesupport_introspection_cpp.hpp
[1.459s] -- Up-to-date symlink: /home/palash/pico_ws/install/mav_system_msgs/include/mav_system_msgs/mav_system_msgs/msg/detail/process_info__rosidl_typesupport_introspection_cpp.hpp
[1.459s] -- Up-to-date symlink: /home/palash/pico_ws/install/mav_system_msgs/share/mav_system_msgs/msg/CpuInfo.idl
[1.459s] -- Up-to-date symlink: /home/palash/pico_ws/install/mav_system_msgs/share/mav_system_msgs/msg/ProcessInfo.idl
[1.459s] -- Up-to-date symlink: /home/palash/pico_ws/install/mav_system_msgs/share/mav_system_msgs/msg/CpuInfo.msg
[1.459s] -- Up-to-date symlink: /home/palash/pico_ws/install/mav_system_msgs/share/mav_system_msgs/msg/ProcessInfo.msg
[1.459s] -- Up-to-date symlink: /home/palash/pico_ws/install/mav_system_msgs/share/ament_index/resource_index/package_run_dependencies/mav_system_msgs
[1.459s] -- Up-to-date symlink: /home/palash/pico_ws/install/mav_system_msgs/share/ament_index/resource_index/parent_prefix_path/mav_system_msgs
[1.460s] -- Up-to-date symlink: /home/palash/pico_ws/install/mav_system_msgs/share/mav_system_msgs/environment/ament_prefix_path.sh
[1.460s] -- Up-to-date symlink: /home/palash/pico_ws/install/mav_system_msgs/share/mav_system_msgs/environment/ament_prefix_path.dsv
[1.460s] -- Up-to-date symlink: /home/palash/pico_ws/install/mav_system_msgs/share/mav_system_msgs/environment/path.sh
[1.460s] -- Up-to-date symlink: /home/palash/pico_ws/install/mav_system_msgs/share/mav_system_msgs/environment/path.dsv
[1.460s] -- Up-to-date symlink: /home/palash/pico_ws/install/mav_system_msgs/share/mav_system_msgs/local_setup.bash
[1.461s] -- Up-to-date symlink: /home/palash/pico_ws/install/mav_system_msgs/share/mav_system_msgs/local_setup.sh
[1.461s] -- Up-to-date symlink: /home/palash/pico_ws/install/mav_system_msgs/share/mav_system_msgs/local_setup.zsh
[1.461s] -- Up-to-date symlink: /home/palash/pico_ws/install/mav_system_msgs/share/mav_system_msgs/local_setup.dsv
[1.461s] -- Symlinking: /home/palash/pico_ws/install/mav_system_msgs/share/mav_system_msgs/package.dsv
[1.471s] -- Up-to-date symlink: /home/palash/pico_ws/install/mav_system_msgs/share/ament_index/resource_index/packages/mav_system_msgs
[1.471s] -- Up-to-date symlink: /home/palash/pico_ws/install/mav_system_msgs/share/mav_system_msgs/cmake/rosidl_cmake-extras.cmake
[1.471s] -- Up-to-date symlink: /home/palash/pico_ws/install/mav_system_msgs/share/mav_system_msgs/cmake/ament_cmake_export_dependencies-extras.cmake
[1.471s] -- Up-to-date symlink: /home/palash/pico_ws/install/mav_system_msgs/share/mav_system_msgs/cmake/ament_cmake_export_include_directories-extras.cmake
[1.472s] -- Up-to-date symlink: /home/palash/pico_ws/install/mav_system_msgs/share/mav_system_msgs/cmake/ament_cmake_export_libraries-extras.cmake
[1.472s] -- Up-to-date symlink: /home/palash/pico_ws/install/mav_system_msgs/share/mav_system_msgs/cmake/ament_cmake_export_targets-extras.cmake
[1.472s] -- Up-to-date symlink: /home/palash/pico_ws/install/mav_system_msgs/share/mav_system_msgs/cmake/rosidl_cmake_export_typesupport_targets-extras.cmake
[1.472s] -- Up-to-date symlink: /home/palash/pico_ws/install/mav_system_msgs/share/mav_system_msgs/cmake/rosidl_cmake_export_typesupport_libraries-extras.cmake
[1.472s] -- Up-to-date symlink: /home/palash/pico_ws/install/mav_system_msgs/share/mav_system_msgs/cmake/mav_system_msgsConfig.cmake
[1.472s] -- Up-to-date symlink: /home/palash/pico_ws/install/mav_system_msgs/share/mav_system_msgs/cmake/mav_system_msgsConfig-version.cmake
[1.472s] -- Up-to-date symlink: /home/palash/pico_ws/install/mav_system_msgs/share/mav_system_msgs/package.xml
[1.472s] -- Up-to-date: /home/palash/pico_ws/install/mav_system_msgs/lib/libmav_system_msgs__rosidl_generator_c.so
[1.473s] -- Up-to-date: /home/palash/pico_ws/install/mav_system_msgs/lib/libmav_system_msgs__rosidl_typesupport_fastrtps_c.so
[1.473s] -- Up-to-date: /home/palash/pico_ws/install/mav_system_msgs/lib/libmav_system_msgs__rosidl_typesupport_fastrtps_cpp.so
[1.473s] -- Up-to-date: /home/palash/pico_ws/install/mav_system_msgs/lib/libmav_system_msgs__rosidl_typesupport_introspection_c.so
[1.473s] -- Up-to-date: /home/palash/pico_ws/install/mav_system_msgs/lib/libmav_system_msgs__rosidl_typesupport_c.so
[1.474s] -- Up-to-date: /home/palash/pico_ws/install/mav_system_msgs/lib/libmav_system_msgs__rosidl_typesupport_introspection_cpp.so
[1.474s] -- Up-to-date: /home/palash/pico_ws/install/mav_system_msgs/lib/libmav_system_msgs__rosidl_typesupport_cpp.so
[1.474s] -- Up-to-date: /home/palash/pico_ws/install/mav_system_msgs/share/mav_system_msgs/cmake/export_mav_system_msgs__rosidl_generator_cExport.cmake
[1.474s] -- Up-to-date: /home/palash/pico_ws/install/mav_system_msgs/share/mav_system_msgs/cmake/export_mav_system_msgs__rosidl_generator_cExport-noconfig.cmake
[1.474s] -- Up-to-date: /home/palash/pico_ws/install/mav_system_msgs/share/mav_system_msgs/cmake/export_mav_system_msgs__rosidl_typesupport_fastrtps_cExport.cmake
[1.475s] -- Up-to-date: /home/palash/pico_ws/install/mav_system_msgs/share/mav_system_msgs/cmake/export_mav_system_msgs__rosidl_typesupport_fastrtps_cExport-noconfig.cmake
[1.475s] -- Up-to-date: /home/palash/pico_ws/install/mav_system_msgs/share/mav_system_msgs/cmake/export_mav_system_msgs__rosidl_generator_cppExport.cmake
[1.475s] -- Up-to-date: /home/palash/pico_ws/install/mav_system_msgs/share/mav_system_msgs/cmake/export_mav_system_msgs__rosidl_typesupport_fastrtps_cppExport.cmake
[1.475s] -- Up-to-date: /home/palash/pico_ws/install/mav_system_msgs/share/mav_system_msgs/cmake/export_mav_system_msgs__rosidl_typesupport_fastrtps_cppExport-noconfig.cmake
[1.475s] -- Up-to-date: /home/palash/pico_ws/install/mav_system_msgs/share/mav_system_msgs/cmake/mav_system_msgs__rosidl_typesupport_introspection_cExport.cmake
[1.475s] -- Up-to-date: /home/palash/pico_ws/install/mav_system_msgs/share/mav_system_msgs/cmake/mav_system_msgs__rosidl_typesupport_introspection_cExport-noconfig.cmake
[1.475s] -- Up-to-date: /home/palash/pico_ws/install/mav_system_msgs/share/mav_system_msgs/cmake/mav_system_msgs__rosidl_typesupport_cExport.cmake
[1.475s] -- Up-to-date: /home/palash/pico_ws/install/mav_system_msgs/share/mav_system_msgs/cmake/mav_system_msgs__rosidl_typesupport_cExport-noconfig.cmake
[1.476s] -- Up-to-date: /home/palash/pico_ws/install/mav_system_msgs/share/mav_system_msgs/cmake/mav_system_msgs__rosidl_typesupport_introspection_cppExport.cmake
[1.476s] -- Up-to-date: /home/palash/pico_ws/install/mav_system_msgs/share/mav_system_msgs/cmake/mav_system_msgs__rosidl_typesupport_introspection_cppExport-noconfig.cmake
[1.476s] -- Up-to-date: /home/palash/pico_ws/install/mav_system_msgs/share/mav_system_msgs/cmake/mav_system_msgs__rosidl_typesupport_cppExport.cmake
[1.476s] -- Up-to-date: /home/palash/pico_ws/install/mav_system_msgs/share/mav_system_msgs/cmake/mav_system_msgs__rosidl_typesupport_cppExport-noconfig.cmake
[1.481s] Invoked command in '/home/palash/pico_ws/build/mav_system_msgs' returned '0': CMAKE_PREFIX_PATH=${CMAKE_PREFIX_PATH}:/home/palash/Downloads/turtlesim_ws/install/kd_task_1b:/opt/ros/humble /usr/bin/cmake --install /home/palash/pico_ws/build/mav_system_msgs
