-- The C compiler identification is GNU 11.4.0
-- The CXX compiler identification is GNU 11.4.0
-- Detecting C compiler ABI info
-- Detecting C compiler ABI info - done
-- Check for working C compiler: /usr/bin/cc - skipped
-- Detecting C compile features
-- Detecting C compile features - done
-- Detecting CXX compiler ABI info
-- Detecting CXX compiler ABI info - done
-- Check for working CXX compiler: /usr/bin/c++ - skipped
-- Detecting CXX compile features
-- Detecting CXX compile features - done
-- Found ament_cmake: 1.3.12 (/opt/ros/humble/share/ament_cmake/cmake)
-- Found Python3: /usr/bin/python3 (found version "3.10.12") found components: Interpreter 
-- Override CMake install command with custom implementation using symlinks instead of copying resources
-- Found rclcpp: 16.0.15 (/opt/ros/humble/share/rclcpp/cmake)
-- Found rosidl_generator_c: 3.1.7 (/opt/ros/humble/share/rosidl_generator_c/cmake)
-- Found rosidl_adapter: 3.1.7 (/opt/ros/humble/share/rosidl_adapter/cmake)
-- Found rosidl_generator_cpp: 3.1.7 (/opt/ros/humble/share/rosidl_generator_cpp/cmake)
-- Using all available rosidl_typesupport_c: rosidl_typesupport_fastrtps_c;rosidl_typesupport_introspection_c
-- Using all available rosidl_typesupport_cpp: rosidl_typesupport_fastrtps_cpp;rosidl_typesupport_introspection_cpp
-- Found rmw_implementation_cmake: 6.1.2 (/opt/ros/humble/share/rmw_implementation_cmake/cmake)
-- Found rmw_fastrtps_cpp: 6.2.8 (/opt/ros/humble/share/rmw_fastrtps_cpp/cmake)
-- Found OpenSSL: /usr/lib/x86_64-linux-gnu/libcrypto.so (found version "3.0.2")  
-- Found FastRTPS: /opt/ros/humble/include  
-- Using RMW implementation 'rmw_fastrtps_cpp' as default
-- Looking for pthread.h
-- Looking for pthread.h - found
-- Performing Test CMAKE_HAVE_LIBC_PTHREAD
-- Performing Test CMAKE_HAVE_LIBC_PTHREAD - Success
-- Found Threads: TRUE  
-- Found cv_bridge: 3.2.1 (/opt/ros/humble/share/cv_bridge/cmake)
-- Found camera_info_manager: 3.1.12 (/opt/ros/humble/share/camera_info_manager/cmake)
-- Found image_geometry: 3.2.1 (/opt/ros/humble/share/image_geometry/cmake)
-- Found image_transport: 3.1.12 (/opt/ros/humble/share/image_transport/cmake)
-- Found tf2: 0.25.16 (/opt/ros/humble/share/tf2/cmake)
-- Found tf2_geometry_msgs: 0.25.16 (/opt/ros/humble/share/tf2_geometry_msgs/cmake)
-- Found eigen3_cmake_module: 0.1.1 (/opt/ros/humble/share/eigen3_cmake_module/cmake)
-- Found Eigen3: TRUE (found version "3.4.0") 
-- Ensuring Eigen3 include directory is part of orocos-kdl CMake target
-- Found std_srvs: 4.9.0 (/opt/ros/humble/share/std_srvs/cmake)
-- Found OpenCV: /usr (found version "4.5.4") 
-- Using OpenCV version 4.5.4
-- Configuring done
-- Generating done
-- Build files have been written to: /home/palash/pico_ws/build/whycon
[ 42%] [32mBuilding CXX object CMakeFiles/whycon.dir/src/lib/circle_detector.cpp.o[0m
[ 42%] [32mBuilding CXX object CMakeFiles/whycon.dir/src/lib/localization_system.cpp.o[0m
[ 42%] [32mBuilding CXX object CMakeFiles/whycon.dir/src/lib/many_circle_detector.cpp.o[0m
[ 57%] [32m[1mLinking CXX shared library libwhycon.so[0m
[ 57%] Built target whycon
[ 85%] [32mBuilding CXX object CMakeFiles/whycon-node.dir/src/ros2/whycon_ros.cpp.o[0m
[ 85%] [32mBuilding CXX object CMakeFiles/whycon-node.dir/src/ros2/whycon_node.cpp.o[0m
[100%] [32m[1mLinking CXX executable whycon[0m
[100%] Built target whycon-node
-- Install configuration: ""
-- Execute custom install script
-- Symlinking: /home/palash/pico_ws/install/whycon/include/whycon/whycon/circle_detector.hpp
-- Symlinking: /home/palash/pico_ws/install/whycon/include/whycon/whycon/config.h
-- Symlinking: /home/palash/pico_ws/install/whycon/include/whycon/whycon/localization_system.hpp
-- Symlinking: /home/palash/pico_ws/install/whycon/include/whycon/whycon/many_circle_detector.hpp
-- Symlinking: /home/palash/pico_ws/install/whycon/lib/whycon/whycon
-- Symlinking: /home/palash/pico_ws/install/whycon/share/whycon//launch/usb_cam_launch.py
-- Symlinking: /home/palash/pico_ws/install/whycon/share/whycon//launch/whycon_only_launch.py
-- Symlinking: /home/palash/pico_ws/install/whycon/share/whycon//launch/whycon_ros_launch.py
-- Symlinking: /home/palash/pico_ws/install/whycon/share/whycon/environment/library_path.sh
-- Symlinking: /home/palash/pico_ws/install/whycon/share/whycon/environment/library_path.dsv
-- Symlinking: /home/palash/pico_ws/install/whycon/share/ament_index/resource_index/package_run_dependencies/whycon
-- Symlinking: /home/palash/pico_ws/install/whycon/share/ament_index/resource_index/parent_prefix_path/whycon
-- Symlinking: /home/palash/pico_ws/install/whycon/share/whycon/environment/ament_prefix_path.sh
-- Symlinking: /home/palash/pico_ws/install/whycon/share/whycon/environment/ament_prefix_path.dsv
-- Symlinking: /home/palash/pico_ws/install/whycon/share/whycon/environment/path.sh
-- Symlinking: /home/palash/pico_ws/install/whycon/share/whycon/environment/path.dsv
-- Symlinking: /home/palash/pico_ws/install/whycon/share/whycon/local_setup.bash
-- Symlinking: /home/palash/pico_ws/install/whycon/share/whycon/local_setup.sh
-- Symlinking: /home/palash/pico_ws/install/whycon/share/whycon/local_setup.zsh
-- Symlinking: /home/palash/pico_ws/install/whycon/share/whycon/local_setup.dsv
-- Symlinking: /home/palash/pico_ws/install/whycon/share/whycon/package.dsv
-- Symlinking: /home/palash/pico_ws/install/whycon/share/ament_index/resource_index/packages/whycon
-- Symlinking: /home/palash/pico_ws/install/whycon/share/whycon/cmake/ament_cmake_export_dependencies-extras.cmake
-- Symlinking: /home/palash/pico_ws/install/whycon/share/whycon/cmake/ament_cmake_export_targets-extras.cmake
-- Symlinking: /home/palash/pico_ws/install/whycon/share/whycon/cmake/ament_cmake_export_include_directories-extras.cmake
-- Symlinking: /home/palash/pico_ws/install/whycon/share/whycon/cmake/ament_cmake_export_libraries-extras.cmake
-- Symlinking: /home/palash/pico_ws/install/whycon/share/whycon/cmake/whyconConfig.cmake
-- Symlinking: /home/palash/pico_ws/install/whycon/share/whycon/cmake/whyconConfig-version.cmake
-- Symlinking: /home/palash/pico_ws/install/whycon/share/whycon/package.xml
-- Installing: /home/palash/pico_ws/install/whycon/lib/libwhycon.so
-- Installing: /home/palash/pico_ws/install/whycon/share/whycon/cmake/export_whyconExport.cmake
-- Installing: /home/palash/pico_ws/install/whycon/share/whycon/cmake/export_whyconExport-noconfig.cmake
