[0.023s] Invoking command in '/home/palash/pico_ws/build/mav_comm': CMAKE_PREFIX_PATH=/home/palash/pico_ws/install/mav_planning_msgs:/home/palash/pico_ws/install/mav_system_msgs:/home/palash/pico_ws/install/mav_state_machine_msgs:/home/palash/pico_ws/install/mav_msgs:/home/palash/pico_ws/install/whycon:/home/palash/pico_ws/install/swift_pico:/home/palash/pico_ws/install/swift_pico_description:/home/palash/pico_ws/install/rotors_swift_interface:/home/palash/pico_ws/install/swift_msgs:/home/palash/pico_ws/install/rotors_swift_gazebo:/home/palash/pico_ws/install/rotors_swift_description:/home/palash/pico_ws/install/rotors_control:/home/palash/pico_ws/install/pid_tune:/home/palash/pico_ws/install/mav_comm:/home/palash/pico_ws/install/error_msg:/home/palash/pico_ws/install/controller_msg:/home/palash/Downloads/turtlesim_ws/install/turtlesim:/home/palash/Downloads/turtlesim_ws/install/kd_task_1b:/opt/ros/humble LD_LIBRARY_PATH=/home/palash/pico_ws/install/mav_planning_msgs/lib:/home/palash/pico_ws/install/mav_system_msgs/lib:/home/palash/pico_ws/install/mav_state_machine_msgs/lib:/home/palash/pico_ws/install/mav_msgs/lib:/home/palash/pico_ws/install/whycon/lib:/home/palash/pico_ws/install/swift_msgs/lib:/home/palash/pico_ws/install/rotors_control/lib:/home/palash/pico_ws/install/error_msg/lib:/home/palash/pico_ws/install/controller_msg/lib:/home/palash/Downloads/turtlesim_ws/install/turtlesim/lib:/usr/lib/x86_64-linux-gnu/gazebo-11/plugins:/opt/ros/humble/opt/rviz_ogre_vendor/lib:/opt/ros/humble/lib/x86_64-linux-gnu:/opt/ros/humble/lib /usr/bin/cmake /home/palash/pico_ws/src/mav_comm/mav_comm -DAMENT_CMAKE_SYMLINK_INSTALL=1 -DCMAKE_INSTALL_PREFIX=/home/palash/pico_ws/install/mav_comm
[0.089s] -- The C compiler identification is GNU 11.4.0
[0.154s] -- The CXX compiler identification is GNU 11.4.0
[0.161s] -- Detecting C compiler ABI info
[0.243s] -- Detecting C compiler ABI info - done
[0.250s] -- Check for working C compiler: /usr/bin/cc - skipped
[0.250s] -- Detecting C compile features
[0.251s] -- Detecting C compile features - done
[0.253s] -- Detecting CXX compiler ABI info
[0.348s] -- Detecting CXX compiler ABI info - done
[0.353s] -- Check for working CXX compiler: /usr/bin/c++ - skipped
[0.353s] -- Detecting CXX compile features
[0.353s] -- Detecting CXX compile features - done
[0.357s] -- Found ament_cmake: 1.3.12 (/opt/ros/humble/share/ament_cmake/cmake)
[0.525s] -- Found Python3: /usr/bin/python3 (found version "3.10.12") found components: Interpreter 
[0.603s] -- Override CMake install command with custom implementation using symlinks instead of copying resources
[0.656s] -- Found mav_msgs: 3.3.3 (/home/palash/pico_ws/install/mav_msgs/share/mav_msgs/cmake)
[0.715s] -- Found rosidl_generator_c: 3.1.7 (/opt/ros/humble/share/rosidl_generator_c/cmake)
[0.725s] -- Found rosidl_adapter: 3.1.7 (/opt/ros/humble/share/rosidl_adapter/cmake)
[0.738s] -- Found rosidl_generator_cpp: 3.1.7 (/opt/ros/humble/share/rosidl_generator_cpp/cmake)
[0.755s] -- Using all available rosidl_typesupport_c: rosidl_typesupport_fastrtps_c;rosidl_typesupport_introspection_c
[0.776s] -- Using all available rosidl_typesupport_cpp: rosidl_typesupport_fastrtps_cpp;rosidl_typesupport_introspection_cpp
[0.882s] -- Found mav_planning_msgs: 3.3.3 (/home/palash/pico_ws/install/mav_planning_msgs/share/mav_planning_msgs/cmake)
[0.925s] -- Found mav_state_machine_msgs: 0.0.0 (/home/palash/pico_ws/install/mav_state_machine_msgs/share/mav_state_machine_msgs/cmake)
[0.937s] -- Found mav_system_msgs: 0.0.0 (/home/palash/pico_ws/install/mav_system_msgs/share/mav_system_msgs/cmake)
[1.046s] -- Configuring done
[1.051s] -- Generating done
[1.055s] -- Build files have been written to: /home/palash/pico_ws/build/mav_comm
[1.069s] Invoked command in '/home/palash/pico_ws/build/mav_comm' returned '0': CMAKE_PREFIX_PATH=/home/palash/pico_ws/install/mav_planning_msgs:/home/palash/pico_ws/install/mav_system_msgs:/home/palash/pico_ws/install/mav_state_machine_msgs:/home/palash/pico_ws/install/mav_msgs:/home/palash/pico_ws/install/whycon:/home/palash/pico_ws/install/swift_pico:/home/palash/pico_ws/install/swift_pico_description:/home/palash/pico_ws/install/rotors_swift_interface:/home/palash/pico_ws/install/swift_msgs:/home/palash/pico_ws/install/rotors_swift_gazebo:/home/palash/pico_ws/install/rotors_swift_description:/home/palash/pico_ws/install/rotors_control:/home/palash/pico_ws/install/pid_tune:/home/palash/pico_ws/install/mav_comm:/home/palash/pico_ws/install/error_msg:/home/palash/pico_ws/install/controller_msg:/home/palash/Downloads/turtlesim_ws/install/turtlesim:/home/palash/Downloads/turtlesim_ws/install/kd_task_1b:/opt/ros/humble LD_LIBRARY_PATH=/home/palash/pico_ws/install/mav_planning_msgs/lib:/home/palash/pico_ws/install/mav_system_msgs/lib:/home/palash/pico_ws/install/mav_state_machine_msgs/lib:/home/palash/pico_ws/install/mav_msgs/lib:/home/palash/pico_ws/install/whycon/lib:/home/palash/pico_ws/install/swift_msgs/lib:/home/palash/pico_ws/install/rotors_control/lib:/home/palash/pico_ws/install/error_msg/lib:/home/palash/pico_ws/install/controller_msg/lib:/home/palash/Downloads/turtlesim_ws/install/turtlesim/lib:/usr/lib/x86_64-linux-gnu/gazebo-11/plugins:/opt/ros/humble/opt/rviz_ogre_vendor/lib:/opt/ros/humble/lib/x86_64-linux-gnu:/opt/ros/humble/lib /usr/bin/cmake /home/palash/pico_ws/src/mav_comm/mav_comm -DAMENT_CMAKE_SYMLINK_INSTALL=1 -DCMAKE_INSTALL_PREFIX=/home/palash/pico_ws/install/mav_comm
[1.071s] Invoking command in '/home/palash/pico_ws/build/mav_comm': CMAKE_PREFIX_PATH=/home/palash/pico_ws/install/mav_planning_msgs:/home/palash/pico_ws/install/mav_system_msgs:/home/palash/pico_ws/install/mav_state_machine_msgs:/home/palash/pico_ws/install/mav_msgs:/home/palash/pico_ws/install/whycon:/home/palash/pico_ws/install/swift_pico:/home/palash/pico_ws/install/swift_pico_description:/home/palash/pico_ws/install/rotors_swift_interface:/home/palash/pico_ws/install/swift_msgs:/home/palash/pico_ws/install/rotors_swift_gazebo:/home/palash/pico_ws/install/rotors_swift_description:/home/palash/pico_ws/install/rotors_control:/home/palash/pico_ws/install/pid_tune:/home/palash/pico_ws/install/mav_comm:/home/palash/pico_ws/install/error_msg:/home/palash/pico_ws/install/controller_msg:/home/palash/Downloads/turtlesim_ws/install/turtlesim:/home/palash/Downloads/turtlesim_ws/install/kd_task_1b:/opt/ros/humble LD_LIBRARY_PATH=/home/palash/pico_ws/install/mav_planning_msgs/lib:/home/palash/pico_ws/install/mav_system_msgs/lib:/home/palash/pico_ws/install/mav_state_machine_msgs/lib:/home/palash/pico_ws/install/mav_msgs/lib:/home/palash/pico_ws/install/whycon/lib:/home/palash/pico_ws/install/swift_msgs/lib:/home/palash/pico_ws/install/rotors_control/lib:/home/palash/pico_ws/install/error_msg/lib:/home/palash/pico_ws/install/controller_msg/lib:/home/palash/Downloads/turtlesim_ws/install/turtlesim/lib:/usr/lib/x86_64-linux-gnu/gazebo-11/plugins:/opt/ros/humble/opt/rviz_ogre_vendor/lib:/opt/ros/humble/lib/x86_64-linux-gnu:/opt/ros/humble/lib /usr/bin/cmake --build /home/palash/pico_ws/build/mav_comm -- -j16 -l16
[1.132s] Invoked command in '/home/palash/pico_ws/build/mav_comm' returned '0': CMAKE_PREFIX_PATH=/home/palash/pico_ws/install/mav_planning_msgs:/home/palash/pico_ws/install/mav_system_msgs:/home/palash/pico_ws/install/mav_state_machine_msgs:/home/palash/pico_ws/install/mav_msgs:/home/palash/pico_ws/install/whycon:/home/palash/pico_ws/install/swift_pico:/home/palash/pico_ws/install/swift_pico_description:/home/palash/pico_ws/install/rotors_swift_interface:/home/palash/pico_ws/install/swift_msgs:/home/palash/pico_ws/install/rotors_swift_gazebo:/home/palash/pico_ws/install/rotors_swift_description:/home/palash/pico_ws/install/rotors_control:/home/palash/pico_ws/install/pid_tune:/home/palash/pico_ws/install/mav_comm:/home/palash/pico_ws/install/error_msg:/home/palash/pico_ws/install/controller_msg:/home/palash/Downloads/turtlesim_ws/install/turtlesim:/home/palash/Downloads/turtlesim_ws/install/kd_task_1b:/opt/ros/humble LD_LIBRARY_PATH=/home/palash/pico_ws/install/mav_planning_msgs/lib:/home/palash/pico_ws/install/mav_system_msgs/lib:/home/palash/pico_ws/install/mav_state_machine_msgs/lib:/home/palash/pico_ws/install/mav_msgs/lib:/home/palash/pico_ws/install/whycon/lib:/home/palash/pico_ws/install/swift_msgs/lib:/home/palash/pico_ws/install/rotors_control/lib:/home/palash/pico_ws/install/error_msg/lib:/home/palash/pico_ws/install/controller_msg/lib:/home/palash/Downloads/turtlesim_ws/install/turtlesim/lib:/usr/lib/x86_64-linux-gnu/gazebo-11/plugins:/opt/ros/humble/opt/rviz_ogre_vendor/lib:/opt/ros/humble/lib/x86_64-linux-gnu:/opt/ros/humble/lib /usr/bin/cmake --build /home/palash/pico_ws/build/mav_comm -- -j16 -l16
[1.134s] Invoking command in '/home/palash/pico_ws/build/mav_comm': CMAKE_PREFIX_PATH=/home/palash/pico_ws/install/mav_planning_msgs:/home/palash/pico_ws/install/mav_system_msgs:/home/palash/pico_ws/install/mav_state_machine_msgs:/home/palash/pico_ws/install/mav_msgs:/home/palash/pico_ws/install/whycon:/home/palash/pico_ws/install/swift_pico:/home/palash/pico_ws/install/swift_pico_description:/home/palash/pico_ws/install/rotors_swift_interface:/home/palash/pico_ws/install/swift_msgs:/home/palash/pico_ws/install/rotors_swift_gazebo:/home/palash/pico_ws/install/rotors_swift_description:/home/palash/pico_ws/install/rotors_control:/home/palash/pico_ws/install/pid_tune:/home/palash/pico_ws/install/mav_comm:/home/palash/pico_ws/install/error_msg:/home/palash/pico_ws/install/controller_msg:/home/palash/Downloads/turtlesim_ws/install/turtlesim:/home/palash/Downloads/turtlesim_ws/install/kd_task_1b:/opt/ros/humble LD_LIBRARY_PATH=/home/palash/pico_ws/install/mav_planning_msgs/lib:/home/palash/pico_ws/install/mav_system_msgs/lib:/home/palash/pico_ws/install/mav_state_machine_msgs/lib:/home/palash/pico_ws/install/mav_msgs/lib:/home/palash/pico_ws/install/whycon/lib:/home/palash/pico_ws/install/swift_msgs/lib:/home/palash/pico_ws/install/rotors_control/lib:/home/palash/pico_ws/install/error_msg/lib:/home/palash/pico_ws/install/controller_msg/lib:/home/palash/Downloads/turtlesim_ws/install/turtlesim/lib:/usr/lib/x86_64-linux-gnu/gazebo-11/plugins:/opt/ros/humble/opt/rviz_ogre_vendor/lib:/opt/ros/humble/lib/x86_64-linux-gnu:/opt/ros/humble/lib /usr/bin/cmake --install /home/palash/pico_ws/build/mav_comm
[1.146s] -- Install configuration: ""
[1.146s] -- Execute custom install script
[1.146s] -- Symlinking: /home/palash/pico_ws/install/mav_comm/share/ament_index/resource_index/package_run_dependencies/mav_comm
[1.159s] -- Symlinking: /home/palash/pico_ws/install/mav_comm/share/ament_index/resource_index/parent_prefix_path/mav_comm
[1.173s] -- Symlinking: /home/palash/pico_ws/install/mav_comm/share/mav_comm/environment/ament_prefix_path.sh
[1.184s] -- Symlinking: /home/palash/pico_ws/install/mav_comm/share/mav_comm/environment/ament_prefix_path.dsv
[1.196s] -- Symlinking: /home/palash/pico_ws/install/mav_comm/share/mav_comm/environment/path.sh
[1.210s] -- Symlinking: /home/palash/pico_ws/install/mav_comm/share/mav_comm/environment/path.dsv
[1.224s] -- Symlinking: /home/palash/pico_ws/install/mav_comm/share/mav_comm/local_setup.bash
[1.237s] -- Symlinking: /home/palash/pico_ws/install/mav_comm/share/mav_comm/local_setup.sh
[1.250s] -- Symlinking: /home/palash/pico_ws/install/mav_comm/share/mav_comm/local_setup.zsh
[1.263s] -- Symlinking: /home/palash/pico_ws/install/mav_comm/share/mav_comm/local_setup.dsv
[1.277s] -- Symlinking: /home/palash/pico_ws/install/mav_comm/share/mav_comm/package.dsv
[1.291s] -- Symlinking: /home/palash/pico_ws/install/mav_comm/share/ament_index/resource_index/packages/mav_comm
[1.305s] -- Symlinking: /home/palash/pico_ws/install/mav_comm/share/mav_comm/cmake/mav_commConfig.cmake
[1.316s] -- Symlinking: /home/palash/pico_ws/install/mav_comm/share/mav_comm/cmake/mav_commConfig-version.cmake
[1.329s] -- Symlinking: /home/palash/pico_ws/install/mav_comm/share/mav_comm/package.xml
[1.346s] Invoked command in '/home/palash/pico_ws/build/mav_comm' returned '0': CMAKE_PREFIX_PATH=/home/palash/pico_ws/install/mav_planning_msgs:/home/palash/pico_ws/install/mav_system_msgs:/home/palash/pico_ws/install/mav_state_machine_msgs:/home/palash/pico_ws/install/mav_msgs:/home/palash/pico_ws/install/whycon:/home/palash/pico_ws/install/swift_pico:/home/palash/pico_ws/install/swift_pico_description:/home/palash/pico_ws/install/rotors_swift_interface:/home/palash/pico_ws/install/swift_msgs:/home/palash/pico_ws/install/rotors_swift_gazebo:/home/palash/pico_ws/install/rotors_swift_description:/home/palash/pico_ws/install/rotors_control:/home/palash/pico_ws/install/pid_tune:/home/palash/pico_ws/install/mav_comm:/home/palash/pico_ws/install/error_msg:/home/palash/pico_ws/install/controller_msg:/home/palash/Downloads/turtlesim_ws/install/turtlesim:/home/palash/Downloads/turtlesim_ws/install/kd_task_1b:/opt/ros/humble LD_LIBRARY_PATH=/home/palash/pico_ws/install/mav_planning_msgs/lib:/home/palash/pico_ws/install/mav_system_msgs/lib:/home/palash/pico_ws/install/mav_state_machine_msgs/lib:/home/palash/pico_ws/install/mav_msgs/lib:/home/palash/pico_ws/install/whycon/lib:/home/palash/pico_ws/install/swift_msgs/lib:/home/palash/pico_ws/install/rotors_control/lib:/home/palash/pico_ws/install/error_msg/lib:/home/palash/pico_ws/install/controller_msg/lib:/home/palash/Downloads/turtlesim_ws/install/turtlesim/lib:/usr/lib/x86_64-linux-gnu/gazebo-11/plugins:/opt/ros/humble/opt/rviz_ogre_vendor/lib:/opt/ros/humble/lib/x86_64-linux-gnu:/opt/ros/humble/lib /usr/bin/cmake --install /home/palash/pico_ws/build/mav_comm
