[0.036s] Invoking command in '/home/palash/pico_ws/build/rotors_swift_description': CMAKE_PREFIX_PATH=${CMAKE_PREFIX_PATH}:/home/palash/Downloads/turtlesim_ws/install/kd_task_1b:/opt/ros/humble /usr/bin/cmake /home/palash/pico_ws/src/rotors_simulator/rotors_swift_description -DAMENT_CMAKE_SYMLINK_INSTALL=1 -DCMAKE_INSTALL_PREFIX=/home/palash/pico_ws/install/rotors_swift_description
[0.140s] -- The C compiler identification is GNU 11.4.0
[0.224s] -- The CXX compiler identification is GNU 11.4.0
[0.237s] -- Detecting C compiler ABI info
[0.343s] -- Detecting C compiler ABI info - done
[0.350s] -- Check for working C compiler: /usr/bin/cc - skipped
[0.350s] -- Detecting C compile features
[0.350s] -- Detecting C compile features - done
[0.356s] -- Detecting CXX compiler ABI info
[0.487s] -- Detecting CXX compiler ABI info - done
[0.493s] -- Check for working CXX compiler: /usr/bin/c++ - skipped
[0.493s] -- Detecting CXX compile features
[0.493s] -- Detecting CXX compile features - done
[0.495s] -- Found ament_cmake: 1.3.12 (/opt/ros/humble/share/ament_cmake/cmake)
[0.735s] -- Found Python3: /usr/bin/python3 (found version "3.10.12") found components: Interpreter 
[0.853s] -- Override CMake install command with custom implementation using symlinks instead of copying resources
[0.884s] -- Found ament_lint_auto: 0.12.14 (/opt/ros/humble/share/ament_lint_auto/cmake)
[0.970s] -- Configuring done
[0.974s] -- Generating done
[0.980s] -- Build files have been written to: /home/palash/pico_ws/build/rotors_swift_description
[0.984s] Invoked command in '/home/palash/pico_ws/build/rotors_swift_description' returned '0': CMAKE_PREFIX_PATH=${CMAKE_PREFIX_PATH}:/home/palash/Downloads/turtlesim_ws/install/kd_task_1b:/opt/ros/humble /usr/bin/cmake /home/palash/pico_ws/src/rotors_simulator/rotors_swift_description -DAMENT_CMAKE_SYMLINK_INSTALL=1 -DCMAKE_INSTALL_PREFIX=/home/palash/pico_ws/install/rotors_swift_description
[0.987s] Invoking command in '/home/palash/pico_ws/build/rotors_swift_description': CMAKE_PREFIX_PATH=${CMAKE_PREFIX_PATH}:/home/palash/Downloads/turtlesim_ws/install/kd_task_1b:/opt/ros/humble /usr/bin/cmake --build /home/palash/pico_ws/build/rotors_swift_description -- -j16 -l16
[1.057s] Invoked command in '/home/palash/pico_ws/build/rotors_swift_description' returned '0': CMAKE_PREFIX_PATH=${CMAKE_PREFIX_PATH}:/home/palash/Downloads/turtlesim_ws/install/kd_task_1b:/opt/ros/humble /usr/bin/cmake --build /home/palash/pico_ws/build/rotors_swift_description -- -j16 -l16
[1.060s] Invoking command in '/home/palash/pico_ws/build/rotors_swift_description': CMAKE_PREFIX_PATH=${CMAKE_PREFIX_PATH}:/home/palash/Downloads/turtlesim_ws/install/kd_task_1b:/opt/ros/humble /usr/bin/cmake --install /home/palash/pico_ws/build/rotors_swift_description
[1.071s] -- Install configuration: ""
[1.071s] -- Execute custom install script
[1.072s] -- Symlinking: /home/palash/pico_ws/install/rotors_swift_description/share/rotors_swift_description/models/swift_pico/materials/scripts/whycon_marker.material
[1.087s] -- Symlinking: /home/palash/pico_ws/install/rotors_swift_description/share/rotors_swift_description/models/swift_pico/meshes/base_link.dae
[1.102s] -- Symlinking: /home/palash/pico_ws/install/rotors_swift_description/share/rotors_swift_description/models/swift_pico/meshes/cropped-image.png
[1.118s] -- Symlinking: /home/palash/pico_ws/install/rotors_swift_description/share/rotors_swift_description/models/swift_pico/meshes/m1_link.dae
[1.132s] -- Symlinking: /home/palash/pico_ws/install/rotors_swift_description/share/rotors_swift_description/models/swift_pico/meshes/m2_link.dae
[1.146s] -- Symlinking: /home/palash/pico_ws/install/rotors_swift_description/share/rotors_swift_description/models/swift_pico/meshes/m3_link.dae
[1.159s] -- Symlinking: /home/palash/pico_ws/install/rotors_swift_description/share/rotors_swift_description/models/swift_pico/meshes/m4_link.dae
[1.173s] -- Symlinking: /home/palash/pico_ws/install/rotors_swift_description/share/rotors_swift_description/models/swift_pico/meshes/propeller_ccw.dae
[1.188s] -- Symlinking: /home/palash/pico_ws/install/rotors_swift_description/share/rotors_swift_description/models/swift_pico/meshes/propeller_cw.dae
[1.203s] -- Symlinking: /home/palash/pico_ws/install/rotors_swift_description/share/rotors_swift_description/models/swift_pico/meshes/textures/whycon_marker.png
[1.217s] -- Symlinking: /home/palash/pico_ws/install/rotors_swift_description/share/rotors_swift_description/models/swift_pico/meshes/whycon2.mtl
[1.230s] -- Symlinking: /home/palash/pico_ws/install/rotors_swift_description/share/rotors_swift_description/models/swift_pico/meshes/whycon2.obj
[1.247s] -- Symlinking: /home/palash/pico_ws/install/rotors_swift_description/share/rotors_swift_description/models/swift_pico/model.config
[1.260s] -- Symlinking: /home/palash/pico_ws/install/rotors_swift_description/share/rotors_swift_description/models/swift_pico/swift_pico.sdf
[1.275s] -- Symlinking: /home/palash/pico_ws/install/rotors_swift_description/share/rotors_swift_description/models/swift_pico/textures/whycon_marker.png
[1.289s] -- Symlinking: /home/palash/pico_ws/install/rotors_swift_description/share/rotors_swift_description/models/swift_pico/whycon_marker_file.xacro
[1.305s] -- Symlinking: /home/palash/pico_ws/install/rotors_swift_description/share/ament_index/resource_index/package_run_dependencies/rotors_swift_description
[1.319s] -- Symlinking: /home/palash/pico_ws/install/rotors_swift_description/share/ament_index/resource_index/parent_prefix_path/rotors_swift_description
[1.333s] -- Symlinking: /home/palash/pico_ws/install/rotors_swift_description/share/rotors_swift_description/environment/ament_prefix_path.sh
[1.349s] -- Symlinking: /home/palash/pico_ws/install/rotors_swift_description/share/rotors_swift_description/environment/ament_prefix_path.dsv
[1.362s] -- Symlinking: /home/palash/pico_ws/install/rotors_swift_description/share/rotors_swift_description/environment/path.sh
[1.376s] -- Symlinking: /home/palash/pico_ws/install/rotors_swift_description/share/rotors_swift_description/environment/path.dsv
[1.392s] -- Symlinking: /home/palash/pico_ws/install/rotors_swift_description/share/rotors_swift_description/local_setup.bash
[1.404s] -- Symlinking: /home/palash/pico_ws/install/rotors_swift_description/share/rotors_swift_description/local_setup.sh
[1.418s] -- Symlinking: /home/palash/pico_ws/install/rotors_swift_description/share/rotors_swift_description/local_setup.zsh
[1.433s] -- Symlinking: /home/palash/pico_ws/install/rotors_swift_description/share/rotors_swift_description/local_setup.dsv
[1.446s] -- Symlinking: /home/palash/pico_ws/install/rotors_swift_description/share/rotors_swift_description/package.dsv
[1.461s] -- Symlinking: /home/palash/pico_ws/install/rotors_swift_description/share/ament_index/resource_index/packages/rotors_swift_description
[1.476s] -- Symlinking: /home/palash/pico_ws/install/rotors_swift_description/share/rotors_swift_description/cmake/rotors_swift_descriptionConfig.cmake
[1.493s] -- Symlinking: /home/palash/pico_ws/install/rotors_swift_description/share/rotors_swift_description/cmake/rotors_swift_descriptionConfig-version.cmake
[1.509s] -- Symlinking: /home/palash/pico_ws/install/rotors_swift_description/share/rotors_swift_description/package.xml
[1.529s] Invoked command in '/home/palash/pico_ws/build/rotors_swift_description' returned '0': CMAKE_PREFIX_PATH=${CMAKE_PREFIX_PATH}:/home/palash/Downloads/turtlesim_ws/install/kd_task_1b:/opt/ros/humble /usr/bin/cmake --install /home/palash/pico_ws/build/rotors_swift_description
