[0.033s] Invoking command in '/home/palash/pico_ws/build/swift_msgs': CMAKE_PREFIX_PATH=${CMAKE_PREFIX_PATH}:/home/palash/Downloads/turtlesim_ws/install/kd_task_1b:/opt/ros/humble /usr/bin/cmake /home/palash/pico_ws/src/rotors_simulator/swift_msgs -DAMENT_CMAKE_SYMLINK_INSTALL=1 -DCMAKE_INSTALL_PREFIX=/home/palash/pico_ws/install/swift_msgs
[0.134s] -- The C compiler identification is GNU 11.4.0
[0.226s] -- The CXX compiler identification is GNU 11.4.0
[0.236s] -- Detecting C compiler ABI info
[0.341s] -- Detecting C compiler ABI info - done
[0.355s] -- Check for working C compiler: /usr/bin/cc - skipped
[0.356s] -- Detecting C compile features
[0.356s] -- Detecting C compile features - done
[0.358s] -- Detecting CXX compiler ABI info
[0.479s] -- Detecting CXX compiler ABI info - done
[0.485s] -- Check for working CXX compiler: /usr/bin/c++ - skipped
[0.485s] -- Detecting CXX compile features
[0.486s] -- Detecting CXX compile features - done
[0.488s] -- Found ament_cmake: 1.3.12 (/opt/ros/humble/share/ament_cmake/cmake)
[0.743s] -- Found Python3: /usr/bin/python3 (found version "3.10.12") found components: Interpreter 
[0.842s] -- Override CMake install command with custom implementation using symlinks instead of copying resources
[0.874s] -- Found rosidl_default_generators: 1.2.0 (/opt/ros/humble/share/rosidl_default_generators/cmake)
[0.880s] -- Using all available rosidl_typesupport_c: rosidl_typesupport_fastrtps_c;rosidl_typesupport_introspection_c
[0.890s] -- Found rosidl_adapter: 3.1.7 (/opt/ros/humble/share/rosidl_adapter/cmake)
[0.942s] -- Using all available rosidl_typesupport_cpp: rosidl_typesupport_fastrtps_cpp;rosidl_typesupport_introspection_cpp
[1.367s] -- Found ament_cmake_ros: 0.10.0 (/opt/ros/humble/share/ament_cmake_ros/cmake)
[1.661s] -- Using all available rosidl_typesupport_c: rosidl_typesupport_fastrtps_c;rosidl_typesupport_introspection_c
[2.032s] -- Using all available rosidl_typesupport_cpp: rosidl_typesupport_fastrtps_cpp;rosidl_typesupport_introspection_cpp
[2.065s] -- Found PythonInterp: /usr/bin/python3 (found suitable version "3.10.12", minimum required is "3.6") 
[2.068s] -- Found python_cmake_module: 0.10.0 (/opt/ros/humble/share/python_cmake_module/cmake)
[2.107s] -- Found PythonLibs: /usr/lib/x86_64-linux-gnu/libpython3.10.so (found suitable version "3.10.12", minimum required is "3.5") 
[2.107s] -- Using PYTHON_EXECUTABLE: /usr/bin/python3
[2.107s] -- Using PYTHON_INCLUDE_DIRS: /usr/include/python3.10
[2.108s] -- Using PYTHON_LIBRARIES: /usr/lib/x86_64-linux-gnu/libpython3.10.so
[2.141s] -- Found PythonExtra: .so  
[2.195s] -- Found ament_lint_auto: 0.12.14 (/opt/ros/humble/share/ament_lint_auto/cmake)
[2.232s] -- Added test 'lint_cmake' to check CMake code style
[2.237s] -- Added test 'xmllint' to check XML markup files
[2.245s] -- Configuring done
[2.280s] -- Generating done
[2.296s] -- Build files have been written to: /home/palash/pico_ws/build/swift_msgs
[2.315s] Invoked command in '/home/palash/pico_ws/build/swift_msgs' returned '0': CMAKE_PREFIX_PATH=${CMAKE_PREFIX_PATH}:/home/palash/Downloads/turtlesim_ws/install/kd_task_1b:/opt/ros/humble /usr/bin/cmake /home/palash/pico_ws/src/rotors_simulator/swift_msgs -DAMENT_CMAKE_SYMLINK_INSTALL=1 -DCMAKE_INSTALL_PREFIX=/home/palash/pico_ws/install/swift_msgs
[2.318s] Invoking command in '/home/palash/pico_ws/build/swift_msgs': CMAKE_PREFIX_PATH=${CMAKE_PREFIX_PATH}:/home/palash/Downloads/turtlesim_ws/install/kd_task_1b:/opt/ros/humble /usr/bin/cmake --build /home/palash/pico_ws/build/swift_msgs -- -j16 -l16
[2.395s] [  3%] [34m[1mGenerating C code for ROS interfaces[0m
[2.422s] [  6%] [34m[1mGenerating C++ code for ROS interfaces[0m
[2.443s] [  6%] Built target ament_cmake_python_symlink_swift_msgs
[3.047s] [  9%] [32mBuilding C object CMakeFiles/swift_msgs__rosidl_generator_c.dir/rosidl_generator_c/swift_msgs/msg/detail/swift_msgs__functions.c.o[0m
[3.139s] running egg_info
[3.144s] creating swift_msgs.egg-info
[3.144s] writing swift_msgs.egg-info/PKG-INFO
[3.144s] writing dependency_links to swift_msgs.egg-info/dependency_links.txt
[3.144s] writing top-level names to swift_msgs.egg-info/top_level.txt
[3.150s] writing manifest file 'swift_msgs.egg-info/SOURCES.txt'
[3.158s] reading manifest file 'swift_msgs.egg-info/SOURCES.txt'
[3.162s] writing manifest file 'swift_msgs.egg-info/SOURCES.txt'
[3.251s] [  9%] Built target swift_msgs__cpp
[3.258s] [ 12%] [32m[1mLinking C shared library libswift_msgs__rosidl_generator_c.so[0m
[3.299s] [ 16%] [34m[1mGenerating C++ type support for eProsima Fast-RTPS[0m
[3.307s] [ 19%] [34m[1mGenerating C++ introspection for ROS interfaces[0m
[3.324s] [ 22%] [34m[1mGenerating C++ type support dispatch for ROS interfaces[0m
[3.358s] [ 22%] Built target ament_cmake_python_build_swift_msgs_egg
[3.516s] [ 22%] Built target swift_msgs__rosidl_generator_c
[3.579s] [ 25%] [34m[1mGenerating C introspection for ROS interfaces[0m
[3.580s] [ 29%] [34m[1mGenerating C type support dispatch for ROS interfaces[0m
[3.583s] [ 32%] [34m[1mGenerating C type support for eProsima Fast-RTPS[0m
[4.357s] [ 35%] [32mBuilding CXX object CMakeFiles/swift_msgs__rosidl_typesupport_fastrtps_cpp.dir/rosidl_typesupport_fastrtps_cpp/swift_msgs/msg/detail/dds_fastrtps/swift_msgs__type_support.cpp.o[0m
[4.847s] [ 38%] [32mBuilding CXX object CMakeFiles/swift_msgs__rosidl_typesupport_fastrtps_c.dir/rosidl_typesupport_fastrtps_c/swift_msgs/msg/detail/swift_msgs__type_support_c.cpp.o[0m
[4.972s] [ 41%] [32mBuilding CXX object CMakeFiles/swift_msgs__rosidl_typesupport_cpp.dir/rosidl_typesupport_cpp/swift_msgs/msg/swift_msgs__type_support.cpp.o[0m
[5.024s] [ 45%] [32mBuilding CXX object CMakeFiles/swift_msgs__rosidl_typesupport_introspection_cpp.dir/rosidl_typesupport_introspection_cpp/swift_msgs/msg/detail/swift_msgs__type_support.cpp.o[0m
[5.859s] [ 48%] [32mBuilding CXX object CMakeFiles/swift_msgs__rosidl_typesupport_c.dir/rosidl_typesupport_c/swift_msgs/msg/swift_msgs__type_support.cpp.o[0m
[6.012s] [ 51%] [32m[1mLinking CXX shared library libswift_msgs__rosidl_typesupport_c.so[0m
[6.103s] [ 54%] [32mBuilding C object CMakeFiles/swift_msgs__rosidl_typesupport_introspection_c.dir/rosidl_typesupport_introspection_c/swift_msgs/msg/detail/swift_msgs__type_support.c.o[0m
[6.210s] [ 54%] Built target swift_msgs__rosidl_typesupport_c
[6.237s] [ 58%] [32m[1mLinking C shared library libswift_msgs__rosidl_typesupport_introspection_c.so[0m
[6.336s] [ 61%] [32m[1mLinking CXX shared library libswift_msgs__rosidl_typesupport_fastrtps_c.so[0m
[6.393s] [ 61%] Built target swift_msgs__rosidl_typesupport_introspection_c
[6.596s] [ 64%] [32m[1mLinking CXX shared library libswift_msgs__rosidl_typesupport_fastrtps_cpp.so[0m
[6.625s] [ 67%] [32m[1mLinking CXX shared library libswift_msgs__rosidl_typesupport_introspection_cpp.so[0m
[6.678s] [ 67%] Built target swift_msgs__rosidl_typesupport_fastrtps_c
[6.802s] [ 67%] Built target swift_msgs__rosidl_typesupport_introspection_cpp
[6.905s] [ 67%] Built target swift_msgs__rosidl_typesupport_fastrtps_cpp
[6.930s] [ 70%] [32m[1mLinking CXX shared library libswift_msgs__rosidl_typesupport_cpp.so[0m
[7.100s] [ 70%] Built target swift_msgs__rosidl_typesupport_cpp
[7.240s] [ 70%] Built target swift_msgs
[7.313s] [ 74%] [34m[1mGenerating Python code for ROS interfaces[0m
[8.092s] [ 74%] Built target swift_msgs__py
[8.133s] [ 77%] [32mBuilding C object CMakeFiles/swift_msgs__rosidl_generator_py.dir/rosidl_generator_py/swift_msgs/msg/_swift_msgs_s.c.o[0m
[8.316s] [ 80%] [32m[1mLinking C shared library rosidl_generator_py/swift_msgs/libswift_msgs__rosidl_generator_py.so[0m
[8.383s] [ 80%] Built target swift_msgs__rosidl_generator_py
[8.419s] [ 87%] [32mBuilding C object CMakeFiles/swift_msgs__rosidl_typesupport_introspection_c__pyext.dir/rosidl_generator_py/swift_msgs/_swift_msgs_s.ep.rosidl_typesupport_introspection_c.c.o[0m
[8.420s] [ 90%] [32mBuilding C object CMakeFiles/swift_msgs__rosidl_typesupport_fastrtps_c__pyext.dir/rosidl_generator_py/swift_msgs/_swift_msgs_s.ep.rosidl_typesupport_fastrtps_c.c.o[0m
[8.420s] [ 87%] [32mBuilding C object CMakeFiles/swift_msgs__rosidl_typesupport_c__pyext.dir/rosidl_generator_py/swift_msgs/_swift_msgs_s.ep.rosidl_typesupport_c.c.o[0m
[8.558s] [ 93%] [32m[1mLinking C shared library rosidl_generator_py/swift_msgs/swift_msgs_s__rosidl_typesupport_c.cpython-310-x86_64-linux-gnu.so[0m
[8.569s] [ 96%] [32m[1mLinking C shared library rosidl_generator_py/swift_msgs/swift_msgs_s__rosidl_typesupport_introspection_c.cpython-310-x86_64-linux-gnu.so[0m
[8.584s] [100%] [32m[1mLinking C shared library rosidl_generator_py/swift_msgs/swift_msgs_s__rosidl_typesupport_fastrtps_c.cpython-310-x86_64-linux-gnu.so[0m
[8.619s] [100%] Built target swift_msgs__rosidl_typesupport_c__pyext
[8.632s] [100%] Built target swift_msgs__rosidl_typesupport_introspection_c__pyext
[8.651s] [100%] Built target swift_msgs__rosidl_typesupport_fastrtps_c__pyext
[8.675s] Invoked command in '/home/palash/pico_ws/build/swift_msgs' returned '0': CMAKE_PREFIX_PATH=${CMAKE_PREFIX_PATH}:/home/palash/Downloads/turtlesim_ws/install/kd_task_1b:/opt/ros/humble /usr/bin/cmake --build /home/palash/pico_ws/build/swift_msgs -- -j16 -l16
[8.677s] Invoking command in '/home/palash/pico_ws/build/swift_msgs': CMAKE_PREFIX_PATH=${CMAKE_PREFIX_PATH}:/home/palash/Downloads/turtlesim_ws/install/kd_task_1b:/opt/ros/humble /usr/bin/cmake --install /home/palash/pico_ws/build/swift_msgs
[8.692s] -- Install configuration: ""
[8.693s] -- Execute custom install script
[8.693s] -- Symlinking: /home/palash/pico_ws/install/swift_msgs/share/ament_index/resource_index/rosidl_interfaces/swift_msgs
[8.710s] -- Symlinking: /home/palash/pico_ws/install/swift_msgs/include/swift_msgs/swift_msgs/msg/detail/swift_msgs__functions.h
[8.725s] -- Symlinking: /home/palash/pico_ws/install/swift_msgs/include/swift_msgs/swift_msgs/msg/detail/swift_msgs__struct.h
[8.743s] -- Symlinking: /home/palash/pico_ws/install/swift_msgs/include/swift_msgs/swift_msgs/msg/detail/swift_msgs__type_support.h
[8.762s] -- Symlinking: /home/palash/pico_ws/install/swift_msgs/include/swift_msgs/swift_msgs/msg/rosidl_generator_c__visibility_control.h
[8.779s] -- Symlinking: /home/palash/pico_ws/install/swift_msgs/include/swift_msgs/swift_msgs/msg/swift_msgs.h
[8.798s] -- Symlinking: /home/palash/pico_ws/install/swift_msgs/share/swift_msgs/environment/library_path.sh
[8.812s] -- Symlinking: /home/palash/pico_ws/install/swift_msgs/share/swift_msgs/environment/library_path.dsv
[8.831s] -- Symlinking: /home/palash/pico_ws/install/swift_msgs/include/swift_msgs/swift_msgs/msg/detail/swift_msgs__rosidl_typesupport_fastrtps_c.h
[8.850s] -- Symlinking: /home/palash/pico_ws/install/swift_msgs/include/swift_msgs/swift_msgs/msg/rosidl_typesupport_fastrtps_c__visibility_control.h
[8.870s] -- Symlinking: /home/palash/pico_ws/install/swift_msgs/include/swift_msgs/swift_msgs/msg/detail/swift_msgs__rosidl_typesupport_introspection_c.h
[8.886s] -- Symlinking: /home/palash/pico_ws/install/swift_msgs/include/swift_msgs/swift_msgs/msg/rosidl_typesupport_introspection_c__visibility_control.h
[8.904s] -- Symlinking: /home/palash/pico_ws/install/swift_msgs/include/swift_msgs/swift_msgs/msg/detail/swift_msgs__builder.hpp
[8.917s] -- Symlinking: /home/palash/pico_ws/install/swift_msgs/include/swift_msgs/swift_msgs/msg/detail/swift_msgs__struct.hpp
[8.933s] -- Symlinking: /home/palash/pico_ws/install/swift_msgs/include/swift_msgs/swift_msgs/msg/detail/swift_msgs__traits.hpp
[8.951s] -- Symlinking: /home/palash/pico_ws/install/swift_msgs/include/swift_msgs/swift_msgs/msg/detail/swift_msgs__type_support.hpp
[8.967s] -- Symlinking: /home/palash/pico_ws/install/swift_msgs/include/swift_msgs/swift_msgs/msg/rosidl_generator_cpp__visibility_control.hpp
[8.995s] -- Symlinking: /home/palash/pico_ws/install/swift_msgs/include/swift_msgs/swift_msgs/msg/swift_msgs.hpp
[9.022s] -- Symlinking: /home/palash/pico_ws/install/swift_msgs/include/swift_msgs/swift_msgs/msg/detail/swift_msgs__rosidl_typesupport_fastrtps_cpp.hpp
[9.043s] -- Symlinking: /home/palash/pico_ws/install/swift_msgs/include/swift_msgs/swift_msgs/msg/rosidl_typesupport_fastrtps_cpp__visibility_control.h
[9.062s] -- Symlinking: /home/palash/pico_ws/install/swift_msgs/include/swift_msgs/swift_msgs/msg/detail/swift_msgs__rosidl_typesupport_introspection_cpp.hpp
[9.085s] -- Symlinking: /home/palash/pico_ws/install/swift_msgs/share/swift_msgs/environment/pythonpath.sh
[9.103s] -- Symlinking: /home/palash/pico_ws/install/swift_msgs/share/swift_msgs/environment/pythonpath.dsv
[9.123s] -- Symlinking: /home/palash/pico_ws/install/swift_msgs/local/lib/python3.10/dist-packages/swift_msgs-0.0.0-py3.10.egg-info/PKG-INFO
[9.147s] -- Symlinking: /home/palash/pico_ws/install/swift_msgs/local/lib/python3.10/dist-packages/swift_msgs-0.0.0-py3.10.egg-info/SOURCES.txt
[9.175s] -- Symlinking: /home/palash/pico_ws/install/swift_msgs/local/lib/python3.10/dist-packages/swift_msgs-0.0.0-py3.10.egg-info/dependency_links.txt
[9.191s] -- Symlinking: /home/palash/pico_ws/install/swift_msgs/local/lib/python3.10/dist-packages/swift_msgs-0.0.0-py3.10.egg-info/top_level.txt
[9.208s] -- Symlinking: /home/palash/pico_ws/install/swift_msgs/local/lib/python3.10/dist-packages/swift_msgs/__init__.py
[9.224s] -- Symlinking: /home/palash/pico_ws/install/swift_msgs/local/lib/python3.10/dist-packages/swift_msgs/_swift_msgs_s.ep.rosidl_typesupport_c.c
[9.238s] -- Symlinking: /home/palash/pico_ws/install/swift_msgs/local/lib/python3.10/dist-packages/swift_msgs/_swift_msgs_s.ep.rosidl_typesupport_fastrtps_c.c
[9.254s] -- Symlinking: /home/palash/pico_ws/install/swift_msgs/local/lib/python3.10/dist-packages/swift_msgs/_swift_msgs_s.ep.rosidl_typesupport_introspection_c.c
[9.270s] -- Symlinking: /home/palash/pico_ws/install/swift_msgs/local/lib/python3.10/dist-packages/swift_msgs/libswift_msgs__rosidl_generator_py.so
[9.288s] -- Symlinking: /home/palash/pico_ws/install/swift_msgs/local/lib/python3.10/dist-packages/swift_msgs/msg/__init__.py
[9.303s] -- Symlinking: /home/palash/pico_ws/install/swift_msgs/local/lib/python3.10/dist-packages/swift_msgs/msg/_swift_msgs.py
[9.320s] -- Symlinking: /home/palash/pico_ws/install/swift_msgs/local/lib/python3.10/dist-packages/swift_msgs/msg/_swift_msgs_s.c
[9.336s] -- Symlinking: /home/palash/pico_ws/install/swift_msgs/local/lib/python3.10/dist-packages/swift_msgs/swift_msgs_s__rosidl_typesupport_c.cpython-310-x86_64-linux-gnu.so
[9.353s] -- Symlinking: /home/palash/pico_ws/install/swift_msgs/local/lib/python3.10/dist-packages/swift_msgs/swift_msgs_s__rosidl_typesupport_fastrtps_c.cpython-310-x86_64-linux-gnu.so
[9.372s] -- Symlinking: /home/palash/pico_ws/install/swift_msgs/local/lib/python3.10/dist-packages/swift_msgs/swift_msgs_s__rosidl_typesupport_introspection_c.cpython-310-x86_64-linux-gnu.so
[9.388s] -- Up-to-date symlink: /home/palash/pico_ws/install/swift_msgs/local/lib/python3.10/dist-packages/swift_msgs/swift_msgs_s__rosidl_typesupport_fastrtps_c.cpython-310-x86_64-linux-gnu.so
[9.388s] -- Up-to-date symlink: /home/palash/pico_ws/install/swift_msgs/local/lib/python3.10/dist-packages/swift_msgs/swift_msgs_s__rosidl_typesupport_introspection_c.cpython-310-x86_64-linux-gnu.so
[9.389s] -- Up-to-date symlink: /home/palash/pico_ws/install/swift_msgs/local/lib/python3.10/dist-packages/swift_msgs/swift_msgs_s__rosidl_typesupport_c.cpython-310-x86_64-linux-gnu.so
[9.389s] -- Symlinking: /home/palash/pico_ws/install/swift_msgs/share/swift_msgs/msg/SwiftMsgs.idl
[9.410s] -- Symlinking: /home/palash/pico_ws/install/swift_msgs/share/swift_msgs/msg/SwiftMsgs.msg
[9.431s] -- Symlinking: /home/palash/pico_ws/install/swift_msgs/share/ament_index/resource_index/package_run_dependencies/swift_msgs
[9.450s] -- Symlinking: /home/palash/pico_ws/install/swift_msgs/share/ament_index/resource_index/parent_prefix_path/swift_msgs
[9.464s] -- Symlinking: /home/palash/pico_ws/install/swift_msgs/share/swift_msgs/environment/ament_prefix_path.sh
[9.480s] -- Symlinking: /home/palash/pico_ws/install/swift_msgs/share/swift_msgs/environment/ament_prefix_path.dsv
[9.495s] -- Symlinking: /home/palash/pico_ws/install/swift_msgs/share/swift_msgs/environment/path.sh
[9.511s] -- Symlinking: /home/palash/pico_ws/install/swift_msgs/share/swift_msgs/environment/path.dsv
[9.527s] -- Symlinking: /home/palash/pico_ws/install/swift_msgs/share/swift_msgs/local_setup.bash
[9.545s] -- Symlinking: /home/palash/pico_ws/install/swift_msgs/share/swift_msgs/local_setup.sh
[9.561s] -- Symlinking: /home/palash/pico_ws/install/swift_msgs/share/swift_msgs/local_setup.zsh
[9.578s] -- Symlinking: /home/palash/pico_ws/install/swift_msgs/share/swift_msgs/local_setup.dsv
[9.594s] -- Symlinking: /home/palash/pico_ws/install/swift_msgs/share/swift_msgs/package.dsv
[9.611s] -- Symlinking: /home/palash/pico_ws/install/swift_msgs/share/ament_index/resource_index/packages/swift_msgs
[9.631s] -- Symlinking: /home/palash/pico_ws/install/swift_msgs/share/swift_msgs/cmake/rosidl_cmake-extras.cmake
[9.648s] -- Symlinking: /home/palash/pico_ws/install/swift_msgs/share/swift_msgs/cmake/ament_cmake_export_include_directories-extras.cmake
[9.668s] -- Symlinking: /home/palash/pico_ws/install/swift_msgs/share/swift_msgs/cmake/ament_cmake_export_libraries-extras.cmake
[9.682s] -- Symlinking: /home/palash/pico_ws/install/swift_msgs/share/swift_msgs/cmake/ament_cmake_export_targets-extras.cmake
[9.696s] -- Symlinking: /home/palash/pico_ws/install/swift_msgs/share/swift_msgs/cmake/rosidl_cmake_export_typesupport_targets-extras.cmake
[9.712s] -- Symlinking: /home/palash/pico_ws/install/swift_msgs/share/swift_msgs/cmake/ament_cmake_export_dependencies-extras.cmake
[9.729s] -- Symlinking: /home/palash/pico_ws/install/swift_msgs/share/swift_msgs/cmake/rosidl_cmake_export_typesupport_libraries-extras.cmake
[9.744s] -- Symlinking: /home/palash/pico_ws/install/swift_msgs/share/swift_msgs/cmake/swift_msgsConfig.cmake
[9.761s] -- Symlinking: /home/palash/pico_ws/install/swift_msgs/share/swift_msgs/cmake/swift_msgsConfig-version.cmake
[9.778s] -- Symlinking: /home/palash/pico_ws/install/swift_msgs/share/swift_msgs/package.xml
[9.797s] -- Installing: /home/palash/pico_ws/install/swift_msgs/lib/libswift_msgs__rosidl_generator_c.so
[9.798s] -- Set runtime path of "/home/palash/pico_ws/install/swift_msgs/lib/libswift_msgs__rosidl_generator_c.so" to ""
[9.798s] -- Installing: /home/palash/pico_ws/install/swift_msgs/lib/libswift_msgs__rosidl_typesupport_fastrtps_c.so
[9.799s] -- Set runtime path of "/home/palash/pico_ws/install/swift_msgs/lib/libswift_msgs__rosidl_typesupport_fastrtps_c.so" to ""
[9.799s] -- Installing: /home/palash/pico_ws/install/swift_msgs/lib/libswift_msgs__rosidl_typesupport_introspection_c.so
[9.800s] -- Set runtime path of "/home/palash/pico_ws/install/swift_msgs/lib/libswift_msgs__rosidl_typesupport_introspection_c.so" to ""
[9.800s] -- Installing: /home/palash/pico_ws/install/swift_msgs/lib/libswift_msgs__rosidl_typesupport_c.so
[9.800s] -- Set runtime path of "/home/palash/pico_ws/install/swift_msgs/lib/libswift_msgs__rosidl_typesupport_c.so" to ""
[9.800s] -- Installing: /home/palash/pico_ws/install/swift_msgs/lib/libswift_msgs__rosidl_typesupport_fastrtps_cpp.so
[9.801s] -- Set runtime path of "/home/palash/pico_ws/install/swift_msgs/lib/libswift_msgs__rosidl_typesupport_fastrtps_cpp.so" to ""
[9.801s] -- Installing: /home/palash/pico_ws/install/swift_msgs/lib/libswift_msgs__rosidl_typesupport_introspection_cpp.so
[9.802s] -- Set runtime path of "/home/palash/pico_ws/install/swift_msgs/lib/libswift_msgs__rosidl_typesupport_introspection_cpp.so" to ""
[9.802s] -- Installing: /home/palash/pico_ws/install/swift_msgs/lib/libswift_msgs__rosidl_typesupport_cpp.so
[9.802s] -- Set runtime path of "/home/palash/pico_ws/install/swift_msgs/lib/libswift_msgs__rosidl_typesupport_cpp.so" to ""
[9.873s] Listing '/home/palash/pico_ws/install/swift_msgs/local/lib/python3.10/dist-packages/swift_msgs'...
[9.873s] Compiling '/home/palash/pico_ws/install/swift_msgs/local/lib/python3.10/dist-packages/swift_msgs/__init__.py'...
[9.873s] Listing '/home/palash/pico_ws/install/swift_msgs/local/lib/python3.10/dist-packages/swift_msgs/msg'...
[9.873s] Compiling '/home/palash/pico_ws/install/swift_msgs/local/lib/python3.10/dist-packages/swift_msgs/msg/__init__.py'...
[9.873s] Compiling '/home/palash/pico_ws/install/swift_msgs/local/lib/python3.10/dist-packages/swift_msgs/msg/_swift_msgs.py'...
[9.884s] -- Installing: /home/palash/pico_ws/install/swift_msgs/lib/libswift_msgs__rosidl_generator_py.so
[9.884s] -- Set runtime path of "/home/palash/pico_ws/install/swift_msgs/lib/libswift_msgs__rosidl_generator_py.so" to ""
[9.887s] -- Installing: /home/palash/pico_ws/install/swift_msgs/share/swift_msgs/cmake/export_swift_msgs__rosidl_generator_cExport.cmake
[9.887s] -- Installing: /home/palash/pico_ws/install/swift_msgs/share/swift_msgs/cmake/export_swift_msgs__rosidl_generator_cExport-noconfig.cmake
[9.887s] -- Installing: /home/palash/pico_ws/install/swift_msgs/share/swift_msgs/cmake/export_swift_msgs__rosidl_typesupport_fastrtps_cExport.cmake
[9.887s] -- Installing: /home/palash/pico_ws/install/swift_msgs/share/swift_msgs/cmake/export_swift_msgs__rosidl_typesupport_fastrtps_cExport-noconfig.cmake
[9.887s] -- Installing: /home/palash/pico_ws/install/swift_msgs/share/swift_msgs/cmake/swift_msgs__rosidl_typesupport_introspection_cExport.cmake
[9.887s] -- Installing: /home/palash/pico_ws/install/swift_msgs/share/swift_msgs/cmake/swift_msgs__rosidl_typesupport_introspection_cExport-noconfig.cmake
[9.887s] -- Installing: /home/palash/pico_ws/install/swift_msgs/share/swift_msgs/cmake/swift_msgs__rosidl_typesupport_cExport.cmake
[9.888s] -- Installing: /home/palash/pico_ws/install/swift_msgs/share/swift_msgs/cmake/swift_msgs__rosidl_typesupport_cExport-noconfig.cmake
[9.888s] -- Installing: /home/palash/pico_ws/install/swift_msgs/share/swift_msgs/cmake/export_swift_msgs__rosidl_generator_cppExport.cmake
[9.888s] -- Installing: /home/palash/pico_ws/install/swift_msgs/share/swift_msgs/cmake/export_swift_msgs__rosidl_typesupport_fastrtps_cppExport.cmake
[9.889s] -- Installing: /home/palash/pico_ws/install/swift_msgs/share/swift_msgs/cmake/export_swift_msgs__rosidl_typesupport_fastrtps_cppExport-noconfig.cmake
[9.889s] -- Installing: /home/palash/pico_ws/install/swift_msgs/share/swift_msgs/cmake/swift_msgs__rosidl_typesupport_introspection_cppExport.cmake
[9.889s] -- Installing: /home/palash/pico_ws/install/swift_msgs/share/swift_msgs/cmake/swift_msgs__rosidl_typesupport_introspection_cppExport-noconfig.cmake
[9.890s] -- Installing: /home/palash/pico_ws/install/swift_msgs/share/swift_msgs/cmake/swift_msgs__rosidl_typesupport_cppExport.cmake
[9.890s] -- Installing: /home/palash/pico_ws/install/swift_msgs/share/swift_msgs/cmake/swift_msgs__rosidl_typesupport_cppExport-noconfig.cmake
[9.890s] -- Installing: /home/palash/pico_ws/install/swift_msgs/share/swift_msgs/cmake/export_swift_msgs__rosidl_generator_pyExport.cmake
[9.891s] -- Installing: /home/palash/pico_ws/install/swift_msgs/share/swift_msgs/cmake/export_swift_msgs__rosidl_generator_pyExport-noconfig.cmake
[9.897s] Invoked command in '/home/palash/pico_ws/build/swift_msgs' returned '0': CMAKE_PREFIX_PATH=${CMAKE_PREFIX_PATH}:/home/palash/Downloads/turtlesim_ws/install/kd_task_1b:/opt/ros/humble /usr/bin/cmake --install /home/palash/pico_ws/build/swift_msgs
