-- The C compiler identification is GNU 11.4.0
-- The CXX compiler identification is GNU 11.4.0
-- Detecting C compiler ABI info
-- Detecting C compiler ABI info - done
-- Check for working C compiler: /usr/bin/cc - skipped
-- Detecting C compile features
-- Detecting C compile features - done
-- Detecting CXX compiler ABI info
-- Detecting CXX compiler ABI info - done
-- Check for working CXX compiler: /usr/bin/c++ - skipped
-- Detecting CXX compile features
-- Detecting CXX compile features - done
-- Found ament_cmake: 1.3.12 (/opt/ros/humble/share/ament_cmake/cmake)
-- Found Python3: /usr/bin/python3 (found version "3.10.12") found components: Interpreter 
-- Override CMake install command with custom implementation using symlinks instead of copying resources
-- Found rclpy: 3.3.17 (/opt/ros/humble/share/rclpy/cmake)
-- Found controller_msg: 0.0.0 (/home/palash/pico_ws/install/controller_msg/share/controller_msg/cmake)
-- Found rosidl_generator_c: 3.1.7 (/opt/ros/humble/share/rosidl_generator_c/cmake)
-- Found rosidl_adapter: 3.1.7 (/opt/ros/humble/share/rosidl_adapter/cmake)
-- Found rosidl_generator_cpp: 3.1.7 (/opt/ros/humble/share/rosidl_generator_cpp/cmake)
-- Using all available rosidl_typesupport_c: rosidl_typesupport_fastrtps_c;rosidl_typesupport_introspection_c
-- Using all available rosidl_typesupport_cpp: rosidl_typesupport_fastrtps_cpp;rosidl_typesupport_introspection_cpp
-- Found ament_lint_auto: 0.12.14 (/opt/ros/humble/share/ament_lint_auto/cmake)
-- Added test 'copyright' to check source files copyright and LICENSE
-- Added test 'flake8' to check Python code syntax and style conventions
-- Added test 'lint_cmake' to check CMake code style
-- Added test 'pep257' to check Python code against some of the docstring style conventions in PEP 257
-- Added test 'xmllint' to check XML markup files
-- Configuring done
-- Generating done
-- Build files have been written to: /home/palash/pico_ws/build/pid_tune
-- Install configuration: ""
-- Execute custom install script
-- Symlinking: /home/palash/pico_ws/install/pid_tune/lib/pid_tune/pid_tune_differential.py
-- Symlinking: /home/palash/pico_ws/install/pid_tune/lib/pid_tune/pid_tune_drone_button_ui.py
-- Symlinking: /home/palash/pico_ws/install/pid_tune/lib/pid_tune/pid_tune_drone_slider_ui.py
-- Symlinking: /home/palash/pico_ws/install/pid_tune/share/pid_tune//resources/drone.webp
-- Symlinking: /home/palash/pico_ws/install/pid_tune/share/pid_tune//resources/e.png
-- Symlinking: /home/palash/pico_ws/install/pid_tune/share/pid_tune//resources/success.webp
-- Symlinking: /home/palash/pico_ws/install/pid_tune/share/pid_tune//launch/pid_tune_diff.launch.py
-- Symlinking: /home/palash/pico_ws/install/pid_tune/share/pid_tune//launch/pid_tune_drone.launch.py
-- Symlinking: /home/palash/pico_ws/install/pid_tune/share/ament_index/resource_index/package_run_dependencies/pid_tune
-- Symlinking: /home/palash/pico_ws/install/pid_tune/share/ament_index/resource_index/parent_prefix_path/pid_tune
-- Symlinking: /home/palash/pico_ws/install/pid_tune/share/pid_tune/environment/ament_prefix_path.sh
-- Symlinking: /home/palash/pico_ws/install/pid_tune/share/pid_tune/environment/ament_prefix_path.dsv
-- Symlinking: /home/palash/pico_ws/install/pid_tune/share/pid_tune/environment/path.sh
-- Symlinking: /home/palash/pico_ws/install/pid_tune/share/pid_tune/environment/path.dsv
-- Symlinking: /home/palash/pico_ws/install/pid_tune/share/pid_tune/local_setup.bash
-- Symlinking: /home/palash/pico_ws/install/pid_tune/share/pid_tune/local_setup.sh
-- Symlinking: /home/palash/pico_ws/install/pid_tune/share/pid_tune/local_setup.zsh
-- Symlinking: /home/palash/pico_ws/install/pid_tune/share/pid_tune/local_setup.dsv
-- Symlinking: /home/palash/pico_ws/install/pid_tune/share/pid_tune/package.dsv
-- Symlinking: /home/palash/pico_ws/install/pid_tune/share/ament_index/resource_index/packages/pid_tune
-- Symlinking: /home/palash/pico_ws/install/pid_tune/share/pid_tune/cmake/pid_tuneConfig.cmake
-- Symlinking: /home/palash/pico_ws/install/pid_tune/share/pid_tune/cmake/pid_tuneConfig-version.cmake
-- Symlinking: /home/palash/pico_ws/install/pid_tune/share/pid_tune/package.xml
