[0.023s] Invoking command in '/home/palash/pico_ws/build/pid_tune': CMAKE_PREFIX_PATH=/home/palash/pico_ws/install/controller_msg:/home/palash/pico_ws/install/whycon:/home/palash/pico_ws/install/swift_pico:/home/palash/pico_ws/install/swift_pico_description:/home/palash/pico_ws/install/rotors_swift_interface:/home/palash/pico_ws/install/swift_msgs:/home/palash/pico_ws/install/rotors_swift_gazebo:/home/palash/pico_ws/install/rotors_swift_description:/home/palash/pico_ws/install/rotors_control:/home/palash/pico_ws/install/pid_tune:/home/palash/pico_ws/install/mav_comm:/home/palash/pico_ws/install/mav_system_msgs:/home/palash/pico_ws/install/mav_state_machine_msgs:/home/palash/pico_ws/install/mav_planning_msgs:/home/palash/pico_ws/install/mav_msgs:/home/palash/pico_ws/install/error_msg:/home/palash/Downloads/turtlesim_ws/install/turtlesim:/home/palash/Downloads/turtlesim_ws/install/kd_task_1b:/opt/ros/humble LD_LIBRARY_PATH=/home/palash/pico_ws/install/controller_msg/lib:/home/palash/pico_ws/install/whycon/lib:/home/palash/pico_ws/install/swift_msgs/lib:/home/palash/pico_ws/install/rotors_control/lib:/home/palash/pico_ws/install/mav_system_msgs/lib:/home/palash/pico_ws/install/mav_state_machine_msgs/lib:/home/palash/pico_ws/install/mav_planning_msgs/lib:/home/palash/pico_ws/install/mav_msgs/lib:/home/palash/pico_ws/install/error_msg/lib:/home/palash/Downloads/turtlesim_ws/install/turtlesim/lib:/usr/lib/x86_64-linux-gnu/gazebo-11/plugins:/opt/ros/humble/opt/rviz_ogre_vendor/lib:/opt/ros/humble/lib/x86_64-linux-gnu:/opt/ros/humble/lib /usr/bin/cmake /home/palash/pico_ws/src/controller_tuner/pid_tune -DAMENT_CMAKE_SYMLINK_INSTALL=1 -DCMAKE_INSTALL_PREFIX=/home/palash/pico_ws/install/pid_tune
[0.138s] -- The C compiler identification is GNU 11.4.0
[0.276s] -- The CXX compiler identification is GNU 11.4.0
[0.310s] -- Detecting C compiler ABI info
[0.652s] -- Detecting C compiler ABI info - done
[0.684s] -- Check for working C compiler: /usr/bin/cc - skipped
[0.687s] -- Detecting C compile features
[0.688s] -- Detecting C compile features - done
[0.700s] -- Detecting CXX compiler ABI info
[1.023s] -- Detecting CXX compiler ABI info - done
[1.054s] -- Check for working CXX compiler: /usr/bin/c++ - skipped
[1.054s] -- Detecting CXX compile features
[1.055s] -- Detecting CXX compile features - done
[1.060s] -- Found ament_cmake: 1.3.12 (/opt/ros/humble/share/ament_cmake/cmake)
[1.820s] -- Found Python3: /usr/bin/python3 (found version "3.10.12") found components: Interpreter 
[2.209s] -- Override CMake install command with custom implementation using symlinks instead of copying resources
[2.300s] -- Found rclpy: 3.3.17 (/opt/ros/humble/share/rclpy/cmake)
[2.300s] -- Found controller_msg: 0.0.0 (/home/palash/pico_ws/install/controller_msg/share/controller_msg/cmake)
[2.410s] -- Found rosidl_generator_c: 3.1.7 (/opt/ros/humble/share/rosidl_generator_c/cmake)
[2.423s] -- Found rosidl_adapter: 3.1.7 (/opt/ros/humble/share/rosidl_adapter/cmake)
[2.447s] -- Found rosidl_generator_cpp: 3.1.7 (/opt/ros/humble/share/rosidl_generator_cpp/cmake)
[2.475s] -- Using all available rosidl_typesupport_c: rosidl_typesupport_fastrtps_c;rosidl_typesupport_introspection_c
[2.515s] -- Using all available rosidl_typesupport_cpp: rosidl_typesupport_fastrtps_cpp;rosidl_typesupport_introspection_cpp
[2.611s] -- Found ament_lint_auto: 0.12.14 (/opt/ros/humble/share/ament_lint_auto/cmake)
[2.813s] -- Added test 'copyright' to check source files copyright and LICENSE
[2.818s] -- Added test 'flake8' to check Python code syntax and style conventions
[2.820s] -- Added test 'lint_cmake' to check CMake code style
[2.821s] -- Added test 'pep257' to check Python code against some of the docstring style conventions in PEP 257
[2.824s] -- Added test 'xmllint' to check XML markup files
[2.828s] -- Configuring done
[2.835s] -- Generating done
[2.838s] -- Build files have been written to: /home/palash/pico_ws/build/pid_tune
[2.852s] Invoked command in '/home/palash/pico_ws/build/pid_tune' returned '0': CMAKE_PREFIX_PATH=/home/palash/pico_ws/install/controller_msg:/home/palash/pico_ws/install/whycon:/home/palash/pico_ws/install/swift_pico:/home/palash/pico_ws/install/swift_pico_description:/home/palash/pico_ws/install/rotors_swift_interface:/home/palash/pico_ws/install/swift_msgs:/home/palash/pico_ws/install/rotors_swift_gazebo:/home/palash/pico_ws/install/rotors_swift_description:/home/palash/pico_ws/install/rotors_control:/home/palash/pico_ws/install/pid_tune:/home/palash/pico_ws/install/mav_comm:/home/palash/pico_ws/install/mav_system_msgs:/home/palash/pico_ws/install/mav_state_machine_msgs:/home/palash/pico_ws/install/mav_planning_msgs:/home/palash/pico_ws/install/mav_msgs:/home/palash/pico_ws/install/error_msg:/home/palash/Downloads/turtlesim_ws/install/turtlesim:/home/palash/Downloads/turtlesim_ws/install/kd_task_1b:/opt/ros/humble LD_LIBRARY_PATH=/home/palash/pico_ws/install/controller_msg/lib:/home/palash/pico_ws/install/whycon/lib:/home/palash/pico_ws/install/swift_msgs/lib:/home/palash/pico_ws/install/rotors_control/lib:/home/palash/pico_ws/install/mav_system_msgs/lib:/home/palash/pico_ws/install/mav_state_machine_msgs/lib:/home/palash/pico_ws/install/mav_planning_msgs/lib:/home/palash/pico_ws/install/mav_msgs/lib:/home/palash/pico_ws/install/error_msg/lib:/home/palash/Downloads/turtlesim_ws/install/turtlesim/lib:/usr/lib/x86_64-linux-gnu/gazebo-11/plugins:/opt/ros/humble/opt/rviz_ogre_vendor/lib:/opt/ros/humble/lib/x86_64-linux-gnu:/opt/ros/humble/lib /usr/bin/cmake /home/palash/pico_ws/src/controller_tuner/pid_tune -DAMENT_CMAKE_SYMLINK_INSTALL=1 -DCMAKE_INSTALL_PREFIX=/home/palash/pico_ws/install/pid_tune
[2.855s] Invoking command in '/home/palash/pico_ws/build/pid_tune': CMAKE_PREFIX_PATH=/home/palash/pico_ws/install/controller_msg:/home/palash/pico_ws/install/whycon:/home/palash/pico_ws/install/swift_pico:/home/palash/pico_ws/install/swift_pico_description:/home/palash/pico_ws/install/rotors_swift_interface:/home/palash/pico_ws/install/swift_msgs:/home/palash/pico_ws/install/rotors_swift_gazebo:/home/palash/pico_ws/install/rotors_swift_description:/home/palash/pico_ws/install/rotors_control:/home/palash/pico_ws/install/pid_tune:/home/palash/pico_ws/install/mav_comm:/home/palash/pico_ws/install/mav_system_msgs:/home/palash/pico_ws/install/mav_state_machine_msgs:/home/palash/pico_ws/install/mav_planning_msgs:/home/palash/pico_ws/install/mav_msgs:/home/palash/pico_ws/install/error_msg:/home/palash/Downloads/turtlesim_ws/install/turtlesim:/home/palash/Downloads/turtlesim_ws/install/kd_task_1b:/opt/ros/humble LD_LIBRARY_PATH=/home/palash/pico_ws/install/controller_msg/lib:/home/palash/pico_ws/install/whycon/lib:/home/palash/pico_ws/install/swift_msgs/lib:/home/palash/pico_ws/install/rotors_control/lib:/home/palash/pico_ws/install/mav_system_msgs/lib:/home/palash/pico_ws/install/mav_state_machine_msgs/lib:/home/palash/pico_ws/install/mav_planning_msgs/lib:/home/palash/pico_ws/install/mav_msgs/lib:/home/palash/pico_ws/install/error_msg/lib:/home/palash/Downloads/turtlesim_ws/install/turtlesim/lib:/usr/lib/x86_64-linux-gnu/gazebo-11/plugins:/opt/ros/humble/opt/rviz_ogre_vendor/lib:/opt/ros/humble/lib/x86_64-linux-gnu:/opt/ros/humble/lib /usr/bin/cmake --build /home/palash/pico_ws/build/pid_tune -- -j16 -l16
[2.919s] Invoked command in '/home/palash/pico_ws/build/pid_tune' returned '0': CMAKE_PREFIX_PATH=/home/palash/pico_ws/install/controller_msg:/home/palash/pico_ws/install/whycon:/home/palash/pico_ws/install/swift_pico:/home/palash/pico_ws/install/swift_pico_description:/home/palash/pico_ws/install/rotors_swift_interface:/home/palash/pico_ws/install/swift_msgs:/home/palash/pico_ws/install/rotors_swift_gazebo:/home/palash/pico_ws/install/rotors_swift_description:/home/palash/pico_ws/install/rotors_control:/home/palash/pico_ws/install/pid_tune:/home/palash/pico_ws/install/mav_comm:/home/palash/pico_ws/install/mav_system_msgs:/home/palash/pico_ws/install/mav_state_machine_msgs:/home/palash/pico_ws/install/mav_planning_msgs:/home/palash/pico_ws/install/mav_msgs:/home/palash/pico_ws/install/error_msg:/home/palash/Downloads/turtlesim_ws/install/turtlesim:/home/palash/Downloads/turtlesim_ws/install/kd_task_1b:/opt/ros/humble LD_LIBRARY_PATH=/home/palash/pico_ws/install/controller_msg/lib:/home/palash/pico_ws/install/whycon/lib:/home/palash/pico_ws/install/swift_msgs/lib:/home/palash/pico_ws/install/rotors_control/lib:/home/palash/pico_ws/install/mav_system_msgs/lib:/home/palash/pico_ws/install/mav_state_machine_msgs/lib:/home/palash/pico_ws/install/mav_planning_msgs/lib:/home/palash/pico_ws/install/mav_msgs/lib:/home/palash/pico_ws/install/error_msg/lib:/home/palash/Downloads/turtlesim_ws/install/turtlesim/lib:/usr/lib/x86_64-linux-gnu/gazebo-11/plugins:/opt/ros/humble/opt/rviz_ogre_vendor/lib:/opt/ros/humble/lib/x86_64-linux-gnu:/opt/ros/humble/lib /usr/bin/cmake --build /home/palash/pico_ws/build/pid_tune -- -j16 -l16
[2.922s] Invoking command in '/home/palash/pico_ws/build/pid_tune': CMAKE_PREFIX_PATH=/home/palash/pico_ws/install/controller_msg:/home/palash/pico_ws/install/whycon:/home/palash/pico_ws/install/swift_pico:/home/palash/pico_ws/install/swift_pico_description:/home/palash/pico_ws/install/rotors_swift_interface:/home/palash/pico_ws/install/swift_msgs:/home/palash/pico_ws/install/rotors_swift_gazebo:/home/palash/pico_ws/install/rotors_swift_description:/home/palash/pico_ws/install/rotors_control:/home/palash/pico_ws/install/pid_tune:/home/palash/pico_ws/install/mav_comm:/home/palash/pico_ws/install/mav_system_msgs:/home/palash/pico_ws/install/mav_state_machine_msgs:/home/palash/pico_ws/install/mav_planning_msgs:/home/palash/pico_ws/install/mav_msgs:/home/palash/pico_ws/install/error_msg:/home/palash/Downloads/turtlesim_ws/install/turtlesim:/home/palash/Downloads/turtlesim_ws/install/kd_task_1b:/opt/ros/humble LD_LIBRARY_PATH=/home/palash/pico_ws/install/controller_msg/lib:/home/palash/pico_ws/install/whycon/lib:/home/palash/pico_ws/install/swift_msgs/lib:/home/palash/pico_ws/install/rotors_control/lib:/home/palash/pico_ws/install/mav_system_msgs/lib:/home/palash/pico_ws/install/mav_state_machine_msgs/lib:/home/palash/pico_ws/install/mav_planning_msgs/lib:/home/palash/pico_ws/install/mav_msgs/lib:/home/palash/pico_ws/install/error_msg/lib:/home/palash/Downloads/turtlesim_ws/install/turtlesim/lib:/usr/lib/x86_64-linux-gnu/gazebo-11/plugins:/opt/ros/humble/opt/rviz_ogre_vendor/lib:/opt/ros/humble/lib/x86_64-linux-gnu:/opt/ros/humble/lib /usr/bin/cmake --install /home/palash/pico_ws/build/pid_tune
[2.934s] -- Install configuration: ""
[2.934s] -- Execute custom install script
[2.935s] -- Symlinking: /home/palash/pico_ws/install/pid_tune/lib/pid_tune/pid_tune_differential.py
[2.952s] -- Symlinking: /home/palash/pico_ws/install/pid_tune/lib/pid_tune/pid_tune_drone_button_ui.py
[2.966s] -- Symlinking: /home/palash/pico_ws/install/pid_tune/lib/pid_tune/pid_tune_drone_slider_ui.py
[2.981s] -- Symlinking: /home/palash/pico_ws/install/pid_tune/share/pid_tune//resources/drone.webp
[2.995s] -- Symlinking: /home/palash/pico_ws/install/pid_tune/share/pid_tune//resources/e.png
[3.010s] -- Symlinking: /home/palash/pico_ws/install/pid_tune/share/pid_tune//resources/success.webp
[3.025s] -- Symlinking: /home/palash/pico_ws/install/pid_tune/share/pid_tune//launch/pid_tune_diff.launch.py
[3.042s] -- Symlinking: /home/palash/pico_ws/install/pid_tune/share/pid_tune//launch/pid_tune_drone.launch.py
[3.059s] -- Symlinking: /home/palash/pico_ws/install/pid_tune/share/ament_index/resource_index/package_run_dependencies/pid_tune
[3.073s] -- Symlinking: /home/palash/pico_ws/install/pid_tune/share/ament_index/resource_index/parent_prefix_path/pid_tune
[3.088s] -- Symlinking: /home/palash/pico_ws/install/pid_tune/share/pid_tune/environment/ament_prefix_path.sh
[3.102s] -- Symlinking: /home/palash/pico_ws/install/pid_tune/share/pid_tune/environment/ament_prefix_path.dsv
[3.118s] -- Symlinking: /home/palash/pico_ws/install/pid_tune/share/pid_tune/environment/path.sh
[3.130s] -- Symlinking: /home/palash/pico_ws/install/pid_tune/share/pid_tune/environment/path.dsv
[3.142s] -- Symlinking: /home/palash/pico_ws/install/pid_tune/share/pid_tune/local_setup.bash
[3.155s] -- Symlinking: /home/palash/pico_ws/install/pid_tune/share/pid_tune/local_setup.sh
[3.169s] -- Symlinking: /home/palash/pico_ws/install/pid_tune/share/pid_tune/local_setup.zsh
[3.185s] -- Symlinking: /home/palash/pico_ws/install/pid_tune/share/pid_tune/local_setup.dsv
[3.196s] -- Symlinking: /home/palash/pico_ws/install/pid_tune/share/pid_tune/package.dsv
[3.209s] -- Symlinking: /home/palash/pico_ws/install/pid_tune/share/ament_index/resource_index/packages/pid_tune
[3.224s] -- Symlinking: /home/palash/pico_ws/install/pid_tune/share/pid_tune/cmake/pid_tuneConfig.cmake
[3.237s] -- Symlinking: /home/palash/pico_ws/install/pid_tune/share/pid_tune/cmake/pid_tuneConfig-version.cmake
[3.252s] -- Symlinking: /home/palash/pico_ws/install/pid_tune/share/pid_tune/package.xml
[3.269s] Invoked command in '/home/palash/pico_ws/build/pid_tune' returned '0': CMAKE_PREFIX_PATH=/home/palash/pico_ws/install/controller_msg:/home/palash/pico_ws/install/whycon:/home/palash/pico_ws/install/swift_pico:/home/palash/pico_ws/install/swift_pico_description:/home/palash/pico_ws/install/rotors_swift_interface:/home/palash/pico_ws/install/swift_msgs:/home/palash/pico_ws/install/rotors_swift_gazebo:/home/palash/pico_ws/install/rotors_swift_description:/home/palash/pico_ws/install/rotors_control:/home/palash/pico_ws/install/pid_tune:/home/palash/pico_ws/install/mav_comm:/home/palash/pico_ws/install/mav_system_msgs:/home/palash/pico_ws/install/mav_state_machine_msgs:/home/palash/pico_ws/install/mav_planning_msgs:/home/palash/pico_ws/install/mav_msgs:/home/palash/pico_ws/install/error_msg:/home/palash/Downloads/turtlesim_ws/install/turtlesim:/home/palash/Downloads/turtlesim_ws/install/kd_task_1b:/opt/ros/humble LD_LIBRARY_PATH=/home/palash/pico_ws/install/controller_msg/lib:/home/palash/pico_ws/install/whycon/lib:/home/palash/pico_ws/install/swift_msgs/lib:/home/palash/pico_ws/install/rotors_control/lib:/home/palash/pico_ws/install/mav_system_msgs/lib:/home/palash/pico_ws/install/mav_state_machine_msgs/lib:/home/palash/pico_ws/install/mav_planning_msgs/lib:/home/palash/pico_ws/install/mav_msgs/lib:/home/palash/pico_ws/install/error_msg/lib:/home/palash/Downloads/turtlesim_ws/install/turtlesim/lib:/usr/lib/x86_64-linux-gnu/gazebo-11/plugins:/opt/ros/humble/opt/rviz_ogre_vendor/lib:/opt/ros/humble/lib/x86_64-linux-gnu:/opt/ros/humble/lib /usr/bin/cmake --install /home/palash/pico_ws/build/pid_tune
