-- Found ament_cmake: 1.3.12 (/opt/ros/humble/share/ament_cmake/cmake)
-- Override CMake install command with custom implementation using symlinks instead of copying resources
-- Found mav_msgs: 3.3.3 (/home/palash/pico_ws/install/mav_msgs/share/mav_msgs/cmake)
-- Found rosidl_generator_c: 3.1.7 (/opt/ros/humble/share/rosidl_generator_c/cmake)
-- Found rosidl_adapter: 3.1.7 (/opt/ros/humble/share/rosidl_adapter/cmake)
-- Found rosidl_generator_cpp: 3.1.7 (/opt/ros/humble/share/rosidl_generator_cpp/cmake)
-- Using all available rosidl_typesupport_c: rosidl_typesupport_fastrtps_c;rosidl_typesupport_introspection_c
-- Using all available rosidl_typesupport_cpp: rosidl_typesupport_fastrtps_cpp;rosidl_typesupport_introspection_cpp
-- Found mav_planning_msgs: 3.3.3 (/home/palash/pico_ws/install/mav_planning_msgs/share/mav_planning_msgs/cmake)
-- Found mav_state_machine_msgs: 0.0.0 (/home/palash/pico_ws/install/mav_state_machine_msgs/share/mav_state_machine_msgs/cmake)
-- Found mav_system_msgs: 0.0.0 (/home/palash/pico_ws/install/mav_system_msgs/share/mav_system_msgs/cmake)
-- Configuring done
-- Generating done
-- Build files have been written to: /home/palash/pico_ws/build/mav_comm
-- Install configuration: ""
-- Execute custom install script
-- Up-to-date symlink: /home/palash/pico_ws/install/mav_comm/share/ament_index/resource_index/package_run_dependencies/mav_comm
-- Up-to-date symlink: /home/palash/pico_ws/install/mav_comm/share/ament_index/resource_index/parent_prefix_path/mav_comm
-- Up-to-date symlink: /home/palash/pico_ws/install/mav_comm/share/mav_comm/environment/ament_prefix_path.sh
-- Up-to-date symlink: /home/palash/pico_ws/install/mav_comm/share/mav_comm/environment/ament_prefix_path.dsv
-- Up-to-date symlink: /home/palash/pico_ws/install/mav_comm/share/mav_comm/environment/path.sh
-- Up-to-date symlink: /home/palash/pico_ws/install/mav_comm/share/mav_comm/environment/path.dsv
-- Up-to-date symlink: /home/palash/pico_ws/install/mav_comm/share/mav_comm/local_setup.bash
-- Up-to-date symlink: /home/palash/pico_ws/install/mav_comm/share/mav_comm/local_setup.sh
-- Up-to-date symlink: /home/palash/pico_ws/install/mav_comm/share/mav_comm/local_setup.zsh
-- Up-to-date symlink: /home/palash/pico_ws/install/mav_comm/share/mav_comm/local_setup.dsv
-- Symlinking: /home/palash/pico_ws/install/mav_comm/share/mav_comm/package.dsv
-- Up-to-date symlink: /home/palash/pico_ws/install/mav_comm/share/ament_index/resource_index/packages/mav_comm
-- Up-to-date symlink: /home/palash/pico_ws/install/mav_comm/share/mav_comm/cmake/mav_commConfig.cmake
-- Up-to-date symlink: /home/palash/pico_ws/install/mav_comm/share/mav_comm/cmake/mav_commConfig-version.cmake
-- Up-to-date symlink: /home/palash/pico_ws/install/mav_comm/share/mav_comm/package.xml
