[0.017s] Invoking command in '/home/palash/pico_ws/build/mav_planning_msgs': CMAKE_PREFIX_PATH=/home/palash/pico_ws/install/mav_msgs:/home/palash/pico_ws/install/whycon:/home/palash/pico_ws/install/swift_pico:/home/palash/pico_ws/install/swift_pico_description:/home/palash/pico_ws/install/rotors_swift_interface:/home/palash/pico_ws/install/swift_msgs:/home/palash/pico_ws/install/rotors_swift_gazebo:/home/palash/pico_ws/install/rotors_swift_description:/home/palash/pico_ws/install/rotors_control:/home/palash/pico_ws/install/pid_tune:/home/palash/pico_ws/install/mav_comm:/home/palash/pico_ws/install/mav_system_msgs:/home/palash/pico_ws/install/mav_state_machine_msgs:/home/palash/pico_ws/install/mav_planning_msgs:/home/palash/pico_ws/install/error_msg:/home/palash/pico_ws/install/controller_msg:/home/palash/Downloads/turtlesim_ws/install/turtlesim:/home/palash/Downloads/turtlesim_ws/install/kd_task_1b:/opt/ros/humble LD_LIBRARY_PATH=/home/palash/pico_ws/install/mav_msgs/lib:/home/palash/pico_ws/install/whycon/lib:/home/palash/pico_ws/install/swift_msgs/lib:/home/palash/pico_ws/install/rotors_control/lib:/home/palash/pico_ws/install/mav_system_msgs/lib:/home/palash/pico_ws/install/mav_state_machine_msgs/lib:/home/palash/pico_ws/install/mav_planning_msgs/lib:/home/palash/pico_ws/install/error_msg/lib:/home/palash/pico_ws/install/controller_msg/lib:/home/palash/Downloads/turtlesim_ws/install/turtlesim/lib:/usr/lib/x86_64-linux-gnu/gazebo-11/plugins:/opt/ros/humble/opt/rviz_ogre_vendor/lib:/opt/ros/humble/lib/x86_64-linux-gnu:/opt/ros/humble/lib /usr/bin/cmake /home/palash/pico_ws/src/mav_comm/mav_planning_msgs -DCMAKE_INSTALL_PREFIX=/home/palash/pico_ws/install/mav_planning_msgs
[0.028s] -- Found ament_cmake: 1.3.12 (/opt/ros/humble/share/ament_cmake/cmake)
[0.151s] -- Override CMake install command with custom implementation using symlinks instead of copying resources
[0.157s] -- Found rosidl_default_generators: 1.2.0 (/opt/ros/humble/share/rosidl_default_generators/cmake)
[0.159s] -- Using all available rosidl_typesupport_c: rosidl_typesupport_fastrtps_c;rosidl_typesupport_introspection_c
[0.161s] -- Found rosidl_adapter: 3.1.7 (/opt/ros/humble/share/rosidl_adapter/cmake)
[0.187s] -- Using all available rosidl_typesupport_cpp: rosidl_typesupport_fastrtps_cpp;rosidl_typesupport_introspection_cpp
[0.205s] -- Found builtin_interfaces: 1.2.2 (/opt/ros/humble/share/builtin_interfaces/cmake)
[0.215s] -- Found geometry_msgs: 4.9.0 (/opt/ros/humble/share/geometry_msgs/cmake)
[0.233s] -- Found mav_msgs: 3.3.3 (/home/palash/pico_ws/install/mav_msgs/share/mav_msgs/cmake)
[0.273s] -- Found sensor_msgs: 4.9.0 (/opt/ros/humble/share/sensor_msgs/cmake)
[0.622s] -- Found ament_cmake_ros: 0.10.0 (/opt/ros/humble/share/ament_cmake_ros/cmake)
[0.880s] -- Using all available rosidl_typesupport_c: rosidl_typesupport_fastrtps_c;rosidl_typesupport_introspection_c
[1.213s] -- Using all available rosidl_typesupport_cpp: rosidl_typesupport_fastrtps_cpp;rosidl_typesupport_introspection_cpp
[1.231s] -- Found python_cmake_module: 0.10.0 (/opt/ros/humble/share/python_cmake_module/cmake)
[1.252s] -- Using PYTHON_EXECUTABLE: /usr/bin/python3
[1.252s] -- Using PYTHON_INCLUDE_DIRS: /usr/include/python3.10
[1.252s] -- Using PYTHON_LIBRARIES: /usr/lib/x86_64-linux-gnu/libpython3.10.so
[1.315s] -- Configuring done
[1.361s] -- Generating done
[1.374s] -- Build files have been written to: /home/palash/pico_ws/build/mav_planning_msgs
[1.382s] Invoked command in '/home/palash/pico_ws/build/mav_planning_msgs' returned '0': CMAKE_PREFIX_PATH=/home/palash/pico_ws/install/mav_msgs:/home/palash/pico_ws/install/whycon:/home/palash/pico_ws/install/swift_pico:/home/palash/pico_ws/install/swift_pico_description:/home/palash/pico_ws/install/rotors_swift_interface:/home/palash/pico_ws/install/swift_msgs:/home/palash/pico_ws/install/rotors_swift_gazebo:/home/palash/pico_ws/install/rotors_swift_description:/home/palash/pico_ws/install/rotors_control:/home/palash/pico_ws/install/pid_tune:/home/palash/pico_ws/install/mav_comm:/home/palash/pico_ws/install/mav_system_msgs:/home/palash/pico_ws/install/mav_state_machine_msgs:/home/palash/pico_ws/install/mav_planning_msgs:/home/palash/pico_ws/install/error_msg:/home/palash/pico_ws/install/controller_msg:/home/palash/Downloads/turtlesim_ws/install/turtlesim:/home/palash/Downloads/turtlesim_ws/install/kd_task_1b:/opt/ros/humble LD_LIBRARY_PATH=/home/palash/pico_ws/install/mav_msgs/lib:/home/palash/pico_ws/install/whycon/lib:/home/palash/pico_ws/install/swift_msgs/lib:/home/palash/pico_ws/install/rotors_control/lib:/home/palash/pico_ws/install/mav_system_msgs/lib:/home/palash/pico_ws/install/mav_state_machine_msgs/lib:/home/palash/pico_ws/install/mav_planning_msgs/lib:/home/palash/pico_ws/install/error_msg/lib:/home/palash/pico_ws/install/controller_msg/lib:/home/palash/Downloads/turtlesim_ws/install/turtlesim/lib:/usr/lib/x86_64-linux-gnu/gazebo-11/plugins:/opt/ros/humble/opt/rviz_ogre_vendor/lib:/opt/ros/humble/lib/x86_64-linux-gnu:/opt/ros/humble/lib /usr/bin/cmake /home/palash/pico_ws/src/mav_comm/mav_planning_msgs -DCMAKE_INSTALL_PREFIX=/home/palash/pico_ws/install/mav_planning_msgs
[1.384s] Invoking command in '/home/palash/pico_ws/build/mav_planning_msgs': CMAKE_PREFIX_PATH=/home/palash/pico_ws/install/mav_msgs:/home/palash/pico_ws/install/whycon:/home/palash/pico_ws/install/swift_pico:/home/palash/pico_ws/install/swift_pico_description:/home/palash/pico_ws/install/rotors_swift_interface:/home/palash/pico_ws/install/swift_msgs:/home/palash/pico_ws/install/rotors_swift_gazebo:/home/palash/pico_ws/install/rotors_swift_description:/home/palash/pico_ws/install/rotors_control:/home/palash/pico_ws/install/pid_tune:/home/palash/pico_ws/install/mav_comm:/home/palash/pico_ws/install/mav_system_msgs:/home/palash/pico_ws/install/mav_state_machine_msgs:/home/palash/pico_ws/install/mav_planning_msgs:/home/palash/pico_ws/install/error_msg:/home/palash/pico_ws/install/controller_msg:/home/palash/Downloads/turtlesim_ws/install/turtlesim:/home/palash/Downloads/turtlesim_ws/install/kd_task_1b:/opt/ros/humble LD_LIBRARY_PATH=/home/palash/pico_ws/install/mav_msgs/lib:/home/palash/pico_ws/install/whycon/lib:/home/palash/pico_ws/install/swift_msgs/lib:/home/palash/pico_ws/install/rotors_control/lib:/home/palash/pico_ws/install/mav_system_msgs/lib:/home/palash/pico_ws/install/mav_state_machine_msgs/lib:/home/palash/pico_ws/install/mav_planning_msgs/lib:/home/palash/pico_ws/install/error_msg/lib:/home/palash/pico_ws/install/controller_msg/lib:/home/palash/Downloads/turtlesim_ws/install/turtlesim/lib:/usr/lib/x86_64-linux-gnu/gazebo-11/plugins:/opt/ros/humble/opt/rviz_ogre_vendor/lib:/opt/ros/humble/lib/x86_64-linux-gnu:/opt/ros/humble/lib /usr/bin/cmake --build /home/palash/pico_ws/build/mav_planning_msgs -- -j16 -l16
[1.431s] [35m[1mConsolidate compiler generated dependencies of target mav_planning_msgs__rosidl_generator_c[0m
[1.443s] [  0%] Built target mav_planning_msgs__cpp
[1.448s] [ 12%] Built target mav_planning_msgs__rosidl_generator_c
[1.451s] [ 12%] Built target ament_cmake_python_symlink_mav_planning_msgs
[1.456s] [35m[1mConsolidate compiler generated dependencies of target mav_planning_msgs__rosidl_typesupport_cpp[0m
[1.457s] [35m[1mConsolidate compiler generated dependencies of target mav_planning_msgs__rosidl_typesupport_introspection_cpp[0m
[1.457s] [35m[1mConsolidate compiler generated dependencies of target mav_planning_msgs__rosidl_typesupport_fastrtps_cpp[0m
[1.461s] [35m[1mConsolidate compiler generated dependencies of target mav_planning_msgs__rosidl_typesupport_c[0m
[1.461s] [35m[1mConsolidate compiler generated dependencies of target mav_planning_msgs__rosidl_typesupport_introspection_c[0m
[1.462s] [35m[1mConsolidate compiler generated dependencies of target mav_planning_msgs__rosidl_typesupport_fastrtps_c[0m
[1.478s] [ 36%] Built target mav_planning_msgs__rosidl_typesupport_c
[1.478s] [ 36%] Built target mav_planning_msgs__rosidl_typesupport_cpp
[1.478s] [ 51%] Built target mav_planning_msgs__rosidl_typesupport_introspection_cpp
[1.478s] [ 60%] Built target mav_planning_msgs__rosidl_typesupport_introspection_c
[1.480s] [ 71%] Built target mav_planning_msgs__rosidl_typesupport_fastrtps_cpp
[1.486s] [ 83%] Built target mav_planning_msgs__rosidl_typesupport_fastrtps_c
[1.514s] [ 83%] Built target mav_planning_msgs
[1.541s] [ 84%] Built target mav_planning_msgs__py
[1.556s] [35m[1mConsolidate compiler generated dependencies of target mav_planning_msgs__rosidl_generator_py[0m
[1.578s] [ 95%] Built target mav_planning_msgs__rosidl_generator_py
[1.590s] [35m[1mConsolidate compiler generated dependencies of target mav_planning_msgs__rosidl_typesupport_fastrtps_c__pyext[0m
[1.590s] [35m[1mConsolidate compiler generated dependencies of target mav_planning_msgs__rosidl_typesupport_introspection_c__pyext[0m
[1.590s] [35m[1mConsolidate compiler generated dependencies of target mav_planning_msgs__rosidl_typesupport_c__pyext[0m
[1.605s] [ 97%] Built target mav_planning_msgs__rosidl_typesupport_c__pyext
[1.605s] [ 98%] Built target mav_planning_msgs__rosidl_typesupport_fastrtps_c__pyext
[1.606s] [100%] Built target mav_planning_msgs__rosidl_typesupport_introspection_c__pyext
[1.664s] running egg_info
[1.664s] writing mav_planning_msgs.egg-info/PKG-INFO
[1.665s] writing dependency_links to mav_planning_msgs.egg-info/dependency_links.txt
[1.665s] writing top-level names to mav_planning_msgs.egg-info/top_level.txt
[1.667s] reading manifest file 'mav_planning_msgs.egg-info/SOURCES.txt'
[1.668s] writing manifest file 'mav_planning_msgs.egg-info/SOURCES.txt'
[1.696s] [100%] Built target ament_cmake_python_build_mav_planning_msgs_egg
[1.712s] Invoked command in '/home/palash/pico_ws/build/mav_planning_msgs' returned '0': CMAKE_PREFIX_PATH=/home/palash/pico_ws/install/mav_msgs:/home/palash/pico_ws/install/whycon:/home/palash/pico_ws/install/swift_pico:/home/palash/pico_ws/install/swift_pico_description:/home/palash/pico_ws/install/rotors_swift_interface:/home/palash/pico_ws/install/swift_msgs:/home/palash/pico_ws/install/rotors_swift_gazebo:/home/palash/pico_ws/install/rotors_swift_description:/home/palash/pico_ws/install/rotors_control:/home/palash/pico_ws/install/pid_tune:/home/palash/pico_ws/install/mav_comm:/home/palash/pico_ws/install/mav_system_msgs:/home/palash/pico_ws/install/mav_state_machine_msgs:/home/palash/pico_ws/install/mav_planning_msgs:/home/palash/pico_ws/install/error_msg:/home/palash/pico_ws/install/controller_msg:/home/palash/Downloads/turtlesim_ws/install/turtlesim:/home/palash/Downloads/turtlesim_ws/install/kd_task_1b:/opt/ros/humble LD_LIBRARY_PATH=/home/palash/pico_ws/install/mav_msgs/lib:/home/palash/pico_ws/install/whycon/lib:/home/palash/pico_ws/install/swift_msgs/lib:/home/palash/pico_ws/install/rotors_control/lib:/home/palash/pico_ws/install/mav_system_msgs/lib:/home/palash/pico_ws/install/mav_state_machine_msgs/lib:/home/palash/pico_ws/install/mav_planning_msgs/lib:/home/palash/pico_ws/install/error_msg/lib:/home/palash/pico_ws/install/controller_msg/lib:/home/palash/Downloads/turtlesim_ws/install/turtlesim/lib:/usr/lib/x86_64-linux-gnu/gazebo-11/plugins:/opt/ros/humble/opt/rviz_ogre_vendor/lib:/opt/ros/humble/lib/x86_64-linux-gnu:/opt/ros/humble/lib /usr/bin/cmake --build /home/palash/pico_ws/build/mav_planning_msgs -- -j16 -l16
[1.713s] Invoking command in '/home/palash/pico_ws/build/mav_planning_msgs': CMAKE_PREFIX_PATH=/home/palash/pico_ws/install/mav_msgs:/home/palash/pico_ws/install/whycon:/home/palash/pico_ws/install/swift_pico:/home/palash/pico_ws/install/swift_pico_description:/home/palash/pico_ws/install/rotors_swift_interface:/home/palash/pico_ws/install/swift_msgs:/home/palash/pico_ws/install/rotors_swift_gazebo:/home/palash/pico_ws/install/rotors_swift_description:/home/palash/pico_ws/install/rotors_control:/home/palash/pico_ws/install/pid_tune:/home/palash/pico_ws/install/mav_comm:/home/palash/pico_ws/install/mav_system_msgs:/home/palash/pico_ws/install/mav_state_machine_msgs:/home/palash/pico_ws/install/mav_planning_msgs:/home/palash/pico_ws/install/error_msg:/home/palash/pico_ws/install/controller_msg:/home/palash/Downloads/turtlesim_ws/install/turtlesim:/home/palash/Downloads/turtlesim_ws/install/kd_task_1b:/opt/ros/humble LD_LIBRARY_PATH=/home/palash/pico_ws/install/mav_msgs/lib:/home/palash/pico_ws/install/whycon/lib:/home/palash/pico_ws/install/swift_msgs/lib:/home/palash/pico_ws/install/rotors_control/lib:/home/palash/pico_ws/install/mav_system_msgs/lib:/home/palash/pico_ws/install/mav_state_machine_msgs/lib:/home/palash/pico_ws/install/mav_planning_msgs/lib:/home/palash/pico_ws/install/error_msg/lib:/home/palash/pico_ws/install/controller_msg/lib:/home/palash/Downloads/turtlesim_ws/install/turtlesim/lib:/usr/lib/x86_64-linux-gnu/gazebo-11/plugins:/opt/ros/humble/opt/rviz_ogre_vendor/lib:/opt/ros/humble/lib/x86_64-linux-gnu:/opt/ros/humble/lib /usr/bin/cmake --install /home/palash/pico_ws/build/mav_planning_msgs
[1.721s] -- Install configuration: ""
[1.722s] -- Execute custom install script
[1.722s] -- Up-to-date symlink: /home/palash/pico_ws/install/mav_planning_msgs/share/ament_index/resource_index/rosidl_interfaces/mav_planning_msgs
[1.722s] -- Up-to-date symlink: /home/palash/pico_ws/install/mav_planning_msgs/include/mav_planning_msgs/mav_planning_msgs/msg/detail/point2_d__functions.h
[1.722s] -- Up-to-date symlink: /home/palash/pico_ws/install/mav_planning_msgs/include/mav_planning_msgs/mav_planning_msgs/msg/detail/point2_d__struct.h
[1.722s] -- Up-to-date symlink: /home/palash/pico_ws/install/mav_planning_msgs/include/mav_planning_msgs/mav_planning_msgs/msg/detail/point2_d__type_support.h
[1.723s] -- Up-to-date symlink: /home/palash/pico_ws/install/mav_planning_msgs/include/mav_planning_msgs/mav_planning_msgs/msg/detail/point_cloud_with_pose__functions.h
[1.723s] -- Up-to-date symlink: /home/palash/pico_ws/install/mav_planning_msgs/include/mav_planning_msgs/mav_planning_msgs/msg/detail/point_cloud_with_pose__struct.h
[1.723s] -- Up-to-date symlink: /home/palash/pico_ws/install/mav_planning_msgs/include/mav_planning_msgs/mav_planning_msgs/msg/detail/point_cloud_with_pose__type_support.h
[1.723s] -- Up-to-date symlink: /home/palash/pico_ws/install/mav_planning_msgs/include/mav_planning_msgs/mav_planning_msgs/msg/detail/polygon2_d__functions.h
[1.723s] -- Up-to-date symlink: /home/palash/pico_ws/install/mav_planning_msgs/include/mav_planning_msgs/mav_planning_msgs/msg/detail/polygon2_d__struct.h
[1.723s] -- Up-to-date symlink: /home/palash/pico_ws/install/mav_planning_msgs/include/mav_planning_msgs/mav_planning_msgs/msg/detail/polygon2_d__type_support.h
[1.723s] -- Up-to-date symlink: /home/palash/pico_ws/install/mav_planning_msgs/include/mav_planning_msgs/mav_planning_msgs/msg/detail/polygon_with_holes__functions.h
[1.723s] -- Up-to-date symlink: /home/palash/pico_ws/install/mav_planning_msgs/include/mav_planning_msgs/mav_planning_msgs/msg/detail/polygon_with_holes__struct.h
[1.723s] -- Up-to-date symlink: /home/palash/pico_ws/install/mav_planning_msgs/include/mav_planning_msgs/mav_planning_msgs/msg/detail/polygon_with_holes__type_support.h
[1.724s] -- Up-to-date symlink: /home/palash/pico_ws/install/mav_planning_msgs/include/mav_planning_msgs/mav_planning_msgs/msg/detail/polygon_with_holes_stamped__functions.h
[1.724s] -- Up-to-date symlink: /home/palash/pico_ws/install/mav_planning_msgs/include/mav_planning_msgs/mav_planning_msgs/msg/detail/polygon_with_holes_stamped__struct.h
[1.724s] -- Up-to-date symlink: /home/palash/pico_ws/install/mav_planning_msgs/include/mav_planning_msgs/mav_planning_msgs/msg/detail/polygon_with_holes_stamped__type_support.h
[1.724s] -- Up-to-date symlink: /home/palash/pico_ws/install/mav_planning_msgs/include/mav_planning_msgs/mav_planning_msgs/msg/detail/polynomial_segment4_d__functions.h
[1.724s] -- Up-to-date symlink: /home/palash/pico_ws/install/mav_planning_msgs/include/mav_planning_msgs/mav_planning_msgs/msg/detail/polynomial_segment4_d__struct.h
[1.724s] -- Up-to-date symlink: /home/palash/pico_ws/install/mav_planning_msgs/include/mav_planning_msgs/mav_planning_msgs/msg/detail/polynomial_segment4_d__type_support.h
[1.724s] -- Up-to-date symlink: /home/palash/pico_ws/install/mav_planning_msgs/include/mav_planning_msgs/mav_planning_msgs/msg/detail/polynomial_segment__functions.h
[1.724s] -- Up-to-date symlink: /home/palash/pico_ws/install/mav_planning_msgs/include/mav_planning_msgs/mav_planning_msgs/msg/detail/polynomial_segment__struct.h
[1.724s] -- Up-to-date symlink: /home/palash/pico_ws/install/mav_planning_msgs/include/mav_planning_msgs/mav_planning_msgs/msg/detail/polynomial_segment__type_support.h
[1.725s] -- Up-to-date symlink: /home/palash/pico_ws/install/mav_planning_msgs/include/mav_planning_msgs/mav_planning_msgs/msg/detail/polynomial_trajectory4_d__functions.h
[1.725s] -- Up-to-date symlink: /home/palash/pico_ws/install/mav_planning_msgs/include/mav_planning_msgs/mav_planning_msgs/msg/detail/polynomial_trajectory4_d__struct.h
[1.725s] -- Up-to-date symlink: /home/palash/pico_ws/install/mav_planning_msgs/include/mav_planning_msgs/mav_planning_msgs/msg/detail/polynomial_trajectory4_d__type_support.h
[1.725s] -- Up-to-date symlink: /home/palash/pico_ws/install/mav_planning_msgs/include/mav_planning_msgs/mav_planning_msgs/msg/detail/polynomial_trajectory__functions.h
[1.725s] -- Up-to-date symlink: /home/palash/pico_ws/install/mav_planning_msgs/include/mav_planning_msgs/mav_planning_msgs/msg/detail/polynomial_trajectory__struct.h
[1.725s] -- Up-to-date symlink: /home/palash/pico_ws/install/mav_planning_msgs/include/mav_planning_msgs/mav_planning_msgs/msg/detail/polynomial_trajectory__type_support.h
[1.725s] -- Up-to-date symlink: /home/palash/pico_ws/install/mav_planning_msgs/include/mav_planning_msgs/mav_planning_msgs/msg/point2_d.h
[1.725s] -- Up-to-date symlink: /home/palash/pico_ws/install/mav_planning_msgs/include/mav_planning_msgs/mav_planning_msgs/msg/point_cloud_with_pose.h
[1.725s] -- Up-to-date symlink: /home/palash/pico_ws/install/mav_planning_msgs/include/mav_planning_msgs/mav_planning_msgs/msg/polygon2_d.h
[1.725s] -- Up-to-date symlink: /home/palash/pico_ws/install/mav_planning_msgs/include/mav_planning_msgs/mav_planning_msgs/msg/polygon_with_holes.h
[1.725s] -- Up-to-date symlink: /home/palash/pico_ws/install/mav_planning_msgs/include/mav_planning_msgs/mav_planning_msgs/msg/polygon_with_holes_stamped.h
[1.725s] -- Up-to-date symlink: /home/palash/pico_ws/install/mav_planning_msgs/include/mav_planning_msgs/mav_planning_msgs/msg/polynomial_segment.h
[1.726s] -- Up-to-date symlink: /home/palash/pico_ws/install/mav_planning_msgs/include/mav_planning_msgs/mav_planning_msgs/msg/polynomial_segment4_d.h
[1.726s] -- Up-to-date symlink: /home/palash/pico_ws/install/mav_planning_msgs/include/mav_planning_msgs/mav_planning_msgs/msg/polynomial_trajectory.h
[1.726s] -- Up-to-date symlink: /home/palash/pico_ws/install/mav_planning_msgs/include/mav_planning_msgs/mav_planning_msgs/msg/polynomial_trajectory4_d.h
[1.726s] -- Up-to-date symlink: /home/palash/pico_ws/install/mav_planning_msgs/include/mav_planning_msgs/mav_planning_msgs/msg/rosidl_generator_c__visibility_control.h
[1.726s] -- Up-to-date symlink: /home/palash/pico_ws/install/mav_planning_msgs/include/mav_planning_msgs/mav_planning_msgs/srv/change_name_service.h
[1.726s] -- Up-to-date symlink: /home/palash/pico_ws/install/mav_planning_msgs/include/mav_planning_msgs/mav_planning_msgs/srv/detail/change_name_service__functions.h
[1.726s] -- Up-to-date symlink: /home/palash/pico_ws/install/mav_planning_msgs/include/mav_planning_msgs/mav_planning_msgs/srv/detail/change_name_service__struct.h
[1.726s] -- Up-to-date symlink: /home/palash/pico_ws/install/mav_planning_msgs/include/mav_planning_msgs/mav_planning_msgs/srv/detail/change_name_service__type_support.h
[1.726s] -- Up-to-date symlink: /home/palash/pico_ws/install/mav_planning_msgs/include/mav_planning_msgs/mav_planning_msgs/srv/detail/planner_service__functions.h
[1.726s] -- Up-to-date symlink: /home/palash/pico_ws/install/mav_planning_msgs/include/mav_planning_msgs/mav_planning_msgs/srv/detail/planner_service__struct.h
[1.726s] -- Up-to-date symlink: /home/palash/pico_ws/install/mav_planning_msgs/include/mav_planning_msgs/mav_planning_msgs/srv/detail/planner_service__type_support.h
[1.726s] -- Up-to-date symlink: /home/palash/pico_ws/install/mav_planning_msgs/include/mav_planning_msgs/mav_planning_msgs/srv/detail/polygon_service__functions.h
[1.726s] -- Up-to-date symlink: /home/palash/pico_ws/install/mav_planning_msgs/include/mav_planning_msgs/mav_planning_msgs/srv/detail/polygon_service__struct.h
[1.727s] -- Up-to-date symlink: /home/palash/pico_ws/install/mav_planning_msgs/include/mav_planning_msgs/mav_planning_msgs/srv/detail/polygon_service__type_support.h
[1.727s] -- Up-to-date symlink: /home/palash/pico_ws/install/mav_planning_msgs/include/mav_planning_msgs/mav_planning_msgs/srv/planner_service.h
[1.727s] -- Up-to-date symlink: /home/palash/pico_ws/install/mav_planning_msgs/include/mav_planning_msgs/mav_planning_msgs/srv/polygon_service.h
[1.727s] -- Up-to-date symlink: /home/palash/pico_ws/install/mav_planning_msgs/share/mav_planning_msgs/environment/library_path.sh
[1.727s] -- Up-to-date symlink: /home/palash/pico_ws/install/mav_planning_msgs/share/mav_planning_msgs/environment/library_path.dsv
[1.728s] -- Up-to-date symlink: /home/palash/pico_ws/install/mav_planning_msgs/include/mav_planning_msgs/mav_planning_msgs/msg/detail/point2_d__rosidl_typesupport_fastrtps_c.h
[1.728s] -- Up-to-date symlink: /home/palash/pico_ws/install/mav_planning_msgs/include/mav_planning_msgs/mav_planning_msgs/msg/detail/point_cloud_with_pose__rosidl_typesupport_fastrtps_c.h
[1.728s] -- Up-to-date symlink: /home/palash/pico_ws/install/mav_planning_msgs/include/mav_planning_msgs/mav_planning_msgs/msg/detail/polygon2_d__rosidl_typesupport_fastrtps_c.h
[1.728s] -- Up-to-date symlink: /home/palash/pico_ws/install/mav_planning_msgs/include/mav_planning_msgs/mav_planning_msgs/msg/detail/polygon_with_holes__rosidl_typesupport_fastrtps_c.h
[1.728s] -- Up-to-date symlink: /home/palash/pico_ws/install/mav_planning_msgs/include/mav_planning_msgs/mav_planning_msgs/msg/detail/polygon_with_holes_stamped__rosidl_typesupport_fastrtps_c.h
[1.728s] -- Up-to-date symlink: /home/palash/pico_ws/install/mav_planning_msgs/include/mav_planning_msgs/mav_planning_msgs/msg/detail/polynomial_segment4_d__rosidl_typesupport_fastrtps_c.h
[1.728s] -- Up-to-date symlink: /home/palash/pico_ws/install/mav_planning_msgs/include/mav_planning_msgs/mav_planning_msgs/msg/detail/polynomial_segment__rosidl_typesupport_fastrtps_c.h
[1.728s] -- Up-to-date symlink: /home/palash/pico_ws/install/mav_planning_msgs/include/mav_planning_msgs/mav_planning_msgs/msg/detail/polynomial_trajectory4_d__rosidl_typesupport_fastrtps_c.h
[1.728s] -- Up-to-date symlink: /home/palash/pico_ws/install/mav_planning_msgs/include/mav_planning_msgs/mav_planning_msgs/msg/detail/polynomial_trajectory__rosidl_typesupport_fastrtps_c.h
[1.728s] -- Up-to-date symlink: /home/palash/pico_ws/install/mav_planning_msgs/include/mav_planning_msgs/mav_planning_msgs/msg/rosidl_typesupport_fastrtps_c__visibility_control.h
[1.728s] -- Up-to-date symlink: /home/palash/pico_ws/install/mav_planning_msgs/include/mav_planning_msgs/mav_planning_msgs/srv/detail/change_name_service__rosidl_typesupport_fastrtps_c.h
[1.729s] -- Up-to-date symlink: /home/palash/pico_ws/install/mav_planning_msgs/include/mav_planning_msgs/mav_planning_msgs/srv/detail/planner_service__rosidl_typesupport_fastrtps_c.h
[1.729s] -- Up-to-date symlink: /home/palash/pico_ws/install/mav_planning_msgs/include/mav_planning_msgs/mav_planning_msgs/srv/detail/polygon_service__rosidl_typesupport_fastrtps_c.h
[1.729s] -- Up-to-date symlink: /home/palash/pico_ws/install/mav_planning_msgs/include/mav_planning_msgs/mav_planning_msgs/msg/detail/point2_d__rosidl_typesupport_introspection_c.h
[1.729s] -- Up-to-date symlink: /home/palash/pico_ws/install/mav_planning_msgs/include/mav_planning_msgs/mav_planning_msgs/msg/detail/point_cloud_with_pose__rosidl_typesupport_introspection_c.h
[1.729s] -- Up-to-date symlink: /home/palash/pico_ws/install/mav_planning_msgs/include/mav_planning_msgs/mav_planning_msgs/msg/detail/polygon2_d__rosidl_typesupport_introspection_c.h
[1.729s] -- Up-to-date symlink: /home/palash/pico_ws/install/mav_planning_msgs/include/mav_planning_msgs/mav_planning_msgs/msg/detail/polygon_with_holes__rosidl_typesupport_introspection_c.h
[1.729s] -- Up-to-date symlink: /home/palash/pico_ws/install/mav_planning_msgs/include/mav_planning_msgs/mav_planning_msgs/msg/detail/polygon_with_holes_stamped__rosidl_typesupport_introspection_c.h
[1.729s] -- Up-to-date symlink: /home/palash/pico_ws/install/mav_planning_msgs/include/mav_planning_msgs/mav_planning_msgs/msg/detail/polynomial_segment4_d__rosidl_typesupport_introspection_c.h
[1.729s] -- Up-to-date symlink: /home/palash/pico_ws/install/mav_planning_msgs/include/mav_planning_msgs/mav_planning_msgs/msg/detail/polynomial_segment__rosidl_typesupport_introspection_c.h
[1.730s] -- Up-to-date symlink: /home/palash/pico_ws/install/mav_planning_msgs/include/mav_planning_msgs/mav_planning_msgs/msg/detail/polynomial_trajectory4_d__rosidl_typesupport_introspection_c.h
[1.730s] -- Up-to-date symlink: /home/palash/pico_ws/install/mav_planning_msgs/include/mav_planning_msgs/mav_planning_msgs/msg/detail/polynomial_trajectory__rosidl_typesupport_introspection_c.h
[1.730s] -- Up-to-date symlink: /home/palash/pico_ws/install/mav_planning_msgs/include/mav_planning_msgs/mav_planning_msgs/msg/rosidl_typesupport_introspection_c__visibility_control.h
[1.730s] -- Up-to-date symlink: /home/palash/pico_ws/install/mav_planning_msgs/include/mav_planning_msgs/mav_planning_msgs/srv/detail/change_name_service__rosidl_typesupport_introspection_c.h
[1.730s] -- Up-to-date symlink: /home/palash/pico_ws/install/mav_planning_msgs/include/mav_planning_msgs/mav_planning_msgs/srv/detail/planner_service__rosidl_typesupport_introspection_c.h
[1.730s] -- Up-to-date symlink: /home/palash/pico_ws/install/mav_planning_msgs/include/mav_planning_msgs/mav_planning_msgs/srv/detail/polygon_service__rosidl_typesupport_introspection_c.h
[1.731s] -- Up-to-date symlink: /home/palash/pico_ws/install/mav_planning_msgs/include/mav_planning_msgs/mav_planning_msgs/msg/detail/point2_d__builder.hpp
[1.731s] -- Up-to-date symlink: /home/palash/pico_ws/install/mav_planning_msgs/include/mav_planning_msgs/mav_planning_msgs/msg/detail/point2_d__struct.hpp
[1.731s] -- Up-to-date symlink: /home/palash/pico_ws/install/mav_planning_msgs/include/mav_planning_msgs/mav_planning_msgs/msg/detail/point2_d__traits.hpp
[1.731s] -- Up-to-date symlink: /home/palash/pico_ws/install/mav_planning_msgs/include/mav_planning_msgs/mav_planning_msgs/msg/detail/point2_d__type_support.hpp
[1.731s] -- Up-to-date symlink: /home/palash/pico_ws/install/mav_planning_msgs/include/mav_planning_msgs/mav_planning_msgs/msg/detail/point_cloud_with_pose__builder.hpp
[1.731s] -- Up-to-date symlink: /home/palash/pico_ws/install/mav_planning_msgs/include/mav_planning_msgs/mav_planning_msgs/msg/detail/point_cloud_with_pose__struct.hpp
[1.731s] -- Up-to-date symlink: /home/palash/pico_ws/install/mav_planning_msgs/include/mav_planning_msgs/mav_planning_msgs/msg/detail/point_cloud_with_pose__traits.hpp
[1.731s] -- Up-to-date symlink: /home/palash/pico_ws/install/mav_planning_msgs/include/mav_planning_msgs/mav_planning_msgs/msg/detail/point_cloud_with_pose__type_support.hpp
[1.731s] -- Up-to-date symlink: /home/palash/pico_ws/install/mav_planning_msgs/include/mav_planning_msgs/mav_planning_msgs/msg/detail/polygon2_d__builder.hpp
[1.732s] -- Up-to-date symlink: /home/palash/pico_ws/install/mav_planning_msgs/include/mav_planning_msgs/mav_planning_msgs/msg/detail/polygon2_d__struct.hpp
[1.732s] -- Up-to-date symlink: /home/palash/pico_ws/install/mav_planning_msgs/include/mav_planning_msgs/mav_planning_msgs/msg/detail/polygon2_d__traits.hpp
[1.732s] -- Up-to-date symlink: /home/palash/pico_ws/install/mav_planning_msgs/include/mav_planning_msgs/mav_planning_msgs/msg/detail/polygon2_d__type_support.hpp
[1.732s] -- Up-to-date symlink: /home/palash/pico_ws/install/mav_planning_msgs/include/mav_planning_msgs/mav_planning_msgs/msg/detail/polygon_with_holes__builder.hpp
[1.732s] -- Up-to-date symlink: /home/palash/pico_ws/install/mav_planning_msgs/include/mav_planning_msgs/mav_planning_msgs/msg/detail/polygon_with_holes__struct.hpp
[1.732s] -- Up-to-date symlink: /home/palash/pico_ws/install/mav_planning_msgs/include/mav_planning_msgs/mav_planning_msgs/msg/detail/polygon_with_holes__traits.hpp
[1.732s] -- Up-to-date symlink: /home/palash/pico_ws/install/mav_planning_msgs/include/mav_planning_msgs/mav_planning_msgs/msg/detail/polygon_with_holes__type_support.hpp
[1.732s] -- Up-to-date symlink: /home/palash/pico_ws/install/mav_planning_msgs/include/mav_planning_msgs/mav_planning_msgs/msg/detail/polygon_with_holes_stamped__builder.hpp
[1.732s] -- Up-to-date symlink: /home/palash/pico_ws/install/mav_planning_msgs/include/mav_planning_msgs/mav_planning_msgs/msg/detail/polygon_with_holes_stamped__struct.hpp
[1.732s] -- Up-to-date symlink: /home/palash/pico_ws/install/mav_planning_msgs/include/mav_planning_msgs/mav_planning_msgs/msg/detail/polygon_with_holes_stamped__traits.hpp
[1.733s] -- Up-to-date symlink: /home/palash/pico_ws/install/mav_planning_msgs/include/mav_planning_msgs/mav_planning_msgs/msg/detail/polygon_with_holes_stamped__type_support.hpp
[1.733s] -- Up-to-date symlink: /home/palash/pico_ws/install/mav_planning_msgs/include/mav_planning_msgs/mav_planning_msgs/msg/detail/polynomial_segment4_d__builder.hpp
[1.733s] -- Up-to-date symlink: /home/palash/pico_ws/install/mav_planning_msgs/include/mav_planning_msgs/mav_planning_msgs/msg/detail/polynomial_segment4_d__struct.hpp
[1.733s] -- Up-to-date symlink: /home/palash/pico_ws/install/mav_planning_msgs/include/mav_planning_msgs/mav_planning_msgs/msg/detail/polynomial_segment4_d__traits.hpp
[1.733s] -- Up-to-date symlink: /home/palash/pico_ws/install/mav_planning_msgs/include/mav_planning_msgs/mav_planning_msgs/msg/detail/polynomial_segment4_d__type_support.hpp
[1.733s] -- Up-to-date symlink: /home/palash/pico_ws/install/mav_planning_msgs/include/mav_planning_msgs/mav_planning_msgs/msg/detail/polynomial_segment__builder.hpp
[1.733s] -- Up-to-date symlink: /home/palash/pico_ws/install/mav_planning_msgs/include/mav_planning_msgs/mav_planning_msgs/msg/detail/polynomial_segment__struct.hpp
[1.733s] -- Up-to-date symlink: /home/palash/pico_ws/install/mav_planning_msgs/include/mav_planning_msgs/mav_planning_msgs/msg/detail/polynomial_segment__traits.hpp
[1.733s] -- Up-to-date symlink: /home/palash/pico_ws/install/mav_planning_msgs/include/mav_planning_msgs/mav_planning_msgs/msg/detail/polynomial_segment__type_support.hpp
[1.733s] -- Up-to-date symlink: /home/palash/pico_ws/install/mav_planning_msgs/include/mav_planning_msgs/mav_planning_msgs/msg/detail/polynomial_trajectory4_d__builder.hpp
[1.733s] -- Up-to-date symlink: /home/palash/pico_ws/install/mav_planning_msgs/include/mav_planning_msgs/mav_planning_msgs/msg/detail/polynomial_trajectory4_d__struct.hpp
[1.733s] -- Up-to-date symlink: /home/palash/pico_ws/install/mav_planning_msgs/include/mav_planning_msgs/mav_planning_msgs/msg/detail/polynomial_trajectory4_d__traits.hpp
[1.734s] -- Up-to-date symlink: /home/palash/pico_ws/install/mav_planning_msgs/include/mav_planning_msgs/mav_planning_msgs/msg/detail/polynomial_trajectory4_d__type_support.hpp
[1.734s] -- Up-to-date symlink: /home/palash/pico_ws/install/mav_planning_msgs/include/mav_planning_msgs/mav_planning_msgs/msg/detail/polynomial_trajectory__builder.hpp
[1.734s] -- Up-to-date symlink: /home/palash/pico_ws/install/mav_planning_msgs/include/mav_planning_msgs/mav_planning_msgs/msg/detail/polynomial_trajectory__struct.hpp
[1.734s] -- Up-to-date symlink: /home/palash/pico_ws/install/mav_planning_msgs/include/mav_planning_msgs/mav_planning_msgs/msg/detail/polynomial_trajectory__traits.hpp
[1.734s] -- Up-to-date symlink: /home/palash/pico_ws/install/mav_planning_msgs/include/mav_planning_msgs/mav_planning_msgs/msg/detail/polynomial_trajectory__type_support.hpp
[1.734s] -- Up-to-date symlink: /home/palash/pico_ws/install/mav_planning_msgs/include/mav_planning_msgs/mav_planning_msgs/msg/point2_d.hpp
[1.734s] -- Up-to-date symlink: /home/palash/pico_ws/install/mav_planning_msgs/include/mav_planning_msgs/mav_planning_msgs/msg/point_cloud_with_pose.hpp
[1.734s] -- Up-to-date symlink: /home/palash/pico_ws/install/mav_planning_msgs/include/mav_planning_msgs/mav_planning_msgs/msg/polygon2_d.hpp
[1.734s] -- Up-to-date symlink: /home/palash/pico_ws/install/mav_planning_msgs/include/mav_planning_msgs/mav_planning_msgs/msg/polygon_with_holes.hpp
[1.734s] -- Up-to-date symlink: /home/palash/pico_ws/install/mav_planning_msgs/include/mav_planning_msgs/mav_planning_msgs/msg/polygon_with_holes_stamped.hpp
[1.734s] -- Up-to-date symlink: /home/palash/pico_ws/install/mav_planning_msgs/include/mav_planning_msgs/mav_planning_msgs/msg/polynomial_segment.hpp
[1.734s] -- Up-to-date symlink: /home/palash/pico_ws/install/mav_planning_msgs/include/mav_planning_msgs/mav_planning_msgs/msg/polynomial_segment4_d.hpp
[1.735s] -- Up-to-date symlink: /home/palash/pico_ws/install/mav_planning_msgs/include/mav_planning_msgs/mav_planning_msgs/msg/polynomial_trajectory.hpp
[1.735s] -- Up-to-date symlink: /home/palash/pico_ws/install/mav_planning_msgs/include/mav_planning_msgs/mav_planning_msgs/msg/polynomial_trajectory4_d.hpp
[1.735s] -- Up-to-date symlink: /home/palash/pico_ws/install/mav_planning_msgs/include/mav_planning_msgs/mav_planning_msgs/msg/rosidl_generator_cpp__visibility_control.hpp
[1.735s] -- Up-to-date symlink: /home/palash/pico_ws/install/mav_planning_msgs/include/mav_planning_msgs/mav_planning_msgs/srv/change_name_service.hpp
[1.735s] -- Up-to-date symlink: /home/palash/pico_ws/install/mav_planning_msgs/include/mav_planning_msgs/mav_planning_msgs/srv/detail/change_name_service__builder.hpp
[1.735s] -- Up-to-date symlink: /home/palash/pico_ws/install/mav_planning_msgs/include/mav_planning_msgs/mav_planning_msgs/srv/detail/change_name_service__struct.hpp
[1.735s] -- Up-to-date symlink: /home/palash/pico_ws/install/mav_planning_msgs/include/mav_planning_msgs/mav_planning_msgs/srv/detail/change_name_service__traits.hpp
[1.735s] -- Up-to-date symlink: /home/palash/pico_ws/install/mav_planning_msgs/include/mav_planning_msgs/mav_planning_msgs/srv/detail/change_name_service__type_support.hpp
[1.735s] -- Up-to-date symlink: /home/palash/pico_ws/install/mav_planning_msgs/include/mav_planning_msgs/mav_planning_msgs/srv/detail/planner_service__builder.hpp
[1.735s] -- Up-to-date symlink: /home/palash/pico_ws/install/mav_planning_msgs/include/mav_planning_msgs/mav_planning_msgs/srv/detail/planner_service__struct.hpp
[1.735s] -- Up-to-date symlink: /home/palash/pico_ws/install/mav_planning_msgs/include/mav_planning_msgs/mav_planning_msgs/srv/detail/planner_service__traits.hpp
[1.735s] -- Up-to-date symlink: /home/palash/pico_ws/install/mav_planning_msgs/include/mav_planning_msgs/mav_planning_msgs/srv/detail/planner_service__type_support.hpp
[1.735s] -- Up-to-date symlink: /home/palash/pico_ws/install/mav_planning_msgs/include/mav_planning_msgs/mav_planning_msgs/srv/detail/polygon_service__builder.hpp
[1.736s] -- Up-to-date symlink: /home/palash/pico_ws/install/mav_planning_msgs/include/mav_planning_msgs/mav_planning_msgs/srv/detail/polygon_service__struct.hpp
[1.736s] -- Up-to-date symlink: /home/palash/pico_ws/install/mav_planning_msgs/include/mav_planning_msgs/mav_planning_msgs/srv/detail/polygon_service__traits.hpp
[1.736s] -- Up-to-date symlink: /home/palash/pico_ws/install/mav_planning_msgs/include/mav_planning_msgs/mav_planning_msgs/srv/detail/polygon_service__type_support.hpp
[1.736s] -- Up-to-date symlink: /home/palash/pico_ws/install/mav_planning_msgs/include/mav_planning_msgs/mav_planning_msgs/srv/planner_service.hpp
[1.736s] -- Up-to-date symlink: /home/palash/pico_ws/install/mav_planning_msgs/include/mav_planning_msgs/mav_planning_msgs/srv/polygon_service.hpp
[1.737s] -- Up-to-date symlink: /home/palash/pico_ws/install/mav_planning_msgs/include/mav_planning_msgs/mav_planning_msgs/msg/detail/point2_d__rosidl_typesupport_fastrtps_cpp.hpp
[1.737s] -- Up-to-date symlink: /home/palash/pico_ws/install/mav_planning_msgs/include/mav_planning_msgs/mav_planning_msgs/msg/detail/point_cloud_with_pose__rosidl_typesupport_fastrtps_cpp.hpp
[1.737s] -- Up-to-date symlink: /home/palash/pico_ws/install/mav_planning_msgs/include/mav_planning_msgs/mav_planning_msgs/msg/detail/polygon2_d__rosidl_typesupport_fastrtps_cpp.hpp
[1.737s] -- Up-to-date symlink: /home/palash/pico_ws/install/mav_planning_msgs/include/mav_planning_msgs/mav_planning_msgs/msg/detail/polygon_with_holes__rosidl_typesupport_fastrtps_cpp.hpp
[1.737s] -- Up-to-date symlink: /home/palash/pico_ws/install/mav_planning_msgs/include/mav_planning_msgs/mav_planning_msgs/msg/detail/polygon_with_holes_stamped__rosidl_typesupport_fastrtps_cpp.hpp
[1.737s] -- Up-to-date symlink: /home/palash/pico_ws/install/mav_planning_msgs/include/mav_planning_msgs/mav_planning_msgs/msg/detail/polynomial_segment4_d__rosidl_typesupport_fastrtps_cpp.hpp
[1.737s] -- Up-to-date symlink: /home/palash/pico_ws/install/mav_planning_msgs/include/mav_planning_msgs/mav_planning_msgs/msg/detail/polynomial_segment__rosidl_typesupport_fastrtps_cpp.hpp
[1.737s] -- Up-to-date symlink: /home/palash/pico_ws/install/mav_planning_msgs/include/mav_planning_msgs/mav_planning_msgs/msg/detail/polynomial_trajectory4_d__rosidl_typesupport_fastrtps_cpp.hpp
[1.737s] -- Up-to-date symlink: /home/palash/pico_ws/install/mav_planning_msgs/include/mav_planning_msgs/mav_planning_msgs/msg/detail/polynomial_trajectory__rosidl_typesupport_fastrtps_cpp.hpp
[1.737s] -- Up-to-date symlink: /home/palash/pico_ws/install/mav_planning_msgs/include/mav_planning_msgs/mav_planning_msgs/msg/rosidl_typesupport_fastrtps_cpp__visibility_control.h
[1.737s] -- Up-to-date symlink: /home/palash/pico_ws/install/mav_planning_msgs/include/mav_planning_msgs/mav_planning_msgs/srv/detail/change_name_service__rosidl_typesupport_fastrtps_cpp.hpp
[1.737s] -- Up-to-date symlink: /home/palash/pico_ws/install/mav_planning_msgs/include/mav_planning_msgs/mav_planning_msgs/srv/detail/planner_service__rosidl_typesupport_fastrtps_cpp.hpp
[1.737s] -- Up-to-date symlink: /home/palash/pico_ws/install/mav_planning_msgs/include/mav_planning_msgs/mav_planning_msgs/srv/detail/polygon_service__rosidl_typesupport_fastrtps_cpp.hpp
[1.738s] -- Up-to-date symlink: /home/palash/pico_ws/install/mav_planning_msgs/include/mav_planning_msgs/mav_planning_msgs/msg/detail/point2_d__rosidl_typesupport_introspection_cpp.hpp
[1.738s] -- Up-to-date symlink: /home/palash/pico_ws/install/mav_planning_msgs/include/mav_planning_msgs/mav_planning_msgs/msg/detail/point_cloud_with_pose__rosidl_typesupport_introspection_cpp.hpp
[1.738s] -- Up-to-date symlink: /home/palash/pico_ws/install/mav_planning_msgs/include/mav_planning_msgs/mav_planning_msgs/msg/detail/polygon2_d__rosidl_typesupport_introspection_cpp.hpp
[1.738s] -- Up-to-date symlink: /home/palash/pico_ws/install/mav_planning_msgs/include/mav_planning_msgs/mav_planning_msgs/msg/detail/polygon_with_holes__rosidl_typesupport_introspection_cpp.hpp
[1.738s] -- Up-to-date symlink: /home/palash/pico_ws/install/mav_planning_msgs/include/mav_planning_msgs/mav_planning_msgs/msg/detail/polygon_with_holes_stamped__rosidl_typesupport_introspection_cpp.hpp
[1.738s] -- Up-to-date symlink: /home/palash/pico_ws/install/mav_planning_msgs/include/mav_planning_msgs/mav_planning_msgs/msg/detail/polynomial_segment4_d__rosidl_typesupport_introspection_cpp.hpp
[1.738s] -- Up-to-date symlink: /home/palash/pico_ws/install/mav_planning_msgs/include/mav_planning_msgs/mav_planning_msgs/msg/detail/polynomial_segment__rosidl_typesupport_introspection_cpp.hpp
[1.738s] -- Up-to-date symlink: /home/palash/pico_ws/install/mav_planning_msgs/include/mav_planning_msgs/mav_planning_msgs/msg/detail/polynomial_trajectory4_d__rosidl_typesupport_introspection_cpp.hpp
[1.739s] -- Up-to-date symlink: /home/palash/pico_ws/install/mav_planning_msgs/include/mav_planning_msgs/mav_planning_msgs/msg/detail/polynomial_trajectory__rosidl_typesupport_introspection_cpp.hpp
[1.739s] -- Up-to-date symlink: /home/palash/pico_ws/install/mav_planning_msgs/include/mav_planning_msgs/mav_planning_msgs/srv/detail/change_name_service__rosidl_typesupport_introspection_cpp.hpp
[1.739s] -- Up-to-date symlink: /home/palash/pico_ws/install/mav_planning_msgs/include/mav_planning_msgs/mav_planning_msgs/srv/detail/planner_service__rosidl_typesupport_introspection_cpp.hpp
[1.739s] -- Up-to-date symlink: /home/palash/pico_ws/install/mav_planning_msgs/include/mav_planning_msgs/mav_planning_msgs/srv/detail/polygon_service__rosidl_typesupport_introspection_cpp.hpp
[1.739s] -- Up-to-date symlink: /home/palash/pico_ws/install/mav_planning_msgs/share/mav_planning_msgs/environment/pythonpath.sh
[1.739s] -- Up-to-date symlink: /home/palash/pico_ws/install/mav_planning_msgs/share/mav_planning_msgs/environment/pythonpath.dsv
[1.739s] -- Up-to-date symlink: /home/palash/pico_ws/install/mav_planning_msgs/local/lib/python3.10/dist-packages/mav_planning_msgs-3.3.3-py3.10.egg-info/PKG-INFO
[1.739s] -- Up-to-date symlink: /home/palash/pico_ws/install/mav_planning_msgs/local/lib/python3.10/dist-packages/mav_planning_msgs-3.3.3-py3.10.egg-info/SOURCES.txt
[1.739s] -- Up-to-date symlink: /home/palash/pico_ws/install/mav_planning_msgs/local/lib/python3.10/dist-packages/mav_planning_msgs-3.3.3-py3.10.egg-info/dependency_links.txt
[1.739s] -- Up-to-date symlink: /home/palash/pico_ws/install/mav_planning_msgs/local/lib/python3.10/dist-packages/mav_planning_msgs-3.3.3-py3.10.egg-info/top_level.txt
[1.740s] -- Up-to-date symlink: /home/palash/pico_ws/install/mav_planning_msgs/local/lib/python3.10/dist-packages/mav_planning_msgs/__init__.py
[1.740s] -- Up-to-date symlink: /home/palash/pico_ws/install/mav_planning_msgs/local/lib/python3.10/dist-packages/mav_planning_msgs/_mav_planning_msgs_s.ep.rosidl_typesupport_c.c
[1.740s] -- Up-to-date symlink: /home/palash/pico_ws/install/mav_planning_msgs/local/lib/python3.10/dist-packages/mav_planning_msgs/_mav_planning_msgs_s.ep.rosidl_typesupport_fastrtps_c.c
[1.740s] -- Up-to-date symlink: /home/palash/pico_ws/install/mav_planning_msgs/local/lib/python3.10/dist-packages/mav_planning_msgs/_mav_planning_msgs_s.ep.rosidl_typesupport_introspection_c.c
[1.741s] -- Up-to-date symlink: /home/palash/pico_ws/install/mav_planning_msgs/local/lib/python3.10/dist-packages/mav_planning_msgs/libmav_planning_msgs__rosidl_generator_py.so
[1.741s] -- Up-to-date symlink: /home/palash/pico_ws/install/mav_planning_msgs/local/lib/python3.10/dist-packages/mav_planning_msgs/mav_planning_msgs_s__rosidl_typesupport_c.cpython-310-x86_64-linux-gnu.so
[1.741s] -- Up-to-date symlink: /home/palash/pico_ws/install/mav_planning_msgs/local/lib/python3.10/dist-packages/mav_planning_msgs/mav_planning_msgs_s__rosidl_typesupport_fastrtps_c.cpython-310-x86_64-linux-gnu.so
[1.741s] -- Up-to-date symlink: /home/palash/pico_ws/install/mav_planning_msgs/local/lib/python3.10/dist-packages/mav_planning_msgs/mav_planning_msgs_s__rosidl_typesupport_introspection_c.cpython-310-x86_64-linux-gnu.so
[1.741s] -- Up-to-date symlink: /home/palash/pico_ws/install/mav_planning_msgs/local/lib/python3.10/dist-packages/mav_planning_msgs/msg/__init__.py
[1.741s] -- Up-to-date symlink: /home/palash/pico_ws/install/mav_planning_msgs/local/lib/python3.10/dist-packages/mav_planning_msgs/msg/_point2_d.py
[1.741s] -- Up-to-date symlink: /home/palash/pico_ws/install/mav_planning_msgs/local/lib/python3.10/dist-packages/mav_planning_msgs/msg/_point2_d_s.c
[1.741s] -- Up-to-date symlink: /home/palash/pico_ws/install/mav_planning_msgs/local/lib/python3.10/dist-packages/mav_planning_msgs/msg/_point_cloud_with_pose.py
[1.741s] -- Up-to-date symlink: /home/palash/pico_ws/install/mav_planning_msgs/local/lib/python3.10/dist-packages/mav_planning_msgs/msg/_point_cloud_with_pose_s.c
[1.741s] -- Up-to-date symlink: /home/palash/pico_ws/install/mav_planning_msgs/local/lib/python3.10/dist-packages/mav_planning_msgs/msg/_polygon2_d.py
[1.742s] -- Up-to-date symlink: /home/palash/pico_ws/install/mav_planning_msgs/local/lib/python3.10/dist-packages/mav_planning_msgs/msg/_polygon2_d_s.c
[1.742s] -- Up-to-date symlink: /home/palash/pico_ws/install/mav_planning_msgs/local/lib/python3.10/dist-packages/mav_planning_msgs/msg/_polygon_with_holes.py
[1.742s] -- Up-to-date symlink: /home/palash/pico_ws/install/mav_planning_msgs/local/lib/python3.10/dist-packages/mav_planning_msgs/msg/_polygon_with_holes_s.c
[1.742s] -- Up-to-date symlink: /home/palash/pico_ws/install/mav_planning_msgs/local/lib/python3.10/dist-packages/mav_planning_msgs/msg/_polygon_with_holes_stamped.py
[1.742s] -- Up-to-date symlink: /home/palash/pico_ws/install/mav_planning_msgs/local/lib/python3.10/dist-packages/mav_planning_msgs/msg/_polygon_with_holes_stamped_s.c
[1.743s] -- Up-to-date symlink: /home/palash/pico_ws/install/mav_planning_msgs/local/lib/python3.10/dist-packages/mav_planning_msgs/msg/_polynomial_segment.py
[1.743s] -- Up-to-date symlink: /home/palash/pico_ws/install/mav_planning_msgs/local/lib/python3.10/dist-packages/mav_planning_msgs/msg/_polynomial_segment4_d.py
[1.743s] -- Up-to-date symlink: /home/palash/pico_ws/install/mav_planning_msgs/local/lib/python3.10/dist-packages/mav_planning_msgs/msg/_polynomial_segment4_d_s.c
[1.743s] -- Up-to-date symlink: /home/palash/pico_ws/install/mav_planning_msgs/local/lib/python3.10/dist-packages/mav_planning_msgs/msg/_polynomial_segment_s.c
[1.743s] -- Up-to-date symlink: /home/palash/pico_ws/install/mav_planning_msgs/local/lib/python3.10/dist-packages/mav_planning_msgs/msg/_polynomial_trajectory.py
[1.743s] -- Up-to-date symlink: /home/palash/pico_ws/install/mav_planning_msgs/local/lib/python3.10/dist-packages/mav_planning_msgs/msg/_polynomial_trajectory4_d.py
[1.743s] -- Up-to-date symlink: /home/palash/pico_ws/install/mav_planning_msgs/local/lib/python3.10/dist-packages/mav_planning_msgs/msg/_polynomial_trajectory4_d_s.c
[1.743s] -- Up-to-date symlink: /home/palash/pico_ws/install/mav_planning_msgs/local/lib/python3.10/dist-packages/mav_planning_msgs/msg/_polynomial_trajectory_s.c
[1.743s] -- Up-to-date symlink: /home/palash/pico_ws/install/mav_planning_msgs/local/lib/python3.10/dist-packages/mav_planning_msgs/srv/__init__.py
[1.743s] -- Up-to-date symlink: /home/palash/pico_ws/install/mav_planning_msgs/local/lib/python3.10/dist-packages/mav_planning_msgs/srv/_change_name_service.py
[1.743s] -- Up-to-date symlink: /home/palash/pico_ws/install/mav_planning_msgs/local/lib/python3.10/dist-packages/mav_planning_msgs/srv/_change_name_service_s.c
[1.744s] -- Up-to-date symlink: /home/palash/pico_ws/install/mav_planning_msgs/local/lib/python3.10/dist-packages/mav_planning_msgs/srv/_planner_service.py
[1.744s] -- Up-to-date symlink: /home/palash/pico_ws/install/mav_planning_msgs/local/lib/python3.10/dist-packages/mav_planning_msgs/srv/_planner_service_s.c
[1.744s] -- Up-to-date symlink: /home/palash/pico_ws/install/mav_planning_msgs/local/lib/python3.10/dist-packages/mav_planning_msgs/srv/_polygon_service.py
[1.744s] -- Up-to-date symlink: /home/palash/pico_ws/install/mav_planning_msgs/local/lib/python3.10/dist-packages/mav_planning_msgs/srv/_polygon_service_s.c
[1.744s] -- Up-to-date symlink: /home/palash/pico_ws/install/mav_planning_msgs/local/lib/python3.10/dist-packages/mav_planning_msgs/mav_planning_msgs_s__rosidl_typesupport_fastrtps_c.cpython-310-x86_64-linux-gnu.so
[1.744s] -- Up-to-date symlink: /home/palash/pico_ws/install/mav_planning_msgs/local/lib/python3.10/dist-packages/mav_planning_msgs/mav_planning_msgs_s__rosidl_typesupport_introspection_c.cpython-310-x86_64-linux-gnu.so
[1.744s] -- Up-to-date symlink: /home/palash/pico_ws/install/mav_planning_msgs/local/lib/python3.10/dist-packages/mav_planning_msgs/mav_planning_msgs_s__rosidl_typesupport_c.cpython-310-x86_64-linux-gnu.so
[1.744s] -- Up-to-date symlink: /home/palash/pico_ws/install/mav_planning_msgs/share/mav_planning_msgs/msg/Point2D.idl
[1.745s] -- Up-to-date symlink: /home/palash/pico_ws/install/mav_planning_msgs/share/mav_planning_msgs/msg/PointCloudWithPose.idl
[1.745s] -- Up-to-date symlink: /home/palash/pico_ws/install/mav_planning_msgs/share/mav_planning_msgs/msg/Polygon2D.idl
[1.745s] -- Up-to-date symlink: /home/palash/pico_ws/install/mav_planning_msgs/share/mav_planning_msgs/msg/PolygonWithHoles.idl
[1.745s] -- Up-to-date symlink: /home/palash/pico_ws/install/mav_planning_msgs/share/mav_planning_msgs/msg/PolygonWithHolesStamped.idl
[1.745s] -- Up-to-date symlink: /home/palash/pico_ws/install/mav_planning_msgs/share/mav_planning_msgs/msg/PolynomialSegment.idl
[1.745s] -- Up-to-date symlink: /home/palash/pico_ws/install/mav_planning_msgs/share/mav_planning_msgs/msg/PolynomialSegment4D.idl
[1.745s] -- Up-to-date symlink: /home/palash/pico_ws/install/mav_planning_msgs/share/mav_planning_msgs/msg/PolynomialTrajectory.idl
[1.745s] -- Up-to-date symlink: /home/palash/pico_ws/install/mav_planning_msgs/share/mav_planning_msgs/msg/PolynomialTrajectory4D.idl
[1.745s] -- Up-to-date symlink: /home/palash/pico_ws/install/mav_planning_msgs/share/mav_planning_msgs/srv/PlannerService.idl
[1.745s] -- Up-to-date symlink: /home/palash/pico_ws/install/mav_planning_msgs/share/mav_planning_msgs/srv/PolygonService.idl
[1.746s] -- Up-to-date symlink: /home/palash/pico_ws/install/mav_planning_msgs/share/mav_planning_msgs/srv/ChangeNameService.idl
[1.746s] -- Up-to-date symlink: /home/palash/pico_ws/install/mav_planning_msgs/share/mav_planning_msgs/msg/Point2D.msg
[1.746s] -- Up-to-date symlink: /home/palash/pico_ws/install/mav_planning_msgs/share/mav_planning_msgs/msg/PointCloudWithPose.msg
[1.746s] -- Up-to-date symlink: /home/palash/pico_ws/install/mav_planning_msgs/share/mav_planning_msgs/msg/Polygon2D.msg
[1.746s] -- Up-to-date symlink: /home/palash/pico_ws/install/mav_planning_msgs/share/mav_planning_msgs/msg/PolygonWithHoles.msg
[1.746s] -- Up-to-date symlink: /home/palash/pico_ws/install/mav_planning_msgs/share/mav_planning_msgs/msg/PolygonWithHolesStamped.msg
[1.746s] -- Up-to-date symlink: /home/palash/pico_ws/install/mav_planning_msgs/share/mav_planning_msgs/msg/PolynomialSegment.msg
[1.746s] -- Up-to-date symlink: /home/palash/pico_ws/install/mav_planning_msgs/share/mav_planning_msgs/msg/PolynomialSegment4D.msg
[1.746s] -- Up-to-date symlink: /home/palash/pico_ws/install/mav_planning_msgs/share/mav_planning_msgs/msg/PolynomialTrajectory.msg
[1.746s] -- Up-to-date symlink: /home/palash/pico_ws/install/mav_planning_msgs/share/mav_planning_msgs/msg/PolynomialTrajectory4D.msg
[1.746s] -- Up-to-date symlink: /home/palash/pico_ws/install/mav_planning_msgs/share/mav_planning_msgs/srv/PlannerService.srv
[1.747s] -- Up-to-date symlink: /home/palash/pico_ws/install/mav_planning_msgs/share/mav_planning_msgs/srv/PlannerService_Request.msg
[1.747s] -- Up-to-date symlink: /home/palash/pico_ws/install/mav_planning_msgs/share/mav_planning_msgs/srv/PlannerService_Response.msg
[1.747s] -- Up-to-date symlink: /home/palash/pico_ws/install/mav_planning_msgs/share/mav_planning_msgs/srv/PolygonService.srv
[1.747s] -- Up-to-date symlink: /home/palash/pico_ws/install/mav_planning_msgs/share/mav_planning_msgs/srv/PolygonService_Request.msg
[1.747s] -- Up-to-date symlink: /home/palash/pico_ws/install/mav_planning_msgs/share/mav_planning_msgs/srv/PolygonService_Response.msg
[1.747s] -- Up-to-date symlink: /home/palash/pico_ws/install/mav_planning_msgs/share/mav_planning_msgs/srv/ChangeNameService.srv
[1.747s] -- Up-to-date symlink: /home/palash/pico_ws/install/mav_planning_msgs/share/mav_planning_msgs/srv/ChangeNameService_Request.msg
[1.747s] -- Up-to-date symlink: /home/palash/pico_ws/install/mav_planning_msgs/share/mav_planning_msgs/srv/ChangeNameService_Response.msg
[1.747s] -- Up-to-date symlink: /home/palash/pico_ws/install/mav_planning_msgs/share/ament_index/resource_index/package_run_dependencies/mav_planning_msgs
[1.747s] -- Up-to-date symlink: /home/palash/pico_ws/install/mav_planning_msgs/share/ament_index/resource_index/parent_prefix_path/mav_planning_msgs
[1.748s] -- Up-to-date symlink: /home/palash/pico_ws/install/mav_planning_msgs/share/mav_planning_msgs/environment/ament_prefix_path.sh
[1.748s] -- Up-to-date symlink: /home/palash/pico_ws/install/mav_planning_msgs/share/mav_planning_msgs/environment/ament_prefix_path.dsv
[1.748s] -- Up-to-date symlink: /home/palash/pico_ws/install/mav_planning_msgs/share/mav_planning_msgs/environment/path.sh
[1.748s] -- Up-to-date symlink: /home/palash/pico_ws/install/mav_planning_msgs/share/mav_planning_msgs/environment/path.dsv
[1.748s] -- Up-to-date symlink: /home/palash/pico_ws/install/mav_planning_msgs/share/mav_planning_msgs/local_setup.bash
[1.748s] -- Up-to-date symlink: /home/palash/pico_ws/install/mav_planning_msgs/share/mav_planning_msgs/local_setup.sh
[1.748s] -- Up-to-date symlink: /home/palash/pico_ws/install/mav_planning_msgs/share/mav_planning_msgs/local_setup.zsh
[1.748s] -- Up-to-date symlink: /home/palash/pico_ws/install/mav_planning_msgs/share/mav_planning_msgs/local_setup.dsv
[1.748s] -- Symlinking: /home/palash/pico_ws/install/mav_planning_msgs/share/mav_planning_msgs/package.dsv
[1.758s] -- Up-to-date symlink: /home/palash/pico_ws/install/mav_planning_msgs/share/ament_index/resource_index/packages/mav_planning_msgs
[1.758s] -- Up-to-date symlink: /home/palash/pico_ws/install/mav_planning_msgs/share/mav_planning_msgs/cmake/rosidl_cmake-extras.cmake
[1.759s] -- Up-to-date symlink: /home/palash/pico_ws/install/mav_planning_msgs/share/mav_planning_msgs/cmake/ament_cmake_export_dependencies-extras.cmake
[1.759s] -- Up-to-date symlink: /home/palash/pico_ws/install/mav_planning_msgs/share/mav_planning_msgs/cmake/ament_cmake_export_include_directories-extras.cmake
[1.759s] -- Up-to-date symlink: /home/palash/pico_ws/install/mav_planning_msgs/share/mav_planning_msgs/cmake/ament_cmake_export_libraries-extras.cmake
[1.759s] -- Up-to-date symlink: /home/palash/pico_ws/install/mav_planning_msgs/share/mav_planning_msgs/cmake/ament_cmake_export_targets-extras.cmake
[1.759s] -- Up-to-date symlink: /home/palash/pico_ws/install/mav_planning_msgs/share/mav_planning_msgs/cmake/rosidl_cmake_export_typesupport_targets-extras.cmake
[1.759s] -- Up-to-date symlink: /home/palash/pico_ws/install/mav_planning_msgs/share/mav_planning_msgs/cmake/rosidl_cmake_export_typesupport_libraries-extras.cmake
[1.759s] -- Up-to-date symlink: /home/palash/pico_ws/install/mav_planning_msgs/share/mav_planning_msgs/cmake/mav_planning_msgsConfig.cmake
[1.759s] -- Up-to-date symlink: /home/palash/pico_ws/install/mav_planning_msgs/share/mav_planning_msgs/cmake/mav_planning_msgsConfig-version.cmake
[1.759s] -- Up-to-date symlink: /home/palash/pico_ws/install/mav_planning_msgs/share/mav_planning_msgs/package.xml
[1.759s] -- Up-to-date: /home/palash/pico_ws/install/mav_planning_msgs/lib/libmav_planning_msgs__rosidl_generator_c.so
[1.760s] -- Up-to-date: /home/palash/pico_ws/install/mav_planning_msgs/lib/libmav_planning_msgs__rosidl_typesupport_fastrtps_c.so
[1.760s] -- Up-to-date: /home/palash/pico_ws/install/mav_planning_msgs/lib/libmav_planning_msgs__rosidl_typesupport_introspection_c.so
[1.760s] -- Up-to-date: /home/palash/pico_ws/install/mav_planning_msgs/lib/libmav_planning_msgs__rosidl_typesupport_c.so
[1.760s] -- Up-to-date: /home/palash/pico_ws/install/mav_planning_msgs/lib/libmav_planning_msgs__rosidl_typesupport_fastrtps_cpp.so
[1.760s] -- Up-to-date: /home/palash/pico_ws/install/mav_planning_msgs/lib/libmav_planning_msgs__rosidl_typesupport_introspection_cpp.so
[1.761s] -- Up-to-date: /home/palash/pico_ws/install/mav_planning_msgs/lib/libmav_planning_msgs__rosidl_typesupport_cpp.so
[1.790s] Listing '/home/palash/pico_ws/install/mav_planning_msgs/local/lib/python3.10/dist-packages/mav_planning_msgs'...
[1.791s] Compiling '/home/palash/pico_ws/install/mav_planning_msgs/local/lib/python3.10/dist-packages/mav_planning_msgs/__init__.py'...
[1.791s] Listing '/home/palash/pico_ws/install/mav_planning_msgs/local/lib/python3.10/dist-packages/mav_planning_msgs/msg'...
[1.791s] Listing '/home/palash/pico_ws/install/mav_planning_msgs/local/lib/python3.10/dist-packages/mav_planning_msgs/srv'...
[1.794s] -- Up-to-date: /home/palash/pico_ws/install/mav_planning_msgs/lib/libmav_planning_msgs__rosidl_generator_py.so
[1.795s] -- Up-to-date: /home/palash/pico_ws/install/mav_planning_msgs/include/mav_planning_msgs
[1.795s] -- Up-to-date: /home/palash/pico_ws/install/mav_planning_msgs/include/mav_planning_msgs/conversions_deprecated.hpp
[1.795s] -- Up-to-date: /home/palash/pico_ws/install/mav_planning_msgs/include/mav_planning_msgs/conversions.hpp
[1.795s] -- Up-to-date: /home/palash/pico_ws/install/mav_planning_msgs/include/mav_planning_msgs/eigen_planning_msgs.hpp
[1.795s] -- Up-to-date: /home/palash/pico_ws/install/mav_planning_msgs/share/mav_planning_msgs/cmake/export_mav_planning_msgs__rosidl_generator_cExport.cmake
[1.795s] -- Up-to-date: /home/palash/pico_ws/install/mav_planning_msgs/share/mav_planning_msgs/cmake/export_mav_planning_msgs__rosidl_generator_cExport-noconfig.cmake
[1.795s] -- Up-to-date: /home/palash/pico_ws/install/mav_planning_msgs/share/mav_planning_msgs/cmake/export_mav_planning_msgs__rosidl_typesupport_fastrtps_cExport.cmake
[1.795s] -- Up-to-date: /home/palash/pico_ws/install/mav_planning_msgs/share/mav_planning_msgs/cmake/export_mav_planning_msgs__rosidl_typesupport_fastrtps_cExport-noconfig.cmake
[1.795s] -- Up-to-date: /home/palash/pico_ws/install/mav_planning_msgs/share/mav_planning_msgs/cmake/mav_planning_msgs__rosidl_typesupport_introspection_cExport.cmake
[1.795s] -- Up-to-date: /home/palash/pico_ws/install/mav_planning_msgs/share/mav_planning_msgs/cmake/mav_planning_msgs__rosidl_typesupport_introspection_cExport-noconfig.cmake
[1.795s] -- Up-to-date: /home/palash/pico_ws/install/mav_planning_msgs/share/mav_planning_msgs/cmake/mav_planning_msgs__rosidl_typesupport_cExport.cmake
[1.795s] -- Up-to-date: /home/palash/pico_ws/install/mav_planning_msgs/share/mav_planning_msgs/cmake/mav_planning_msgs__rosidl_typesupport_cExport-noconfig.cmake
[1.795s] -- Up-to-date: /home/palash/pico_ws/install/mav_planning_msgs/share/mav_planning_msgs/cmake/export_mav_planning_msgs__rosidl_generator_cppExport.cmake
[1.795s] -- Up-to-date: /home/palash/pico_ws/install/mav_planning_msgs/share/mav_planning_msgs/cmake/export_mav_planning_msgs__rosidl_typesupport_fastrtps_cppExport.cmake
[1.795s] -- Up-to-date: /home/palash/pico_ws/install/mav_planning_msgs/share/mav_planning_msgs/cmake/export_mav_planning_msgs__rosidl_typesupport_fastrtps_cppExport-noconfig.cmake
[1.795s] -- Up-to-date: /home/palash/pico_ws/install/mav_planning_msgs/share/mav_planning_msgs/cmake/mav_planning_msgs__rosidl_typesupport_introspection_cppExport.cmake
[1.795s] -- Up-to-date: /home/palash/pico_ws/install/mav_planning_msgs/share/mav_planning_msgs/cmake/mav_planning_msgs__rosidl_typesupport_introspection_cppExport-noconfig.cmake
[1.796s] -- Up-to-date: /home/palash/pico_ws/install/mav_planning_msgs/share/mav_planning_msgs/cmake/mav_planning_msgs__rosidl_typesupport_cppExport.cmake
[1.796s] -- Up-to-date: /home/palash/pico_ws/install/mav_planning_msgs/share/mav_planning_msgs/cmake/mav_planning_msgs__rosidl_typesupport_cppExport-noconfig.cmake
[1.796s] -- Up-to-date: /home/palash/pico_ws/install/mav_planning_msgs/share/mav_planning_msgs/cmake/export_mav_planning_msgs__rosidl_generator_pyExport.cmake
[1.796s] -- Up-to-date: /home/palash/pico_ws/install/mav_planning_msgs/share/mav_planning_msgs/cmake/export_mav_planning_msgs__rosidl_generator_pyExport-noconfig.cmake
[1.799s] Invoked command in '/home/palash/pico_ws/build/mav_planning_msgs' returned '0': CMAKE_PREFIX_PATH=/home/palash/pico_ws/install/mav_msgs:/home/palash/pico_ws/install/whycon:/home/palash/pico_ws/install/swift_pico:/home/palash/pico_ws/install/swift_pico_description:/home/palash/pico_ws/install/rotors_swift_interface:/home/palash/pico_ws/install/swift_msgs:/home/palash/pico_ws/install/rotors_swift_gazebo:/home/palash/pico_ws/install/rotors_swift_description:/home/palash/pico_ws/install/rotors_control:/home/palash/pico_ws/install/pid_tune:/home/palash/pico_ws/install/mav_comm:/home/palash/pico_ws/install/mav_system_msgs:/home/palash/pico_ws/install/mav_state_machine_msgs:/home/palash/pico_ws/install/mav_planning_msgs:/home/palash/pico_ws/install/error_msg:/home/palash/pico_ws/install/controller_msg:/home/palash/Downloads/turtlesim_ws/install/turtlesim:/home/palash/Downloads/turtlesim_ws/install/kd_task_1b:/opt/ros/humble LD_LIBRARY_PATH=/home/palash/pico_ws/install/mav_msgs/lib:/home/palash/pico_ws/install/whycon/lib:/home/palash/pico_ws/install/swift_msgs/lib:/home/palash/pico_ws/install/rotors_control/lib:/home/palash/pico_ws/install/mav_system_msgs/lib:/home/palash/pico_ws/install/mav_state_machine_msgs/lib:/home/palash/pico_ws/install/mav_planning_msgs/lib:/home/palash/pico_ws/install/error_msg/lib:/home/palash/pico_ws/install/controller_msg/lib:/home/palash/Downloads/turtlesim_ws/install/turtlesim/lib:/usr/lib/x86_64-linux-gnu/gazebo-11/plugins:/opt/ros/humble/opt/rviz_ogre_vendor/lib:/opt/ros/humble/lib/x86_64-linux-gnu:/opt/ros/humble/lib /usr/bin/cmake --install /home/palash/pico_ws/build/mav_planning_msgs
