-- The C compiler identification is GNU 11.4.0
-- The CXX compiler identification is GNU 11.4.0
-- Detecting C compiler ABI info
-- Detecting C compiler ABI info - done
-- Check for working C compiler: /usr/bin/cc - skipped
-- Detecting C compile features
-- Detecting C compile features - done
-- Detecting CXX compiler ABI info
-- Detecting CXX compiler ABI info - done
-- Check for working CXX compiler: /usr/bin/c++ - skipped
-- Detecting CXX compile features
-- Detecting CXX compile features - done
-- Found ament_cmake: 1.3.12 (/opt/ros/humble/share/ament_cmake/cmake)
-- Found Python3: /usr/bin/python3 (found version "3.10.12") found components: Interpreter 
-- Override CMake install command with custom implementation using symlinks instead of copying resources
-- Found rosidl_default_generators: 1.2.0 (/opt/ros/humble/share/rosidl_default_generators/cmake)
-- Using all available rosidl_typesupport_c: rosidl_typesupport_fastrtps_c;rosidl_typesupport_introspection_c
-- Found rosidl_adapter: 3.1.7 (/opt/ros/humble/share/rosidl_adapter/cmake)
-- Using all available rosidl_typesupport_cpp: rosidl_typesupport_fastrtps_cpp;rosidl_typesupport_introspection_cpp
-- Found builtin_interfaces: 1.2.2 (/opt/ros/humble/share/builtin_interfaces/cmake)
-- Found geometry_msgs: 4.9.0 (/opt/ros/humble/share/geometry_msgs/cmake)
-- Found mav_msgs: 3.3.3 (/home/palash/pico_ws/install/mav_msgs/share/mav_msgs/cmake)
-- Found sensor_msgs: 4.9.0 (/opt/ros/humble/share/sensor_msgs/cmake)
-- Found ament_cmake_ros: 0.10.0 (/opt/ros/humble/share/ament_cmake_ros/cmake)
-- Using all available rosidl_typesupport_c: rosidl_typesupport_fastrtps_c;rosidl_typesupport_introspection_c
-- Using all available rosidl_typesupport_cpp: rosidl_typesupport_fastrtps_cpp;rosidl_typesupport_introspection_cpp
-- Found PythonInterp: /usr/bin/python3 (found suitable version "3.10.12", minimum required is "3.6") 
-- Found python_cmake_module: 0.10.0 (/opt/ros/humble/share/python_cmake_module/cmake)
-- Found PythonLibs: /usr/lib/x86_64-linux-gnu/libpython3.10.so (found suitable version "3.10.12", minimum required is "3.5") 
-- Using PYTHON_EXECUTABLE: /usr/bin/python3
-- Using PYTHON_INCLUDE_DIRS: /usr/include/python3.10
-- Using PYTHON_LIBRARIES: /usr/lib/x86_64-linux-gnu/libpython3.10.so
-- Found PythonExtra: .so  
-- Configuring done
-- Generating done
-- Build files have been written to: /home/palash/pico_ws/build/mav_planning_msgs
[  1%] [34m[1mGenerating C code for ROS interfaces[0m
[  1%] [34m[1mGenerating C++ code for ROS interfaces[0m
[  1%] Built target ament_cmake_python_symlink_mav_planning_msgs
running egg_info
creating mav_planning_msgs.egg-info
writing mav_planning_msgs.egg-info/PKG-INFO
writing dependency_links to mav_planning_msgs.egg-info/dependency_links.txt
writing top-level names to mav_planning_msgs.egg-info/top_level.txt
writing manifest file 'mav_planning_msgs.egg-info/SOURCES.txt'
reading manifest file 'mav_planning_msgs.egg-info/SOURCES.txt'
writing manifest file 'mav_planning_msgs.egg-info/SOURCES.txt'
[  1%] Built target ament_cmake_python_build_mav_planning_msgs_egg
[  2%] [32mBuilding C object CMakeFiles/mav_planning_msgs__rosidl_generator_c.dir/rosidl_generator_c/mav_planning_msgs/msg/detail/point2_d__functions.c.o[0m
[  3%] [32mBuilding C object CMakeFiles/mav_planning_msgs__rosidl_generator_c.dir/rosidl_generator_c/mav_planning_msgs/msg/detail/point_cloud_with_pose__functions.c.o[0m
[  3%] [32mBuilding C object CMakeFiles/mav_planning_msgs__rosidl_generator_c.dir/rosidl_generator_c/mav_planning_msgs/msg/detail/polygon_with_holes__functions.c.o[0m
[  4%] [32mBuilding C object CMakeFiles/mav_planning_msgs__rosidl_generator_c.dir/rosidl_generator_c/mav_planning_msgs/msg/detail/polygon2_d__functions.c.o[0m
[  5%] [32mBuilding C object CMakeFiles/mav_planning_msgs__rosidl_generator_c.dir/rosidl_generator_c/mav_planning_msgs/msg/detail/polygon_with_holes_stamped__functions.c.o[0m
[  6%] [32mBuilding C object CMakeFiles/mav_planning_msgs__rosidl_generator_c.dir/rosidl_generator_c/mav_planning_msgs/msg/detail/polynomial_segment__functions.c.o[0m
[  7%] [32mBuilding C object CMakeFiles/mav_planning_msgs__rosidl_generator_c.dir/rosidl_generator_c/mav_planning_msgs/msg/detail/polynomial_segment4_d__functions.c.o[0m
[  8%] [32mBuilding C object CMakeFiles/mav_planning_msgs__rosidl_generator_c.dir/rosidl_generator_c/mav_planning_msgs/msg/detail/polynomial_trajectory__functions.c.o[0m
[  9%] [32mBuilding C object CMakeFiles/mav_planning_msgs__rosidl_generator_c.dir/rosidl_generator_c/mav_planning_msgs/msg/detail/polynomial_trajectory4_d__functions.c.o[0m
[  9%] [32mBuilding C object CMakeFiles/mav_planning_msgs__rosidl_generator_c.dir/rosidl_generator_c/mav_planning_msgs/srv/detail/planner_service__functions.c.o[0m
[ 10%] [32mBuilding C object CMakeFiles/mav_planning_msgs__rosidl_generator_c.dir/rosidl_generator_c/mav_planning_msgs/srv/detail/polygon_service__functions.c.o[0m
[ 11%] [32mBuilding C object CMakeFiles/mav_planning_msgs__rosidl_generator_c.dir/rosidl_generator_c/mav_planning_msgs/srv/detail/change_name_service__functions.c.o[0m
[ 11%] Built target mav_planning_msgs__cpp
[ 13%] [34m[1mGenerating C++ type support dispatch for ROS interfaces[0m
[ 13%] [34m[1mGenerating C++ introspection for ROS interfaces[0m
[ 13%] [34m[1mGenerating C++ type support for eProsima Fast-RTPS[0m
[ 14%] [32m[1mLinking C shared library libmav_planning_msgs__rosidl_generator_c.so[0m
[ 14%] Built target mav_planning_msgs__rosidl_generator_c
[ 17%] [34m[1mGenerating C type support for eProsima Fast-RTPS[0m
[ 17%] [34m[1mGenerating C type support dispatch for ROS interfaces[0m
[ 17%] [34m[1mGenerating C introspection for ROS interfaces[0m
[ 18%] [32mBuilding CXX object CMakeFiles/mav_planning_msgs__rosidl_typesupport_cpp.dir/rosidl_typesupport_cpp/mav_planning_msgs/msg/point_cloud_with_pose__type_support.cpp.o[0m
[ 19%] [32mBuilding CXX object CMakeFiles/mav_planning_msgs__rosidl_typesupport_cpp.dir/rosidl_typesupport_cpp/mav_planning_msgs/msg/point2_d__type_support.cpp.o[0m
[ 20%] [32mBuilding CXX object CMakeFiles/mav_planning_msgs__rosidl_typesupport_cpp.dir/rosidl_typesupport_cpp/mav_planning_msgs/msg/polygon_with_holes__type_support.cpp.o[0m
[ 20%] [32mBuilding CXX object CMakeFiles/mav_planning_msgs__rosidl_typesupport_cpp.dir/rosidl_typesupport_cpp/mav_planning_msgs/msg/polygon_with_holes_stamped__type_support.cpp.o[0m
[ 21%] [32mBuilding CXX object CMakeFiles/mav_planning_msgs__rosidl_typesupport_cpp.dir/rosidl_typesupport_cpp/mav_planning_msgs/msg/polygon2_d__type_support.cpp.o[0m
[ 22%] [32mBuilding CXX object CMakeFiles/mav_planning_msgs__rosidl_typesupport_cpp.dir/rosidl_typesupport_cpp/mav_planning_msgs/msg/polynomial_segment4_d__type_support.cpp.o[0m
[ 23%] [32mBuilding CXX object CMakeFiles/mav_planning_msgs__rosidl_typesupport_cpp.dir/rosidl_typesupport_cpp/mav_planning_msgs/msg/polynomial_segment__type_support.cpp.o[0m
[ 24%] [32mBuilding CXX object CMakeFiles/mav_planning_msgs__rosidl_typesupport_cpp.dir/rosidl_typesupport_cpp/mav_planning_msgs/msg/polynomial_trajectory__type_support.cpp.o[0m
[ 25%] [32mBuilding CXX object CMakeFiles/mav_planning_msgs__rosidl_typesupport_cpp.dir/rosidl_typesupport_cpp/mav_planning_msgs/msg/polynomial_trajectory4_d__type_support.cpp.o[0m
[ 26%] [32mBuilding CXX object CMakeFiles/mav_planning_msgs__rosidl_typesupport_cpp.dir/rosidl_typesupport_cpp/mav_planning_msgs/srv/planner_service__type_support.cpp.o[0m
[ 27%] [32mBuilding CXX object CMakeFiles/mav_planning_msgs__rosidl_typesupport_c.dir/rosidl_typesupport_c/mav_planning_msgs/msg/point2_d__type_support.cpp.o[0m
[ 27%] [32mBuilding CXX object CMakeFiles/mav_planning_msgs__rosidl_typesupport_c.dir/rosidl_typesupport_c/mav_planning_msgs/msg/point_cloud_with_pose__type_support.cpp.o[0m
[ 28%] [32mBuilding CXX object CMakeFiles/mav_planning_msgs__rosidl_typesupport_c.dir/rosidl_typesupport_c/mav_planning_msgs/msg/polygon2_d__type_support.cpp.o[0m
[ 29%] [32mBuilding CXX object CMakeFiles/mav_planning_msgs__rosidl_typesupport_c.dir/rosidl_typesupport_c/mav_planning_msgs/msg/polygon_with_holes__type_support.cpp.o[0m
[ 29%] [32mBuilding CXX object CMakeFiles/mav_planning_msgs__rosidl_typesupport_cpp.dir/rosidl_typesupport_cpp/mav_planning_msgs/srv/polygon_service__type_support.cpp.o[0m
[ 30%] [32mBuilding CXX object CMakeFiles/mav_planning_msgs__rosidl_typesupport_c.dir/rosidl_typesupport_c/mav_planning_msgs/msg/polygon_with_holes_stamped__type_support.cpp.o[0m
[ 31%] [32mBuilding CXX object CMakeFiles/mav_planning_msgs__rosidl_typesupport_c.dir/rosidl_typesupport_c/mav_planning_msgs/msg/polynomial_segment__type_support.cpp.o[0m
[ 32%] [32mBuilding CXX object CMakeFiles/mav_planning_msgs__rosidl_typesupport_c.dir/rosidl_typesupport_c/mav_planning_msgs/msg/polynomial_segment4_d__type_support.cpp.o[0m
[ 32%] [32mBuilding CXX object CMakeFiles/mav_planning_msgs__rosidl_typesupport_c.dir/rosidl_typesupport_c/mav_planning_msgs/msg/polynomial_trajectory__type_support.cpp.o[0m
[ 33%] [32mBuilding CXX object CMakeFiles/mav_planning_msgs__rosidl_typesupport_c.dir/rosidl_typesupport_c/mav_planning_msgs/msg/polynomial_trajectory4_d__type_support.cpp.o[0m
[ 34%] [32mBuilding CXX object CMakeFiles/mav_planning_msgs__rosidl_typesupport_c.dir/rosidl_typesupport_c/mav_planning_msgs/srv/planner_service__type_support.cpp.o[0m
[ 35%] [32mBuilding CXX object CMakeFiles/mav_planning_msgs__rosidl_typesupport_c.dir/rosidl_typesupport_c/mav_planning_msgs/srv/polygon_service__type_support.cpp.o[0m
[ 36%] [32mBuilding CXX object CMakeFiles/mav_planning_msgs__rosidl_typesupport_c.dir/rosidl_typesupport_c/mav_planning_msgs/srv/change_name_service__type_support.cpp.o[0m
[ 36%] [32mBuilding CXX object CMakeFiles/mav_planning_msgs__rosidl_typesupport_introspection_cpp.dir/rosidl_typesupport_introspection_cpp/mav_planning_msgs/msg/detail/point2_d__type_support.cpp.o[0m
[ 37%] [32mBuilding CXX object CMakeFiles/mav_planning_msgs__rosidl_typesupport_cpp.dir/rosidl_typesupport_cpp/mav_planning_msgs/srv/change_name_service__type_support.cpp.o[0m
[ 38%] [32mBuilding CXX object CMakeFiles/mav_planning_msgs__rosidl_typesupport_introspection_cpp.dir/rosidl_typesupport_introspection_cpp/mav_planning_msgs/msg/detail/point_cloud_with_pose__type_support.cpp.o[0m
[ 39%] [32mBuilding CXX object CMakeFiles/mav_planning_msgs__rosidl_typesupport_introspection_cpp.dir/rosidl_typesupport_introspection_cpp/mav_planning_msgs/msg/detail/polygon2_d__type_support.cpp.o[0m
[ 40%] [32mBuilding CXX object CMakeFiles/mav_planning_msgs__rosidl_typesupport_introspection_cpp.dir/rosidl_typesupport_introspection_cpp/mav_planning_msgs/msg/detail/polygon_with_holes__type_support.cpp.o[0m
[ 41%] [32mBuilding CXX object CMakeFiles/mav_planning_msgs__rosidl_typesupport_introspection_cpp.dir/rosidl_typesupport_introspection_cpp/mav_planning_msgs/msg/detail/polygon_with_holes_stamped__type_support.cpp.o[0m
[ 42%] [32mBuilding CXX object CMakeFiles/mav_planning_msgs__rosidl_typesupport_introspection_cpp.dir/rosidl_typesupport_introspection_cpp/mav_planning_msgs/msg/detail/polynomial_segment__type_support.cpp.o[0m
[ 43%] [32m[1mLinking CXX shared library libmav_planning_msgs__rosidl_typesupport_c.so[0m
[ 44%] [32mBuilding CXX object CMakeFiles/mav_planning_msgs__rosidl_typesupport_fastrtps_cpp.dir/rosidl_typesupport_fastrtps_cpp/mav_planning_msgs/msg/detail/dds_fastrtps/point2_d__type_support.cpp.o[0m
[ 44%] [32mBuilding CXX object CMakeFiles/mav_planning_msgs__rosidl_typesupport_introspection_cpp.dir/rosidl_typesupport_introspection_cpp/mav_planning_msgs/msg/detail/polynomial_segment4_d__type_support.cpp.o[0m
[ 45%] [32mBuilding CXX object CMakeFiles/mav_planning_msgs__rosidl_typesupport_introspection_cpp.dir/rosidl_typesupport_introspection_cpp/mav_planning_msgs/msg/detail/polynomial_trajectory__type_support.cpp.o[0m
[ 47%] [32mBuilding CXX object CMakeFiles/mav_planning_msgs__rosidl_typesupport_fastrtps_cpp.dir/rosidl_typesupport_fastrtps_cpp/mav_planning_msgs/msg/detail/dds_fastrtps/polygon2_d__type_support.cpp.o[0m
[ 47%] [32mBuilding CXX object CMakeFiles/mav_planning_msgs__rosidl_typesupport_fastrtps_cpp.dir/rosidl_typesupport_fastrtps_cpp/mav_planning_msgs/msg/detail/dds_fastrtps/point_cloud_with_pose__type_support.cpp.o[0m
[ 48%] [32mBuilding CXX object CMakeFiles/mav_planning_msgs__rosidl_typesupport_fastrtps_c.dir/rosidl_typesupport_fastrtps_c/mav_planning_msgs/msg/detail/point2_d__type_support_c.cpp.o[0m
[ 48%] Built target mav_planning_msgs__rosidl_typesupport_c
[ 49%] [32mBuilding C object CMakeFiles/mav_planning_msgs__rosidl_typesupport_introspection_c.dir/rosidl_typesupport_introspection_c/mav_planning_msgs/msg/detail/point2_d__type_support.c.o[0m
[ 50%] [32mBuilding CXX object CMakeFiles/mav_planning_msgs__rosidl_typesupport_fastrtps_c.dir/rosidl_typesupport_fastrtps_c/mav_planning_msgs/msg/detail/point_cloud_with_pose__type_support_c.cpp.o[0m
[ 51%] [32mBuilding C object CMakeFiles/mav_planning_msgs__rosidl_typesupport_introspection_c.dir/rosidl_typesupport_introspection_c/mav_planning_msgs/msg/detail/point_cloud_with_pose__type_support.c.o[0m
[ 52%] [32mBuilding C object CMakeFiles/mav_planning_msgs__rosidl_typesupport_introspection_c.dir/rosidl_typesupport_introspection_c/mav_planning_msgs/msg/detail/polygon2_d__type_support.c.o[0m
[ 52%] [32mBuilding CXX object CMakeFiles/mav_planning_msgs__rosidl_typesupport_fastrtps_c.dir/rosidl_typesupport_fastrtps_c/mav_planning_msgs/msg/detail/polygon2_d__type_support_c.cpp.o[0m
[ 52%] [32mBuilding C object CMakeFiles/mav_planning_msgs__rosidl_typesupport_introspection_c.dir/rosidl_typesupport_introspection_c/mav_planning_msgs/msg/detail/polygon_with_holes__type_support.c.o[0m
[ 53%] [32m[1mLinking CXX shared library libmav_planning_msgs__rosidl_typesupport_cpp.so[0m
[ 54%] [32mBuilding C object CMakeFiles/mav_planning_msgs__rosidl_typesupport_introspection_c.dir/rosidl_typesupport_introspection_c/mav_planning_msgs/msg/detail/polygon_with_holes_stamped__type_support.c.o[0m
[ 55%] [32mBuilding C object CMakeFiles/mav_planning_msgs__rosidl_typesupport_introspection_c.dir/rosidl_typesupport_introspection_c/mav_planning_msgs/msg/detail/polynomial_segment__type_support.c.o[0m
[ 55%] Built target mav_planning_msgs__rosidl_typesupport_cpp
[ 56%] [32mBuilding CXX object CMakeFiles/mav_planning_msgs__rosidl_typesupport_fastrtps_cpp.dir/rosidl_typesupport_fastrtps_cpp/mav_planning_msgs/msg/detail/dds_fastrtps/polygon_with_holes__type_support.cpp.o[0m
[ 57%] [32mBuilding C object CMakeFiles/mav_planning_msgs__rosidl_typesupport_introspection_c.dir/rosidl_typesupport_introspection_c/mav_planning_msgs/msg/detail/polynomial_segment4_d__type_support.c.o[0m
[ 58%] [32mBuilding CXX object CMakeFiles/mav_planning_msgs__rosidl_typesupport_fastrtps_c.dir/rosidl_typesupport_fastrtps_c/mav_planning_msgs/msg/detail/polygon_with_holes__type_support_c.cpp.o[0m
[ 59%] [32mBuilding C object CMakeFiles/mav_planning_msgs__rosidl_typesupport_introspection_c.dir/rosidl_typesupport_introspection_c/mav_planning_msgs/msg/detail/polynomial_trajectory__type_support.c.o[0m
[ 60%] [32mBuilding CXX object CMakeFiles/mav_planning_msgs__rosidl_typesupport_introspection_cpp.dir/rosidl_typesupport_introspection_cpp/mav_planning_msgs/msg/detail/polynomial_trajectory4_d__type_support.cpp.o[0m
[ 61%] [32mBuilding CXX object CMakeFiles/mav_planning_msgs__rosidl_typesupport_introspection_cpp.dir/rosidl_typesupport_introspection_cpp/mav_planning_msgs/srv/detail/planner_service__type_support.cpp.o[0m
[ 62%] [32mBuilding CXX object CMakeFiles/mav_planning_msgs__rosidl_typesupport_fastrtps_c.dir/rosidl_typesupport_fastrtps_c/mav_planning_msgs/msg/detail/polygon_with_holes_stamped__type_support_c.cpp.o[0m
[ 63%] [32mBuilding CXX object CMakeFiles/mav_planning_msgs__rosidl_typesupport_fastrtps_cpp.dir/rosidl_typesupport_fastrtps_cpp/mav_planning_msgs/msg/detail/dds_fastrtps/polygon_with_holes_stamped__type_support.cpp.o[0m
[ 64%] [32mBuilding C object CMakeFiles/mav_planning_msgs__rosidl_typesupport_introspection_c.dir/rosidl_typesupport_introspection_c/mav_planning_msgs/msg/detail/polynomial_trajectory4_d__type_support.c.o[0m
[ 65%] [32mBuilding CXX object CMakeFiles/mav_planning_msgs__rosidl_typesupport_fastrtps_c.dir/rosidl_typesupport_fastrtps_c/mav_planning_msgs/msg/detail/polynomial_segment__type_support_c.cpp.o[0m
[ 65%] [32mBuilding CXX object CMakeFiles/mav_planning_msgs__rosidl_typesupport_fastrtps_cpp.dir/rosidl_typesupport_fastrtps_cpp/mav_planning_msgs/msg/detail/dds_fastrtps/polynomial_segment__type_support.cpp.o[0m
[ 66%] [32mBuilding CXX object CMakeFiles/mav_planning_msgs__rosidl_typesupport_introspection_cpp.dir/rosidl_typesupport_introspection_cpp/mav_planning_msgs/srv/detail/polygon_service__type_support.cpp.o[0m
[ 67%] [32mBuilding C object CMakeFiles/mav_planning_msgs__rosidl_typesupport_introspection_c.dir/rosidl_typesupport_introspection_c/mav_planning_msgs/srv/detail/planner_service__type_support.c.o[0m
[ 67%] [32mBuilding C object CMakeFiles/mav_planning_msgs__rosidl_typesupport_introspection_c.dir/rosidl_typesupport_introspection_c/mav_planning_msgs/srv/detail/polygon_service__type_support.c.o[0m
[ 68%] [32mBuilding CXX object CMakeFiles/mav_planning_msgs__rosidl_typesupport_fastrtps_cpp.dir/rosidl_typesupport_fastrtps_cpp/mav_planning_msgs/msg/detail/dds_fastrtps/polynomial_segment4_d__type_support.cpp.o[0m
[ 69%] [32mBuilding CXX object CMakeFiles/mav_planning_msgs__rosidl_typesupport_fastrtps_c.dir/rosidl_typesupport_fastrtps_c/mav_planning_msgs/msg/detail/polynomial_segment4_d__type_support_c.cpp.o[0m
[ 70%] [32mBuilding C object CMakeFiles/mav_planning_msgs__rosidl_typesupport_introspection_c.dir/rosidl_typesupport_introspection_c/mav_planning_msgs/srv/detail/change_name_service__type_support.c.o[0m
[ 71%] [32mBuilding CXX object CMakeFiles/mav_planning_msgs__rosidl_typesupport_fastrtps_c.dir/rosidl_typesupport_fastrtps_c/mav_planning_msgs/msg/detail/polynomial_trajectory__type_support_c.cpp.o[0m
[ 71%] [32mBuilding CXX object CMakeFiles/mav_planning_msgs__rosidl_typesupport_fastrtps_c.dir/rosidl_typesupport_fastrtps_c/mav_planning_msgs/msg/detail/polynomial_trajectory4_d__type_support_c.cpp.o[0m
[ 72%] [32mBuilding CXX object CMakeFiles/mav_planning_msgs__rosidl_typesupport_fastrtps_c.dir/rosidl_typesupport_fastrtps_c/mav_planning_msgs/srv/detail/planner_service__type_support_c.cpp.o[0m
[ 73%] [32m[1mLinking C shared library libmav_planning_msgs__rosidl_typesupport_introspection_c.so[0m
[ 74%] [32mBuilding CXX object CMakeFiles/mav_planning_msgs__rosidl_typesupport_fastrtps_cpp.dir/rosidl_typesupport_fastrtps_cpp/mav_planning_msgs/msg/detail/dds_fastrtps/polynomial_trajectory__type_support.cpp.o[0m
[ 74%] Built target mav_planning_msgs__rosidl_typesupport_introspection_c
[ 75%] [32mBuilding CXX object CMakeFiles/mav_planning_msgs__rosidl_typesupport_fastrtps_c.dir/rosidl_typesupport_fastrtps_c/mav_planning_msgs/srv/detail/polygon_service__type_support_c.cpp.o[0m
[ 76%] [32mBuilding CXX object CMakeFiles/mav_planning_msgs__rosidl_typesupport_fastrtps_cpp.dir/rosidl_typesupport_fastrtps_cpp/mav_planning_msgs/msg/detail/dds_fastrtps/polynomial_trajectory4_d__type_support.cpp.o[0m
[ 77%] [32mBuilding CXX object CMakeFiles/mav_planning_msgs__rosidl_typesupport_fastrtps_c.dir/rosidl_typesupport_fastrtps_c/mav_planning_msgs/srv/detail/change_name_service__type_support_c.cpp.o[0m
[ 78%] [32mBuilding CXX object CMakeFiles/mav_planning_msgs__rosidl_typesupport_introspection_cpp.dir/rosidl_typesupport_introspection_cpp/mav_planning_msgs/srv/detail/change_name_service__type_support.cpp.o[0m
[ 79%] [32mBuilding CXX object CMakeFiles/mav_planning_msgs__rosidl_typesupport_fastrtps_cpp.dir/rosidl_typesupport_fastrtps_cpp/mav_planning_msgs/srv/detail/dds_fastrtps/planner_service__type_support.cpp.o[0m
[ 80%] [32mBuilding CXX object CMakeFiles/mav_planning_msgs__rosidl_typesupport_fastrtps_cpp.dir/rosidl_typesupport_fastrtps_cpp/mav_planning_msgs/srv/detail/dds_fastrtps/polygon_service__type_support.cpp.o[0m
[ 80%] [32mBuilding CXX object CMakeFiles/mav_planning_msgs__rosidl_typesupport_fastrtps_cpp.dir/rosidl_typesupport_fastrtps_cpp/mav_planning_msgs/srv/detail/dds_fastrtps/change_name_service__type_support.cpp.o[0m
[ 81%] [32m[1mLinking CXX shared library libmav_planning_msgs__rosidl_typesupport_fastrtps_c.so[0m
[ 82%] [32m[1mLinking CXX shared library libmav_planning_msgs__rosidl_typesupport_introspection_cpp.so[0m
[ 82%] Built target mav_planning_msgs__rosidl_typesupport_fastrtps_c
[ 83%] [32m[1mLinking CXX shared library libmav_planning_msgs__rosidl_typesupport_fastrtps_cpp.so[0m
[ 83%] Built target mav_planning_msgs__rosidl_typesupport_introspection_cpp
[ 83%] Built target mav_planning_msgs__rosidl_typesupport_fastrtps_cpp
[ 83%] Built target mav_planning_msgs
[ 84%] [34m[1mGenerating Python code for ROS interfaces[0m
[ 84%] Built target mav_planning_msgs__py
[ 85%] [32mBuilding C object CMakeFiles/mav_planning_msgs__rosidl_generator_py.dir/rosidl_generator_py/mav_planning_msgs/msg/_point2_d_s.c.o[0m
[ 86%] [32mBuilding C object CMakeFiles/mav_planning_msgs__rosidl_generator_py.dir/rosidl_generator_py/mav_planning_msgs/msg/_polynomial_segment_s.c.o[0m
[ 90%] [32mBuilding C object CMakeFiles/mav_planning_msgs__rosidl_generator_py.dir/rosidl_generator_py/mav_planning_msgs/msg/_polygon_with_holes_stamped_s.c.o[0m
[ 90%] [32mBuilding C object CMakeFiles/mav_planning_msgs__rosidl_generator_py.dir/rosidl_generator_py/mav_planning_msgs/msg/_polynomial_segment4_d_s.c.o[0m
[ 91%] [32mBuilding C object CMakeFiles/mav_planning_msgs__rosidl_generator_py.dir/rosidl_generator_py/mav_planning_msgs/msg/_polynomial_trajectory_s.c.o[0m
[ 91%] [32mBuilding C object CMakeFiles/mav_planning_msgs__rosidl_generator_py.dir/rosidl_generator_py/mav_planning_msgs/msg/_polynomial_trajectory4_d_s.c.o[0m
[ 91%] [32mBuilding C object CMakeFiles/mav_planning_msgs__rosidl_generator_py.dir/rosidl_generator_py/mav_planning_msgs/msg/_polygon2_d_s.c.o[0m
[ 91%] [32mBuilding C object CMakeFiles/mav_planning_msgs__rosidl_generator_py.dir/rosidl_generator_py/mav_planning_msgs/msg/_point_cloud_with_pose_s.c.o[0m
[ 92%] [32mBuilding C object CMakeFiles/mav_planning_msgs__rosidl_generator_py.dir/rosidl_generator_py/mav_planning_msgs/srv/_polygon_service_s.c.o[0m
[ 92%] [32mBuilding C object CMakeFiles/mav_planning_msgs__rosidl_generator_py.dir/rosidl_generator_py/mav_planning_msgs/srv/_planner_service_s.c.o[0m
[ 93%] [32mBuilding C object CMakeFiles/mav_planning_msgs__rosidl_generator_py.dir/rosidl_generator_py/mav_planning_msgs/srv/_change_name_service_s.c.o[0m
[ 94%] [32mBuilding C object CMakeFiles/mav_planning_msgs__rosidl_generator_py.dir/rosidl_generator_py/mav_planning_msgs/msg/_polygon_with_holes_s.c.o[0m
[ 95%] [32m[1mLinking C shared library rosidl_generator_py/mav_planning_msgs/libmav_planning_msgs__rosidl_generator_py.so[0m
[ 95%] Built target mav_planning_msgs__rosidl_generator_py
[ 97%] [32mBuilding C object CMakeFiles/mav_planning_msgs__rosidl_typesupport_introspection_c__pyext.dir/rosidl_generator_py/mav_planning_msgs/_mav_planning_msgs_s.ep.rosidl_typesupport_introspection_c.c.o[0m
[ 97%] [32mBuilding C object CMakeFiles/mav_planning_msgs__rosidl_typesupport_fastrtps_c__pyext.dir/rosidl_generator_py/mav_planning_msgs/_mav_planning_msgs_s.ep.rosidl_typesupport_fastrtps_c.c.o[0m
[ 97%] [32mBuilding C object CMakeFiles/mav_planning_msgs__rosidl_typesupport_c__pyext.dir/rosidl_generator_py/mav_planning_msgs/_mav_planning_msgs_s.ep.rosidl_typesupport_c.c.o[0m
[100%] [32m[1mLinking C shared library rosidl_generator_py/mav_planning_msgs/mav_planning_msgs_s__rosidl_typesupport_fastrtps_c.cpython-310-x86_64-linux-gnu.so[0m
[100%] [32m[1mLinking C shared library rosidl_generator_py/mav_planning_msgs/mav_planning_msgs_s__rosidl_typesupport_c.cpython-310-x86_64-linux-gnu.so[0m
[100%] [32m[1mLinking C shared library rosidl_generator_py/mav_planning_msgs/mav_planning_msgs_s__rosidl_typesupport_introspection_c.cpython-310-x86_64-linux-gnu.so[0m
[100%] Built target mav_planning_msgs__rosidl_typesupport_c__pyext
[100%] Built target mav_planning_msgs__rosidl_typesupport_fastrtps_c__pyext
[100%] Built target mav_planning_msgs__rosidl_typesupport_introspection_c__pyext
-- Install configuration: ""
-- Execute custom install script
-- Symlinking: /home/palash/pico_ws/install/mav_planning_msgs/share/ament_index/resource_index/rosidl_interfaces/mav_planning_msgs
-- Symlinking: /home/palash/pico_ws/install/mav_planning_msgs/include/mav_planning_msgs/mav_planning_msgs/msg/detail/point2_d__functions.h
-- Symlinking: /home/palash/pico_ws/install/mav_planning_msgs/include/mav_planning_msgs/mav_planning_msgs/msg/detail/point2_d__struct.h
-- Symlinking: /home/palash/pico_ws/install/mav_planning_msgs/include/mav_planning_msgs/mav_planning_msgs/msg/detail/point2_d__type_support.h
-- Symlinking: /home/palash/pico_ws/install/mav_planning_msgs/include/mav_planning_msgs/mav_planning_msgs/msg/detail/point_cloud_with_pose__functions.h
-- Symlinking: /home/palash/pico_ws/install/mav_planning_msgs/include/mav_planning_msgs/mav_planning_msgs/msg/detail/point_cloud_with_pose__struct.h
-- Symlinking: /home/palash/pico_ws/install/mav_planning_msgs/include/mav_planning_msgs/mav_planning_msgs/msg/detail/point_cloud_with_pose__type_support.h
-- Symlinking: /home/palash/pico_ws/install/mav_planning_msgs/include/mav_planning_msgs/mav_planning_msgs/msg/detail/polygon2_d__functions.h
-- Symlinking: /home/palash/pico_ws/install/mav_planning_msgs/include/mav_planning_msgs/mav_planning_msgs/msg/detail/polygon2_d__struct.h
-- Symlinking: /home/palash/pico_ws/install/mav_planning_msgs/include/mav_planning_msgs/mav_planning_msgs/msg/detail/polygon2_d__type_support.h
-- Symlinking: /home/palash/pico_ws/install/mav_planning_msgs/include/mav_planning_msgs/mav_planning_msgs/msg/detail/polygon_with_holes__functions.h
-- Symlinking: /home/palash/pico_ws/install/mav_planning_msgs/include/mav_planning_msgs/mav_planning_msgs/msg/detail/polygon_with_holes__struct.h
-- Symlinking: /home/palash/pico_ws/install/mav_planning_msgs/include/mav_planning_msgs/mav_planning_msgs/msg/detail/polygon_with_holes__type_support.h
-- Symlinking: /home/palash/pico_ws/install/mav_planning_msgs/include/mav_planning_msgs/mav_planning_msgs/msg/detail/polygon_with_holes_stamped__functions.h
-- Symlinking: /home/palash/pico_ws/install/mav_planning_msgs/include/mav_planning_msgs/mav_planning_msgs/msg/detail/polygon_with_holes_stamped__struct.h
-- Symlinking: /home/palash/pico_ws/install/mav_planning_msgs/include/mav_planning_msgs/mav_planning_msgs/msg/detail/polygon_with_holes_stamped__type_support.h
-- Symlinking: /home/palash/pico_ws/install/mav_planning_msgs/include/mav_planning_msgs/mav_planning_msgs/msg/detail/polynomial_segment4_d__functions.h
-- Symlinking: /home/palash/pico_ws/install/mav_planning_msgs/include/mav_planning_msgs/mav_planning_msgs/msg/detail/polynomial_segment4_d__struct.h
-- Symlinking: /home/palash/pico_ws/install/mav_planning_msgs/include/mav_planning_msgs/mav_planning_msgs/msg/detail/polynomial_segment4_d__type_support.h
-- Symlinking: /home/palash/pico_ws/install/mav_planning_msgs/include/mav_planning_msgs/mav_planning_msgs/msg/detail/polynomial_segment__functions.h
-- Symlinking: /home/palash/pico_ws/install/mav_planning_msgs/include/mav_planning_msgs/mav_planning_msgs/msg/detail/polynomial_segment__struct.h
-- Symlinking: /home/palash/pico_ws/install/mav_planning_msgs/include/mav_planning_msgs/mav_planning_msgs/msg/detail/polynomial_segment__type_support.h
-- Symlinking: /home/palash/pico_ws/install/mav_planning_msgs/include/mav_planning_msgs/mav_planning_msgs/msg/detail/polynomial_trajectory4_d__functions.h
-- Symlinking: /home/palash/pico_ws/install/mav_planning_msgs/include/mav_planning_msgs/mav_planning_msgs/msg/detail/polynomial_trajectory4_d__struct.h
-- Symlinking: /home/palash/pico_ws/install/mav_planning_msgs/include/mav_planning_msgs/mav_planning_msgs/msg/detail/polynomial_trajectory4_d__type_support.h
-- Symlinking: /home/palash/pico_ws/install/mav_planning_msgs/include/mav_planning_msgs/mav_planning_msgs/msg/detail/polynomial_trajectory__functions.h
-- Symlinking: /home/palash/pico_ws/install/mav_planning_msgs/include/mav_planning_msgs/mav_planning_msgs/msg/detail/polynomial_trajectory__struct.h
-- Symlinking: /home/palash/pico_ws/install/mav_planning_msgs/include/mav_planning_msgs/mav_planning_msgs/msg/detail/polynomial_trajectory__type_support.h
-- Symlinking: /home/palash/pico_ws/install/mav_planning_msgs/include/mav_planning_msgs/mav_planning_msgs/msg/point2_d.h
-- Symlinking: /home/palash/pico_ws/install/mav_planning_msgs/include/mav_planning_msgs/mav_planning_msgs/msg/point_cloud_with_pose.h
-- Symlinking: /home/palash/pico_ws/install/mav_planning_msgs/include/mav_planning_msgs/mav_planning_msgs/msg/polygon2_d.h
-- Symlinking: /home/palash/pico_ws/install/mav_planning_msgs/include/mav_planning_msgs/mav_planning_msgs/msg/polygon_with_holes.h
-- Symlinking: /home/palash/pico_ws/install/mav_planning_msgs/include/mav_planning_msgs/mav_planning_msgs/msg/polygon_with_holes_stamped.h
-- Symlinking: /home/palash/pico_ws/install/mav_planning_msgs/include/mav_planning_msgs/mav_planning_msgs/msg/polynomial_segment.h
-- Symlinking: /home/palash/pico_ws/install/mav_planning_msgs/include/mav_planning_msgs/mav_planning_msgs/msg/polynomial_segment4_d.h
-- Symlinking: /home/palash/pico_ws/install/mav_planning_msgs/include/mav_planning_msgs/mav_planning_msgs/msg/polynomial_trajectory.h
-- Symlinking: /home/palash/pico_ws/install/mav_planning_msgs/include/mav_planning_msgs/mav_planning_msgs/msg/polynomial_trajectory4_d.h
-- Symlinking: /home/palash/pico_ws/install/mav_planning_msgs/include/mav_planning_msgs/mav_planning_msgs/msg/rosidl_generator_c__visibility_control.h
-- Symlinking: /home/palash/pico_ws/install/mav_planning_msgs/include/mav_planning_msgs/mav_planning_msgs/srv/change_name_service.h
-- Symlinking: /home/palash/pico_ws/install/mav_planning_msgs/include/mav_planning_msgs/mav_planning_msgs/srv/detail/change_name_service__functions.h
-- Symlinking: /home/palash/pico_ws/install/mav_planning_msgs/include/mav_planning_msgs/mav_planning_msgs/srv/detail/change_name_service__struct.h
-- Symlinking: /home/palash/pico_ws/install/mav_planning_msgs/include/mav_planning_msgs/mav_planning_msgs/srv/detail/change_name_service__type_support.h
-- Symlinking: /home/palash/pico_ws/install/mav_planning_msgs/include/mav_planning_msgs/mav_planning_msgs/srv/detail/planner_service__functions.h
-- Symlinking: /home/palash/pico_ws/install/mav_planning_msgs/include/mav_planning_msgs/mav_planning_msgs/srv/detail/planner_service__struct.h
-- Symlinking: /home/palash/pico_ws/install/mav_planning_msgs/include/mav_planning_msgs/mav_planning_msgs/srv/detail/planner_service__type_support.h
-- Symlinking: /home/palash/pico_ws/install/mav_planning_msgs/include/mav_planning_msgs/mav_planning_msgs/srv/detail/polygon_service__functions.h
-- Symlinking: /home/palash/pico_ws/install/mav_planning_msgs/include/mav_planning_msgs/mav_planning_msgs/srv/detail/polygon_service__struct.h
-- Symlinking: /home/palash/pico_ws/install/mav_planning_msgs/include/mav_planning_msgs/mav_planning_msgs/srv/detail/polygon_service__type_support.h
-- Symlinking: /home/palash/pico_ws/install/mav_planning_msgs/include/mav_planning_msgs/mav_planning_msgs/srv/planner_service.h
-- Symlinking: /home/palash/pico_ws/install/mav_planning_msgs/include/mav_planning_msgs/mav_planning_msgs/srv/polygon_service.h
-- Symlinking: /home/palash/pico_ws/install/mav_planning_msgs/share/mav_planning_msgs/environment/library_path.sh
-- Symlinking: /home/palash/pico_ws/install/mav_planning_msgs/share/mav_planning_msgs/environment/library_path.dsv
-- Symlinking: /home/palash/pico_ws/install/mav_planning_msgs/include/mav_planning_msgs/mav_planning_msgs/msg/detail/point2_d__rosidl_typesupport_fastrtps_c.h
-- Symlinking: /home/palash/pico_ws/install/mav_planning_msgs/include/mav_planning_msgs/mav_planning_msgs/msg/detail/point_cloud_with_pose__rosidl_typesupport_fastrtps_c.h
-- Symlinking: /home/palash/pico_ws/install/mav_planning_msgs/include/mav_planning_msgs/mav_planning_msgs/msg/detail/polygon2_d__rosidl_typesupport_fastrtps_c.h
-- Symlinking: /home/palash/pico_ws/install/mav_planning_msgs/include/mav_planning_msgs/mav_planning_msgs/msg/detail/polygon_with_holes__rosidl_typesupport_fastrtps_c.h
-- Symlinking: /home/palash/pico_ws/install/mav_planning_msgs/include/mav_planning_msgs/mav_planning_msgs/msg/detail/polygon_with_holes_stamped__rosidl_typesupport_fastrtps_c.h
-- Symlinking: /home/palash/pico_ws/install/mav_planning_msgs/include/mav_planning_msgs/mav_planning_msgs/msg/detail/polynomial_segment4_d__rosidl_typesupport_fastrtps_c.h
-- Symlinking: /home/palash/pico_ws/install/mav_planning_msgs/include/mav_planning_msgs/mav_planning_msgs/msg/detail/polynomial_segment__rosidl_typesupport_fastrtps_c.h
-- Symlinking: /home/palash/pico_ws/install/mav_planning_msgs/include/mav_planning_msgs/mav_planning_msgs/msg/detail/polynomial_trajectory4_d__rosidl_typesupport_fastrtps_c.h
-- Symlinking: /home/palash/pico_ws/install/mav_planning_msgs/include/mav_planning_msgs/mav_planning_msgs/msg/detail/polynomial_trajectory__rosidl_typesupport_fastrtps_c.h
-- Symlinking: /home/palash/pico_ws/install/mav_planning_msgs/include/mav_planning_msgs/mav_planning_msgs/msg/rosidl_typesupport_fastrtps_c__visibility_control.h
-- Symlinking: /home/palash/pico_ws/install/mav_planning_msgs/include/mav_planning_msgs/mav_planning_msgs/srv/detail/change_name_service__rosidl_typesupport_fastrtps_c.h
-- Symlinking: /home/palash/pico_ws/install/mav_planning_msgs/include/mav_planning_msgs/mav_planning_msgs/srv/detail/planner_service__rosidl_typesupport_fastrtps_c.h
-- Symlinking: /home/palash/pico_ws/install/mav_planning_msgs/include/mav_planning_msgs/mav_planning_msgs/srv/detail/polygon_service__rosidl_typesupport_fastrtps_c.h
-- Symlinking: /home/palash/pico_ws/install/mav_planning_msgs/include/mav_planning_msgs/mav_planning_msgs/msg/detail/point2_d__rosidl_typesupport_introspection_c.h
-- Symlinking: /home/palash/pico_ws/install/mav_planning_msgs/include/mav_planning_msgs/mav_planning_msgs/msg/detail/point_cloud_with_pose__rosidl_typesupport_introspection_c.h
-- Symlinking: /home/palash/pico_ws/install/mav_planning_msgs/include/mav_planning_msgs/mav_planning_msgs/msg/detail/polygon2_d__rosidl_typesupport_introspection_c.h
-- Symlinking: /home/palash/pico_ws/install/mav_planning_msgs/include/mav_planning_msgs/mav_planning_msgs/msg/detail/polygon_with_holes__rosidl_typesupport_introspection_c.h
-- Symlinking: /home/palash/pico_ws/install/mav_planning_msgs/include/mav_planning_msgs/mav_planning_msgs/msg/detail/polygon_with_holes_stamped__rosidl_typesupport_introspection_c.h
-- Symlinking: /home/palash/pico_ws/install/mav_planning_msgs/include/mav_planning_msgs/mav_planning_msgs/msg/detail/polynomial_segment4_d__rosidl_typesupport_introspection_c.h
-- Symlinking: /home/palash/pico_ws/install/mav_planning_msgs/include/mav_planning_msgs/mav_planning_msgs/msg/detail/polynomial_segment__rosidl_typesupport_introspection_c.h
-- Symlinking: /home/palash/pico_ws/install/mav_planning_msgs/include/mav_planning_msgs/mav_planning_msgs/msg/detail/polynomial_trajectory4_d__rosidl_typesupport_introspection_c.h
-- Symlinking: /home/palash/pico_ws/install/mav_planning_msgs/include/mav_planning_msgs/mav_planning_msgs/msg/detail/polynomial_trajectory__rosidl_typesupport_introspection_c.h
-- Symlinking: /home/palash/pico_ws/install/mav_planning_msgs/include/mav_planning_msgs/mav_planning_msgs/msg/rosidl_typesupport_introspection_c__visibility_control.h
-- Symlinking: /home/palash/pico_ws/install/mav_planning_msgs/include/mav_planning_msgs/mav_planning_msgs/srv/detail/change_name_service__rosidl_typesupport_introspection_c.h
-- Symlinking: /home/palash/pico_ws/install/mav_planning_msgs/include/mav_planning_msgs/mav_planning_msgs/srv/detail/planner_service__rosidl_typesupport_introspection_c.h
-- Symlinking: /home/palash/pico_ws/install/mav_planning_msgs/include/mav_planning_msgs/mav_planning_msgs/srv/detail/polygon_service__rosidl_typesupport_introspection_c.h
-- Symlinking: /home/palash/pico_ws/install/mav_planning_msgs/include/mav_planning_msgs/mav_planning_msgs/msg/detail/point2_d__builder.hpp
-- Symlinking: /home/palash/pico_ws/install/mav_planning_msgs/include/mav_planning_msgs/mav_planning_msgs/msg/detail/point2_d__struct.hpp
-- Symlinking: /home/palash/pico_ws/install/mav_planning_msgs/include/mav_planning_msgs/mav_planning_msgs/msg/detail/point2_d__traits.hpp
-- Symlinking: /home/palash/pico_ws/install/mav_planning_msgs/include/mav_planning_msgs/mav_planning_msgs/msg/detail/point2_d__type_support.hpp
-- Symlinking: /home/palash/pico_ws/install/mav_planning_msgs/include/mav_planning_msgs/mav_planning_msgs/msg/detail/point_cloud_with_pose__builder.hpp
-- Symlinking: /home/palash/pico_ws/install/mav_planning_msgs/include/mav_planning_msgs/mav_planning_msgs/msg/detail/point_cloud_with_pose__struct.hpp
-- Symlinking: /home/palash/pico_ws/install/mav_planning_msgs/include/mav_planning_msgs/mav_planning_msgs/msg/detail/point_cloud_with_pose__traits.hpp
-- Symlinking: /home/palash/pico_ws/install/mav_planning_msgs/include/mav_planning_msgs/mav_planning_msgs/msg/detail/point_cloud_with_pose__type_support.hpp
-- Symlinking: /home/palash/pico_ws/install/mav_planning_msgs/include/mav_planning_msgs/mav_planning_msgs/msg/detail/polygon2_d__builder.hpp
-- Symlinking: /home/palash/pico_ws/install/mav_planning_msgs/include/mav_planning_msgs/mav_planning_msgs/msg/detail/polygon2_d__struct.hpp
-- Symlinking: /home/palash/pico_ws/install/mav_planning_msgs/include/mav_planning_msgs/mav_planning_msgs/msg/detail/polygon2_d__traits.hpp
-- Symlinking: /home/palash/pico_ws/install/mav_planning_msgs/include/mav_planning_msgs/mav_planning_msgs/msg/detail/polygon2_d__type_support.hpp
-- Symlinking: /home/palash/pico_ws/install/mav_planning_msgs/include/mav_planning_msgs/mav_planning_msgs/msg/detail/polygon_with_holes__builder.hpp
-- Symlinking: /home/palash/pico_ws/install/mav_planning_msgs/include/mav_planning_msgs/mav_planning_msgs/msg/detail/polygon_with_holes__struct.hpp
-- Symlinking: /home/palash/pico_ws/install/mav_planning_msgs/include/mav_planning_msgs/mav_planning_msgs/msg/detail/polygon_with_holes__traits.hpp
-- Symlinking: /home/palash/pico_ws/install/mav_planning_msgs/include/mav_planning_msgs/mav_planning_msgs/msg/detail/polygon_with_holes__type_support.hpp
-- Symlinking: /home/palash/pico_ws/install/mav_planning_msgs/include/mav_planning_msgs/mav_planning_msgs/msg/detail/polygon_with_holes_stamped__builder.hpp
-- Symlinking: /home/palash/pico_ws/install/mav_planning_msgs/include/mav_planning_msgs/mav_planning_msgs/msg/detail/polygon_with_holes_stamped__struct.hpp
-- Symlinking: /home/palash/pico_ws/install/mav_planning_msgs/include/mav_planning_msgs/mav_planning_msgs/msg/detail/polygon_with_holes_stamped__traits.hpp
-- Symlinking: /home/palash/pico_ws/install/mav_planning_msgs/include/mav_planning_msgs/mav_planning_msgs/msg/detail/polygon_with_holes_stamped__type_support.hpp
-- Symlinking: /home/palash/pico_ws/install/mav_planning_msgs/include/mav_planning_msgs/mav_planning_msgs/msg/detail/polynomial_segment4_d__builder.hpp
-- Symlinking: /home/palash/pico_ws/install/mav_planning_msgs/include/mav_planning_msgs/mav_planning_msgs/msg/detail/polynomial_segment4_d__struct.hpp
-- Symlinking: /home/palash/pico_ws/install/mav_planning_msgs/include/mav_planning_msgs/mav_planning_msgs/msg/detail/polynomial_segment4_d__traits.hpp
-- Symlinking: /home/palash/pico_ws/install/mav_planning_msgs/include/mav_planning_msgs/mav_planning_msgs/msg/detail/polynomial_segment4_d__type_support.hpp
-- Symlinking: /home/palash/pico_ws/install/mav_planning_msgs/include/mav_planning_msgs/mav_planning_msgs/msg/detail/polynomial_segment__builder.hpp
-- Symlinking: /home/palash/pico_ws/install/mav_planning_msgs/include/mav_planning_msgs/mav_planning_msgs/msg/detail/polynomial_segment__struct.hpp
-- Symlinking: /home/palash/pico_ws/install/mav_planning_msgs/include/mav_planning_msgs/mav_planning_msgs/msg/detail/polynomial_segment__traits.hpp
-- Symlinking: /home/palash/pico_ws/install/mav_planning_msgs/include/mav_planning_msgs/mav_planning_msgs/msg/detail/polynomial_segment__type_support.hpp
-- Symlinking: /home/palash/pico_ws/install/mav_planning_msgs/include/mav_planning_msgs/mav_planning_msgs/msg/detail/polynomial_trajectory4_d__builder.hpp
-- Symlinking: /home/palash/pico_ws/install/mav_planning_msgs/include/mav_planning_msgs/mav_planning_msgs/msg/detail/polynomial_trajectory4_d__struct.hpp
-- Symlinking: /home/palash/pico_ws/install/mav_planning_msgs/include/mav_planning_msgs/mav_planning_msgs/msg/detail/polynomial_trajectory4_d__traits.hpp
-- Symlinking: /home/palash/pico_ws/install/mav_planning_msgs/include/mav_planning_msgs/mav_planning_msgs/msg/detail/polynomial_trajectory4_d__type_support.hpp
-- Symlinking: /home/palash/pico_ws/install/mav_planning_msgs/include/mav_planning_msgs/mav_planning_msgs/msg/detail/polynomial_trajectory__builder.hpp
-- Symlinking: /home/palash/pico_ws/install/mav_planning_msgs/include/mav_planning_msgs/mav_planning_msgs/msg/detail/polynomial_trajectory__struct.hpp
-- Symlinking: /home/palash/pico_ws/install/mav_planning_msgs/include/mav_planning_msgs/mav_planning_msgs/msg/detail/polynomial_trajectory__traits.hpp
-- Symlinking: /home/palash/pico_ws/install/mav_planning_msgs/include/mav_planning_msgs/mav_planning_msgs/msg/detail/polynomial_trajectory__type_support.hpp
-- Symlinking: /home/palash/pico_ws/install/mav_planning_msgs/include/mav_planning_msgs/mav_planning_msgs/msg/point2_d.hpp
-- Symlinking: /home/palash/pico_ws/install/mav_planning_msgs/include/mav_planning_msgs/mav_planning_msgs/msg/point_cloud_with_pose.hpp
-- Symlinking: /home/palash/pico_ws/install/mav_planning_msgs/include/mav_planning_msgs/mav_planning_msgs/msg/polygon2_d.hpp
-- Symlinking: /home/palash/pico_ws/install/mav_planning_msgs/include/mav_planning_msgs/mav_planning_msgs/msg/polygon_with_holes.hpp
-- Symlinking: /home/palash/pico_ws/install/mav_planning_msgs/include/mav_planning_msgs/mav_planning_msgs/msg/polygon_with_holes_stamped.hpp
-- Symlinking: /home/palash/pico_ws/install/mav_planning_msgs/include/mav_planning_msgs/mav_planning_msgs/msg/polynomial_segment.hpp
-- Symlinking: /home/palash/pico_ws/install/mav_planning_msgs/include/mav_planning_msgs/mav_planning_msgs/msg/polynomial_segment4_d.hpp
-- Symlinking: /home/palash/pico_ws/install/mav_planning_msgs/include/mav_planning_msgs/mav_planning_msgs/msg/polynomial_trajectory.hpp
-- Symlinking: /home/palash/pico_ws/install/mav_planning_msgs/include/mav_planning_msgs/mav_planning_msgs/msg/polynomial_trajectory4_d.hpp
-- Symlinking: /home/palash/pico_ws/install/mav_planning_msgs/include/mav_planning_msgs/mav_planning_msgs/msg/rosidl_generator_cpp__visibility_control.hpp
-- Symlinking: /home/palash/pico_ws/install/mav_planning_msgs/include/mav_planning_msgs/mav_planning_msgs/srv/change_name_service.hpp
-- Symlinking: /home/palash/pico_ws/install/mav_planning_msgs/include/mav_planning_msgs/mav_planning_msgs/srv/detail/change_name_service__builder.hpp
-- Symlinking: /home/palash/pico_ws/install/mav_planning_msgs/include/mav_planning_msgs/mav_planning_msgs/srv/detail/change_name_service__struct.hpp
-- Symlinking: /home/palash/pico_ws/install/mav_planning_msgs/include/mav_planning_msgs/mav_planning_msgs/srv/detail/change_name_service__traits.hpp
-- Symlinking: /home/palash/pico_ws/install/mav_planning_msgs/include/mav_planning_msgs/mav_planning_msgs/srv/detail/change_name_service__type_support.hpp
-- Symlinking: /home/palash/pico_ws/install/mav_planning_msgs/include/mav_planning_msgs/mav_planning_msgs/srv/detail/planner_service__builder.hpp
-- Symlinking: /home/palash/pico_ws/install/mav_planning_msgs/include/mav_planning_msgs/mav_planning_msgs/srv/detail/planner_service__struct.hpp
-- Symlinking: /home/palash/pico_ws/install/mav_planning_msgs/include/mav_planning_msgs/mav_planning_msgs/srv/detail/planner_service__traits.hpp
-- Symlinking: /home/palash/pico_ws/install/mav_planning_msgs/include/mav_planning_msgs/mav_planning_msgs/srv/detail/planner_service__type_support.hpp
-- Symlinking: /home/palash/pico_ws/install/mav_planning_msgs/include/mav_planning_msgs/mav_planning_msgs/srv/detail/polygon_service__builder.hpp
-- Symlinking: /home/palash/pico_ws/install/mav_planning_msgs/include/mav_planning_msgs/mav_planning_msgs/srv/detail/polygon_service__struct.hpp
-- Symlinking: /home/palash/pico_ws/install/mav_planning_msgs/include/mav_planning_msgs/mav_planning_msgs/srv/detail/polygon_service__traits.hpp
-- Symlinking: /home/palash/pico_ws/install/mav_planning_msgs/include/mav_planning_msgs/mav_planning_msgs/srv/detail/polygon_service__type_support.hpp
-- Symlinking: /home/palash/pico_ws/install/mav_planning_msgs/include/mav_planning_msgs/mav_planning_msgs/srv/planner_service.hpp
-- Symlinking: /home/palash/pico_ws/install/mav_planning_msgs/include/mav_planning_msgs/mav_planning_msgs/srv/polygon_service.hpp
-- Symlinking: /home/palash/pico_ws/install/mav_planning_msgs/include/mav_planning_msgs/mav_planning_msgs/msg/detail/point2_d__rosidl_typesupport_fastrtps_cpp.hpp
-- Symlinking: /home/palash/pico_ws/install/mav_planning_msgs/include/mav_planning_msgs/mav_planning_msgs/msg/detail/point_cloud_with_pose__rosidl_typesupport_fastrtps_cpp.hpp
-- Symlinking: /home/palash/pico_ws/install/mav_planning_msgs/include/mav_planning_msgs/mav_planning_msgs/msg/detail/polygon2_d__rosidl_typesupport_fastrtps_cpp.hpp
-- Symlinking: /home/palash/pico_ws/install/mav_planning_msgs/include/mav_planning_msgs/mav_planning_msgs/msg/detail/polygon_with_holes__rosidl_typesupport_fastrtps_cpp.hpp
-- Symlinking: /home/palash/pico_ws/install/mav_planning_msgs/include/mav_planning_msgs/mav_planning_msgs/msg/detail/polygon_with_holes_stamped__rosidl_typesupport_fastrtps_cpp.hpp
-- Symlinking: /home/palash/pico_ws/install/mav_planning_msgs/include/mav_planning_msgs/mav_planning_msgs/msg/detail/polynomial_segment4_d__rosidl_typesupport_fastrtps_cpp.hpp
-- Symlinking: /home/palash/pico_ws/install/mav_planning_msgs/include/mav_planning_msgs/mav_planning_msgs/msg/detail/polynomial_segment__rosidl_typesupport_fastrtps_cpp.hpp
-- Symlinking: /home/palash/pico_ws/install/mav_planning_msgs/include/mav_planning_msgs/mav_planning_msgs/msg/detail/polynomial_trajectory4_d__rosidl_typesupport_fastrtps_cpp.hpp
-- Symlinking: /home/palash/pico_ws/install/mav_planning_msgs/include/mav_planning_msgs/mav_planning_msgs/msg/detail/polynomial_trajectory__rosidl_typesupport_fastrtps_cpp.hpp
-- Symlinking: /home/palash/pico_ws/install/mav_planning_msgs/include/mav_planning_msgs/mav_planning_msgs/msg/rosidl_typesupport_fastrtps_cpp__visibility_control.h
-- Symlinking: /home/palash/pico_ws/install/mav_planning_msgs/include/mav_planning_msgs/mav_planning_msgs/srv/detail/change_name_service__rosidl_typesupport_fastrtps_cpp.hpp
-- Symlinking: /home/palash/pico_ws/install/mav_planning_msgs/include/mav_planning_msgs/mav_planning_msgs/srv/detail/planner_service__rosidl_typesupport_fastrtps_cpp.hpp
-- Symlinking: /home/palash/pico_ws/install/mav_planning_msgs/include/mav_planning_msgs/mav_planning_msgs/srv/detail/polygon_service__rosidl_typesupport_fastrtps_cpp.hpp
-- Symlinking: /home/palash/pico_ws/install/mav_planning_msgs/include/mav_planning_msgs/mav_planning_msgs/msg/detail/point2_d__rosidl_typesupport_introspection_cpp.hpp
-- Symlinking: /home/palash/pico_ws/install/mav_planning_msgs/include/mav_planning_msgs/mav_planning_msgs/msg/detail/point_cloud_with_pose__rosidl_typesupport_introspection_cpp.hpp
-- Symlinking: /home/palash/pico_ws/install/mav_planning_msgs/include/mav_planning_msgs/mav_planning_msgs/msg/detail/polygon2_d__rosidl_typesupport_introspection_cpp.hpp
-- Symlinking: /home/palash/pico_ws/install/mav_planning_msgs/include/mav_planning_msgs/mav_planning_msgs/msg/detail/polygon_with_holes__rosidl_typesupport_introspection_cpp.hpp
-- Symlinking: /home/palash/pico_ws/install/mav_planning_msgs/include/mav_planning_msgs/mav_planning_msgs/msg/detail/polygon_with_holes_stamped__rosidl_typesupport_introspection_cpp.hpp
-- Symlinking: /home/palash/pico_ws/install/mav_planning_msgs/include/mav_planning_msgs/mav_planning_msgs/msg/detail/polynomial_segment4_d__rosidl_typesupport_introspection_cpp.hpp
-- Symlinking: /home/palash/pico_ws/install/mav_planning_msgs/include/mav_planning_msgs/mav_planning_msgs/msg/detail/polynomial_segment__rosidl_typesupport_introspection_cpp.hpp
-- Symlinking: /home/palash/pico_ws/install/mav_planning_msgs/include/mav_planning_msgs/mav_planning_msgs/msg/detail/polynomial_trajectory4_d__rosidl_typesupport_introspection_cpp.hpp
-- Symlinking: /home/palash/pico_ws/install/mav_planning_msgs/include/mav_planning_msgs/mav_planning_msgs/msg/detail/polynomial_trajectory__rosidl_typesupport_introspection_cpp.hpp
-- Symlinking: /home/palash/pico_ws/install/mav_planning_msgs/include/mav_planning_msgs/mav_planning_msgs/srv/detail/change_name_service__rosidl_typesupport_introspection_cpp.hpp
-- Symlinking: /home/palash/pico_ws/install/mav_planning_msgs/include/mav_planning_msgs/mav_planning_msgs/srv/detail/planner_service__rosidl_typesupport_introspection_cpp.hpp
-- Symlinking: /home/palash/pico_ws/install/mav_planning_msgs/include/mav_planning_msgs/mav_planning_msgs/srv/detail/polygon_service__rosidl_typesupport_introspection_cpp.hpp
-- Symlinking: /home/palash/pico_ws/install/mav_planning_msgs/share/mav_planning_msgs/environment/pythonpath.sh
-- Symlinking: /home/palash/pico_ws/install/mav_planning_msgs/share/mav_planning_msgs/environment/pythonpath.dsv
-- Symlinking: /home/palash/pico_ws/install/mav_planning_msgs/local/lib/python3.10/dist-packages/mav_planning_msgs-3.3.3-py3.10.egg-info/PKG-INFO
-- Symlinking: /home/palash/pico_ws/install/mav_planning_msgs/local/lib/python3.10/dist-packages/mav_planning_msgs-3.3.3-py3.10.egg-info/SOURCES.txt
-- Symlinking: /home/palash/pico_ws/install/mav_planning_msgs/local/lib/python3.10/dist-packages/mav_planning_msgs-3.3.3-py3.10.egg-info/dependency_links.txt
-- Symlinking: /home/palash/pico_ws/install/mav_planning_msgs/local/lib/python3.10/dist-packages/mav_planning_msgs-3.3.3-py3.10.egg-info/top_level.txt
-- Symlinking: /home/palash/pico_ws/install/mav_planning_msgs/local/lib/python3.10/dist-packages/mav_planning_msgs/__init__.py
-- Symlinking: /home/palash/pico_ws/install/mav_planning_msgs/local/lib/python3.10/dist-packages/mav_planning_msgs/_mav_planning_msgs_s.ep.rosidl_typesupport_c.c
-- Symlinking: /home/palash/pico_ws/install/mav_planning_msgs/local/lib/python3.10/dist-packages/mav_planning_msgs/_mav_planning_msgs_s.ep.rosidl_typesupport_fastrtps_c.c
-- Symlinking: /home/palash/pico_ws/install/mav_planning_msgs/local/lib/python3.10/dist-packages/mav_planning_msgs/_mav_planning_msgs_s.ep.rosidl_typesupport_introspection_c.c
-- Symlinking: /home/palash/pico_ws/install/mav_planning_msgs/local/lib/python3.10/dist-packages/mav_planning_msgs/libmav_planning_msgs__rosidl_generator_py.so
-- Symlinking: /home/palash/pico_ws/install/mav_planning_msgs/local/lib/python3.10/dist-packages/mav_planning_msgs/mav_planning_msgs_s__rosidl_typesupport_c.cpython-310-x86_64-linux-gnu.so
-- Symlinking: /home/palash/pico_ws/install/mav_planning_msgs/local/lib/python3.10/dist-packages/mav_planning_msgs/mav_planning_msgs_s__rosidl_typesupport_fastrtps_c.cpython-310-x86_64-linux-gnu.so
-- Symlinking: /home/palash/pico_ws/install/mav_planning_msgs/local/lib/python3.10/dist-packages/mav_planning_msgs/mav_planning_msgs_s__rosidl_typesupport_introspection_c.cpython-310-x86_64-linux-gnu.so
-- Symlinking: /home/palash/pico_ws/install/mav_planning_msgs/local/lib/python3.10/dist-packages/mav_planning_msgs/msg/__init__.py
-- Symlinking: /home/palash/pico_ws/install/mav_planning_msgs/local/lib/python3.10/dist-packages/mav_planning_msgs/msg/_point2_d.py
-- Symlinking: /home/palash/pico_ws/install/mav_planning_msgs/local/lib/python3.10/dist-packages/mav_planning_msgs/msg/_point2_d_s.c
-- Symlinking: /home/palash/pico_ws/install/mav_planning_msgs/local/lib/python3.10/dist-packages/mav_planning_msgs/msg/_point_cloud_with_pose.py
-- Symlinking: /home/palash/pico_ws/install/mav_planning_msgs/local/lib/python3.10/dist-packages/mav_planning_msgs/msg/_point_cloud_with_pose_s.c
-- Symlinking: /home/palash/pico_ws/install/mav_planning_msgs/local/lib/python3.10/dist-packages/mav_planning_msgs/msg/_polygon2_d.py
-- Symlinking: /home/palash/pico_ws/install/mav_planning_msgs/local/lib/python3.10/dist-packages/mav_planning_msgs/msg/_polygon2_d_s.c
-- Symlinking: /home/palash/pico_ws/install/mav_planning_msgs/local/lib/python3.10/dist-packages/mav_planning_msgs/msg/_polygon_with_holes.py
-- Symlinking: /home/palash/pico_ws/install/mav_planning_msgs/local/lib/python3.10/dist-packages/mav_planning_msgs/msg/_polygon_with_holes_s.c
-- Symlinking: /home/palash/pico_ws/install/mav_planning_msgs/local/lib/python3.10/dist-packages/mav_planning_msgs/msg/_polygon_with_holes_stamped.py
-- Symlinking: /home/palash/pico_ws/install/mav_planning_msgs/local/lib/python3.10/dist-packages/mav_planning_msgs/msg/_polygon_with_holes_stamped_s.c
-- Symlinking: /home/palash/pico_ws/install/mav_planning_msgs/local/lib/python3.10/dist-packages/mav_planning_msgs/msg/_polynomial_segment.py
-- Symlinking: /home/palash/pico_ws/install/mav_planning_msgs/local/lib/python3.10/dist-packages/mav_planning_msgs/msg/_polynomial_segment4_d.py
-- Symlinking: /home/palash/pico_ws/install/mav_planning_msgs/local/lib/python3.10/dist-packages/mav_planning_msgs/msg/_polynomial_segment4_d_s.c
-- Symlinking: /home/palash/pico_ws/install/mav_planning_msgs/local/lib/python3.10/dist-packages/mav_planning_msgs/msg/_polynomial_segment_s.c
-- Symlinking: /home/palash/pico_ws/install/mav_planning_msgs/local/lib/python3.10/dist-packages/mav_planning_msgs/msg/_polynomial_trajectory.py
-- Symlinking: /home/palash/pico_ws/install/mav_planning_msgs/local/lib/python3.10/dist-packages/mav_planning_msgs/msg/_polynomial_trajectory4_d.py
-- Symlinking: /home/palash/pico_ws/install/mav_planning_msgs/local/lib/python3.10/dist-packages/mav_planning_msgs/msg/_polynomial_trajectory4_d_s.c
-- Symlinking: /home/palash/pico_ws/install/mav_planning_msgs/local/lib/python3.10/dist-packages/mav_planning_msgs/msg/_polynomial_trajectory_s.c
-- Symlinking: /home/palash/pico_ws/install/mav_planning_msgs/local/lib/python3.10/dist-packages/mav_planning_msgs/srv/__init__.py
-- Symlinking: /home/palash/pico_ws/install/mav_planning_msgs/local/lib/python3.10/dist-packages/mav_planning_msgs/srv/_change_name_service.py
-- Symlinking: /home/palash/pico_ws/install/mav_planning_msgs/local/lib/python3.10/dist-packages/mav_planning_msgs/srv/_change_name_service_s.c
-- Symlinking: /home/palash/pico_ws/install/mav_planning_msgs/local/lib/python3.10/dist-packages/mav_planning_msgs/srv/_planner_service.py
-- Symlinking: /home/palash/pico_ws/install/mav_planning_msgs/local/lib/python3.10/dist-packages/mav_planning_msgs/srv/_planner_service_s.c
-- Symlinking: /home/palash/pico_ws/install/mav_planning_msgs/local/lib/python3.10/dist-packages/mav_planning_msgs/srv/_polygon_service.py
-- Symlinking: /home/palash/pico_ws/install/mav_planning_msgs/local/lib/python3.10/dist-packages/mav_planning_msgs/srv/_polygon_service_s.c
-- Up-to-date symlink: /home/palash/pico_ws/install/mav_planning_msgs/local/lib/python3.10/dist-packages/mav_planning_msgs/mav_planning_msgs_s__rosidl_typesupport_fastrtps_c.cpython-310-x86_64-linux-gnu.so
-- Up-to-date symlink: /home/palash/pico_ws/install/mav_planning_msgs/local/lib/python3.10/dist-packages/mav_planning_msgs/mav_planning_msgs_s__rosidl_typesupport_introspection_c.cpython-310-x86_64-linux-gnu.so
-- Up-to-date symlink: /home/palash/pico_ws/install/mav_planning_msgs/local/lib/python3.10/dist-packages/mav_planning_msgs/mav_planning_msgs_s__rosidl_typesupport_c.cpython-310-x86_64-linux-gnu.so
-- Symlinking: /home/palash/pico_ws/install/mav_planning_msgs/share/mav_planning_msgs/msg/Point2D.idl
-- Symlinking: /home/palash/pico_ws/install/mav_planning_msgs/share/mav_planning_msgs/msg/PointCloudWithPose.idl
-- Symlinking: /home/palash/pico_ws/install/mav_planning_msgs/share/mav_planning_msgs/msg/Polygon2D.idl
-- Symlinking: /home/palash/pico_ws/install/mav_planning_msgs/share/mav_planning_msgs/msg/PolygonWithHoles.idl
-- Symlinking: /home/palash/pico_ws/install/mav_planning_msgs/share/mav_planning_msgs/msg/PolygonWithHolesStamped.idl
-- Symlinking: /home/palash/pico_ws/install/mav_planning_msgs/share/mav_planning_msgs/msg/PolynomialSegment.idl
-- Symlinking: /home/palash/pico_ws/install/mav_planning_msgs/share/mav_planning_msgs/msg/PolynomialSegment4D.idl
-- Symlinking: /home/palash/pico_ws/install/mav_planning_msgs/share/mav_planning_msgs/msg/PolynomialTrajectory.idl
-- Symlinking: /home/palash/pico_ws/install/mav_planning_msgs/share/mav_planning_msgs/msg/PolynomialTrajectory4D.idl
-- Symlinking: /home/palash/pico_ws/install/mav_planning_msgs/share/mav_planning_msgs/srv/PlannerService.idl
-- Symlinking: /home/palash/pico_ws/install/mav_planning_msgs/share/mav_planning_msgs/srv/PolygonService.idl
-- Symlinking: /home/palash/pico_ws/install/mav_planning_msgs/share/mav_planning_msgs/srv/ChangeNameService.idl
-- Symlinking: /home/palash/pico_ws/install/mav_planning_msgs/share/mav_planning_msgs/msg/Point2D.msg
-- Symlinking: /home/palash/pico_ws/install/mav_planning_msgs/share/mav_planning_msgs/msg/PointCloudWithPose.msg
-- Symlinking: /home/palash/pico_ws/install/mav_planning_msgs/share/mav_planning_msgs/msg/Polygon2D.msg
-- Symlinking: /home/palash/pico_ws/install/mav_planning_msgs/share/mav_planning_msgs/msg/PolygonWithHoles.msg
-- Symlinking: /home/palash/pico_ws/install/mav_planning_msgs/share/mav_planning_msgs/msg/PolygonWithHolesStamped.msg
-- Symlinking: /home/palash/pico_ws/install/mav_planning_msgs/share/mav_planning_msgs/msg/PolynomialSegment.msg
-- Symlinking: /home/palash/pico_ws/install/mav_planning_msgs/share/mav_planning_msgs/msg/PolynomialSegment4D.msg
-- Symlinking: /home/palash/pico_ws/install/mav_planning_msgs/share/mav_planning_msgs/msg/PolynomialTrajectory.msg
-- Symlinking: /home/palash/pico_ws/install/mav_planning_msgs/share/mav_planning_msgs/msg/PolynomialTrajectory4D.msg
-- Symlinking: /home/palash/pico_ws/install/mav_planning_msgs/share/mav_planning_msgs/srv/PlannerService.srv
-- Symlinking: /home/palash/pico_ws/install/mav_planning_msgs/share/mav_planning_msgs/srv/PlannerService_Request.msg
-- Symlinking: /home/palash/pico_ws/install/mav_planning_msgs/share/mav_planning_msgs/srv/PlannerService_Response.msg
-- Symlinking: /home/palash/pico_ws/install/mav_planning_msgs/share/mav_planning_msgs/srv/PolygonService.srv
-- Symlinking: /home/palash/pico_ws/install/mav_planning_msgs/share/mav_planning_msgs/srv/PolygonService_Request.msg
-- Symlinking: /home/palash/pico_ws/install/mav_planning_msgs/share/mav_planning_msgs/srv/PolygonService_Response.msg
-- Symlinking: /home/palash/pico_ws/install/mav_planning_msgs/share/mav_planning_msgs/srv/ChangeNameService.srv
-- Symlinking: /home/palash/pico_ws/install/mav_planning_msgs/share/mav_planning_msgs/srv/ChangeNameService_Request.msg
-- Symlinking: /home/palash/pico_ws/install/mav_planning_msgs/share/mav_planning_msgs/srv/ChangeNameService_Response.msg
-- Symlinking: /home/palash/pico_ws/install/mav_planning_msgs/share/ament_index/resource_index/package_run_dependencies/mav_planning_msgs
-- Symlinking: /home/palash/pico_ws/install/mav_planning_msgs/share/ament_index/resource_index/parent_prefix_path/mav_planning_msgs
-- Symlinking: /home/palash/pico_ws/install/mav_planning_msgs/share/mav_planning_msgs/environment/ament_prefix_path.sh
-- Symlinking: /home/palash/pico_ws/install/mav_planning_msgs/share/mav_planning_msgs/environment/ament_prefix_path.dsv
-- Symlinking: /home/palash/pico_ws/install/mav_planning_msgs/share/mav_planning_msgs/environment/path.sh
-- Symlinking: /home/palash/pico_ws/install/mav_planning_msgs/share/mav_planning_msgs/environment/path.dsv
-- Symlinking: /home/palash/pico_ws/install/mav_planning_msgs/share/mav_planning_msgs/local_setup.bash
-- Symlinking: /home/palash/pico_ws/install/mav_planning_msgs/share/mav_planning_msgs/local_setup.sh
-- Symlinking: /home/palash/pico_ws/install/mav_planning_msgs/share/mav_planning_msgs/local_setup.zsh
-- Symlinking: /home/palash/pico_ws/install/mav_planning_msgs/share/mav_planning_msgs/local_setup.dsv
-- Symlinking: /home/palash/pico_ws/install/mav_planning_msgs/share/mav_planning_msgs/package.dsv
-- Symlinking: /home/palash/pico_ws/install/mav_planning_msgs/share/ament_index/resource_index/packages/mav_planning_msgs
-- Symlinking: /home/palash/pico_ws/install/mav_planning_msgs/share/mav_planning_msgs/cmake/rosidl_cmake-extras.cmake
-- Symlinking: /home/palash/pico_ws/install/mav_planning_msgs/share/mav_planning_msgs/cmake/ament_cmake_export_dependencies-extras.cmake
-- Symlinking: /home/palash/pico_ws/install/mav_planning_msgs/share/mav_planning_msgs/cmake/ament_cmake_export_include_directories-extras.cmake
-- Symlinking: /home/palash/pico_ws/install/mav_planning_msgs/share/mav_planning_msgs/cmake/ament_cmake_export_libraries-extras.cmake
-- Symlinking: /home/palash/pico_ws/install/mav_planning_msgs/share/mav_planning_msgs/cmake/ament_cmake_export_targets-extras.cmake
-- Symlinking: /home/palash/pico_ws/install/mav_planning_msgs/share/mav_planning_msgs/cmake/rosidl_cmake_export_typesupport_targets-extras.cmake
-- Symlinking: /home/palash/pico_ws/install/mav_planning_msgs/share/mav_planning_msgs/cmake/rosidl_cmake_export_typesupport_libraries-extras.cmake
-- Symlinking: /home/palash/pico_ws/install/mav_planning_msgs/share/mav_planning_msgs/cmake/mav_planning_msgsConfig.cmake
-- Symlinking: /home/palash/pico_ws/install/mav_planning_msgs/share/mav_planning_msgs/cmake/mav_planning_msgsConfig-version.cmake
-- Symlinking: /home/palash/pico_ws/install/mav_planning_msgs/share/mav_planning_msgs/package.xml
-- Installing: /home/palash/pico_ws/install/mav_planning_msgs/lib/libmav_planning_msgs__rosidl_generator_c.so
-- Set runtime path of "/home/palash/pico_ws/install/mav_planning_msgs/lib/libmav_planning_msgs__rosidl_generator_c.so" to ""
-- Installing: /home/palash/pico_ws/install/mav_planning_msgs/lib/libmav_planning_msgs__rosidl_typesupport_fastrtps_c.so
-- Set runtime path of "/home/palash/pico_ws/install/mav_planning_msgs/lib/libmav_planning_msgs__rosidl_typesupport_fastrtps_c.so" to ""
-- Installing: /home/palash/pico_ws/install/mav_planning_msgs/lib/libmav_planning_msgs__rosidl_typesupport_introspection_c.so
-- Set runtime path of "/home/palash/pico_ws/install/mav_planning_msgs/lib/libmav_planning_msgs__rosidl_typesupport_introspection_c.so" to ""
-- Installing: /home/palash/pico_ws/install/mav_planning_msgs/lib/libmav_planning_msgs__rosidl_typesupport_c.so
-- Set runtime path of "/home/palash/pico_ws/install/mav_planning_msgs/lib/libmav_planning_msgs__rosidl_typesupport_c.so" to ""
-- Installing: /home/palash/pico_ws/install/mav_planning_msgs/lib/libmav_planning_msgs__rosidl_typesupport_fastrtps_cpp.so
-- Set runtime path of "/home/palash/pico_ws/install/mav_planning_msgs/lib/libmav_planning_msgs__rosidl_typesupport_fastrtps_cpp.so" to ""
-- Installing: /home/palash/pico_ws/install/mav_planning_msgs/lib/libmav_planning_msgs__rosidl_typesupport_introspection_cpp.so
-- Set runtime path of "/home/palash/pico_ws/install/mav_planning_msgs/lib/libmav_planning_msgs__rosidl_typesupport_introspection_cpp.so" to ""
-- Installing: /home/palash/pico_ws/install/mav_planning_msgs/lib/libmav_planning_msgs__rosidl_typesupport_cpp.so
-- Set runtime path of "/home/palash/pico_ws/install/mav_planning_msgs/lib/libmav_planning_msgs__rosidl_typesupport_cpp.so" to ""
Listing '/home/palash/pico_ws/install/mav_planning_msgs/local/lib/python3.10/dist-packages/mav_planning_msgs'...
Compiling '/home/palash/pico_ws/install/mav_planning_msgs/local/lib/python3.10/dist-packages/mav_planning_msgs/__init__.py'...
Listing '/home/palash/pico_ws/install/mav_planning_msgs/local/lib/python3.10/dist-packages/mav_planning_msgs/msg'...
Compiling '/home/palash/pico_ws/install/mav_planning_msgs/local/lib/python3.10/dist-packages/mav_planning_msgs/msg/__init__.py'...
Compiling '/home/palash/pico_ws/install/mav_planning_msgs/local/lib/python3.10/dist-packages/mav_planning_msgs/msg/_point2_d.py'...
Compiling '/home/palash/pico_ws/install/mav_planning_msgs/local/lib/python3.10/dist-packages/mav_planning_msgs/msg/_point_cloud_with_pose.py'...
Compiling '/home/palash/pico_ws/install/mav_planning_msgs/local/lib/python3.10/dist-packages/mav_planning_msgs/msg/_polygon2_d.py'...
Compiling '/home/palash/pico_ws/install/mav_planning_msgs/local/lib/python3.10/dist-packages/mav_planning_msgs/msg/_polygon_with_holes.py'...
Compiling '/home/palash/pico_ws/install/mav_planning_msgs/local/lib/python3.10/dist-packages/mav_planning_msgs/msg/_polygon_with_holes_stamped.py'...
Compiling '/home/palash/pico_ws/install/mav_planning_msgs/local/lib/python3.10/dist-packages/mav_planning_msgs/msg/_polynomial_segment.py'...
Compiling '/home/palash/pico_ws/install/mav_planning_msgs/local/lib/python3.10/dist-packages/mav_planning_msgs/msg/_polynomial_segment4_d.py'...
Compiling '/home/palash/pico_ws/install/mav_planning_msgs/local/lib/python3.10/dist-packages/mav_planning_msgs/msg/_polynomial_trajectory.py'...
Compiling '/home/palash/pico_ws/install/mav_planning_msgs/local/lib/python3.10/dist-packages/mav_planning_msgs/msg/_polynomial_trajectory4_d.py'...
Listing '/home/palash/pico_ws/install/mav_planning_msgs/local/lib/python3.10/dist-packages/mav_planning_msgs/srv'...
Compiling '/home/palash/pico_ws/install/mav_planning_msgs/local/lib/python3.10/dist-packages/mav_planning_msgs/srv/__init__.py'...
Compiling '/home/palash/pico_ws/install/mav_planning_msgs/local/lib/python3.10/dist-packages/mav_planning_msgs/srv/_change_name_service.py'...
Compiling '/home/palash/pico_ws/install/mav_planning_msgs/local/lib/python3.10/dist-packages/mav_planning_msgs/srv/_planner_service.py'...
Compiling '/home/palash/pico_ws/install/mav_planning_msgs/local/lib/python3.10/dist-packages/mav_planning_msgs/srv/_polygon_service.py'...
-- Installing: /home/palash/pico_ws/install/mav_planning_msgs/lib/libmav_planning_msgs__rosidl_generator_py.so
-- Set runtime path of "/home/palash/pico_ws/install/mav_planning_msgs/lib/libmav_planning_msgs__rosidl_generator_py.so" to ""
-- Up-to-date: /home/palash/pico_ws/install/mav_planning_msgs/include/mav_planning_msgs
-- Installing: /home/palash/pico_ws/install/mav_planning_msgs/include/mav_planning_msgs/conversions_deprecated.hpp
-- Installing: /home/palash/pico_ws/install/mav_planning_msgs/include/mav_planning_msgs/conversions.hpp
-- Installing: /home/palash/pico_ws/install/mav_planning_msgs/include/mav_planning_msgs/eigen_planning_msgs.hpp
-- Installing: /home/palash/pico_ws/install/mav_planning_msgs/share/mav_planning_msgs/cmake/export_mav_planning_msgs__rosidl_generator_cExport.cmake
-- Installing: /home/palash/pico_ws/install/mav_planning_msgs/share/mav_planning_msgs/cmake/export_mav_planning_msgs__rosidl_generator_cExport-noconfig.cmake
-- Installing: /home/palash/pico_ws/install/mav_planning_msgs/share/mav_planning_msgs/cmake/export_mav_planning_msgs__rosidl_typesupport_fastrtps_cExport.cmake
-- Installing: /home/palash/pico_ws/install/mav_planning_msgs/share/mav_planning_msgs/cmake/export_mav_planning_msgs__rosidl_typesupport_fastrtps_cExport-noconfig.cmake
-- Installing: /home/palash/pico_ws/install/mav_planning_msgs/share/mav_planning_msgs/cmake/mav_planning_msgs__rosidl_typesupport_introspection_cExport.cmake
-- Installing: /home/palash/pico_ws/install/mav_planning_msgs/share/mav_planning_msgs/cmake/mav_planning_msgs__rosidl_typesupport_introspection_cExport-noconfig.cmake
-- Installing: /home/palash/pico_ws/install/mav_planning_msgs/share/mav_planning_msgs/cmake/mav_planning_msgs__rosidl_typesupport_cExport.cmake
-- Installing: /home/palash/pico_ws/install/mav_planning_msgs/share/mav_planning_msgs/cmake/mav_planning_msgs__rosidl_typesupport_cExport-noconfig.cmake
-- Installing: /home/palash/pico_ws/install/mav_planning_msgs/share/mav_planning_msgs/cmake/export_mav_planning_msgs__rosidl_generator_cppExport.cmake
-- Installing: /home/palash/pico_ws/install/mav_planning_msgs/share/mav_planning_msgs/cmake/export_mav_planning_msgs__rosidl_typesupport_fastrtps_cppExport.cmake
-- Installing: /home/palash/pico_ws/install/mav_planning_msgs/share/mav_planning_msgs/cmake/export_mav_planning_msgs__rosidl_typesupport_fastrtps_cppExport-noconfig.cmake
-- Installing: /home/palash/pico_ws/install/mav_planning_msgs/share/mav_planning_msgs/cmake/mav_planning_msgs__rosidl_typesupport_introspection_cppExport.cmake
-- Installing: /home/palash/pico_ws/install/mav_planning_msgs/share/mav_planning_msgs/cmake/mav_planning_msgs__rosidl_typesupport_introspection_cppExport-noconfig.cmake
-- Installing: /home/palash/pico_ws/install/mav_planning_msgs/share/mav_planning_msgs/cmake/mav_planning_msgs__rosidl_typesupport_cppExport.cmake
-- Installing: /home/palash/pico_ws/install/mav_planning_msgs/share/mav_planning_msgs/cmake/mav_planning_msgs__rosidl_typesupport_cppExport-noconfig.cmake
-- Installing: /home/palash/pico_ws/install/mav_planning_msgs/share/mav_planning_msgs/cmake/export_mav_planning_msgs__rosidl_generator_pyExport.cmake
-- Installing: /home/palash/pico_ws/install/mav_planning_msgs/share/mav_planning_msgs/cmake/export_mav_planning_msgs__rosidl_generator_pyExport-noconfig.cmake
