[0.033s] Invoking command in '/home/palash/pico_ws/build/mav_planning_msgs': CMAKE_PREFIX_PATH=/home/palash/pico_ws/install/mav_msgs:/home/palash/pico_ws/install/whycon:/home/palash/pico_ws/install/swift_pico:/home/palash/pico_ws/install/swift_pico_description:/home/palash/pico_ws/install/rotors_swift_interface:/home/palash/pico_ws/install/swift_msgs:/home/palash/pico_ws/install/rotors_swift_gazebo:/home/palash/pico_ws/install/rotors_swift_description:/home/palash/pico_ws/install/rotors_control:/home/palash/pico_ws/install/pid_tune:/home/palash/pico_ws/install/mav_comm:/home/palash/pico_ws/install/mav_system_msgs:/home/palash/pico_ws/install/mav_state_machine_msgs:/home/palash/pico_ws/install/mav_planning_msgs:/home/palash/pico_ws/install/error_msg:/home/palash/pico_ws/install/controller_msg:/home/palash/Downloads/turtlesim_ws/install/turtlesim:/home/palash/Downloads/turtlesim_ws/install/kd_task_1b:/opt/ros/humble LD_LIBRARY_PATH=/home/palash/pico_ws/install/mav_msgs/lib:/home/palash/pico_ws/install/whycon/lib:/home/palash/pico_ws/install/swift_msgs/lib:/home/palash/pico_ws/install/rotors_control/lib:/home/palash/pico_ws/install/mav_system_msgs/lib:/home/palash/pico_ws/install/mav_state_machine_msgs/lib:/home/palash/pico_ws/install/mav_planning_msgs/lib:/home/palash/pico_ws/install/error_msg/lib:/home/palash/pico_ws/install/controller_msg/lib:/home/palash/Downloads/turtlesim_ws/install/turtlesim/lib:/usr/lib/x86_64-linux-gnu/gazebo-11/plugins:/opt/ros/humble/opt/rviz_ogre_vendor/lib:/opt/ros/humble/lib/x86_64-linux-gnu:/opt/ros/humble/lib /usr/bin/cmake /home/palash/pico_ws/src/mav_comm/mav_planning_msgs -DAMENT_CMAKE_SYMLINK_INSTALL=1 -DCMAKE_INSTALL_PREFIX=/home/palash/pico_ws/install/mav_planning_msgs
[0.169s] -- The C compiler identification is GNU 11.4.0
[0.305s] -- The CXX compiler identification is GNU 11.4.0
[0.317s] -- Detecting C compiler ABI info
[0.452s] -- Detecting C compiler ABI info - done
[0.462s] -- Check for working C compiler: /usr/bin/cc - skipped
[0.462s] -- Detecting C compile features
[0.463s] -- Detecting C compile features - done
[0.466s] -- Detecting CXX compiler ABI info
[0.636s] -- Detecting CXX compiler ABI info - done
[0.647s] -- Check for working CXX compiler: /usr/bin/c++ - skipped
[0.647s] -- Detecting CXX compile features
[0.648s] -- Detecting CXX compile features - done
[0.654s] -- Found ament_cmake: 1.3.12 (/opt/ros/humble/share/ament_cmake/cmake)
[1.114s] -- Found Python3: /usr/bin/python3 (found version "3.10.12") found components: Interpreter 
[1.317s] -- Override CMake install command with custom implementation using symlinks instead of copying resources
[1.403s] -- Found rosidl_default_generators: 1.2.0 (/opt/ros/humble/share/rosidl_default_generators/cmake)
[1.412s] -- Using all available rosidl_typesupport_c: rosidl_typesupport_fastrtps_c;rosidl_typesupport_introspection_c
[1.427s] -- Found rosidl_adapter: 3.1.7 (/opt/ros/humble/share/rosidl_adapter/cmake)
[1.515s] -- Using all available rosidl_typesupport_cpp: rosidl_typesupport_fastrtps_cpp;rosidl_typesupport_introspection_cpp
[1.593s] -- Found builtin_interfaces: 1.2.2 (/opt/ros/humble/share/builtin_interfaces/cmake)
[1.624s] -- Found geometry_msgs: 4.9.0 (/opt/ros/humble/share/geometry_msgs/cmake)
[1.677s] -- Found mav_msgs: 3.3.3 (/home/palash/pico_ws/install/mav_msgs/share/mav_msgs/cmake)
[1.785s] -- Found sensor_msgs: 4.9.0 (/opt/ros/humble/share/sensor_msgs/cmake)
[2.819s] -- Found ament_cmake_ros: 0.10.0 (/opt/ros/humble/share/ament_cmake_ros/cmake)
[3.553s] -- Using all available rosidl_typesupport_c: rosidl_typesupport_fastrtps_c;rosidl_typesupport_introspection_c
[4.563s] -- Using all available rosidl_typesupport_cpp: rosidl_typesupport_fastrtps_cpp;rosidl_typesupport_introspection_cpp
[4.641s] -- Found PythonInterp: /usr/bin/python3 (found suitable version "3.10.12", minimum required is "3.6") 
[4.649s] -- Found python_cmake_module: 0.10.0 (/opt/ros/humble/share/python_cmake_module/cmake)
[4.747s] -- Found PythonLibs: /usr/lib/x86_64-linux-gnu/libpython3.10.so (found suitable version "3.10.12", minimum required is "3.5") 
[4.747s] -- Using PYTHON_EXECUTABLE: /usr/bin/python3
[4.747s] -- Using PYTHON_INCLUDE_DIRS: /usr/include/python3.10
[4.747s] -- Using PYTHON_LIBRARIES: /usr/lib/x86_64-linux-gnu/libpython3.10.so
[4.818s] -- Found PythonExtra: .so  
[5.066s] -- Configuring done
[5.244s] -- Generating done
[5.286s] -- Build files have been written to: /home/palash/pico_ws/build/mav_planning_msgs
[5.335s] Invoked command in '/home/palash/pico_ws/build/mav_planning_msgs' returned '0': CMAKE_PREFIX_PATH=/home/palash/pico_ws/install/mav_msgs:/home/palash/pico_ws/install/whycon:/home/palash/pico_ws/install/swift_pico:/home/palash/pico_ws/install/swift_pico_description:/home/palash/pico_ws/install/rotors_swift_interface:/home/palash/pico_ws/install/swift_msgs:/home/palash/pico_ws/install/rotors_swift_gazebo:/home/palash/pico_ws/install/rotors_swift_description:/home/palash/pico_ws/install/rotors_control:/home/palash/pico_ws/install/pid_tune:/home/palash/pico_ws/install/mav_comm:/home/palash/pico_ws/install/mav_system_msgs:/home/palash/pico_ws/install/mav_state_machine_msgs:/home/palash/pico_ws/install/mav_planning_msgs:/home/palash/pico_ws/install/error_msg:/home/palash/pico_ws/install/controller_msg:/home/palash/Downloads/turtlesim_ws/install/turtlesim:/home/palash/Downloads/turtlesim_ws/install/kd_task_1b:/opt/ros/humble LD_LIBRARY_PATH=/home/palash/pico_ws/install/mav_msgs/lib:/home/palash/pico_ws/install/whycon/lib:/home/palash/pico_ws/install/swift_msgs/lib:/home/palash/pico_ws/install/rotors_control/lib:/home/palash/pico_ws/install/mav_system_msgs/lib:/home/palash/pico_ws/install/mav_state_machine_msgs/lib:/home/palash/pico_ws/install/mav_planning_msgs/lib:/home/palash/pico_ws/install/error_msg/lib:/home/palash/pico_ws/install/controller_msg/lib:/home/palash/Downloads/turtlesim_ws/install/turtlesim/lib:/usr/lib/x86_64-linux-gnu/gazebo-11/plugins:/opt/ros/humble/opt/rviz_ogre_vendor/lib:/opt/ros/humble/lib/x86_64-linux-gnu:/opt/ros/humble/lib /usr/bin/cmake /home/palash/pico_ws/src/mav_comm/mav_planning_msgs -DAMENT_CMAKE_SYMLINK_INSTALL=1 -DCMAKE_INSTALL_PREFIX=/home/palash/pico_ws/install/mav_planning_msgs
[5.342s] Invoking command in '/home/palash/pico_ws/build/mav_planning_msgs': CMAKE_PREFIX_PATH=/home/palash/pico_ws/install/mav_msgs:/home/palash/pico_ws/install/whycon:/home/palash/pico_ws/install/swift_pico:/home/palash/pico_ws/install/swift_pico_description:/home/palash/pico_ws/install/rotors_swift_interface:/home/palash/pico_ws/install/swift_msgs:/home/palash/pico_ws/install/rotors_swift_gazebo:/home/palash/pico_ws/install/rotors_swift_description:/home/palash/pico_ws/install/rotors_control:/home/palash/pico_ws/install/pid_tune:/home/palash/pico_ws/install/mav_comm:/home/palash/pico_ws/install/mav_system_msgs:/home/palash/pico_ws/install/mav_state_machine_msgs:/home/palash/pico_ws/install/mav_planning_msgs:/home/palash/pico_ws/install/error_msg:/home/palash/pico_ws/install/controller_msg:/home/palash/Downloads/turtlesim_ws/install/turtlesim:/home/palash/Downloads/turtlesim_ws/install/kd_task_1b:/opt/ros/humble LD_LIBRARY_PATH=/home/palash/pico_ws/install/mav_msgs/lib:/home/palash/pico_ws/install/whycon/lib:/home/palash/pico_ws/install/swift_msgs/lib:/home/palash/pico_ws/install/rotors_control/lib:/home/palash/pico_ws/install/mav_system_msgs/lib:/home/palash/pico_ws/install/mav_state_machine_msgs/lib:/home/palash/pico_ws/install/mav_planning_msgs/lib:/home/palash/pico_ws/install/error_msg/lib:/home/palash/pico_ws/install/controller_msg/lib:/home/palash/Downloads/turtlesim_ws/install/turtlesim/lib:/usr/lib/x86_64-linux-gnu/gazebo-11/plugins:/opt/ros/humble/opt/rviz_ogre_vendor/lib:/opt/ros/humble/lib/x86_64-linux-gnu:/opt/ros/humble/lib /usr/bin/cmake --build /home/palash/pico_ws/build/mav_planning_msgs -- -j16 -l16
[5.513s] [  1%] [34m[1mGenerating C code for ROS interfaces[0m
[5.556s] [  1%] [34m[1mGenerating C++ code for ROS interfaces[0m
[5.571s] [  1%] Built target ament_cmake_python_symlink_mav_planning_msgs
[6.261s] running egg_info
[6.262s] creating mav_planning_msgs.egg-info
[6.263s] writing mav_planning_msgs.egg-info/PKG-INFO
[6.263s] writing dependency_links to mav_planning_msgs.egg-info/dependency_links.txt
[6.263s] writing top-level names to mav_planning_msgs.egg-info/top_level.txt
[6.264s] writing manifest file 'mav_planning_msgs.egg-info/SOURCES.txt'
[6.277s] reading manifest file 'mav_planning_msgs.egg-info/SOURCES.txt'
[6.278s] writing manifest file 'mav_planning_msgs.egg-info/SOURCES.txt'
[6.431s] [  1%] Built target ament_cmake_python_build_mav_planning_msgs_egg
[7.666s] [  2%] [32mBuilding C object CMakeFiles/mav_planning_msgs__rosidl_generator_c.dir/rosidl_generator_c/mav_planning_msgs/msg/detail/point2_d__functions.c.o[0m
[7.670s] [  3%] [32mBuilding C object CMakeFiles/mav_planning_msgs__rosidl_generator_c.dir/rosidl_generator_c/mav_planning_msgs/msg/detail/point_cloud_with_pose__functions.c.o[0m
[7.678s] [  3%] [32mBuilding C object CMakeFiles/mav_planning_msgs__rosidl_generator_c.dir/rosidl_generator_c/mav_planning_msgs/msg/detail/polygon_with_holes__functions.c.o[0m
[7.678s] [  4%] [32mBuilding C object CMakeFiles/mav_planning_msgs__rosidl_generator_c.dir/rosidl_generator_c/mav_planning_msgs/msg/detail/polygon2_d__functions.c.o[0m
[7.678s] [  5%] [32mBuilding C object CMakeFiles/mav_planning_msgs__rosidl_generator_c.dir/rosidl_generator_c/mav_planning_msgs/msg/detail/polygon_with_holes_stamped__functions.c.o[0m
[7.680s] [  6%] [32mBuilding C object CMakeFiles/mav_planning_msgs__rosidl_generator_c.dir/rosidl_generator_c/mav_planning_msgs/msg/detail/polynomial_segment__functions.c.o[0m
[7.691s] [  7%] [32mBuilding C object CMakeFiles/mav_planning_msgs__rosidl_generator_c.dir/rosidl_generator_c/mav_planning_msgs/msg/detail/polynomial_segment4_d__functions.c.o[0m
[7.704s] [  8%] [32mBuilding C object CMakeFiles/mav_planning_msgs__rosidl_generator_c.dir/rosidl_generator_c/mav_planning_msgs/msg/detail/polynomial_trajectory__functions.c.o[0m
[7.712s] [  9%] [32mBuilding C object CMakeFiles/mav_planning_msgs__rosidl_generator_c.dir/rosidl_generator_c/mav_planning_msgs/msg/detail/polynomial_trajectory4_d__functions.c.o[0m
[7.735s] [  9%] [32mBuilding C object CMakeFiles/mav_planning_msgs__rosidl_generator_c.dir/rosidl_generator_c/mav_planning_msgs/srv/detail/planner_service__functions.c.o[0m
[7.758s] [ 10%] [32mBuilding C object CMakeFiles/mav_planning_msgs__rosidl_generator_c.dir/rosidl_generator_c/mav_planning_msgs/srv/detail/polygon_service__functions.c.o[0m
[7.763s] [ 11%] [32mBuilding C object CMakeFiles/mav_planning_msgs__rosidl_generator_c.dir/rosidl_generator_c/mav_planning_msgs/srv/detail/change_name_service__functions.c.o[0m
[7.865s] [ 11%] Built target mav_planning_msgs__cpp
[7.885s] [ 13%] [34m[1mGenerating C++ type support dispatch for ROS interfaces[0m
[7.885s] [ 13%] [34m[1mGenerating C++ introspection for ROS interfaces[0m
[7.885s] [ 13%] [34m[1mGenerating C++ type support for eProsima Fast-RTPS[0m
[7.901s] [ 14%] [32m[1mLinking C shared library libmav_planning_msgs__rosidl_generator_c.so[0m
[7.983s] [ 14%] Built target mav_planning_msgs__rosidl_generator_c
[8.003s] [ 17%] [34m[1mGenerating C type support for eProsima Fast-RTPS[0m
[8.003s] [ 17%] [34m[1mGenerating C type support dispatch for ROS interfaces[0m
[8.003s] [ 17%] [34m[1mGenerating C introspection for ROS interfaces[0m
[9.083s] [ 18%] [32mBuilding CXX object CMakeFiles/mav_planning_msgs__rosidl_typesupport_cpp.dir/rosidl_typesupport_cpp/mav_planning_msgs/msg/point_cloud_with_pose__type_support.cpp.o[0m
[9.089s] [ 19%] [32mBuilding CXX object CMakeFiles/mav_planning_msgs__rosidl_typesupport_cpp.dir/rosidl_typesupport_cpp/mav_planning_msgs/msg/point2_d__type_support.cpp.o[0m
[9.089s] [ 20%] [32mBuilding CXX object CMakeFiles/mav_planning_msgs__rosidl_typesupport_cpp.dir/rosidl_typesupport_cpp/mav_planning_msgs/msg/polygon_with_holes__type_support.cpp.o[0m
[9.089s] [ 20%] [32mBuilding CXX object CMakeFiles/mav_planning_msgs__rosidl_typesupport_cpp.dir/rosidl_typesupport_cpp/mav_planning_msgs/msg/polygon_with_holes_stamped__type_support.cpp.o[0m
[9.093s] [ 21%] [32mBuilding CXX object CMakeFiles/mav_planning_msgs__rosidl_typesupport_cpp.dir/rosidl_typesupport_cpp/mav_planning_msgs/msg/polygon2_d__type_support.cpp.o[0m
[9.094s] [ 22%] [32mBuilding CXX object CMakeFiles/mav_planning_msgs__rosidl_typesupport_cpp.dir/rosidl_typesupport_cpp/mav_planning_msgs/msg/polynomial_segment4_d__type_support.cpp.o[0m
[9.095s] [ 23%] [32mBuilding CXX object CMakeFiles/mav_planning_msgs__rosidl_typesupport_cpp.dir/rosidl_typesupport_cpp/mav_planning_msgs/msg/polynomial_segment__type_support.cpp.o[0m
[9.099s] [ 24%] [32mBuilding CXX object CMakeFiles/mav_planning_msgs__rosidl_typesupport_cpp.dir/rosidl_typesupport_cpp/mav_planning_msgs/msg/polynomial_trajectory__type_support.cpp.o[0m
[9.105s] [ 25%] [32mBuilding CXX object CMakeFiles/mav_planning_msgs__rosidl_typesupport_cpp.dir/rosidl_typesupport_cpp/mav_planning_msgs/msg/polynomial_trajectory4_d__type_support.cpp.o[0m
[9.116s] [ 26%] [32mBuilding CXX object CMakeFiles/mav_planning_msgs__rosidl_typesupport_cpp.dir/rosidl_typesupport_cpp/mav_planning_msgs/srv/planner_service__type_support.cpp.o[0m
[9.163s] [ 27%] [32mBuilding CXX object CMakeFiles/mav_planning_msgs__rosidl_typesupport_c.dir/rosidl_typesupport_c/mav_planning_msgs/msg/point2_d__type_support.cpp.o[0m
[9.198s] [ 27%] [32mBuilding CXX object CMakeFiles/mav_planning_msgs__rosidl_typesupport_c.dir/rosidl_typesupport_c/mav_planning_msgs/msg/point_cloud_with_pose__type_support.cpp.o[0m
[9.284s] [ 28%] [32mBuilding CXX object CMakeFiles/mav_planning_msgs__rosidl_typesupport_c.dir/rosidl_typesupport_c/mav_planning_msgs/msg/polygon2_d__type_support.cpp.o[0m
[9.315s] [ 29%] [32mBuilding CXX object CMakeFiles/mav_planning_msgs__rosidl_typesupport_c.dir/rosidl_typesupport_c/mav_planning_msgs/msg/polygon_with_holes__type_support.cpp.o[0m
[9.437s] [ 29%] [32mBuilding CXX object CMakeFiles/mav_planning_msgs__rosidl_typesupport_cpp.dir/rosidl_typesupport_cpp/mav_planning_msgs/srv/polygon_service__type_support.cpp.o[0m
[9.460s] [ 30%] [32mBuilding CXX object CMakeFiles/mav_planning_msgs__rosidl_typesupport_c.dir/rosidl_typesupport_c/mav_planning_msgs/msg/polygon_with_holes_stamped__type_support.cpp.o[0m
[9.568s] [ 31%] [32mBuilding CXX object CMakeFiles/mav_planning_msgs__rosidl_typesupport_c.dir/rosidl_typesupport_c/mav_planning_msgs/msg/polynomial_segment__type_support.cpp.o[0m
[9.683s] [ 32%] [32mBuilding CXX object CMakeFiles/mav_planning_msgs__rosidl_typesupport_c.dir/rosidl_typesupport_c/mav_planning_msgs/msg/polynomial_segment4_d__type_support.cpp.o[0m
[9.785s] [ 32%] [32mBuilding CXX object CMakeFiles/mav_planning_msgs__rosidl_typesupport_c.dir/rosidl_typesupport_c/mav_planning_msgs/msg/polynomial_trajectory__type_support.cpp.o[0m
[9.803s] [ 33%] [32mBuilding CXX object CMakeFiles/mav_planning_msgs__rosidl_typesupport_c.dir/rosidl_typesupport_c/mav_planning_msgs/msg/polynomial_trajectory4_d__type_support.cpp.o[0m
[9.820s] [ 34%] [32mBuilding CXX object CMakeFiles/mav_planning_msgs__rosidl_typesupport_c.dir/rosidl_typesupport_c/mav_planning_msgs/srv/planner_service__type_support.cpp.o[0m
[9.835s] [ 35%] [32mBuilding CXX object CMakeFiles/mav_planning_msgs__rosidl_typesupport_c.dir/rosidl_typesupport_c/mav_planning_msgs/srv/polygon_service__type_support.cpp.o[0m
[9.859s] [ 36%] [32mBuilding CXX object CMakeFiles/mav_planning_msgs__rosidl_typesupport_c.dir/rosidl_typesupport_c/mav_planning_msgs/srv/change_name_service__type_support.cpp.o[0m
[9.872s] [ 36%] [32mBuilding CXX object CMakeFiles/mav_planning_msgs__rosidl_typesupport_introspection_cpp.dir/rosidl_typesupport_introspection_cpp/mav_planning_msgs/msg/detail/point2_d__type_support.cpp.o[0m
[9.896s] [ 37%] [32mBuilding CXX object CMakeFiles/mav_planning_msgs__rosidl_typesupport_cpp.dir/rosidl_typesupport_cpp/mav_planning_msgs/srv/change_name_service__type_support.cpp.o[0m
[9.914s] [ 38%] [32mBuilding CXX object CMakeFiles/mav_planning_msgs__rosidl_typesupport_introspection_cpp.dir/rosidl_typesupport_introspection_cpp/mav_planning_msgs/msg/detail/point_cloud_with_pose__type_support.cpp.o[0m
[9.921s] [ 39%] [32mBuilding CXX object CMakeFiles/mav_planning_msgs__rosidl_typesupport_introspection_cpp.dir/rosidl_typesupport_introspection_cpp/mav_planning_msgs/msg/detail/polygon2_d__type_support.cpp.o[0m
[9.931s] [ 40%] [32mBuilding CXX object CMakeFiles/mav_planning_msgs__rosidl_typesupport_introspection_cpp.dir/rosidl_typesupport_introspection_cpp/mav_planning_msgs/msg/detail/polygon_with_holes__type_support.cpp.o[0m
[9.944s] [ 41%] [32mBuilding CXX object CMakeFiles/mav_planning_msgs__rosidl_typesupport_introspection_cpp.dir/rosidl_typesupport_introspection_cpp/mav_planning_msgs/msg/detail/polygon_with_holes_stamped__type_support.cpp.o[0m
[9.964s] [ 42%] [32mBuilding CXX object CMakeFiles/mav_planning_msgs__rosidl_typesupport_introspection_cpp.dir/rosidl_typesupport_introspection_cpp/mav_planning_msgs/msg/detail/polynomial_segment__type_support.cpp.o[0m
[9.971s] [ 43%] [32m[1mLinking CXX shared library libmav_planning_msgs__rosidl_typesupport_c.so[0m
[9.987s] [ 44%] [32mBuilding CXX object CMakeFiles/mav_planning_msgs__rosidl_typesupport_fastrtps_cpp.dir/rosidl_typesupport_fastrtps_cpp/mav_planning_msgs/msg/detail/dds_fastrtps/point2_d__type_support.cpp.o[0m
[9.987s] [ 44%] [32mBuilding CXX object CMakeFiles/mav_planning_msgs__rosidl_typesupport_introspection_cpp.dir/rosidl_typesupport_introspection_cpp/mav_planning_msgs/msg/detail/polynomial_segment4_d__type_support.cpp.o[0m
[10.034s] [ 45%] [32mBuilding CXX object CMakeFiles/mav_planning_msgs__rosidl_typesupport_introspection_cpp.dir/rosidl_typesupport_introspection_cpp/mav_planning_msgs/msg/detail/polynomial_trajectory__type_support.cpp.o[0m
[10.083s] [ 47%] [32mBuilding CXX object CMakeFiles/mav_planning_msgs__rosidl_typesupport_fastrtps_cpp.dir/rosidl_typesupport_fastrtps_cpp/mav_planning_msgs/msg/detail/dds_fastrtps/polygon2_d__type_support.cpp.o[0m
[10.088s] [ 47%] [32mBuilding CXX object CMakeFiles/mav_planning_msgs__rosidl_typesupport_fastrtps_cpp.dir/rosidl_typesupport_fastrtps_cpp/mav_planning_msgs/msg/detail/dds_fastrtps/point_cloud_with_pose__type_support.cpp.o[0m
[10.096s] [ 48%] [32mBuilding CXX object CMakeFiles/mav_planning_msgs__rosidl_typesupport_fastrtps_c.dir/rosidl_typesupport_fastrtps_c/mav_planning_msgs/msg/detail/point2_d__type_support_c.cpp.o[0m
[10.117s] [ 48%] Built target mav_planning_msgs__rosidl_typesupport_c
[10.140s] [ 49%] [32mBuilding C object CMakeFiles/mav_planning_msgs__rosidl_typesupport_introspection_c.dir/rosidl_typesupport_introspection_c/mav_planning_msgs/msg/detail/point2_d__type_support.c.o[0m
[10.168s] [ 50%] [32mBuilding CXX object CMakeFiles/mav_planning_msgs__rosidl_typesupport_fastrtps_c.dir/rosidl_typesupport_fastrtps_c/mav_planning_msgs/msg/detail/point_cloud_with_pose__type_support_c.cpp.o[0m
[10.262s] [ 51%] [32mBuilding C object CMakeFiles/mav_planning_msgs__rosidl_typesupport_introspection_c.dir/rosidl_typesupport_introspection_c/mav_planning_msgs/msg/detail/point_cloud_with_pose__type_support.c.o[0m
[10.283s] [ 52%] [32mBuilding C object CMakeFiles/mav_planning_msgs__rosidl_typesupport_introspection_c.dir/rosidl_typesupport_introspection_c/mav_planning_msgs/msg/detail/polygon2_d__type_support.c.o[0m
[10.427s] [ 52%] [32mBuilding CXX object CMakeFiles/mav_planning_msgs__rosidl_typesupport_fastrtps_c.dir/rosidl_typesupport_fastrtps_c/mav_planning_msgs/msg/detail/polygon2_d__type_support_c.cpp.o[0m
[10.459s] [ 52%] [32mBuilding C object CMakeFiles/mav_planning_msgs__rosidl_typesupport_introspection_c.dir/rosidl_typesupport_introspection_c/mav_planning_msgs/msg/detail/polygon_with_holes__type_support.c.o[0m
[10.593s] [ 53%] [32m[1mLinking CXX shared library libmav_planning_msgs__rosidl_typesupport_cpp.so[0m
[10.605s] [ 54%] [32mBuilding C object CMakeFiles/mav_planning_msgs__rosidl_typesupport_introspection_c.dir/rosidl_typesupport_introspection_c/mav_planning_msgs/msg/detail/polygon_with_holes_stamped__type_support.c.o[0m
[10.704s] [ 55%] [32mBuilding C object CMakeFiles/mav_planning_msgs__rosidl_typesupport_introspection_c.dir/rosidl_typesupport_introspection_c/mav_planning_msgs/msg/detail/polynomial_segment__type_support.c.o[0m
[10.839s] [ 55%] Built target mav_planning_msgs__rosidl_typesupport_cpp
[10.895s] [ 56%] [32mBuilding CXX object CMakeFiles/mav_planning_msgs__rosidl_typesupport_fastrtps_cpp.dir/rosidl_typesupport_fastrtps_cpp/mav_planning_msgs/msg/detail/dds_fastrtps/polygon_with_holes__type_support.cpp.o[0m
[10.912s] [ 57%] [32mBuilding C object CMakeFiles/mav_planning_msgs__rosidl_typesupport_introspection_c.dir/rosidl_typesupport_introspection_c/mav_planning_msgs/msg/detail/polynomial_segment4_d__type_support.c.o[0m
[10.928s] [ 58%] [32mBuilding CXX object CMakeFiles/mav_planning_msgs__rosidl_typesupport_fastrtps_c.dir/rosidl_typesupport_fastrtps_c/mav_planning_msgs/msg/detail/polygon_with_holes__type_support_c.cpp.o[0m
[10.944s] [ 59%] [32mBuilding C object CMakeFiles/mav_planning_msgs__rosidl_typesupport_introspection_c.dir/rosidl_typesupport_introspection_c/mav_planning_msgs/msg/detail/polynomial_trajectory__type_support.c.o[0m
[11.029s] [ 60%] [32mBuilding CXX object CMakeFiles/mav_planning_msgs__rosidl_typesupport_introspection_cpp.dir/rosidl_typesupport_introspection_cpp/mav_planning_msgs/msg/detail/polynomial_trajectory4_d__type_support.cpp.o[0m
[11.051s] [ 61%] [32mBuilding CXX object CMakeFiles/mav_planning_msgs__rosidl_typesupport_introspection_cpp.dir/rosidl_typesupport_introspection_cpp/mav_planning_msgs/srv/detail/planner_service__type_support.cpp.o[0m
[11.078s] [ 62%] [32mBuilding CXX object CMakeFiles/mav_planning_msgs__rosidl_typesupport_fastrtps_c.dir/rosidl_typesupport_fastrtps_c/mav_planning_msgs/msg/detail/polygon_with_holes_stamped__type_support_c.cpp.o[0m
[11.081s] [ 63%] [32mBuilding CXX object CMakeFiles/mav_planning_msgs__rosidl_typesupport_fastrtps_cpp.dir/rosidl_typesupport_fastrtps_cpp/mav_planning_msgs/msg/detail/dds_fastrtps/polygon_with_holes_stamped__type_support.cpp.o[0m
[11.086s] [ 64%] [32mBuilding C object CMakeFiles/mav_planning_msgs__rosidl_typesupport_introspection_c.dir/rosidl_typesupport_introspection_c/mav_planning_msgs/msg/detail/polynomial_trajectory4_d__type_support.c.o[0m
[11.111s] [ 65%] [32mBuilding CXX object CMakeFiles/mav_planning_msgs__rosidl_typesupport_fastrtps_c.dir/rosidl_typesupport_fastrtps_c/mav_planning_msgs/msg/detail/polynomial_segment__type_support_c.cpp.o[0m
[11.111s] [ 65%] [32mBuilding CXX object CMakeFiles/mav_planning_msgs__rosidl_typesupport_fastrtps_cpp.dir/rosidl_typesupport_fastrtps_cpp/mav_planning_msgs/msg/detail/dds_fastrtps/polynomial_segment__type_support.cpp.o[0m
[11.142s] [ 66%] [32mBuilding CXX object CMakeFiles/mav_planning_msgs__rosidl_typesupport_introspection_cpp.dir/rosidl_typesupport_introspection_cpp/mav_planning_msgs/srv/detail/polygon_service__type_support.cpp.o[0m
[11.161s] [ 67%] [32mBuilding C object CMakeFiles/mav_planning_msgs__rosidl_typesupport_introspection_c.dir/rosidl_typesupport_introspection_c/mav_planning_msgs/srv/detail/planner_service__type_support.c.o[0m
[11.173s] [ 67%] [32mBuilding C object CMakeFiles/mav_planning_msgs__rosidl_typesupport_introspection_c.dir/rosidl_typesupport_introspection_c/mav_planning_msgs/srv/detail/polygon_service__type_support.c.o[0m
[11.190s] [ 68%] [32mBuilding CXX object CMakeFiles/mav_planning_msgs__rosidl_typesupport_fastrtps_cpp.dir/rosidl_typesupport_fastrtps_cpp/mav_planning_msgs/msg/detail/dds_fastrtps/polynomial_segment4_d__type_support.cpp.o[0m
[11.226s] [ 69%] [32mBuilding CXX object CMakeFiles/mav_planning_msgs__rosidl_typesupport_fastrtps_c.dir/rosidl_typesupport_fastrtps_c/mav_planning_msgs/msg/detail/polynomial_segment4_d__type_support_c.cpp.o[0m
[11.273s] [ 70%] [32mBuilding C object CMakeFiles/mav_planning_msgs__rosidl_typesupport_introspection_c.dir/rosidl_typesupport_introspection_c/mav_planning_msgs/srv/detail/change_name_service__type_support.c.o[0m
[11.285s] [ 71%] [32mBuilding CXX object CMakeFiles/mav_planning_msgs__rosidl_typesupport_fastrtps_c.dir/rosidl_typesupport_fastrtps_c/mav_planning_msgs/msg/detail/polynomial_trajectory__type_support_c.cpp.o[0m
[11.297s] [ 71%] [32mBuilding CXX object CMakeFiles/mav_planning_msgs__rosidl_typesupport_fastrtps_c.dir/rosidl_typesupport_fastrtps_c/mav_planning_msgs/msg/detail/polynomial_trajectory4_d__type_support_c.cpp.o[0m
[11.339s] [ 72%] [32mBuilding CXX object CMakeFiles/mav_planning_msgs__rosidl_typesupport_fastrtps_c.dir/rosidl_typesupport_fastrtps_c/mav_planning_msgs/srv/detail/planner_service__type_support_c.cpp.o[0m
[11.402s] [ 73%] [32m[1mLinking C shared library libmav_planning_msgs__rosidl_typesupport_introspection_c.so[0m
[11.414s] [ 74%] [32mBuilding CXX object CMakeFiles/mav_planning_msgs__rosidl_typesupport_fastrtps_cpp.dir/rosidl_typesupport_fastrtps_cpp/mav_planning_msgs/msg/detail/dds_fastrtps/polynomial_trajectory__type_support.cpp.o[0m
[11.561s] [ 74%] Built target mav_planning_msgs__rosidl_typesupport_introspection_c
[11.591s] [ 75%] [32mBuilding CXX object CMakeFiles/mav_planning_msgs__rosidl_typesupport_fastrtps_c.dir/rosidl_typesupport_fastrtps_c/mav_planning_msgs/srv/detail/polygon_service__type_support_c.cpp.o[0m
[11.852s] [ 76%] [32mBuilding CXX object CMakeFiles/mav_planning_msgs__rosidl_typesupport_fastrtps_cpp.dir/rosidl_typesupport_fastrtps_cpp/mav_planning_msgs/msg/detail/dds_fastrtps/polynomial_trajectory4_d__type_support.cpp.o[0m
[11.950s] [ 77%] [32mBuilding CXX object CMakeFiles/mav_planning_msgs__rosidl_typesupport_fastrtps_c.dir/rosidl_typesupport_fastrtps_c/mav_planning_msgs/srv/detail/change_name_service__type_support_c.cpp.o[0m
[12.084s] [ 78%] [32mBuilding CXX object CMakeFiles/mav_planning_msgs__rosidl_typesupport_introspection_cpp.dir/rosidl_typesupport_introspection_cpp/mav_planning_msgs/srv/detail/change_name_service__type_support.cpp.o[0m
[12.156s] [ 79%] [32mBuilding CXX object CMakeFiles/mav_planning_msgs__rosidl_typesupport_fastrtps_cpp.dir/rosidl_typesupport_fastrtps_cpp/mav_planning_msgs/srv/detail/dds_fastrtps/planner_service__type_support.cpp.o[0m
[12.217s] [ 80%] [32mBuilding CXX object CMakeFiles/mav_planning_msgs__rosidl_typesupport_fastrtps_cpp.dir/rosidl_typesupport_fastrtps_cpp/mav_planning_msgs/srv/detail/dds_fastrtps/polygon_service__type_support.cpp.o[0m
[12.246s] [ 80%] [32mBuilding CXX object CMakeFiles/mav_planning_msgs__rosidl_typesupport_fastrtps_cpp.dir/rosidl_typesupport_fastrtps_cpp/mav_planning_msgs/srv/detail/dds_fastrtps/change_name_service__type_support.cpp.o[0m
[12.663s] [ 81%] [32m[1mLinking CXX shared library libmav_planning_msgs__rosidl_typesupport_fastrtps_c.so[0m
[12.816s] [ 82%] [32m[1mLinking CXX shared library libmav_planning_msgs__rosidl_typesupport_introspection_cpp.so[0m
[12.833s] [ 82%] Built target mav_planning_msgs__rosidl_typesupport_fastrtps_c
[12.912s] [ 83%] [32m[1mLinking CXX shared library libmav_planning_msgs__rosidl_typesupport_fastrtps_cpp.so[0m
[12.976s] [ 83%] Built target mav_planning_msgs__rosidl_typesupport_introspection_cpp
[13.061s] [ 83%] Built target mav_planning_msgs__rosidl_typesupport_fastrtps_cpp
[13.095s] [ 83%] Built target mav_planning_msgs
[13.128s] [ 84%] [34m[1mGenerating Python code for ROS interfaces[0m
[15.084s] [ 84%] Built target mav_planning_msgs__py
[15.123s] [ 85%] [32mBuilding C object CMakeFiles/mav_planning_msgs__rosidl_generator_py.dir/rosidl_generator_py/mav_planning_msgs/msg/_point2_d_s.c.o[0m
[15.123s] [ 86%] [32mBuilding C object CMakeFiles/mav_planning_msgs__rosidl_generator_py.dir/rosidl_generator_py/mav_planning_msgs/msg/_polynomial_segment_s.c.o[0m
[15.123s] [ 90%] [32mBuilding C object CMakeFiles/mav_planning_msgs__rosidl_generator_py.dir/rosidl_generator_py/mav_planning_msgs/msg/_polygon_with_holes_stamped_s.c.o[0m
[15.124s] [ 90%] [32mBuilding C object CMakeFiles/mav_planning_msgs__rosidl_generator_py.dir/rosidl_generator_py/mav_planning_msgs/msg/_polynomial_segment4_d_s.c.o[0m
[15.124s] [ 91%] [32mBuilding C object CMakeFiles/mav_planning_msgs__rosidl_generator_py.dir/rosidl_generator_py/mav_planning_msgs/msg/_polynomial_trajectory_s.c.o[0m
[15.124s] [ 91%] [32mBuilding C object CMakeFiles/mav_planning_msgs__rosidl_generator_py.dir/rosidl_generator_py/mav_planning_msgs/msg/_polynomial_trajectory4_d_s.c.o[0m
[15.124s] [ 91%] [32mBuilding C object CMakeFiles/mav_planning_msgs__rosidl_generator_py.dir/rosidl_generator_py/mav_planning_msgs/msg/_polygon2_d_s.c.o[0m
[15.124s] [ 91%] [32mBuilding C object CMakeFiles/mav_planning_msgs__rosidl_generator_py.dir/rosidl_generator_py/mav_planning_msgs/msg/_point_cloud_with_pose_s.c.o[0m
[15.124s] [ 92%] [32mBuilding C object CMakeFiles/mav_planning_msgs__rosidl_generator_py.dir/rosidl_generator_py/mav_planning_msgs/srv/_polygon_service_s.c.o[0m
[15.124s] [ 92%] [32mBuilding C object CMakeFiles/mav_planning_msgs__rosidl_generator_py.dir/rosidl_generator_py/mav_planning_msgs/srv/_planner_service_s.c.o[0m
[15.124s] [ 93%] [32mBuilding C object CMakeFiles/mav_planning_msgs__rosidl_generator_py.dir/rosidl_generator_py/mav_planning_msgs/srv/_change_name_service_s.c.o[0m
[15.124s] [ 94%] [32mBuilding C object CMakeFiles/mav_planning_msgs__rosidl_generator_py.dir/rosidl_generator_py/mav_planning_msgs/msg/_polygon_with_holes_s.c.o[0m
[15.409s] [ 95%] [32m[1mLinking C shared library rosidl_generator_py/mav_planning_msgs/libmav_planning_msgs__rosidl_generator_py.so[0m
[15.483s] [ 95%] Built target mav_planning_msgs__rosidl_generator_py
[15.515s] [ 97%] [32mBuilding C object CMakeFiles/mav_planning_msgs__rosidl_typesupport_introspection_c__pyext.dir/rosidl_generator_py/mav_planning_msgs/_mav_planning_msgs_s.ep.rosidl_typesupport_introspection_c.c.o[0m
[15.515s] [ 97%] [32mBuilding C object CMakeFiles/mav_planning_msgs__rosidl_typesupport_fastrtps_c__pyext.dir/rosidl_generator_py/mav_planning_msgs/_mav_planning_msgs_s.ep.rosidl_typesupport_fastrtps_c.c.o[0m
[15.515s] [ 97%] [32mBuilding C object CMakeFiles/mav_planning_msgs__rosidl_typesupport_c__pyext.dir/rosidl_generator_py/mav_planning_msgs/_mav_planning_msgs_s.ep.rosidl_typesupport_c.c.o[0m
[15.696s] [100%] [32m[1mLinking C shared library rosidl_generator_py/mav_planning_msgs/mav_planning_msgs_s__rosidl_typesupport_fastrtps_c.cpython-310-x86_64-linux-gnu.so[0m
[15.696s] [100%] [32m[1mLinking C shared library rosidl_generator_py/mav_planning_msgs/mav_planning_msgs_s__rosidl_typesupport_c.cpython-310-x86_64-linux-gnu.so[0m
[15.696s] [100%] [32m[1mLinking C shared library rosidl_generator_py/mav_planning_msgs/mav_planning_msgs_s__rosidl_typesupport_introspection_c.cpython-310-x86_64-linux-gnu.so[0m
[15.787s] [100%] Built target mav_planning_msgs__rosidl_typesupport_c__pyext
[15.787s] [100%] Built target mav_planning_msgs__rosidl_typesupport_fastrtps_c__pyext
[15.788s] [100%] Built target mav_planning_msgs__rosidl_typesupport_introspection_c__pyext
[15.812s] Invoked command in '/home/palash/pico_ws/build/mav_planning_msgs' returned '0': CMAKE_PREFIX_PATH=/home/palash/pico_ws/install/mav_msgs:/home/palash/pico_ws/install/whycon:/home/palash/pico_ws/install/swift_pico:/home/palash/pico_ws/install/swift_pico_description:/home/palash/pico_ws/install/rotors_swift_interface:/home/palash/pico_ws/install/swift_msgs:/home/palash/pico_ws/install/rotors_swift_gazebo:/home/palash/pico_ws/install/rotors_swift_description:/home/palash/pico_ws/install/rotors_control:/home/palash/pico_ws/install/pid_tune:/home/palash/pico_ws/install/mav_comm:/home/palash/pico_ws/install/mav_system_msgs:/home/palash/pico_ws/install/mav_state_machine_msgs:/home/palash/pico_ws/install/mav_planning_msgs:/home/palash/pico_ws/install/error_msg:/home/palash/pico_ws/install/controller_msg:/home/palash/Downloads/turtlesim_ws/install/turtlesim:/home/palash/Downloads/turtlesim_ws/install/kd_task_1b:/opt/ros/humble LD_LIBRARY_PATH=/home/palash/pico_ws/install/mav_msgs/lib:/home/palash/pico_ws/install/whycon/lib:/home/palash/pico_ws/install/swift_msgs/lib:/home/palash/pico_ws/install/rotors_control/lib:/home/palash/pico_ws/install/mav_system_msgs/lib:/home/palash/pico_ws/install/mav_state_machine_msgs/lib:/home/palash/pico_ws/install/mav_planning_msgs/lib:/home/palash/pico_ws/install/error_msg/lib:/home/palash/pico_ws/install/controller_msg/lib:/home/palash/Downloads/turtlesim_ws/install/turtlesim/lib:/usr/lib/x86_64-linux-gnu/gazebo-11/plugins:/opt/ros/humble/opt/rviz_ogre_vendor/lib:/opt/ros/humble/lib/x86_64-linux-gnu:/opt/ros/humble/lib /usr/bin/cmake --build /home/palash/pico_ws/build/mav_planning_msgs -- -j16 -l16
[15.814s] Invoking command in '/home/palash/pico_ws/build/mav_planning_msgs': CMAKE_PREFIX_PATH=/home/palash/pico_ws/install/mav_msgs:/home/palash/pico_ws/install/whycon:/home/palash/pico_ws/install/swift_pico:/home/palash/pico_ws/install/swift_pico_description:/home/palash/pico_ws/install/rotors_swift_interface:/home/palash/pico_ws/install/swift_msgs:/home/palash/pico_ws/install/rotors_swift_gazebo:/home/palash/pico_ws/install/rotors_swift_description:/home/palash/pico_ws/install/rotors_control:/home/palash/pico_ws/install/pid_tune:/home/palash/pico_ws/install/mav_comm:/home/palash/pico_ws/install/mav_system_msgs:/home/palash/pico_ws/install/mav_state_machine_msgs:/home/palash/pico_ws/install/mav_planning_msgs:/home/palash/pico_ws/install/error_msg:/home/palash/pico_ws/install/controller_msg:/home/palash/Downloads/turtlesim_ws/install/turtlesim:/home/palash/Downloads/turtlesim_ws/install/kd_task_1b:/opt/ros/humble LD_LIBRARY_PATH=/home/palash/pico_ws/install/mav_msgs/lib:/home/palash/pico_ws/install/whycon/lib:/home/palash/pico_ws/install/swift_msgs/lib:/home/palash/pico_ws/install/rotors_control/lib:/home/palash/pico_ws/install/mav_system_msgs/lib:/home/palash/pico_ws/install/mav_state_machine_msgs/lib:/home/palash/pico_ws/install/mav_planning_msgs/lib:/home/palash/pico_ws/install/error_msg/lib:/home/palash/pico_ws/install/controller_msg/lib:/home/palash/Downloads/turtlesim_ws/install/turtlesim/lib:/usr/lib/x86_64-linux-gnu/gazebo-11/plugins:/opt/ros/humble/opt/rviz_ogre_vendor/lib:/opt/ros/humble/lib/x86_64-linux-gnu:/opt/ros/humble/lib /usr/bin/cmake --install /home/palash/pico_ws/build/mav_planning_msgs
[15.824s] -- Install configuration: ""
[15.824s] -- Execute custom install script
[15.825s] -- Symlinking: /home/palash/pico_ws/install/mav_planning_msgs/share/ament_index/resource_index/rosidl_interfaces/mav_planning_msgs
[15.843s] -- Symlinking: /home/palash/pico_ws/install/mav_planning_msgs/include/mav_planning_msgs/mav_planning_msgs/msg/detail/point2_d__functions.h
[15.857s] -- Symlinking: /home/palash/pico_ws/install/mav_planning_msgs/include/mav_planning_msgs/mav_planning_msgs/msg/detail/point2_d__struct.h
[15.872s] -- Symlinking: /home/palash/pico_ws/install/mav_planning_msgs/include/mav_planning_msgs/mav_planning_msgs/msg/detail/point2_d__type_support.h
[15.884s] -- Symlinking: /home/palash/pico_ws/install/mav_planning_msgs/include/mav_planning_msgs/mav_planning_msgs/msg/detail/point_cloud_with_pose__functions.h
[15.899s] -- Symlinking: /home/palash/pico_ws/install/mav_planning_msgs/include/mav_planning_msgs/mav_planning_msgs/msg/detail/point_cloud_with_pose__struct.h
[15.912s] -- Symlinking: /home/palash/pico_ws/install/mav_planning_msgs/include/mav_planning_msgs/mav_planning_msgs/msg/detail/point_cloud_with_pose__type_support.h
[15.926s] -- Symlinking: /home/palash/pico_ws/install/mav_planning_msgs/include/mav_planning_msgs/mav_planning_msgs/msg/detail/polygon2_d__functions.h
[15.942s] -- Symlinking: /home/palash/pico_ws/install/mav_planning_msgs/include/mav_planning_msgs/mav_planning_msgs/msg/detail/polygon2_d__struct.h
[15.957s] -- Symlinking: /home/palash/pico_ws/install/mav_planning_msgs/include/mav_planning_msgs/mav_planning_msgs/msg/detail/polygon2_d__type_support.h
[15.976s] -- Symlinking: /home/palash/pico_ws/install/mav_planning_msgs/include/mav_planning_msgs/mav_planning_msgs/msg/detail/polygon_with_holes__functions.h
[15.991s] -- Symlinking: /home/palash/pico_ws/install/mav_planning_msgs/include/mav_planning_msgs/mav_planning_msgs/msg/detail/polygon_with_holes__struct.h
[16.011s] -- Symlinking: /home/palash/pico_ws/install/mav_planning_msgs/include/mav_planning_msgs/mav_planning_msgs/msg/detail/polygon_with_holes__type_support.h
[16.025s] -- Symlinking: /home/palash/pico_ws/install/mav_planning_msgs/include/mav_planning_msgs/mav_planning_msgs/msg/detail/polygon_with_holes_stamped__functions.h
[16.040s] -- Symlinking: /home/palash/pico_ws/install/mav_planning_msgs/include/mav_planning_msgs/mav_planning_msgs/msg/detail/polygon_with_holes_stamped__struct.h
[16.053s] -- Symlinking: /home/palash/pico_ws/install/mav_planning_msgs/include/mav_planning_msgs/mav_planning_msgs/msg/detail/polygon_with_holes_stamped__type_support.h
[16.068s] -- Symlinking: /home/palash/pico_ws/install/mav_planning_msgs/include/mav_planning_msgs/mav_planning_msgs/msg/detail/polynomial_segment4_d__functions.h
[16.082s] -- Symlinking: /home/palash/pico_ws/install/mav_planning_msgs/include/mav_planning_msgs/mav_planning_msgs/msg/detail/polynomial_segment4_d__struct.h
[16.098s] -- Symlinking: /home/palash/pico_ws/install/mav_planning_msgs/include/mav_planning_msgs/mav_planning_msgs/msg/detail/polynomial_segment4_d__type_support.h
[16.112s] -- Symlinking: /home/palash/pico_ws/install/mav_planning_msgs/include/mav_planning_msgs/mav_planning_msgs/msg/detail/polynomial_segment__functions.h
[16.125s] -- Symlinking: /home/palash/pico_ws/install/mav_planning_msgs/include/mav_planning_msgs/mav_planning_msgs/msg/detail/polynomial_segment__struct.h
[16.138s] -- Symlinking: /home/palash/pico_ws/install/mav_planning_msgs/include/mav_planning_msgs/mav_planning_msgs/msg/detail/polynomial_segment__type_support.h
[16.150s] -- Symlinking: /home/palash/pico_ws/install/mav_planning_msgs/include/mav_planning_msgs/mav_planning_msgs/msg/detail/polynomial_trajectory4_d__functions.h
[16.164s] -- Symlinking: /home/palash/pico_ws/install/mav_planning_msgs/include/mav_planning_msgs/mav_planning_msgs/msg/detail/polynomial_trajectory4_d__struct.h
[16.179s] -- Symlinking: /home/palash/pico_ws/install/mav_planning_msgs/include/mav_planning_msgs/mav_planning_msgs/msg/detail/polynomial_trajectory4_d__type_support.h
[16.192s] -- Symlinking: /home/palash/pico_ws/install/mav_planning_msgs/include/mav_planning_msgs/mav_planning_msgs/msg/detail/polynomial_trajectory__functions.h
[16.208s] -- Symlinking: /home/palash/pico_ws/install/mav_planning_msgs/include/mav_planning_msgs/mav_planning_msgs/msg/detail/polynomial_trajectory__struct.h
[16.223s] -- Symlinking: /home/palash/pico_ws/install/mav_planning_msgs/include/mav_planning_msgs/mav_planning_msgs/msg/detail/polynomial_trajectory__type_support.h
[16.240s] -- Symlinking: /home/palash/pico_ws/install/mav_planning_msgs/include/mav_planning_msgs/mav_planning_msgs/msg/point2_d.h
[16.254s] -- Symlinking: /home/palash/pico_ws/install/mav_planning_msgs/include/mav_planning_msgs/mav_planning_msgs/msg/point_cloud_with_pose.h
[16.270s] -- Symlinking: /home/palash/pico_ws/install/mav_planning_msgs/include/mav_planning_msgs/mav_planning_msgs/msg/polygon2_d.h
[16.286s] -- Symlinking: /home/palash/pico_ws/install/mav_planning_msgs/include/mav_planning_msgs/mav_planning_msgs/msg/polygon_with_holes.h
[16.302s] -- Symlinking: /home/palash/pico_ws/install/mav_planning_msgs/include/mav_planning_msgs/mav_planning_msgs/msg/polygon_with_holes_stamped.h
[16.319s] -- Symlinking: /home/palash/pico_ws/install/mav_planning_msgs/include/mav_planning_msgs/mav_planning_msgs/msg/polynomial_segment.h
[16.336s] -- Symlinking: /home/palash/pico_ws/install/mav_planning_msgs/include/mav_planning_msgs/mav_planning_msgs/msg/polynomial_segment4_d.h
[16.351s] -- Symlinking: /home/palash/pico_ws/install/mav_planning_msgs/include/mav_planning_msgs/mav_planning_msgs/msg/polynomial_trajectory.h
[16.369s] -- Symlinking: /home/palash/pico_ws/install/mav_planning_msgs/include/mav_planning_msgs/mav_planning_msgs/msg/polynomial_trajectory4_d.h
[16.384s] -- Symlinking: /home/palash/pico_ws/install/mav_planning_msgs/include/mav_planning_msgs/mav_planning_msgs/msg/rosidl_generator_c__visibility_control.h
[16.398s] -- Symlinking: /home/palash/pico_ws/install/mav_planning_msgs/include/mav_planning_msgs/mav_planning_msgs/srv/change_name_service.h
[16.417s] -- Symlinking: /home/palash/pico_ws/install/mav_planning_msgs/include/mav_planning_msgs/mav_planning_msgs/srv/detail/change_name_service__functions.h
[16.430s] -- Symlinking: /home/palash/pico_ws/install/mav_planning_msgs/include/mav_planning_msgs/mav_planning_msgs/srv/detail/change_name_service__struct.h
[16.448s] -- Symlinking: /home/palash/pico_ws/install/mav_planning_msgs/include/mav_planning_msgs/mav_planning_msgs/srv/detail/change_name_service__type_support.h
[16.467s] -- Symlinking: /home/palash/pico_ws/install/mav_planning_msgs/include/mav_planning_msgs/mav_planning_msgs/srv/detail/planner_service__functions.h
[16.483s] -- Symlinking: /home/palash/pico_ws/install/mav_planning_msgs/include/mav_planning_msgs/mav_planning_msgs/srv/detail/planner_service__struct.h
[16.498s] -- Symlinking: /home/palash/pico_ws/install/mav_planning_msgs/include/mav_planning_msgs/mav_planning_msgs/srv/detail/planner_service__type_support.h
[16.516s] -- Symlinking: /home/palash/pico_ws/install/mav_planning_msgs/include/mav_planning_msgs/mav_planning_msgs/srv/detail/polygon_service__functions.h
[16.535s] -- Symlinking: /home/palash/pico_ws/install/mav_planning_msgs/include/mav_planning_msgs/mav_planning_msgs/srv/detail/polygon_service__struct.h
[16.550s] -- Symlinking: /home/palash/pico_ws/install/mav_planning_msgs/include/mav_planning_msgs/mav_planning_msgs/srv/detail/polygon_service__type_support.h
[16.568s] -- Symlinking: /home/palash/pico_ws/install/mav_planning_msgs/include/mav_planning_msgs/mav_planning_msgs/srv/planner_service.h
[16.580s] -- Symlinking: /home/palash/pico_ws/install/mav_planning_msgs/include/mav_planning_msgs/mav_planning_msgs/srv/polygon_service.h
[16.598s] -- Symlinking: /home/palash/pico_ws/install/mav_planning_msgs/share/mav_planning_msgs/environment/library_path.sh
[16.614s] -- Symlinking: /home/palash/pico_ws/install/mav_planning_msgs/share/mav_planning_msgs/environment/library_path.dsv
[16.631s] -- Symlinking: /home/palash/pico_ws/install/mav_planning_msgs/include/mav_planning_msgs/mav_planning_msgs/msg/detail/point2_d__rosidl_typesupport_fastrtps_c.h
[16.647s] -- Symlinking: /home/palash/pico_ws/install/mav_planning_msgs/include/mav_planning_msgs/mav_planning_msgs/msg/detail/point_cloud_with_pose__rosidl_typesupport_fastrtps_c.h
[16.664s] -- Symlinking: /home/palash/pico_ws/install/mav_planning_msgs/include/mav_planning_msgs/mav_planning_msgs/msg/detail/polygon2_d__rosidl_typesupport_fastrtps_c.h
[16.679s] -- Symlinking: /home/palash/pico_ws/install/mav_planning_msgs/include/mav_planning_msgs/mav_planning_msgs/msg/detail/polygon_with_holes__rosidl_typesupport_fastrtps_c.h
[16.693s] -- Symlinking: /home/palash/pico_ws/install/mav_planning_msgs/include/mav_planning_msgs/mav_planning_msgs/msg/detail/polygon_with_holes_stamped__rosidl_typesupport_fastrtps_c.h
[16.709s] -- Symlinking: /home/palash/pico_ws/install/mav_planning_msgs/include/mav_planning_msgs/mav_planning_msgs/msg/detail/polynomial_segment4_d__rosidl_typesupport_fastrtps_c.h
[16.724s] -- Symlinking: /home/palash/pico_ws/install/mav_planning_msgs/include/mav_planning_msgs/mav_planning_msgs/msg/detail/polynomial_segment__rosidl_typesupport_fastrtps_c.h
[16.743s] -- Symlinking: /home/palash/pico_ws/install/mav_planning_msgs/include/mav_planning_msgs/mav_planning_msgs/msg/detail/polynomial_trajectory4_d__rosidl_typesupport_fastrtps_c.h
[16.761s] -- Symlinking: /home/palash/pico_ws/install/mav_planning_msgs/include/mav_planning_msgs/mav_planning_msgs/msg/detail/polynomial_trajectory__rosidl_typesupport_fastrtps_c.h
[16.779s] -- Symlinking: /home/palash/pico_ws/install/mav_planning_msgs/include/mav_planning_msgs/mav_planning_msgs/msg/rosidl_typesupport_fastrtps_c__visibility_control.h
[16.797s] -- Symlinking: /home/palash/pico_ws/install/mav_planning_msgs/include/mav_planning_msgs/mav_planning_msgs/srv/detail/change_name_service__rosidl_typesupport_fastrtps_c.h
[16.811s] -- Symlinking: /home/palash/pico_ws/install/mav_planning_msgs/include/mav_planning_msgs/mav_planning_msgs/srv/detail/planner_service__rosidl_typesupport_fastrtps_c.h
[16.828s] -- Symlinking: /home/palash/pico_ws/install/mav_planning_msgs/include/mav_planning_msgs/mav_planning_msgs/srv/detail/polygon_service__rosidl_typesupport_fastrtps_c.h
[16.843s] -- Symlinking: /home/palash/pico_ws/install/mav_planning_msgs/include/mav_planning_msgs/mav_planning_msgs/msg/detail/point2_d__rosidl_typesupport_introspection_c.h
[16.858s] -- Symlinking: /home/palash/pico_ws/install/mav_planning_msgs/include/mav_planning_msgs/mav_planning_msgs/msg/detail/point_cloud_with_pose__rosidl_typesupport_introspection_c.h
[16.876s] -- Symlinking: /home/palash/pico_ws/install/mav_planning_msgs/include/mav_planning_msgs/mav_planning_msgs/msg/detail/polygon2_d__rosidl_typesupport_introspection_c.h
[16.894s] -- Symlinking: /home/palash/pico_ws/install/mav_planning_msgs/include/mav_planning_msgs/mav_planning_msgs/msg/detail/polygon_with_holes__rosidl_typesupport_introspection_c.h
[16.909s] -- Symlinking: /home/palash/pico_ws/install/mav_planning_msgs/include/mav_planning_msgs/mav_planning_msgs/msg/detail/polygon_with_holes_stamped__rosidl_typesupport_introspection_c.h
[16.923s] -- Symlinking: /home/palash/pico_ws/install/mav_planning_msgs/include/mav_planning_msgs/mav_planning_msgs/msg/detail/polynomial_segment4_d__rosidl_typesupport_introspection_c.h
[16.940s] -- Symlinking: /home/palash/pico_ws/install/mav_planning_msgs/include/mav_planning_msgs/mav_planning_msgs/msg/detail/polynomial_segment__rosidl_typesupport_introspection_c.h
[16.953s] -- Symlinking: /home/palash/pico_ws/install/mav_planning_msgs/include/mav_planning_msgs/mav_planning_msgs/msg/detail/polynomial_trajectory4_d__rosidl_typesupport_introspection_c.h
[16.971s] -- Symlinking: /home/palash/pico_ws/install/mav_planning_msgs/include/mav_planning_msgs/mav_planning_msgs/msg/detail/polynomial_trajectory__rosidl_typesupport_introspection_c.h
[16.985s] -- Symlinking: /home/palash/pico_ws/install/mav_planning_msgs/include/mav_planning_msgs/mav_planning_msgs/msg/rosidl_typesupport_introspection_c__visibility_control.h
[17.006s] -- Symlinking: /home/palash/pico_ws/install/mav_planning_msgs/include/mav_planning_msgs/mav_planning_msgs/srv/detail/change_name_service__rosidl_typesupport_introspection_c.h
[17.022s] -- Symlinking: /home/palash/pico_ws/install/mav_planning_msgs/include/mav_planning_msgs/mav_planning_msgs/srv/detail/planner_service__rosidl_typesupport_introspection_c.h
[17.039s] -- Symlinking: /home/palash/pico_ws/install/mav_planning_msgs/include/mav_planning_msgs/mav_planning_msgs/srv/detail/polygon_service__rosidl_typesupport_introspection_c.h
[17.053s] -- Symlinking: /home/palash/pico_ws/install/mav_planning_msgs/include/mav_planning_msgs/mav_planning_msgs/msg/detail/point2_d__builder.hpp
[17.071s] -- Symlinking: /home/palash/pico_ws/install/mav_planning_msgs/include/mav_planning_msgs/mav_planning_msgs/msg/detail/point2_d__struct.hpp
[17.084s] -- Symlinking: /home/palash/pico_ws/install/mav_planning_msgs/include/mav_planning_msgs/mav_planning_msgs/msg/detail/point2_d__traits.hpp
[17.103s] -- Symlinking: /home/palash/pico_ws/install/mav_planning_msgs/include/mav_planning_msgs/mav_planning_msgs/msg/detail/point2_d__type_support.hpp
[17.118s] -- Symlinking: /home/palash/pico_ws/install/mav_planning_msgs/include/mav_planning_msgs/mav_planning_msgs/msg/detail/point_cloud_with_pose__builder.hpp
[17.136s] -- Symlinking: /home/palash/pico_ws/install/mav_planning_msgs/include/mav_planning_msgs/mav_planning_msgs/msg/detail/point_cloud_with_pose__struct.hpp
[17.148s] -- Symlinking: /home/palash/pico_ws/install/mav_planning_msgs/include/mav_planning_msgs/mav_planning_msgs/msg/detail/point_cloud_with_pose__traits.hpp
[17.163s] -- Symlinking: /home/palash/pico_ws/install/mav_planning_msgs/include/mav_planning_msgs/mav_planning_msgs/msg/detail/point_cloud_with_pose__type_support.hpp
[17.179s] -- Symlinking: /home/palash/pico_ws/install/mav_planning_msgs/include/mav_planning_msgs/mav_planning_msgs/msg/detail/polygon2_d__builder.hpp
[17.195s] -- Symlinking: /home/palash/pico_ws/install/mav_planning_msgs/include/mav_planning_msgs/mav_planning_msgs/msg/detail/polygon2_d__struct.hpp
[17.210s] -- Symlinking: /home/palash/pico_ws/install/mav_planning_msgs/include/mav_planning_msgs/mav_planning_msgs/msg/detail/polygon2_d__traits.hpp
[17.227s] -- Symlinking: /home/palash/pico_ws/install/mav_planning_msgs/include/mav_planning_msgs/mav_planning_msgs/msg/detail/polygon2_d__type_support.hpp
[17.240s] -- Symlinking: /home/palash/pico_ws/install/mav_planning_msgs/include/mav_planning_msgs/mav_planning_msgs/msg/detail/polygon_with_holes__builder.hpp
[17.253s] -- Symlinking: /home/palash/pico_ws/install/mav_planning_msgs/include/mav_planning_msgs/mav_planning_msgs/msg/detail/polygon_with_holes__struct.hpp
[17.269s] -- Symlinking: /home/palash/pico_ws/install/mav_planning_msgs/include/mav_planning_msgs/mav_planning_msgs/msg/detail/polygon_with_holes__traits.hpp
[17.281s] -- Symlinking: /home/palash/pico_ws/install/mav_planning_msgs/include/mav_planning_msgs/mav_planning_msgs/msg/detail/polygon_with_holes__type_support.hpp
[17.294s] -- Symlinking: /home/palash/pico_ws/install/mav_planning_msgs/include/mav_planning_msgs/mav_planning_msgs/msg/detail/polygon_with_holes_stamped__builder.hpp
[17.306s] -- Symlinking: /home/palash/pico_ws/install/mav_planning_msgs/include/mav_planning_msgs/mav_planning_msgs/msg/detail/polygon_with_holes_stamped__struct.hpp
[17.318s] -- Symlinking: /home/palash/pico_ws/install/mav_planning_msgs/include/mav_planning_msgs/mav_planning_msgs/msg/detail/polygon_with_holes_stamped__traits.hpp
[17.330s] -- Symlinking: /home/palash/pico_ws/install/mav_planning_msgs/include/mav_planning_msgs/mav_planning_msgs/msg/detail/polygon_with_holes_stamped__type_support.hpp
[17.343s] -- Symlinking: /home/palash/pico_ws/install/mav_planning_msgs/include/mav_planning_msgs/mav_planning_msgs/msg/detail/polynomial_segment4_d__builder.hpp
[17.354s] -- Symlinking: /home/palash/pico_ws/install/mav_planning_msgs/include/mav_planning_msgs/mav_planning_msgs/msg/detail/polynomial_segment4_d__struct.hpp
[17.368s] -- Symlinking: /home/palash/pico_ws/install/mav_planning_msgs/include/mav_planning_msgs/mav_planning_msgs/msg/detail/polynomial_segment4_d__traits.hpp
[17.381s] -- Symlinking: /home/palash/pico_ws/install/mav_planning_msgs/include/mav_planning_msgs/mav_planning_msgs/msg/detail/polynomial_segment4_d__type_support.hpp
[17.395s] -- Symlinking: /home/palash/pico_ws/install/mav_planning_msgs/include/mav_planning_msgs/mav_planning_msgs/msg/detail/polynomial_segment__builder.hpp
[17.408s] -- Symlinking: /home/palash/pico_ws/install/mav_planning_msgs/include/mav_planning_msgs/mav_planning_msgs/msg/detail/polynomial_segment__struct.hpp
[17.422s] -- Symlinking: /home/palash/pico_ws/install/mav_planning_msgs/include/mav_planning_msgs/mav_planning_msgs/msg/detail/polynomial_segment__traits.hpp
[17.435s] -- Symlinking: /home/palash/pico_ws/install/mav_planning_msgs/include/mav_planning_msgs/mav_planning_msgs/msg/detail/polynomial_segment__type_support.hpp
[17.446s] -- Symlinking: /home/palash/pico_ws/install/mav_planning_msgs/include/mav_planning_msgs/mav_planning_msgs/msg/detail/polynomial_trajectory4_d__builder.hpp
[17.459s] -- Symlinking: /home/palash/pico_ws/install/mav_planning_msgs/include/mav_planning_msgs/mav_planning_msgs/msg/detail/polynomial_trajectory4_d__struct.hpp
[17.471s] -- Symlinking: /home/palash/pico_ws/install/mav_planning_msgs/include/mav_planning_msgs/mav_planning_msgs/msg/detail/polynomial_trajectory4_d__traits.hpp
[17.484s] -- Symlinking: /home/palash/pico_ws/install/mav_planning_msgs/include/mav_planning_msgs/mav_planning_msgs/msg/detail/polynomial_trajectory4_d__type_support.hpp
[17.499s] -- Symlinking: /home/palash/pico_ws/install/mav_planning_msgs/include/mav_planning_msgs/mav_planning_msgs/msg/detail/polynomial_trajectory__builder.hpp
[17.512s] -- Symlinking: /home/palash/pico_ws/install/mav_planning_msgs/include/mav_planning_msgs/mav_planning_msgs/msg/detail/polynomial_trajectory__struct.hpp
[17.527s] -- Symlinking: /home/palash/pico_ws/install/mav_planning_msgs/include/mav_planning_msgs/mav_planning_msgs/msg/detail/polynomial_trajectory__traits.hpp
[17.539s] -- Symlinking: /home/palash/pico_ws/install/mav_planning_msgs/include/mav_planning_msgs/mav_planning_msgs/msg/detail/polynomial_trajectory__type_support.hpp
[17.553s] -- Symlinking: /home/palash/pico_ws/install/mav_planning_msgs/include/mav_planning_msgs/mav_planning_msgs/msg/point2_d.hpp
[17.564s] -- Symlinking: /home/palash/pico_ws/install/mav_planning_msgs/include/mav_planning_msgs/mav_planning_msgs/msg/point_cloud_with_pose.hpp
[17.574s] -- Symlinking: /home/palash/pico_ws/install/mav_planning_msgs/include/mav_planning_msgs/mav_planning_msgs/msg/polygon2_d.hpp
[17.587s] -- Symlinking: /home/palash/pico_ws/install/mav_planning_msgs/include/mav_planning_msgs/mav_planning_msgs/msg/polygon_with_holes.hpp
[17.600s] -- Symlinking: /home/palash/pico_ws/install/mav_planning_msgs/include/mav_planning_msgs/mav_planning_msgs/msg/polygon_with_holes_stamped.hpp
[17.612s] -- Symlinking: /home/palash/pico_ws/install/mav_planning_msgs/include/mav_planning_msgs/mav_planning_msgs/msg/polynomial_segment.hpp
[17.626s] -- Symlinking: /home/palash/pico_ws/install/mav_planning_msgs/include/mav_planning_msgs/mav_planning_msgs/msg/polynomial_segment4_d.hpp
[17.639s] -- Symlinking: /home/palash/pico_ws/install/mav_planning_msgs/include/mav_planning_msgs/mav_planning_msgs/msg/polynomial_trajectory.hpp
[17.653s] -- Symlinking: /home/palash/pico_ws/install/mav_planning_msgs/include/mav_planning_msgs/mav_planning_msgs/msg/polynomial_trajectory4_d.hpp
[17.664s] -- Symlinking: /home/palash/pico_ws/install/mav_planning_msgs/include/mav_planning_msgs/mav_planning_msgs/msg/rosidl_generator_cpp__visibility_control.hpp
[17.675s] -- Symlinking: /home/palash/pico_ws/install/mav_planning_msgs/include/mav_planning_msgs/mav_planning_msgs/srv/change_name_service.hpp
[17.687s] -- Symlinking: /home/palash/pico_ws/install/mav_planning_msgs/include/mav_planning_msgs/mav_planning_msgs/srv/detail/change_name_service__builder.hpp
[17.700s] -- Symlinking: /home/palash/pico_ws/install/mav_planning_msgs/include/mav_planning_msgs/mav_planning_msgs/srv/detail/change_name_service__struct.hpp
[17.712s] -- Symlinking: /home/palash/pico_ws/install/mav_planning_msgs/include/mav_planning_msgs/mav_planning_msgs/srv/detail/change_name_service__traits.hpp
[17.724s] -- Symlinking: /home/palash/pico_ws/install/mav_planning_msgs/include/mav_planning_msgs/mav_planning_msgs/srv/detail/change_name_service__type_support.hpp
[17.737s] -- Symlinking: /home/palash/pico_ws/install/mav_planning_msgs/include/mav_planning_msgs/mav_planning_msgs/srv/detail/planner_service__builder.hpp
[17.751s] -- Symlinking: /home/palash/pico_ws/install/mav_planning_msgs/include/mav_planning_msgs/mav_planning_msgs/srv/detail/planner_service__struct.hpp
[17.764s] -- Symlinking: /home/palash/pico_ws/install/mav_planning_msgs/include/mav_planning_msgs/mav_planning_msgs/srv/detail/planner_service__traits.hpp
[17.777s] -- Symlinking: /home/palash/pico_ws/install/mav_planning_msgs/include/mav_planning_msgs/mav_planning_msgs/srv/detail/planner_service__type_support.hpp
[17.791s] -- Symlinking: /home/palash/pico_ws/install/mav_planning_msgs/include/mav_planning_msgs/mav_planning_msgs/srv/detail/polygon_service__builder.hpp
[17.800s] -- Symlinking: /home/palash/pico_ws/install/mav_planning_msgs/include/mav_planning_msgs/mav_planning_msgs/srv/detail/polygon_service__struct.hpp
[17.813s] -- Symlinking: /home/palash/pico_ws/install/mav_planning_msgs/include/mav_planning_msgs/mav_planning_msgs/srv/detail/polygon_service__traits.hpp
[17.826s] -- Symlinking: /home/palash/pico_ws/install/mav_planning_msgs/include/mav_planning_msgs/mav_planning_msgs/srv/detail/polygon_service__type_support.hpp
[17.837s] -- Symlinking: /home/palash/pico_ws/install/mav_planning_msgs/include/mav_planning_msgs/mav_planning_msgs/srv/planner_service.hpp
[17.850s] -- Symlinking: /home/palash/pico_ws/install/mav_planning_msgs/include/mav_planning_msgs/mav_planning_msgs/srv/polygon_service.hpp
[17.864s] -- Symlinking: /home/palash/pico_ws/install/mav_planning_msgs/include/mav_planning_msgs/mav_planning_msgs/msg/detail/point2_d__rosidl_typesupport_fastrtps_cpp.hpp
[17.876s] -- Symlinking: /home/palash/pico_ws/install/mav_planning_msgs/include/mav_planning_msgs/mav_planning_msgs/msg/detail/point_cloud_with_pose__rosidl_typesupport_fastrtps_cpp.hpp
[17.890s] -- Symlinking: /home/palash/pico_ws/install/mav_planning_msgs/include/mav_planning_msgs/mav_planning_msgs/msg/detail/polygon2_d__rosidl_typesupport_fastrtps_cpp.hpp
[17.900s] -- Symlinking: /home/palash/pico_ws/install/mav_planning_msgs/include/mav_planning_msgs/mav_planning_msgs/msg/detail/polygon_with_holes__rosidl_typesupport_fastrtps_cpp.hpp
[17.913s] -- Symlinking: /home/palash/pico_ws/install/mav_planning_msgs/include/mav_planning_msgs/mav_planning_msgs/msg/detail/polygon_with_holes_stamped__rosidl_typesupport_fastrtps_cpp.hpp
[17.926s] -- Symlinking: /home/palash/pico_ws/install/mav_planning_msgs/include/mav_planning_msgs/mav_planning_msgs/msg/detail/polynomial_segment4_d__rosidl_typesupport_fastrtps_cpp.hpp
[17.937s] -- Symlinking: /home/palash/pico_ws/install/mav_planning_msgs/include/mav_planning_msgs/mav_planning_msgs/msg/detail/polynomial_segment__rosidl_typesupport_fastrtps_cpp.hpp
[17.950s] -- Symlinking: /home/palash/pico_ws/install/mav_planning_msgs/include/mav_planning_msgs/mav_planning_msgs/msg/detail/polynomial_trajectory4_d__rosidl_typesupport_fastrtps_cpp.hpp
[17.963s] -- Symlinking: /home/palash/pico_ws/install/mav_planning_msgs/include/mav_planning_msgs/mav_planning_msgs/msg/detail/polynomial_trajectory__rosidl_typesupport_fastrtps_cpp.hpp
[17.976s] -- Symlinking: /home/palash/pico_ws/install/mav_planning_msgs/include/mav_planning_msgs/mav_planning_msgs/msg/rosidl_typesupport_fastrtps_cpp__visibility_control.h
[17.988s] -- Symlinking: /home/palash/pico_ws/install/mav_planning_msgs/include/mav_planning_msgs/mav_planning_msgs/srv/detail/change_name_service__rosidl_typesupport_fastrtps_cpp.hpp
[18.000s] -- Symlinking: /home/palash/pico_ws/install/mav_planning_msgs/include/mav_planning_msgs/mav_planning_msgs/srv/detail/planner_service__rosidl_typesupport_fastrtps_cpp.hpp
[18.014s] -- Symlinking: /home/palash/pico_ws/install/mav_planning_msgs/include/mav_planning_msgs/mav_planning_msgs/srv/detail/polygon_service__rosidl_typesupport_fastrtps_cpp.hpp
[18.028s] -- Symlinking: /home/palash/pico_ws/install/mav_planning_msgs/include/mav_planning_msgs/mav_planning_msgs/msg/detail/point2_d__rosidl_typesupport_introspection_cpp.hpp
[18.042s] -- Symlinking: /home/palash/pico_ws/install/mav_planning_msgs/include/mav_planning_msgs/mav_planning_msgs/msg/detail/point_cloud_with_pose__rosidl_typesupport_introspection_cpp.hpp
[18.056s] -- Symlinking: /home/palash/pico_ws/install/mav_planning_msgs/include/mav_planning_msgs/mav_planning_msgs/msg/detail/polygon2_d__rosidl_typesupport_introspection_cpp.hpp
[18.067s] -- Symlinking: /home/palash/pico_ws/install/mav_planning_msgs/include/mav_planning_msgs/mav_planning_msgs/msg/detail/polygon_with_holes__rosidl_typesupport_introspection_cpp.hpp
[18.081s] -- Symlinking: /home/palash/pico_ws/install/mav_planning_msgs/include/mav_planning_msgs/mav_planning_msgs/msg/detail/polygon_with_holes_stamped__rosidl_typesupport_introspection_cpp.hpp
[18.094s] -- Symlinking: /home/palash/pico_ws/install/mav_planning_msgs/include/mav_planning_msgs/mav_planning_msgs/msg/detail/polynomial_segment4_d__rosidl_typesupport_introspection_cpp.hpp
[18.106s] -- Symlinking: /home/palash/pico_ws/install/mav_planning_msgs/include/mav_planning_msgs/mav_planning_msgs/msg/detail/polynomial_segment__rosidl_typesupport_introspection_cpp.hpp
[18.120s] -- Symlinking: /home/palash/pico_ws/install/mav_planning_msgs/include/mav_planning_msgs/mav_planning_msgs/msg/detail/polynomial_trajectory4_d__rosidl_typesupport_introspection_cpp.hpp
[18.130s] -- Symlinking: /home/palash/pico_ws/install/mav_planning_msgs/include/mav_planning_msgs/mav_planning_msgs/msg/detail/polynomial_trajectory__rosidl_typesupport_introspection_cpp.hpp
[18.141s] -- Symlinking: /home/palash/pico_ws/install/mav_planning_msgs/include/mav_planning_msgs/mav_planning_msgs/srv/detail/change_name_service__rosidl_typesupport_introspection_cpp.hpp
[18.155s] -- Symlinking: /home/palash/pico_ws/install/mav_planning_msgs/include/mav_planning_msgs/mav_planning_msgs/srv/detail/planner_service__rosidl_typesupport_introspection_cpp.hpp
[18.167s] -- Symlinking: /home/palash/pico_ws/install/mav_planning_msgs/include/mav_planning_msgs/mav_planning_msgs/srv/detail/polygon_service__rosidl_typesupport_introspection_cpp.hpp
[18.180s] -- Symlinking: /home/palash/pico_ws/install/mav_planning_msgs/share/mav_planning_msgs/environment/pythonpath.sh
[18.194s] -- Symlinking: /home/palash/pico_ws/install/mav_planning_msgs/share/mav_planning_msgs/environment/pythonpath.dsv
[18.206s] -- Symlinking: /home/palash/pico_ws/install/mav_planning_msgs/local/lib/python3.10/dist-packages/mav_planning_msgs-3.3.3-py3.10.egg-info/PKG-INFO
[18.221s] -- Symlinking: /home/palash/pico_ws/install/mav_planning_msgs/local/lib/python3.10/dist-packages/mav_planning_msgs-3.3.3-py3.10.egg-info/SOURCES.txt
[18.233s] -- Symlinking: /home/palash/pico_ws/install/mav_planning_msgs/local/lib/python3.10/dist-packages/mav_planning_msgs-3.3.3-py3.10.egg-info/dependency_links.txt
[18.245s] -- Symlinking: /home/palash/pico_ws/install/mav_planning_msgs/local/lib/python3.10/dist-packages/mav_planning_msgs-3.3.3-py3.10.egg-info/top_level.txt
[18.260s] -- Symlinking: /home/palash/pico_ws/install/mav_planning_msgs/local/lib/python3.10/dist-packages/mav_planning_msgs/__init__.py
[18.273s] -- Symlinking: /home/palash/pico_ws/install/mav_planning_msgs/local/lib/python3.10/dist-packages/mav_planning_msgs/_mav_planning_msgs_s.ep.rosidl_typesupport_c.c
[18.287s] -- Symlinking: /home/palash/pico_ws/install/mav_planning_msgs/local/lib/python3.10/dist-packages/mav_planning_msgs/_mav_planning_msgs_s.ep.rosidl_typesupport_fastrtps_c.c
[18.298s] -- Symlinking: /home/palash/pico_ws/install/mav_planning_msgs/local/lib/python3.10/dist-packages/mav_planning_msgs/_mav_planning_msgs_s.ep.rosidl_typesupport_introspection_c.c
[18.312s] -- Symlinking: /home/palash/pico_ws/install/mav_planning_msgs/local/lib/python3.10/dist-packages/mav_planning_msgs/libmav_planning_msgs__rosidl_generator_py.so
[18.324s] -- Symlinking: /home/palash/pico_ws/install/mav_planning_msgs/local/lib/python3.10/dist-packages/mav_planning_msgs/mav_planning_msgs_s__rosidl_typesupport_c.cpython-310-x86_64-linux-gnu.so
[18.335s] -- Symlinking: /home/palash/pico_ws/install/mav_planning_msgs/local/lib/python3.10/dist-packages/mav_planning_msgs/mav_planning_msgs_s__rosidl_typesupport_fastrtps_c.cpython-310-x86_64-linux-gnu.so
[18.348s] -- Symlinking: /home/palash/pico_ws/install/mav_planning_msgs/local/lib/python3.10/dist-packages/mav_planning_msgs/mav_planning_msgs_s__rosidl_typesupport_introspection_c.cpython-310-x86_64-linux-gnu.so
[18.362s] -- Symlinking: /home/palash/pico_ws/install/mav_planning_msgs/local/lib/python3.10/dist-packages/mav_planning_msgs/msg/__init__.py
[18.373s] -- Symlinking: /home/palash/pico_ws/install/mav_planning_msgs/local/lib/python3.10/dist-packages/mav_planning_msgs/msg/_point2_d.py
[18.388s] -- Symlinking: /home/palash/pico_ws/install/mav_planning_msgs/local/lib/python3.10/dist-packages/mav_planning_msgs/msg/_point2_d_s.c
[18.399s] -- Symlinking: /home/palash/pico_ws/install/mav_planning_msgs/local/lib/python3.10/dist-packages/mav_planning_msgs/msg/_point_cloud_with_pose.py
[18.411s] -- Symlinking: /home/palash/pico_ws/install/mav_planning_msgs/local/lib/python3.10/dist-packages/mav_planning_msgs/msg/_point_cloud_with_pose_s.c
[18.425s] -- Symlinking: /home/palash/pico_ws/install/mav_planning_msgs/local/lib/python3.10/dist-packages/mav_planning_msgs/msg/_polygon2_d.py
[18.438s] -- Symlinking: /home/palash/pico_ws/install/mav_planning_msgs/local/lib/python3.10/dist-packages/mav_planning_msgs/msg/_polygon2_d_s.c
[18.449s] -- Symlinking: /home/palash/pico_ws/install/mav_planning_msgs/local/lib/python3.10/dist-packages/mav_planning_msgs/msg/_polygon_with_holes.py
[18.461s] -- Symlinking: /home/palash/pico_ws/install/mav_planning_msgs/local/lib/python3.10/dist-packages/mav_planning_msgs/msg/_polygon_with_holes_s.c
[18.473s] -- Symlinking: /home/palash/pico_ws/install/mav_planning_msgs/local/lib/python3.10/dist-packages/mav_planning_msgs/msg/_polygon_with_holes_stamped.py
[18.486s] -- Symlinking: /home/palash/pico_ws/install/mav_planning_msgs/local/lib/python3.10/dist-packages/mav_planning_msgs/msg/_polygon_with_holes_stamped_s.c
[18.499s] -- Symlinking: /home/palash/pico_ws/install/mav_planning_msgs/local/lib/python3.10/dist-packages/mav_planning_msgs/msg/_polynomial_segment.py
[18.510s] -- Symlinking: /home/palash/pico_ws/install/mav_planning_msgs/local/lib/python3.10/dist-packages/mav_planning_msgs/msg/_polynomial_segment4_d.py
[18.523s] -- Symlinking: /home/palash/pico_ws/install/mav_planning_msgs/local/lib/python3.10/dist-packages/mav_planning_msgs/msg/_polynomial_segment4_d_s.c
[18.536s] -- Symlinking: /home/palash/pico_ws/install/mav_planning_msgs/local/lib/python3.10/dist-packages/mav_planning_msgs/msg/_polynomial_segment_s.c
[18.550s] -- Symlinking: /home/palash/pico_ws/install/mav_planning_msgs/local/lib/python3.10/dist-packages/mav_planning_msgs/msg/_polynomial_trajectory.py
[18.561s] -- Symlinking: /home/palash/pico_ws/install/mav_planning_msgs/local/lib/python3.10/dist-packages/mav_planning_msgs/msg/_polynomial_trajectory4_d.py
[18.573s] -- Symlinking: /home/palash/pico_ws/install/mav_planning_msgs/local/lib/python3.10/dist-packages/mav_planning_msgs/msg/_polynomial_trajectory4_d_s.c
[18.586s] -- Symlinking: /home/palash/pico_ws/install/mav_planning_msgs/local/lib/python3.10/dist-packages/mav_planning_msgs/msg/_polynomial_trajectory_s.c
[18.598s] -- Symlinking: /home/palash/pico_ws/install/mav_planning_msgs/local/lib/python3.10/dist-packages/mav_planning_msgs/srv/__init__.py
[18.611s] -- Symlinking: /home/palash/pico_ws/install/mav_planning_msgs/local/lib/python3.10/dist-packages/mav_planning_msgs/srv/_change_name_service.py
[18.626s] -- Symlinking: /home/palash/pico_ws/install/mav_planning_msgs/local/lib/python3.10/dist-packages/mav_planning_msgs/srv/_change_name_service_s.c
[18.641s] -- Symlinking: /home/palash/pico_ws/install/mav_planning_msgs/local/lib/python3.10/dist-packages/mav_planning_msgs/srv/_planner_service.py
[18.655s] -- Symlinking: /home/palash/pico_ws/install/mav_planning_msgs/local/lib/python3.10/dist-packages/mav_planning_msgs/srv/_planner_service_s.c
[18.666s] -- Symlinking: /home/palash/pico_ws/install/mav_planning_msgs/local/lib/python3.10/dist-packages/mav_planning_msgs/srv/_polygon_service.py
[18.679s] -- Symlinking: /home/palash/pico_ws/install/mav_planning_msgs/local/lib/python3.10/dist-packages/mav_planning_msgs/srv/_polygon_service_s.c
[18.693s] -- Up-to-date symlink: /home/palash/pico_ws/install/mav_planning_msgs/local/lib/python3.10/dist-packages/mav_planning_msgs/mav_planning_msgs_s__rosidl_typesupport_fastrtps_c.cpython-310-x86_64-linux-gnu.so
[18.693s] -- Up-to-date symlink: /home/palash/pico_ws/install/mav_planning_msgs/local/lib/python3.10/dist-packages/mav_planning_msgs/mav_planning_msgs_s__rosidl_typesupport_introspection_c.cpython-310-x86_64-linux-gnu.so
[18.694s] -- Up-to-date symlink: /home/palash/pico_ws/install/mav_planning_msgs/local/lib/python3.10/dist-packages/mav_planning_msgs/mav_planning_msgs_s__rosidl_typesupport_c.cpython-310-x86_64-linux-gnu.so
[18.694s] -- Symlinking: /home/palash/pico_ws/install/mav_planning_msgs/share/mav_planning_msgs/msg/Point2D.idl
[18.706s] -- Symlinking: /home/palash/pico_ws/install/mav_planning_msgs/share/mav_planning_msgs/msg/PointCloudWithPose.idl
[18.719s] -- Symlinking: /home/palash/pico_ws/install/mav_planning_msgs/share/mav_planning_msgs/msg/Polygon2D.idl
[18.731s] -- Symlinking: /home/palash/pico_ws/install/mav_planning_msgs/share/mav_planning_msgs/msg/PolygonWithHoles.idl
[18.743s] -- Symlinking: /home/palash/pico_ws/install/mav_planning_msgs/share/mav_planning_msgs/msg/PolygonWithHolesStamped.idl
[18.756s] -- Symlinking: /home/palash/pico_ws/install/mav_planning_msgs/share/mav_planning_msgs/msg/PolynomialSegment.idl
[18.768s] -- Symlinking: /home/palash/pico_ws/install/mav_planning_msgs/share/mav_planning_msgs/msg/PolynomialSegment4D.idl
[18.783s] -- Symlinking: /home/palash/pico_ws/install/mav_planning_msgs/share/mav_planning_msgs/msg/PolynomialTrajectory.idl
[18.793s] -- Symlinking: /home/palash/pico_ws/install/mav_planning_msgs/share/mav_planning_msgs/msg/PolynomialTrajectory4D.idl
[18.805s] -- Symlinking: /home/palash/pico_ws/install/mav_planning_msgs/share/mav_planning_msgs/srv/PlannerService.idl
[18.818s] -- Symlinking: /home/palash/pico_ws/install/mav_planning_msgs/share/mav_planning_msgs/srv/PolygonService.idl
[18.830s] -- Symlinking: /home/palash/pico_ws/install/mav_planning_msgs/share/mav_planning_msgs/srv/ChangeNameService.idl
[18.843s] -- Symlinking: /home/palash/pico_ws/install/mav_planning_msgs/share/mav_planning_msgs/msg/Point2D.msg
[18.855s] -- Symlinking: /home/palash/pico_ws/install/mav_planning_msgs/share/mav_planning_msgs/msg/PointCloudWithPose.msg
[18.867s] -- Symlinking: /home/palash/pico_ws/install/mav_planning_msgs/share/mav_planning_msgs/msg/Polygon2D.msg
[18.879s] -- Symlinking: /home/palash/pico_ws/install/mav_planning_msgs/share/mav_planning_msgs/msg/PolygonWithHoles.msg
[18.889s] -- Symlinking: /home/palash/pico_ws/install/mav_planning_msgs/share/mav_planning_msgs/msg/PolygonWithHolesStamped.msg
[18.898s] -- Symlinking: /home/palash/pico_ws/install/mav_planning_msgs/share/mav_planning_msgs/msg/PolynomialSegment.msg
[18.912s] -- Symlinking: /home/palash/pico_ws/install/mav_planning_msgs/share/mav_planning_msgs/msg/PolynomialSegment4D.msg
[18.925s] -- Symlinking: /home/palash/pico_ws/install/mav_planning_msgs/share/mav_planning_msgs/msg/PolynomialTrajectory.msg
[18.938s] -- Symlinking: /home/palash/pico_ws/install/mav_planning_msgs/share/mav_planning_msgs/msg/PolynomialTrajectory4D.msg
[18.952s] -- Symlinking: /home/palash/pico_ws/install/mav_planning_msgs/share/mav_planning_msgs/srv/PlannerService.srv
[18.965s] -- Symlinking: /home/palash/pico_ws/install/mav_planning_msgs/share/mav_planning_msgs/srv/PlannerService_Request.msg
[18.981s] -- Symlinking: /home/palash/pico_ws/install/mav_planning_msgs/share/mav_planning_msgs/srv/PlannerService_Response.msg
[18.993s] -- Symlinking: /home/palash/pico_ws/install/mav_planning_msgs/share/mav_planning_msgs/srv/PolygonService.srv
[19.007s] -- Symlinking: /home/palash/pico_ws/install/mav_planning_msgs/share/mav_planning_msgs/srv/PolygonService_Request.msg
[19.024s] -- Symlinking: /home/palash/pico_ws/install/mav_planning_msgs/share/mav_planning_msgs/srv/PolygonService_Response.msg
[19.039s] -- Symlinking: /home/palash/pico_ws/install/mav_planning_msgs/share/mav_planning_msgs/srv/ChangeNameService.srv
[19.056s] -- Symlinking: /home/palash/pico_ws/install/mav_planning_msgs/share/mav_planning_msgs/srv/ChangeNameService_Request.msg
[19.070s] -- Symlinking: /home/palash/pico_ws/install/mav_planning_msgs/share/mav_planning_msgs/srv/ChangeNameService_Response.msg
[19.085s] -- Symlinking: /home/palash/pico_ws/install/mav_planning_msgs/share/ament_index/resource_index/package_run_dependencies/mav_planning_msgs
[19.106s] -- Symlinking: /home/palash/pico_ws/install/mav_planning_msgs/share/ament_index/resource_index/parent_prefix_path/mav_planning_msgs
[19.121s] -- Symlinking: /home/palash/pico_ws/install/mav_planning_msgs/share/mav_planning_msgs/environment/ament_prefix_path.sh
[19.133s] -- Symlinking: /home/palash/pico_ws/install/mav_planning_msgs/share/mav_planning_msgs/environment/ament_prefix_path.dsv
[19.149s] -- Symlinking: /home/palash/pico_ws/install/mav_planning_msgs/share/mav_planning_msgs/environment/path.sh
[19.162s] -- Symlinking: /home/palash/pico_ws/install/mav_planning_msgs/share/mav_planning_msgs/environment/path.dsv
[19.174s] -- Symlinking: /home/palash/pico_ws/install/mav_planning_msgs/share/mav_planning_msgs/local_setup.bash
[19.185s] -- Symlinking: /home/palash/pico_ws/install/mav_planning_msgs/share/mav_planning_msgs/local_setup.sh
[19.199s] -- Symlinking: /home/palash/pico_ws/install/mav_planning_msgs/share/mav_planning_msgs/local_setup.zsh
[19.212s] -- Symlinking: /home/palash/pico_ws/install/mav_planning_msgs/share/mav_planning_msgs/local_setup.dsv
[19.223s] -- Symlinking: /home/palash/pico_ws/install/mav_planning_msgs/share/mav_planning_msgs/package.dsv
[19.236s] -- Symlinking: /home/palash/pico_ws/install/mav_planning_msgs/share/ament_index/resource_index/packages/mav_planning_msgs
[19.249s] -- Symlinking: /home/palash/pico_ws/install/mav_planning_msgs/share/mav_planning_msgs/cmake/rosidl_cmake-extras.cmake
[19.259s] -- Symlinking: /home/palash/pico_ws/install/mav_planning_msgs/share/mav_planning_msgs/cmake/ament_cmake_export_dependencies-extras.cmake
[19.272s] -- Symlinking: /home/palash/pico_ws/install/mav_planning_msgs/share/mav_planning_msgs/cmake/ament_cmake_export_include_directories-extras.cmake
[19.286s] -- Symlinking: /home/palash/pico_ws/install/mav_planning_msgs/share/mav_planning_msgs/cmake/ament_cmake_export_libraries-extras.cmake
[19.299s] -- Symlinking: /home/palash/pico_ws/install/mav_planning_msgs/share/mav_planning_msgs/cmake/ament_cmake_export_targets-extras.cmake
[19.313s] -- Symlinking: /home/palash/pico_ws/install/mav_planning_msgs/share/mav_planning_msgs/cmake/rosidl_cmake_export_typesupport_targets-extras.cmake
[19.324s] -- Symlinking: /home/palash/pico_ws/install/mav_planning_msgs/share/mav_planning_msgs/cmake/rosidl_cmake_export_typesupport_libraries-extras.cmake
[19.335s] -- Symlinking: /home/palash/pico_ws/install/mav_planning_msgs/share/mav_planning_msgs/cmake/mav_planning_msgsConfig.cmake
[19.348s] -- Symlinking: /home/palash/pico_ws/install/mav_planning_msgs/share/mav_planning_msgs/cmake/mav_planning_msgsConfig-version.cmake
[19.360s] -- Symlinking: /home/palash/pico_ws/install/mav_planning_msgs/share/mav_planning_msgs/package.xml
[19.372s] -- Installing: /home/palash/pico_ws/install/mav_planning_msgs/lib/libmav_planning_msgs__rosidl_generator_c.so
[19.373s] -- Set runtime path of "/home/palash/pico_ws/install/mav_planning_msgs/lib/libmav_planning_msgs__rosidl_generator_c.so" to ""
[19.373s] -- Installing: /home/palash/pico_ws/install/mav_planning_msgs/lib/libmav_planning_msgs__rosidl_typesupport_fastrtps_c.so
[19.373s] -- Set runtime path of "/home/palash/pico_ws/install/mav_planning_msgs/lib/libmav_planning_msgs__rosidl_typesupport_fastrtps_c.so" to ""
[19.373s] -- Installing: /home/palash/pico_ws/install/mav_planning_msgs/lib/libmav_planning_msgs__rosidl_typesupport_introspection_c.so
[19.374s] -- Set runtime path of "/home/palash/pico_ws/install/mav_planning_msgs/lib/libmav_planning_msgs__rosidl_typesupport_introspection_c.so" to ""
[19.374s] -- Installing: /home/palash/pico_ws/install/mav_planning_msgs/lib/libmav_planning_msgs__rosidl_typesupport_c.so
[19.375s] -- Set runtime path of "/home/palash/pico_ws/install/mav_planning_msgs/lib/libmav_planning_msgs__rosidl_typesupport_c.so" to ""
[19.375s] -- Installing: /home/palash/pico_ws/install/mav_planning_msgs/lib/libmav_planning_msgs__rosidl_typesupport_fastrtps_cpp.so
[19.376s] -- Set runtime path of "/home/palash/pico_ws/install/mav_planning_msgs/lib/libmav_planning_msgs__rosidl_typesupport_fastrtps_cpp.so" to ""
[19.376s] -- Installing: /home/palash/pico_ws/install/mav_planning_msgs/lib/libmav_planning_msgs__rosidl_typesupport_introspection_cpp.so
[19.377s] -- Set runtime path of "/home/palash/pico_ws/install/mav_planning_msgs/lib/libmav_planning_msgs__rosidl_typesupport_introspection_cpp.so" to ""
[19.377s] -- Installing: /home/palash/pico_ws/install/mav_planning_msgs/lib/libmav_planning_msgs__rosidl_typesupport_cpp.so
[19.377s] -- Set runtime path of "/home/palash/pico_ws/install/mav_planning_msgs/lib/libmav_planning_msgs__rosidl_typesupport_cpp.so" to ""
[19.430s] Listing '/home/palash/pico_ws/install/mav_planning_msgs/local/lib/python3.10/dist-packages/mav_planning_msgs'...
[19.430s] Compiling '/home/palash/pico_ws/install/mav_planning_msgs/local/lib/python3.10/dist-packages/mav_planning_msgs/__init__.py'...
[19.430s] Listing '/home/palash/pico_ws/install/mav_planning_msgs/local/lib/python3.10/dist-packages/mav_planning_msgs/msg'...
[19.430s] Compiling '/home/palash/pico_ws/install/mav_planning_msgs/local/lib/python3.10/dist-packages/mav_planning_msgs/msg/__init__.py'...
[19.431s] Compiling '/home/palash/pico_ws/install/mav_planning_msgs/local/lib/python3.10/dist-packages/mav_planning_msgs/msg/_point2_d.py'...
[19.431s] Compiling '/home/palash/pico_ws/install/mav_planning_msgs/local/lib/python3.10/dist-packages/mav_planning_msgs/msg/_point_cloud_with_pose.py'...
[19.431s] Compiling '/home/palash/pico_ws/install/mav_planning_msgs/local/lib/python3.10/dist-packages/mav_planning_msgs/msg/_polygon2_d.py'...
[19.431s] Compiling '/home/palash/pico_ws/install/mav_planning_msgs/local/lib/python3.10/dist-packages/mav_planning_msgs/msg/_polygon_with_holes.py'...
[19.431s] Compiling '/home/palash/pico_ws/install/mav_planning_msgs/local/lib/python3.10/dist-packages/mav_planning_msgs/msg/_polygon_with_holes_stamped.py'...
[19.431s] Compiling '/home/palash/pico_ws/install/mav_planning_msgs/local/lib/python3.10/dist-packages/mav_planning_msgs/msg/_polynomial_segment.py'...
[19.431s] Compiling '/home/palash/pico_ws/install/mav_planning_msgs/local/lib/python3.10/dist-packages/mav_planning_msgs/msg/_polynomial_segment4_d.py'...
[19.431s] Compiling '/home/palash/pico_ws/install/mav_planning_msgs/local/lib/python3.10/dist-packages/mav_planning_msgs/msg/_polynomial_trajectory.py'...
[19.431s] Compiling '/home/palash/pico_ws/install/mav_planning_msgs/local/lib/python3.10/dist-packages/mav_planning_msgs/msg/_polynomial_trajectory4_d.py'...
[19.431s] Listing '/home/palash/pico_ws/install/mav_planning_msgs/local/lib/python3.10/dist-packages/mav_planning_msgs/srv'...
[19.431s] Compiling '/home/palash/pico_ws/install/mav_planning_msgs/local/lib/python3.10/dist-packages/mav_planning_msgs/srv/__init__.py'...
[19.431s] Compiling '/home/palash/pico_ws/install/mav_planning_msgs/local/lib/python3.10/dist-packages/mav_planning_msgs/srv/_change_name_service.py'...
[19.431s] Compiling '/home/palash/pico_ws/install/mav_planning_msgs/local/lib/python3.10/dist-packages/mav_planning_msgs/srv/_planner_service.py'...
[19.431s] Compiling '/home/palash/pico_ws/install/mav_planning_msgs/local/lib/python3.10/dist-packages/mav_planning_msgs/srv/_polygon_service.py'...
[19.438s] -- Installing: /home/palash/pico_ws/install/mav_planning_msgs/lib/libmav_planning_msgs__rosidl_generator_py.so
[19.438s] -- Set runtime path of "/home/palash/pico_ws/install/mav_planning_msgs/lib/libmav_planning_msgs__rosidl_generator_py.so" to ""
[19.439s] -- Up-to-date: /home/palash/pico_ws/install/mav_planning_msgs/include/mav_planning_msgs
[19.439s] -- Installing: /home/palash/pico_ws/install/mav_planning_msgs/include/mav_planning_msgs/conversions_deprecated.hpp
[19.439s] -- Installing: /home/palash/pico_ws/install/mav_planning_msgs/include/mav_planning_msgs/conversions.hpp
[19.439s] -- Installing: /home/palash/pico_ws/install/mav_planning_msgs/include/mav_planning_msgs/eigen_planning_msgs.hpp
[19.440s] -- Installing: /home/palash/pico_ws/install/mav_planning_msgs/share/mav_planning_msgs/cmake/export_mav_planning_msgs__rosidl_generator_cExport.cmake
[19.440s] -- Installing: /home/palash/pico_ws/install/mav_planning_msgs/share/mav_planning_msgs/cmake/export_mav_planning_msgs__rosidl_generator_cExport-noconfig.cmake
[19.440s] -- Installing: /home/palash/pico_ws/install/mav_planning_msgs/share/mav_planning_msgs/cmake/export_mav_planning_msgs__rosidl_typesupport_fastrtps_cExport.cmake
[19.440s] -- Installing: /home/palash/pico_ws/install/mav_planning_msgs/share/mav_planning_msgs/cmake/export_mav_planning_msgs__rosidl_typesupport_fastrtps_cExport-noconfig.cmake
[19.440s] -- Installing: /home/palash/pico_ws/install/mav_planning_msgs/share/mav_planning_msgs/cmake/mav_planning_msgs__rosidl_typesupport_introspection_cExport.cmake
[19.441s] -- Installing: /home/palash/pico_ws/install/mav_planning_msgs/share/mav_planning_msgs/cmake/mav_planning_msgs__rosidl_typesupport_introspection_cExport-noconfig.cmake
[19.441s] -- Installing: /home/palash/pico_ws/install/mav_planning_msgs/share/mav_planning_msgs/cmake/mav_planning_msgs__rosidl_typesupport_cExport.cmake
[19.441s] -- Installing: /home/palash/pico_ws/install/mav_planning_msgs/share/mav_planning_msgs/cmake/mav_planning_msgs__rosidl_typesupport_cExport-noconfig.cmake
[19.441s] -- Installing: /home/palash/pico_ws/install/mav_planning_msgs/share/mav_planning_msgs/cmake/export_mav_planning_msgs__rosidl_generator_cppExport.cmake
[19.441s] -- Installing: /home/palash/pico_ws/install/mav_planning_msgs/share/mav_planning_msgs/cmake/export_mav_planning_msgs__rosidl_typesupport_fastrtps_cppExport.cmake
[19.442s] -- Installing: /home/palash/pico_ws/install/mav_planning_msgs/share/mav_planning_msgs/cmake/export_mav_planning_msgs__rosidl_typesupport_fastrtps_cppExport-noconfig.cmake
[19.442s] -- Installing: /home/palash/pico_ws/install/mav_planning_msgs/share/mav_planning_msgs/cmake/mav_planning_msgs__rosidl_typesupport_introspection_cppExport.cmake
[19.442s] -- Installing: /home/palash/pico_ws/install/mav_planning_msgs/share/mav_planning_msgs/cmake/mav_planning_msgs__rosidl_typesupport_introspection_cppExport-noconfig.cmake
[19.442s] -- Installing: /home/palash/pico_ws/install/mav_planning_msgs/share/mav_planning_msgs/cmake/mav_planning_msgs__rosidl_typesupport_cppExport.cmake
[19.442s] -- Installing: /home/palash/pico_ws/install/mav_planning_msgs/share/mav_planning_msgs/cmake/mav_planning_msgs__rosidl_typesupport_cppExport-noconfig.cmake
[19.443s] -- Installing: /home/palash/pico_ws/install/mav_planning_msgs/share/mav_planning_msgs/cmake/export_mav_planning_msgs__rosidl_generator_pyExport.cmake
[19.443s] -- Installing: /home/palash/pico_ws/install/mav_planning_msgs/share/mav_planning_msgs/cmake/export_mav_planning_msgs__rosidl_generator_pyExport-noconfig.cmake
[19.446s] Invoked command in '/home/palash/pico_ws/build/mav_planning_msgs' returned '0': CMAKE_PREFIX_PATH=/home/palash/pico_ws/install/mav_msgs:/home/palash/pico_ws/install/whycon:/home/palash/pico_ws/install/swift_pico:/home/palash/pico_ws/install/swift_pico_description:/home/palash/pico_ws/install/rotors_swift_interface:/home/palash/pico_ws/install/swift_msgs:/home/palash/pico_ws/install/rotors_swift_gazebo:/home/palash/pico_ws/install/rotors_swift_description:/home/palash/pico_ws/install/rotors_control:/home/palash/pico_ws/install/pid_tune:/home/palash/pico_ws/install/mav_comm:/home/palash/pico_ws/install/mav_system_msgs:/home/palash/pico_ws/install/mav_state_machine_msgs:/home/palash/pico_ws/install/mav_planning_msgs:/home/palash/pico_ws/install/error_msg:/home/palash/pico_ws/install/controller_msg:/home/palash/Downloads/turtlesim_ws/install/turtlesim:/home/palash/Downloads/turtlesim_ws/install/kd_task_1b:/opt/ros/humble LD_LIBRARY_PATH=/home/palash/pico_ws/install/mav_msgs/lib:/home/palash/pico_ws/install/whycon/lib:/home/palash/pico_ws/install/swift_msgs/lib:/home/palash/pico_ws/install/rotors_control/lib:/home/palash/pico_ws/install/mav_system_msgs/lib:/home/palash/pico_ws/install/mav_state_machine_msgs/lib:/home/palash/pico_ws/install/mav_planning_msgs/lib:/home/palash/pico_ws/install/error_msg/lib:/home/palash/pico_ws/install/controller_msg/lib:/home/palash/Downloads/turtlesim_ws/install/turtlesim/lib:/usr/lib/x86_64-linux-gnu/gazebo-11/plugins:/opt/ros/humble/opt/rviz_ogre_vendor/lib:/opt/ros/humble/lib/x86_64-linux-gnu:/opt/ros/humble/lib /usr/bin/cmake --install /home/palash/pico_ws/build/mav_planning_msgs
