-- Found ament_cmake: 1.3.12 (/opt/ros/humble/share/ament_cmake/cmake)
-- Override CMake install command with custom implementation using symlinks instead of copying resources
-- Found std_msgs: 4.9.0 (/opt/ros/humble/share/std_msgs/cmake)
-- Found rosidl_generator_c: 3.1.7 (/opt/ros/humble/share/rosidl_generator_c/cmake)
-- Found rosidl_adapter: 3.1.7 (/opt/ros/humble/share/rosidl_adapter/cmake)
-- Found rosidl_generator_cpp: 3.1.7 (/opt/ros/humble/share/rosidl_generator_cpp/cmake)
-- Using all available rosidl_typesupport_c: rosidl_typesupport_fastrtps_c;rosidl_typesupport_introspection_c
-- Using all available rosidl_typesupport_cpp: rosidl_typesupport_fastrtps_cpp;rosidl_typesupport_introspection_cpp
-- Found rosidl_default_generators: 1.2.0 (/opt/ros/humble/share/rosidl_default_generators/cmake)
-- Found ament_cmake_ros: 0.10.0 (/opt/ros/humble/share/ament_cmake_ros/cmake)
-- Using all available rosidl_typesupport_c: rosidl_typesupport_fastrtps_c;rosidl_typesupport_introspection_c
-- Using all available rosidl_typesupport_cpp: rosidl_typesupport_fastrtps_cpp;rosidl_typesupport_introspection_cpp
-- Found python_cmake_module: 0.10.0 (/opt/ros/humble/share/python_cmake_module/cmake)
-- Using PYTHON_EXECUTABLE: /usr/bin/python3
-- Using PYTHON_INCLUDE_DIRS: /usr/include/python3.10
-- Using PYTHON_LIBRARIES: /usr/lib/x86_64-linux-gnu/libpython3.10.so
-- Found ament_lint_auto: 0.12.14 (/opt/ros/humble/share/ament_lint_auto/cmake)
-- Added test 'lint_cmake' to check CMake code style
-- Added test 'xmllint' to check XML markup files
-- Configuring done
-- Generating done
-- Build files have been written to: /home/palash/pico_ws/build/controller_msg
[35m[1mConsolidate compiler generated dependencies of target controller_msg__rosidl_generator_c[0m
[  3%] Built target controller_msg__cpp
[ 12%] Built target controller_msg__rosidl_generator_c
[ 12%] Built target ament_cmake_python_symlink_controller_msg
[35m[1mConsolidate compiler generated dependencies of target controller_msg__rosidl_typesupport_cpp[0m
[35m[1mConsolidate compiler generated dependencies of target controller_msg__rosidl_typesupport_fastrtps_cpp[0m
[35m[1mConsolidate compiler generated dependencies of target controller_msg__rosidl_typesupport_c[0m
[35m[1mConsolidate compiler generated dependencies of target controller_msg__rosidl_typesupport_introspection_cpp[0m
[35m[1mConsolidate compiler generated dependencies of target controller_msg__rosidl_typesupport_introspection_c[0m
[35m[1mConsolidate compiler generated dependencies of target controller_msg__rosidl_typesupport_fastrtps_c[0m
[ 22%] Built target controller_msg__rosidl_typesupport_cpp
[ 35%] Built target controller_msg__rosidl_typesupport_c
[ 41%] Built target controller_msg__rosidl_typesupport_introspection_c
[ 51%] Built target controller_msg__rosidl_typesupport_fastrtps_cpp
[ 61%] Built target controller_msg__rosidl_typesupport_introspection_cpp
[ 70%] Built target controller_msg__rosidl_typesupport_fastrtps_c
[ 70%] Built target controller_msg
[ 74%] Built target controller_msg__py
[35m[1mConsolidate compiler generated dependencies of target controller_msg__rosidl_generator_py[0m
[ 80%] Built target controller_msg__rosidl_generator_py
[35m[1mConsolidate compiler generated dependencies of target controller_msg__rosidl_typesupport_introspection_c__pyext[0m
[35m[1mConsolidate compiler generated dependencies of target controller_msg__rosidl_typesupport_fastrtps_c__pyext[0m
[35m[1mConsolidate compiler generated dependencies of target controller_msg__rosidl_typesupport_c__pyext[0m
[ 93%] Built target controller_msg__rosidl_typesupport_c__pyext
[ 93%] Built target controller_msg__rosidl_typesupport_fastrtps_c__pyext
[100%] Built target controller_msg__rosidl_typesupport_introspection_c__pyext
running egg_info
writing controller_msg.egg-info/PKG-INFO
writing dependency_links to controller_msg.egg-info/dependency_links.txt
writing top-level names to controller_msg.egg-info/top_level.txt
reading manifest file 'controller_msg.egg-info/SOURCES.txt'
writing manifest file 'controller_msg.egg-info/SOURCES.txt'
[100%] Built target ament_cmake_python_build_controller_msg_egg
-- Install configuration: ""
-- Execute custom install script
-- Up-to-date symlink: /home/palash/pico_ws/install/controller_msg/share/ament_index/resource_index/rosidl_interfaces/controller_msg
-- Up-to-date symlink: /home/palash/pico_ws/install/controller_msg/include/controller_msg/controller_msg/msg/detail/pid_tune__functions.h
-- Up-to-date symlink: /home/palash/pico_ws/install/controller_msg/include/controller_msg/controller_msg/msg/detail/pid_tune__struct.h
-- Up-to-date symlink: /home/palash/pico_ws/install/controller_msg/include/controller_msg/controller_msg/msg/detail/pid_tune__type_support.h
-- Up-to-date symlink: /home/palash/pico_ws/install/controller_msg/include/controller_msg/controller_msg/msg/pid_tune.h
-- Up-to-date symlink: /home/palash/pico_ws/install/controller_msg/include/controller_msg/controller_msg/msg/rosidl_generator_c__visibility_control.h
-- Up-to-date symlink: /home/palash/pico_ws/install/controller_msg/share/controller_msg/environment/library_path.sh
-- Up-to-date symlink: /home/palash/pico_ws/install/controller_msg/share/controller_msg/environment/library_path.dsv
-- Up-to-date symlink: /home/palash/pico_ws/install/controller_msg/include/controller_msg/controller_msg/msg/detail/pid_tune__rosidl_typesupport_fastrtps_c.h
-- Up-to-date symlink: /home/palash/pico_ws/install/controller_msg/include/controller_msg/controller_msg/msg/rosidl_typesupport_fastrtps_c__visibility_control.h
-- Up-to-date symlink: /home/palash/pico_ws/install/controller_msg/include/controller_msg/controller_msg/msg/detail/pid_tune__builder.hpp
-- Up-to-date symlink: /home/palash/pico_ws/install/controller_msg/include/controller_msg/controller_msg/msg/detail/pid_tune__struct.hpp
-- Up-to-date symlink: /home/palash/pico_ws/install/controller_msg/include/controller_msg/controller_msg/msg/detail/pid_tune__traits.hpp
-- Up-to-date symlink: /home/palash/pico_ws/install/controller_msg/include/controller_msg/controller_msg/msg/detail/pid_tune__type_support.hpp
-- Up-to-date symlink: /home/palash/pico_ws/install/controller_msg/include/controller_msg/controller_msg/msg/pid_tune.hpp
-- Up-to-date symlink: /home/palash/pico_ws/install/controller_msg/include/controller_msg/controller_msg/msg/rosidl_generator_cpp__visibility_control.hpp
-- Up-to-date symlink: /home/palash/pico_ws/install/controller_msg/include/controller_msg/controller_msg/msg/detail/pid_tune__rosidl_typesupport_fastrtps_cpp.hpp
-- Up-to-date symlink: /home/palash/pico_ws/install/controller_msg/include/controller_msg/controller_msg/msg/rosidl_typesupport_fastrtps_cpp__visibility_control.h
-- Up-to-date symlink: /home/palash/pico_ws/install/controller_msg/include/controller_msg/controller_msg/msg/detail/pid_tune__rosidl_typesupport_introspection_c.h
-- Up-to-date symlink: /home/palash/pico_ws/install/controller_msg/include/controller_msg/controller_msg/msg/rosidl_typesupport_introspection_c__visibility_control.h
-- Up-to-date symlink: /home/palash/pico_ws/install/controller_msg/include/controller_msg/controller_msg/msg/detail/pid_tune__rosidl_typesupport_introspection_cpp.hpp
-- Up-to-date symlink: /home/palash/pico_ws/install/controller_msg/share/controller_msg/environment/pythonpath.sh
-- Up-to-date symlink: /home/palash/pico_ws/install/controller_msg/share/controller_msg/environment/pythonpath.dsv
-- Up-to-date symlink: /home/palash/pico_ws/install/controller_msg/local/lib/python3.10/dist-packages/controller_msg-0.0.0-py3.10.egg-info/PKG-INFO
-- Up-to-date symlink: /home/palash/pico_ws/install/controller_msg/local/lib/python3.10/dist-packages/controller_msg-0.0.0-py3.10.egg-info/SOURCES.txt
-- Up-to-date symlink: /home/palash/pico_ws/install/controller_msg/local/lib/python3.10/dist-packages/controller_msg-0.0.0-py3.10.egg-info/dependency_links.txt
-- Up-to-date symlink: /home/palash/pico_ws/install/controller_msg/local/lib/python3.10/dist-packages/controller_msg-0.0.0-py3.10.egg-info/top_level.txt
-- Up-to-date symlink: /home/palash/pico_ws/install/controller_msg/local/lib/python3.10/dist-packages/controller_msg/__init__.py
-- Up-to-date symlink: /home/palash/pico_ws/install/controller_msg/local/lib/python3.10/dist-packages/controller_msg/_controller_msg_s.ep.rosidl_typesupport_c.c
-- Up-to-date symlink: /home/palash/pico_ws/install/controller_msg/local/lib/python3.10/dist-packages/controller_msg/_controller_msg_s.ep.rosidl_typesupport_fastrtps_c.c
-- Up-to-date symlink: /home/palash/pico_ws/install/controller_msg/local/lib/python3.10/dist-packages/controller_msg/_controller_msg_s.ep.rosidl_typesupport_introspection_c.c
-- Up-to-date symlink: /home/palash/pico_ws/install/controller_msg/local/lib/python3.10/dist-packages/controller_msg/controller_msg_s__rosidl_typesupport_c.cpython-310-x86_64-linux-gnu.so
-- Up-to-date symlink: /home/palash/pico_ws/install/controller_msg/local/lib/python3.10/dist-packages/controller_msg/controller_msg_s__rosidl_typesupport_fastrtps_c.cpython-310-x86_64-linux-gnu.so
-- Up-to-date symlink: /home/palash/pico_ws/install/controller_msg/local/lib/python3.10/dist-packages/controller_msg/controller_msg_s__rosidl_typesupport_introspection_c.cpython-310-x86_64-linux-gnu.so
-- Up-to-date symlink: /home/palash/pico_ws/install/controller_msg/local/lib/python3.10/dist-packages/controller_msg/libcontroller_msg__rosidl_generator_py.so
-- Up-to-date symlink: /home/palash/pico_ws/install/controller_msg/local/lib/python3.10/dist-packages/controller_msg/msg/__init__.py
-- Up-to-date symlink: /home/palash/pico_ws/install/controller_msg/local/lib/python3.10/dist-packages/controller_msg/msg/_pid_tune.py
-- Up-to-date symlink: /home/palash/pico_ws/install/controller_msg/local/lib/python3.10/dist-packages/controller_msg/msg/_pid_tune_s.c
-- Up-to-date symlink: /home/palash/pico_ws/install/controller_msg/local/lib/python3.10/dist-packages/controller_msg/controller_msg_s__rosidl_typesupport_fastrtps_c.cpython-310-x86_64-linux-gnu.so
-- Up-to-date symlink: /home/palash/pico_ws/install/controller_msg/local/lib/python3.10/dist-packages/controller_msg/controller_msg_s__rosidl_typesupport_introspection_c.cpython-310-x86_64-linux-gnu.so
-- Up-to-date symlink: /home/palash/pico_ws/install/controller_msg/local/lib/python3.10/dist-packages/controller_msg/controller_msg_s__rosidl_typesupport_c.cpython-310-x86_64-linux-gnu.so
-- Up-to-date symlink: /home/palash/pico_ws/install/controller_msg/share/controller_msg/msg/PIDTune.idl
-- Up-to-date symlink: /home/palash/pico_ws/install/controller_msg/share/controller_msg/msg/PIDTune.msg
-- Up-to-date symlink: /home/palash/pico_ws/install/controller_msg/share/ament_index/resource_index/package_run_dependencies/controller_msg
-- Up-to-date symlink: /home/palash/pico_ws/install/controller_msg/share/ament_index/resource_index/parent_prefix_path/controller_msg
-- Up-to-date symlink: /home/palash/pico_ws/install/controller_msg/share/controller_msg/environment/ament_prefix_path.sh
-- Up-to-date symlink: /home/palash/pico_ws/install/controller_msg/share/controller_msg/environment/ament_prefix_path.dsv
-- Up-to-date symlink: /home/palash/pico_ws/install/controller_msg/share/controller_msg/environment/path.sh
-- Up-to-date symlink: /home/palash/pico_ws/install/controller_msg/share/controller_msg/environment/path.dsv
-- Up-to-date symlink: /home/palash/pico_ws/install/controller_msg/share/controller_msg/local_setup.bash
-- Up-to-date symlink: /home/palash/pico_ws/install/controller_msg/share/controller_msg/local_setup.sh
-- Up-to-date symlink: /home/palash/pico_ws/install/controller_msg/share/controller_msg/local_setup.zsh
-- Up-to-date symlink: /home/palash/pico_ws/install/controller_msg/share/controller_msg/local_setup.dsv
-- Symlinking: /home/palash/pico_ws/install/controller_msg/share/controller_msg/package.dsv
-- Up-to-date symlink: /home/palash/pico_ws/install/controller_msg/share/ament_index/resource_index/packages/controller_msg
-- Up-to-date symlink: /home/palash/pico_ws/install/controller_msg/share/controller_msg/cmake/rosidl_cmake-extras.cmake
-- Up-to-date symlink: /home/palash/pico_ws/install/controller_msg/share/controller_msg/cmake/ament_cmake_export_dependencies-extras.cmake
-- Up-to-date symlink: /home/palash/pico_ws/install/controller_msg/share/controller_msg/cmake/ament_cmake_export_include_directories-extras.cmake
-- Up-to-date symlink: /home/palash/pico_ws/install/controller_msg/share/controller_msg/cmake/ament_cmake_export_libraries-extras.cmake
-- Up-to-date symlink: /home/palash/pico_ws/install/controller_msg/share/controller_msg/cmake/ament_cmake_export_targets-extras.cmake
-- Up-to-date symlink: /home/palash/pico_ws/install/controller_msg/share/controller_msg/cmake/rosidl_cmake_export_typesupport_targets-extras.cmake
-- Up-to-date symlink: /home/palash/pico_ws/install/controller_msg/share/controller_msg/cmake/rosidl_cmake_export_typesupport_libraries-extras.cmake
-- Up-to-date symlink: /home/palash/pico_ws/install/controller_msg/share/controller_msg/cmake/controller_msgConfig.cmake
-- Up-to-date symlink: /home/palash/pico_ws/install/controller_msg/share/controller_msg/cmake/controller_msgConfig-version.cmake
-- Up-to-date symlink: /home/palash/pico_ws/install/controller_msg/share/controller_msg/package.xml
-- Up-to-date: /home/palash/pico_ws/install/controller_msg/lib/libcontroller_msg__rosidl_generator_c.so
-- Up-to-date: /home/palash/pico_ws/install/controller_msg/lib/libcontroller_msg__rosidl_typesupport_fastrtps_c.so
-- Up-to-date: /home/palash/pico_ws/install/controller_msg/lib/libcontroller_msg__rosidl_typesupport_fastrtps_cpp.so
-- Up-to-date: /home/palash/pico_ws/install/controller_msg/lib/libcontroller_msg__rosidl_typesupport_introspection_c.so
-- Up-to-date: /home/palash/pico_ws/install/controller_msg/lib/libcontroller_msg__rosidl_typesupport_c.so
-- Up-to-date: /home/palash/pico_ws/install/controller_msg/lib/libcontroller_msg__rosidl_typesupport_introspection_cpp.so
-- Up-to-date: /home/palash/pico_ws/install/controller_msg/lib/libcontroller_msg__rosidl_typesupport_cpp.so
Listing '/home/palash/pico_ws/install/controller_msg/local/lib/python3.10/dist-packages/controller_msg'...
Compiling '/home/palash/pico_ws/install/controller_msg/local/lib/python3.10/dist-packages/controller_msg/__init__.py'...
Listing '/home/palash/pico_ws/install/controller_msg/local/lib/python3.10/dist-packages/controller_msg/msg'...
-- Up-to-date: /home/palash/pico_ws/install/controller_msg/lib/libcontroller_msg__rosidl_generator_py.so
-- Up-to-date: /home/palash/pico_ws/install/controller_msg/share/controller_msg/cmake/export_controller_msg__rosidl_generator_cExport.cmake
-- Up-to-date: /home/palash/pico_ws/install/controller_msg/share/controller_msg/cmake/export_controller_msg__rosidl_generator_cExport-noconfig.cmake
-- Up-to-date: /home/palash/pico_ws/install/controller_msg/share/controller_msg/cmake/export_controller_msg__rosidl_typesupport_fastrtps_cExport.cmake
-- Up-to-date: /home/palash/pico_ws/install/controller_msg/share/controller_msg/cmake/export_controller_msg__rosidl_typesupport_fastrtps_cExport-noconfig.cmake
-- Up-to-date: /home/palash/pico_ws/install/controller_msg/share/controller_msg/cmake/export_controller_msg__rosidl_generator_cppExport.cmake
-- Up-to-date: /home/palash/pico_ws/install/controller_msg/share/controller_msg/cmake/export_controller_msg__rosidl_typesupport_fastrtps_cppExport.cmake
-- Up-to-date: /home/palash/pico_ws/install/controller_msg/share/controller_msg/cmake/export_controller_msg__rosidl_typesupport_fastrtps_cppExport-noconfig.cmake
-- Up-to-date: /home/palash/pico_ws/install/controller_msg/share/controller_msg/cmake/controller_msg__rosidl_typesupport_introspection_cExport.cmake
-- Up-to-date: /home/palash/pico_ws/install/controller_msg/share/controller_msg/cmake/controller_msg__rosidl_typesupport_introspection_cExport-noconfig.cmake
-- Up-to-date: /home/palash/pico_ws/install/controller_msg/share/controller_msg/cmake/controller_msg__rosidl_typesupport_cExport.cmake
-- Up-to-date: /home/palash/pico_ws/install/controller_msg/share/controller_msg/cmake/controller_msg__rosidl_typesupport_cExport-noconfig.cmake
-- Up-to-date: /home/palash/pico_ws/install/controller_msg/share/controller_msg/cmake/controller_msg__rosidl_typesupport_introspection_cppExport.cmake
-- Up-to-date: /home/palash/pico_ws/install/controller_msg/share/controller_msg/cmake/controller_msg__rosidl_typesupport_introspection_cppExport-noconfig.cmake
-- Up-to-date: /home/palash/pico_ws/install/controller_msg/share/controller_msg/cmake/controller_msg__rosidl_typesupport_cppExport.cmake
-- Up-to-date: /home/palash/pico_ws/install/controller_msg/share/controller_msg/cmake/controller_msg__rosidl_typesupport_cppExport-noconfig.cmake
-- Up-to-date: /home/palash/pico_ws/install/controller_msg/share/controller_msg/cmake/export_controller_msg__rosidl_generator_pyExport.cmake
-- Up-to-date: /home/palash/pico_ws/install/controller_msg/share/controller_msg/cmake/export_controller_msg__rosidl_generator_pyExport-noconfig.cmake
