[0.042s] Invoking command in '/home/palash/pico_ws/build/controller_msg': CMAKE_PREFIX_PATH=${CMAKE_PREFIX_PATH}:/home/palash/Downloads/turtlesim_ws/install/kd_task_1b:/opt/ros/humble /usr/bin/cmake /home/palash/pico_ws/src/controller_tuner/controller_msg -DCMAKE_INSTALL_PREFIX=/home/palash/pico_ws/install/controller_msg
[0.060s] -- Found ament_cmake: 1.3.12 (/opt/ros/humble/share/ament_cmake/cmake)
[0.221s] -- Override CMake install command with custom implementation using symlinks instead of copying resources
[0.229s] -- Found std_msgs: 4.9.0 (/opt/ros/humble/share/std_msgs/cmake)
[0.261s] -- Found rosidl_generator_c: 3.1.7 (/opt/ros/humble/share/rosidl_generator_c/cmake)
[0.264s] -- Found rosidl_adapter: 3.1.7 (/opt/ros/humble/share/rosidl_adapter/cmake)
[0.269s] -- Found rosidl_generator_cpp: 3.1.7 (/opt/ros/humble/share/rosidl_generator_cpp/cmake)
[0.280s] -- Using all available rosidl_typesupport_c: rosidl_typesupport_fastrtps_c;rosidl_typesupport_introspection_c
[0.290s] -- Using all available rosidl_typesupport_cpp: rosidl_typesupport_fastrtps_cpp;rosidl_typesupport_introspection_cpp
[0.313s] -- Found rosidl_default_generators: 1.2.0 (/opt/ros/humble/share/rosidl_default_generators/cmake)
[0.680s] -- Found ament_cmake_ros: 0.10.0 (/opt/ros/humble/share/ament_cmake_ros/cmake)
[1.102s] -- Using all available rosidl_typesupport_c: rosidl_typesupport_fastrtps_c;rosidl_typesupport_introspection_c
[1.249s] -- Using all available rosidl_typesupport_cpp: rosidl_typesupport_fastrtps_cpp;rosidl_typesupport_introspection_cpp
[1.276s] -- Found python_cmake_module: 0.10.0 (/opt/ros/humble/share/python_cmake_module/cmake)
[1.305s] -- Using PYTHON_EXECUTABLE: /usr/bin/python3
[1.306s] -- Using PYTHON_INCLUDE_DIRS: /usr/include/python3.10
[1.306s] -- Using PYTHON_LIBRARIES: /usr/lib/x86_64-linux-gnu/libpython3.10.so
[1.351s] -- Found ament_lint_auto: 0.12.14 (/opt/ros/humble/share/ament_lint_auto/cmake)
[1.361s] -- Added test 'lint_cmake' to check CMake code style
[1.361s] -- Added test 'xmllint' to check XML markup files
[1.365s] -- Configuring done
[1.413s] -- Generating done
[1.428s] -- Build files have been written to: /home/palash/pico_ws/build/controller_msg
[1.444s] Invoked command in '/home/palash/pico_ws/build/controller_msg' returned '0': CMAKE_PREFIX_PATH=${CMAKE_PREFIX_PATH}:/home/palash/Downloads/turtlesim_ws/install/kd_task_1b:/opt/ros/humble /usr/bin/cmake /home/palash/pico_ws/src/controller_tuner/controller_msg -DCMAKE_INSTALL_PREFIX=/home/palash/pico_ws/install/controller_msg
[1.447s] Invoking command in '/home/palash/pico_ws/build/controller_msg': CMAKE_PREFIX_PATH=${CMAKE_PREFIX_PATH}:/home/palash/Downloads/turtlesim_ws/install/kd_task_1b:/opt/ros/humble /usr/bin/cmake --build /home/palash/pico_ws/build/controller_msg -- -j16 -l16
[1.503s] [35m[1mConsolidate compiler generated dependencies of target controller_msg__rosidl_generator_c[0m
[1.513s] [  3%] Built target controller_msg__cpp
[1.513s] [ 12%] Built target controller_msg__rosidl_generator_c
[1.528s] [ 12%] Built target ament_cmake_python_symlink_controller_msg
[1.530s] [35m[1mConsolidate compiler generated dependencies of target controller_msg__rosidl_typesupport_cpp[0m
[1.530s] [35m[1mConsolidate compiler generated dependencies of target controller_msg__rosidl_typesupport_fastrtps_cpp[0m
[1.531s] [35m[1mConsolidate compiler generated dependencies of target controller_msg__rosidl_typesupport_c[0m
[1.531s] [35m[1mConsolidate compiler generated dependencies of target controller_msg__rosidl_typesupport_introspection_cpp[0m
[1.532s] [35m[1mConsolidate compiler generated dependencies of target controller_msg__rosidl_typesupport_introspection_c[0m
[1.546s] [35m[1mConsolidate compiler generated dependencies of target controller_msg__rosidl_typesupport_fastrtps_c[0m
[1.548s] [ 22%] Built target controller_msg__rosidl_typesupport_cpp
[1.548s] [ 35%] Built target controller_msg__rosidl_typesupport_c
[1.548s] [ 41%] Built target controller_msg__rosidl_typesupport_introspection_c
[1.550s] [ 51%] Built target controller_msg__rosidl_typesupport_fastrtps_cpp
[1.552s] [ 61%] Built target controller_msg__rosidl_typesupport_introspection_cpp
[1.566s] [ 70%] Built target controller_msg__rosidl_typesupport_fastrtps_c
[1.594s] [ 70%] Built target controller_msg
[1.622s] [ 74%] Built target controller_msg__py
[1.637s] [35m[1mConsolidate compiler generated dependencies of target controller_msg__rosidl_generator_py[0m
[1.653s] [ 80%] Built target controller_msg__rosidl_generator_py
[1.668s] [35m[1mConsolidate compiler generated dependencies of target controller_msg__rosidl_typesupport_introspection_c__pyext[0m
[1.669s] [35m[1mConsolidate compiler generated dependencies of target controller_msg__rosidl_typesupport_fastrtps_c__pyext[0m
[1.669s] [35m[1mConsolidate compiler generated dependencies of target controller_msg__rosidl_typesupport_c__pyext[0m
[1.685s] [ 93%] Built target controller_msg__rosidl_typesupport_c__pyext
[1.685s] [ 93%] Built target controller_msg__rosidl_typesupport_fastrtps_c__pyext
[1.685s] [100%] Built target controller_msg__rosidl_typesupport_introspection_c__pyext
[1.792s] running egg_info
[1.793s] writing controller_msg.egg-info/PKG-INFO
[1.793s] writing dependency_links to controller_msg.egg-info/dependency_links.txt
[1.793s] writing top-level names to controller_msg.egg-info/top_level.txt
[1.798s] reading manifest file 'controller_msg.egg-info/SOURCES.txt'
[1.798s] writing manifest file 'controller_msg.egg-info/SOURCES.txt'
[1.832s] [100%] Built target ament_cmake_python_build_controller_msg_egg
[1.846s] Invoked command in '/home/palash/pico_ws/build/controller_msg' returned '0': CMAKE_PREFIX_PATH=${CMAKE_PREFIX_PATH}:/home/palash/Downloads/turtlesim_ws/install/kd_task_1b:/opt/ros/humble /usr/bin/cmake --build /home/palash/pico_ws/build/controller_msg -- -j16 -l16
[1.848s] Invoking command in '/home/palash/pico_ws/build/controller_msg': CMAKE_PREFIX_PATH=${CMAKE_PREFIX_PATH}:/home/palash/Downloads/turtlesim_ws/install/kd_task_1b:/opt/ros/humble /usr/bin/cmake --install /home/palash/pico_ws/build/controller_msg
[1.860s] -- Install configuration: ""
[1.860s] -- Execute custom install script
[1.860s] -- Up-to-date symlink: /home/palash/pico_ws/install/controller_msg/share/ament_index/resource_index/rosidl_interfaces/controller_msg
[1.860s] -- Up-to-date symlink: /home/palash/pico_ws/install/controller_msg/include/controller_msg/controller_msg/msg/detail/pid_tune__functions.h
[1.861s] -- Up-to-date symlink: /home/palash/pico_ws/install/controller_msg/include/controller_msg/controller_msg/msg/detail/pid_tune__struct.h
[1.861s] -- Up-to-date symlink: /home/palash/pico_ws/install/controller_msg/include/controller_msg/controller_msg/msg/detail/pid_tune__type_support.h
[1.861s] -- Up-to-date symlink: /home/palash/pico_ws/install/controller_msg/include/controller_msg/controller_msg/msg/pid_tune.h
[1.861s] -- Up-to-date symlink: /home/palash/pico_ws/install/controller_msg/include/controller_msg/controller_msg/msg/rosidl_generator_c__visibility_control.h
[1.861s] -- Up-to-date symlink: /home/palash/pico_ws/install/controller_msg/share/controller_msg/environment/library_path.sh
[1.861s] -- Up-to-date symlink: /home/palash/pico_ws/install/controller_msg/share/controller_msg/environment/library_path.dsv
[1.861s] -- Up-to-date symlink: /home/palash/pico_ws/install/controller_msg/include/controller_msg/controller_msg/msg/detail/pid_tune__rosidl_typesupport_fastrtps_c.h
[1.861s] -- Up-to-date symlink: /home/palash/pico_ws/install/controller_msg/include/controller_msg/controller_msg/msg/rosidl_typesupport_fastrtps_c__visibility_control.h
[1.862s] -- Up-to-date symlink: /home/palash/pico_ws/install/controller_msg/include/controller_msg/controller_msg/msg/detail/pid_tune__builder.hpp
[1.862s] -- Up-to-date symlink: /home/palash/pico_ws/install/controller_msg/include/controller_msg/controller_msg/msg/detail/pid_tune__struct.hpp
[1.862s] -- Up-to-date symlink: /home/palash/pico_ws/install/controller_msg/include/controller_msg/controller_msg/msg/detail/pid_tune__traits.hpp
[1.862s] -- Up-to-date symlink: /home/palash/pico_ws/install/controller_msg/include/controller_msg/controller_msg/msg/detail/pid_tune__type_support.hpp
[1.862s] -- Up-to-date symlink: /home/palash/pico_ws/install/controller_msg/include/controller_msg/controller_msg/msg/pid_tune.hpp
[1.862s] -- Up-to-date symlink: /home/palash/pico_ws/install/controller_msg/include/controller_msg/controller_msg/msg/rosidl_generator_cpp__visibility_control.hpp
[1.862s] -- Up-to-date symlink: /home/palash/pico_ws/install/controller_msg/include/controller_msg/controller_msg/msg/detail/pid_tune__rosidl_typesupport_fastrtps_cpp.hpp
[1.862s] -- Up-to-date symlink: /home/palash/pico_ws/install/controller_msg/include/controller_msg/controller_msg/msg/rosidl_typesupport_fastrtps_cpp__visibility_control.h
[1.863s] -- Up-to-date symlink: /home/palash/pico_ws/install/controller_msg/include/controller_msg/controller_msg/msg/detail/pid_tune__rosidl_typesupport_introspection_c.h
[1.863s] -- Up-to-date symlink: /home/palash/pico_ws/install/controller_msg/include/controller_msg/controller_msg/msg/rosidl_typesupport_introspection_c__visibility_control.h
[1.863s] -- Up-to-date symlink: /home/palash/pico_ws/install/controller_msg/include/controller_msg/controller_msg/msg/detail/pid_tune__rosidl_typesupport_introspection_cpp.hpp
[1.863s] -- Up-to-date symlink: /home/palash/pico_ws/install/controller_msg/share/controller_msg/environment/pythonpath.sh
[1.863s] -- Up-to-date symlink: /home/palash/pico_ws/install/controller_msg/share/controller_msg/environment/pythonpath.dsv
[1.863s] -- Up-to-date symlink: /home/palash/pico_ws/install/controller_msg/local/lib/python3.10/dist-packages/controller_msg-0.0.0-py3.10.egg-info/PKG-INFO
[1.863s] -- Up-to-date symlink: /home/palash/pico_ws/install/controller_msg/local/lib/python3.10/dist-packages/controller_msg-0.0.0-py3.10.egg-info/SOURCES.txt
[1.864s] -- Up-to-date symlink: /home/palash/pico_ws/install/controller_msg/local/lib/python3.10/dist-packages/controller_msg-0.0.0-py3.10.egg-info/dependency_links.txt
[1.864s] -- Up-to-date symlink: /home/palash/pico_ws/install/controller_msg/local/lib/python3.10/dist-packages/controller_msg-0.0.0-py3.10.egg-info/top_level.txt
[1.864s] -- Up-to-date symlink: /home/palash/pico_ws/install/controller_msg/local/lib/python3.10/dist-packages/controller_msg/__init__.py
[1.864s] -- Up-to-date symlink: /home/palash/pico_ws/install/controller_msg/local/lib/python3.10/dist-packages/controller_msg/_controller_msg_s.ep.rosidl_typesupport_c.c
[1.864s] -- Up-to-date symlink: /home/palash/pico_ws/install/controller_msg/local/lib/python3.10/dist-packages/controller_msg/_controller_msg_s.ep.rosidl_typesupport_fastrtps_c.c
[1.864s] -- Up-to-date symlink: /home/palash/pico_ws/install/controller_msg/local/lib/python3.10/dist-packages/controller_msg/_controller_msg_s.ep.rosidl_typesupport_introspection_c.c
[1.864s] -- Up-to-date symlink: /home/palash/pico_ws/install/controller_msg/local/lib/python3.10/dist-packages/controller_msg/controller_msg_s__rosidl_typesupport_c.cpython-310-x86_64-linux-gnu.so
[1.864s] -- Up-to-date symlink: /home/palash/pico_ws/install/controller_msg/local/lib/python3.10/dist-packages/controller_msg/controller_msg_s__rosidl_typesupport_fastrtps_c.cpython-310-x86_64-linux-gnu.so
[1.865s] -- Up-to-date symlink: /home/palash/pico_ws/install/controller_msg/local/lib/python3.10/dist-packages/controller_msg/controller_msg_s__rosidl_typesupport_introspection_c.cpython-310-x86_64-linux-gnu.so
[1.865s] -- Up-to-date symlink: /home/palash/pico_ws/install/controller_msg/local/lib/python3.10/dist-packages/controller_msg/libcontroller_msg__rosidl_generator_py.so
[1.865s] -- Up-to-date symlink: /home/palash/pico_ws/install/controller_msg/local/lib/python3.10/dist-packages/controller_msg/msg/__init__.py
[1.865s] -- Up-to-date symlink: /home/palash/pico_ws/install/controller_msg/local/lib/python3.10/dist-packages/controller_msg/msg/_pid_tune.py
[1.865s] -- Up-to-date symlink: /home/palash/pico_ws/install/controller_msg/local/lib/python3.10/dist-packages/controller_msg/msg/_pid_tune_s.c
[1.865s] -- Up-to-date symlink: /home/palash/pico_ws/install/controller_msg/local/lib/python3.10/dist-packages/controller_msg/controller_msg_s__rosidl_typesupport_fastrtps_c.cpython-310-x86_64-linux-gnu.so
[1.865s] -- Up-to-date symlink: /home/palash/pico_ws/install/controller_msg/local/lib/python3.10/dist-packages/controller_msg/controller_msg_s__rosidl_typesupport_introspection_c.cpython-310-x86_64-linux-gnu.so
[1.865s] -- Up-to-date symlink: /home/palash/pico_ws/install/controller_msg/local/lib/python3.10/dist-packages/controller_msg/controller_msg_s__rosidl_typesupport_c.cpython-310-x86_64-linux-gnu.so
[1.866s] -- Up-to-date symlink: /home/palash/pico_ws/install/controller_msg/share/controller_msg/msg/PIDTune.idl
[1.866s] -- Up-to-date symlink: /home/palash/pico_ws/install/controller_msg/share/controller_msg/msg/PIDTune.msg
[1.866s] -- Up-to-date symlink: /home/palash/pico_ws/install/controller_msg/share/ament_index/resource_index/package_run_dependencies/controller_msg
[1.866s] -- Up-to-date symlink: /home/palash/pico_ws/install/controller_msg/share/ament_index/resource_index/parent_prefix_path/controller_msg
[1.866s] -- Up-to-date symlink: /home/palash/pico_ws/install/controller_msg/share/controller_msg/environment/ament_prefix_path.sh
[1.866s] -- Up-to-date symlink: /home/palash/pico_ws/install/controller_msg/share/controller_msg/environment/ament_prefix_path.dsv
[1.866s] -- Up-to-date symlink: /home/palash/pico_ws/install/controller_msg/share/controller_msg/environment/path.sh
[1.866s] -- Up-to-date symlink: /home/palash/pico_ws/install/controller_msg/share/controller_msg/environment/path.dsv
[1.866s] -- Up-to-date symlink: /home/palash/pico_ws/install/controller_msg/share/controller_msg/local_setup.bash
[1.866s] -- Up-to-date symlink: /home/palash/pico_ws/install/controller_msg/share/controller_msg/local_setup.sh
[1.867s] -- Up-to-date symlink: /home/palash/pico_ws/install/controller_msg/share/controller_msg/local_setup.zsh
[1.867s] -- Up-to-date symlink: /home/palash/pico_ws/install/controller_msg/share/controller_msg/local_setup.dsv
[1.867s] -- Symlinking: /home/palash/pico_ws/install/controller_msg/share/controller_msg/package.dsv
[1.878s] -- Up-to-date symlink: /home/palash/pico_ws/install/controller_msg/share/ament_index/resource_index/packages/controller_msg
[1.879s] -- Up-to-date symlink: /home/palash/pico_ws/install/controller_msg/share/controller_msg/cmake/rosidl_cmake-extras.cmake
[1.879s] -- Up-to-date symlink: /home/palash/pico_ws/install/controller_msg/share/controller_msg/cmake/ament_cmake_export_dependencies-extras.cmake
[1.879s] -- Up-to-date symlink: /home/palash/pico_ws/install/controller_msg/share/controller_msg/cmake/ament_cmake_export_include_directories-extras.cmake
[1.879s] -- Up-to-date symlink: /home/palash/pico_ws/install/controller_msg/share/controller_msg/cmake/ament_cmake_export_libraries-extras.cmake
[1.879s] -- Up-to-date symlink: /home/palash/pico_ws/install/controller_msg/share/controller_msg/cmake/ament_cmake_export_targets-extras.cmake
[1.879s] -- Up-to-date symlink: /home/palash/pico_ws/install/controller_msg/share/controller_msg/cmake/rosidl_cmake_export_typesupport_targets-extras.cmake
[1.879s] -- Up-to-date symlink: /home/palash/pico_ws/install/controller_msg/share/controller_msg/cmake/rosidl_cmake_export_typesupport_libraries-extras.cmake
[1.879s] -- Up-to-date symlink: /home/palash/pico_ws/install/controller_msg/share/controller_msg/cmake/controller_msgConfig.cmake
[1.879s] -- Up-to-date symlink: /home/palash/pico_ws/install/controller_msg/share/controller_msg/cmake/controller_msgConfig-version.cmake
[1.879s] -- Up-to-date symlink: /home/palash/pico_ws/install/controller_msg/share/controller_msg/package.xml
[1.879s] -- Up-to-date: /home/palash/pico_ws/install/controller_msg/lib/libcontroller_msg__rosidl_generator_c.so
[1.879s] -- Up-to-date: /home/palash/pico_ws/install/controller_msg/lib/libcontroller_msg__rosidl_typesupport_fastrtps_c.so
[1.879s] -- Up-to-date: /home/palash/pico_ws/install/controller_msg/lib/libcontroller_msg__rosidl_typesupport_fastrtps_cpp.so
[1.879s] -- Up-to-date: /home/palash/pico_ws/install/controller_msg/lib/libcontroller_msg__rosidl_typesupport_introspection_c.so
[1.880s] -- Up-to-date: /home/palash/pico_ws/install/controller_msg/lib/libcontroller_msg__rosidl_typesupport_c.so
[1.880s] -- Up-to-date: /home/palash/pico_ws/install/controller_msg/lib/libcontroller_msg__rosidl_typesupport_introspection_cpp.so
[1.880s] -- Up-to-date: /home/palash/pico_ws/install/controller_msg/lib/libcontroller_msg__rosidl_typesupport_cpp.so
[1.912s] Listing '/home/palash/pico_ws/install/controller_msg/local/lib/python3.10/dist-packages/controller_msg'...
[1.912s] Compiling '/home/palash/pico_ws/install/controller_msg/local/lib/python3.10/dist-packages/controller_msg/__init__.py'...
[1.912s] Listing '/home/palash/pico_ws/install/controller_msg/local/lib/python3.10/dist-packages/controller_msg/msg'...
[1.917s] -- Up-to-date: /home/palash/pico_ws/install/controller_msg/lib/libcontroller_msg__rosidl_generator_py.so
[1.917s] -- Up-to-date: /home/palash/pico_ws/install/controller_msg/share/controller_msg/cmake/export_controller_msg__rosidl_generator_cExport.cmake
[1.917s] -- Up-to-date: /home/palash/pico_ws/install/controller_msg/share/controller_msg/cmake/export_controller_msg__rosidl_generator_cExport-noconfig.cmake
[1.917s] -- Up-to-date: /home/palash/pico_ws/install/controller_msg/share/controller_msg/cmake/export_controller_msg__rosidl_typesupport_fastrtps_cExport.cmake
[1.917s] -- Up-to-date: /home/palash/pico_ws/install/controller_msg/share/controller_msg/cmake/export_controller_msg__rosidl_typesupport_fastrtps_cExport-noconfig.cmake
[1.917s] -- Up-to-date: /home/palash/pico_ws/install/controller_msg/share/controller_msg/cmake/export_controller_msg__rosidl_generator_cppExport.cmake
[1.917s] -- Up-to-date: /home/palash/pico_ws/install/controller_msg/share/controller_msg/cmake/export_controller_msg__rosidl_typesupport_fastrtps_cppExport.cmake
[1.917s] -- Up-to-date: /home/palash/pico_ws/install/controller_msg/share/controller_msg/cmake/export_controller_msg__rosidl_typesupport_fastrtps_cppExport-noconfig.cmake
[1.917s] -- Up-to-date: /home/palash/pico_ws/install/controller_msg/share/controller_msg/cmake/controller_msg__rosidl_typesupport_introspection_cExport.cmake
[1.918s] -- Up-to-date: /home/palash/pico_ws/install/controller_msg/share/controller_msg/cmake/controller_msg__rosidl_typesupport_introspection_cExport-noconfig.cmake
[1.918s] -- Up-to-date: /home/palash/pico_ws/install/controller_msg/share/controller_msg/cmake/controller_msg__rosidl_typesupport_cExport.cmake
[1.918s] -- Up-to-date: /home/palash/pico_ws/install/controller_msg/share/controller_msg/cmake/controller_msg__rosidl_typesupport_cExport-noconfig.cmake
[1.918s] -- Up-to-date: /home/palash/pico_ws/install/controller_msg/share/controller_msg/cmake/controller_msg__rosidl_typesupport_introspection_cppExport.cmake
[1.918s] -- Up-to-date: /home/palash/pico_ws/install/controller_msg/share/controller_msg/cmake/controller_msg__rosidl_typesupport_introspection_cppExport-noconfig.cmake
[1.918s] -- Up-to-date: /home/palash/pico_ws/install/controller_msg/share/controller_msg/cmake/controller_msg__rosidl_typesupport_cppExport.cmake
[1.918s] -- Up-to-date: /home/palash/pico_ws/install/controller_msg/share/controller_msg/cmake/controller_msg__rosidl_typesupport_cppExport-noconfig.cmake
[1.918s] -- Up-to-date: /home/palash/pico_ws/install/controller_msg/share/controller_msg/cmake/export_controller_msg__rosidl_generator_pyExport.cmake
[1.918s] -- Up-to-date: /home/palash/pico_ws/install/controller_msg/share/controller_msg/cmake/export_controller_msg__rosidl_generator_pyExport-noconfig.cmake
[1.921s] Invoked command in '/home/palash/pico_ws/build/controller_msg' returned '0': CMAKE_PREFIX_PATH=${CMAKE_PREFIX_PATH}:/home/palash/Downloads/turtlesim_ws/install/kd_task_1b:/opt/ros/humble /usr/bin/cmake --install /home/palash/pico_ws/build/controller_msg
