-- The C compiler identification is GNU 11.4.0
-- The CXX compiler identification is GNU 11.4.0
-- Detecting C compiler ABI info
-- Detecting C compiler ABI info - done
-- Check for working C compiler: /usr/bin/cc - skipped
-- Detecting C compile features
-- Detecting C compile features - done
-- Detecting CXX compiler ABI info
-- Detecting CXX compiler ABI info - done
-- Check for working CXX compiler: /usr/bin/c++ - skipped
-- Detecting CXX compile features
-- Detecting CXX compile features - done
-- Found ament_cmake: 1.3.12 (/opt/ros/humble/share/ament_cmake/cmake)
-- Found Python3: /usr/bin/python3 (found version "3.10.12") found components: Interpreter 
-- Override CMake install command with custom implementation using symlinks instead of copying resources
-- Found mav_msgs: 3.3.3 (/home/palash/pico_ws/install/mav_msgs/share/mav_msgs/cmake)
-- Found rosidl_generator_c: 3.1.7 (/opt/ros/humble/share/rosidl_generator_c/cmake)
-- Found rosidl_adapter: 3.1.7 (/opt/ros/humble/share/rosidl_adapter/cmake)
-- Found rosidl_generator_cpp: 3.1.7 (/opt/ros/humble/share/rosidl_generator_cpp/cmake)
-- Using all available rosidl_typesupport_c: rosidl_typesupport_fastrtps_c;rosidl_typesupport_introspection_c
-- Using all available rosidl_typesupport_cpp: rosidl_typesupport_fastrtps_cpp;rosidl_typesupport_introspection_cpp
-- Found rclcpp: 16.0.15 (/opt/ros/humble/share/rclcpp/cmake)
-- Found rmw_implementation_cmake: 6.1.2 (/opt/ros/humble/share/rmw_implementation_cmake/cmake)
-- Found rmw_fastrtps_cpp: 6.2.8 (/opt/ros/humble/share/rmw_fastrtps_cpp/cmake)
-- Found OpenSSL: /usr/lib/x86_64-linux-gnu/libcrypto.so (found version "3.0.2")  
-- Found FastRTPS: /opt/ros/humble/include  
-- Using RMW implementation 'rmw_fastrtps_cpp' as default
-- Looking for pthread.h
-- Looking for pthread.h - found
-- Performing Test CMAKE_HAVE_LIBC_PTHREAD
-- Performing Test CMAKE_HAVE_LIBC_PTHREAD - Success
-- Found Threads: TRUE  
-- Found actuator_msgs: 0.0.1 (/opt/ros/humble/share/actuator_msgs/cmake)
-- Found ament_lint_auto: 0.12.14 (/opt/ros/humble/share/ament_lint_auto/cmake)
-- Added test 'cppcheck' to perform static code analysis on C / C++ code
-- Configured cppcheck include dirs: /home/palash/pico_ws/src/rotors_simulator/rotors_control/include
-- Configured cppcheck exclude dirs and/or files: 
-- Added test 'lint_cmake' to check CMake code style
-- Added test 'uncrustify' to check C / C++ code style
-- Configured uncrustify additional arguments: 
-- Added test 'xmllint' to check XML markup files
-- Configuring done
-- Generating done
-- Build files have been written to: /home/palash/pico_ws/build/rotors_control
[ 25%] [32mBuilding CXX object CMakeFiles/roll_pitch_yawrate_thrust_controller.dir/src/library/roll_pitch_yawrate_thrust_controller.cpp.o[0m
[ 50%] [32m[1mLinking CXX static library libroll_pitch_yawrate_thrust_controller.a[0m
[ 50%] Built target roll_pitch_yawrate_thrust_controller
[ 75%] [32mBuilding CXX object CMakeFiles/roll_pitch_yawrate_thrust_controller_node.dir/src/nodes/roll_pitch_yawrate_thrust_controller_node.cpp.o[0m
[100%] [32m[1mLinking CXX executable roll_pitch_yawrate_thrust_controller_node[0m
[100%] Built target roll_pitch_yawrate_thrust_controller_node
-- Install configuration: ""
-- Execute custom install script
-- Symlinking: /home/palash/pico_ws/install/rotors_control/lib/rotors_control/roll_pitch_yawrate_thrust_controller_node
-- Symlinking: /home/palash/pico_ws/install/rotors_control/share/rotors_control/environment/library_path.sh
-- Symlinking: /home/palash/pico_ws/install/rotors_control/share/rotors_control/environment/library_path.dsv
-- Symlinking: /home/palash/pico_ws/install/rotors_control/share/ament_index/resource_index/package_run_dependencies/rotors_control
-- Symlinking: /home/palash/pico_ws/install/rotors_control/share/ament_index/resource_index/parent_prefix_path/rotors_control
-- Symlinking: /home/palash/pico_ws/install/rotors_control/share/rotors_control/environment/ament_prefix_path.sh
-- Symlinking: /home/palash/pico_ws/install/rotors_control/share/rotors_control/environment/ament_prefix_path.dsv
-- Symlinking: /home/palash/pico_ws/install/rotors_control/share/rotors_control/environment/path.sh
-- Symlinking: /home/palash/pico_ws/install/rotors_control/share/rotors_control/environment/path.dsv
-- Symlinking: /home/palash/pico_ws/install/rotors_control/share/rotors_control/local_setup.bash
-- Symlinking: /home/palash/pico_ws/install/rotors_control/share/rotors_control/local_setup.sh
-- Symlinking: /home/palash/pico_ws/install/rotors_control/share/rotors_control/local_setup.zsh
-- Symlinking: /home/palash/pico_ws/install/rotors_control/share/rotors_control/local_setup.dsv
-- Symlinking: /home/palash/pico_ws/install/rotors_control/share/rotors_control/package.dsv
-- Symlinking: /home/palash/pico_ws/install/rotors_control/share/ament_index/resource_index/packages/rotors_control
-- Symlinking: /home/palash/pico_ws/install/rotors_control/share/rotors_control/cmake/ament_cmake_export_include_directories-extras.cmake
-- Symlinking: /home/palash/pico_ws/install/rotors_control/share/rotors_control/cmake/ament_cmake_export_libraries-extras.cmake
-- Symlinking: /home/palash/pico_ws/install/rotors_control/share/rotors_control/cmake/rotors_controlConfig.cmake
-- Symlinking: /home/palash/pico_ws/install/rotors_control/share/rotors_control/cmake/rotors_controlConfig-version.cmake
-- Symlinking: /home/palash/pico_ws/install/rotors_control/share/rotors_control/package.xml
-- Installing: /home/palash/pico_ws/install/rotors_control/lib/libroll_pitch_yawrate_thrust_controller.a
-- Installing: /home/palash/pico_ws/install/rotors_control/include/rotors_control
-- Installing: /home/palash/pico_ws/install/rotors_control/include/rotors_control/parameters.hpp
-- Installing: /home/palash/pico_ws/install/rotors_control/include/rotors_control/common.hpp
-- Installing: /home/palash/pico_ws/install/rotors_control/include/rotors_control/parameters_ros.hpp
-- Installing: /home/palash/pico_ws/install/rotors_control/include/rotors_control/roll_pitch_yawrate_thrust_controller.hpp
